/usr/bin/which: no mamba in (/usr/bin:/usr/sbin:/usr/local/clusters/pioneer/bin:/usr/local/bin:/usr/local/sbin:/opt/dell/srvadmin/bin)
Error unknown MAMBA_EXE: "", filename must be mamba or micromamba
critical libmamba Cannot activate, prefix does not exist at: '/mnt/vstor/SOM_GENE_BEG33/mamba/miniforge3/envs/dyno_env'
[bwa_aln] 17bp reads: max_diff = 2
[bwa_aln] 22bp reads: max_diff = 3
[bwa_aln] 42bp reads: max_diff = 4
[bwa_aln] 64bp reads: max_diff = 5
[bwa_aln] 90bp reads: max_diff = 6
[bwa_aln] 117bp reads: max_diff = 7
[bwa_aln] 146bp reads: max_diff = 8
[bwa_aln] 176bp reads: max_diff = 9
[bwa_aln] 207bp reads: max_diff = 10
[bwa_aln] 239bp reads: max_diff = 11
[bwa_aln_core] calculate SA coordinate... 86.91 sec
[bwa_aln_core] write to the disk... 0.01 sec
[bwa_aln_core] 262144 sequences have been processed.
[bwa_aln_core] calculate SA coordinate... 86.24 sec
[bwa_aln_core] write to the disk... 0.01 sec
[bwa_aln_core] 524288 sequences have been processed.
[bwa_aln_core] calculate SA coordinate... 86.68 sec
[bwa_aln_core] write to the disk... 0.01 sec
[bwa_aln_core] 786432 sequences have been processed.
[bwa_aln_core] calculate SA coordinate... 85.76 sec
[bwa_aln_core] write to the disk... 0.01 sec
[bwa_aln_core] 1048576 sequences have been processed.
[bwa_aln_core] calculate SA coordinate... 85.04 sec
[bwa_aln_core] write to the disk... 0.01 sec
[bwa_aln_core] 1310720 sequences have been processed.
[bwa_aln_core] calculate SA coordinate... 84.45 sec
[bwa_aln_core] write to the disk... 0.01 sec
[bwa_aln_core] 1572864 sequences have been processed.
[bwa_aln_core] calculate SA coordinate... 85.13 sec
[bwa_aln_core] write to the disk... 0.01 sec
[bwa_aln_core] 1835008 sequences have been processed.
[bwa_aln_core] calculate SA coordinate... 81.97 sec
[bwa_aln_core] write to the disk... 0.01 sec
[bwa_aln_core] 2097152 sequences have been processed.
[bwa_aln_core] calculate SA coordinate... 84.18 sec
[bwa_aln_core] write to the disk... 0.01 sec
[bwa_aln_core] 2359296 sequences have been processed.
[bwa_aln_core] calculate SA coordinate... 82.54 sec
[bwa_aln_core] write to the disk... 0.01 sec
[bwa_aln_core] 2621440 sequences have been processed.
[bwa_aln_core] calculate SA coordinate... 83.77 sec
[bwa_aln_core] write to the disk... 0.01 sec
[bwa_aln_core] 2883584 sequences have been processed.
[bwa_aln_core] calculate SA coordinate... 83.25 sec
[bwa_aln_core] write to the disk... 0.01 sec
[bwa_aln_core] 3145728 sequences have been processed.
[bwa_aln_core] calculate SA coordinate... 82.75 sec
[bwa_aln_core] write to the disk... 0.01 sec
[bwa_aln_core] 3407872 sequences have been processed.
[bwa_aln_core] calculate SA coordinate... 87.26 sec
[bwa_aln_core] write to the disk... 0.01 sec
[bwa_aln_core] 3670016 sequences have been processed.
[bwa_aln_core] calculate SA coordinate... 83.85 sec
[bwa_aln_core] write to the disk... 0.01 sec
[bwa_aln_core] 3932160 sequences have been processed.
[bwa_aln_core] calculate SA coordinate... 85.66 sec
[bwa_aln_core] write to the disk... 0.01 sec
[bwa_aln_core] 4194304 sequences have been processed.
[bwa_aln_core] calculate SA coordinate... 83.33 sec
[bwa_aln_core] write to the disk... 0.01 sec
[bwa_aln_core] 4456448 sequences have been processed.
[bwa_aln_core] calculate SA coordinate... 80.88 sec
[bwa_aln_core] write to the disk... 0.01 sec
[bwa_aln_core] 4718592 sequences have been processed.
[bwa_aln_core] calculate SA coordinate... 84.32 sec
[bwa_aln_core] write to the disk... 0.01 sec
[bwa_aln_core] 4980736 sequences have been processed.
[bwa_aln_core] calculate SA coordinate... 80.62 sec
[bwa_aln_core] write to the disk... 0.01 sec
[bwa_aln_core] 5242880 sequences have been processed.
[bwa_aln_core] calculate SA coordinate... 82.40 sec
[bwa_aln_core] write to the disk... 0.01 sec
[bwa_aln_core] 5505024 sequences have been processed.
[bwa_aln_core] calculate SA coordinate... 82.20 sec
[bwa_aln_core] write to the disk... 0.01 sec
[bwa_aln_core] 5767168 sequences have been processed.
[bwa_aln_core] calculate SA coordinate... 83.34 sec
[bwa_aln_core] write to the disk... 0.01 sec
[bwa_aln_core] 6029312 sequences have been processed.
[bwa_aln_core] calculate SA coordinate... 78.96 sec
[bwa_aln_core] write to the disk... 0.01 sec
[bwa_aln_core] 6291456 sequences have been processed.
[bwa_aln_core] calculate SA coordinate... 81.71 sec
[bwa_aln_core] write to the disk... 0.01 sec
[bwa_aln_core] 6553600 sequences have been processed.
[bwa_aln_core] calculate SA coordinate... 80.83 sec
[bwa_aln_core] write to the disk... 0.01 sec
[bwa_aln_core] 6815744 sequences have been processed.
[bwa_aln_core] calculate SA coordinate... 83.81 sec
[bwa_aln_core] write to the disk... 0.01 sec
[bwa_aln_core] 7077888 sequences have been processed.
[bwa_aln_core] calculate SA coordinate... 82.54 sec
[bwa_aln_core] write to the disk... 0.01 sec
[bwa_aln_core] 7340032 sequences have been processed.
[bwa_aln_core] calculate SA coordinate... 80.87 sec
[bwa_aln_core] write to the disk... 0.01 sec
[bwa_aln_core] 7602176 sequences have been processed.
[bwa_aln_core] calculate SA coordinate... 83.16 sec
[bwa_aln_core] write to the disk... 0.01 sec
[bwa_aln_core] 7864320 sequences have been processed.
[bwa_aln_core] calculate SA coordinate... 82.14 sec
[bwa_aln_core] write to the disk... 0.01 sec
[bwa_aln_core] 8126464 sequences have been processed.
[bwa_aln_core] calculate SA coordinate... 81.94 sec
[bwa_aln_core] write to the disk... 0.01 sec
[bwa_aln_core] 8388608 sequences have been processed.
[bwa_aln_core] calculate SA coordinate... 79.87 sec
[bwa_aln_core] write to the disk... 0.01 sec
[bwa_aln_core] 8650752 sequences have been processed.
[bwa_aln_core] calculate SA coordinate... 79.47 sec
[bwa_aln_core] write to the disk... 0.01 sec
[bwa_aln_core] 8912896 sequences have been processed.
[bwa_aln_core] calculate SA coordinate... 81.60 sec
[bwa_aln_core] write to the disk... 0.01 sec
[bwa_aln_core] 9175040 sequences have been processed.
[bwa_aln_core] calculate SA coordinate... 81.02 sec
[bwa_aln_core] write to the disk... 0.01 sec
[bwa_aln_core] 9437184 sequences have been processed.
[bwa_aln_core] calculate SA coordinate... 79.54 sec
[bwa_aln_core] write to the disk... 0.01 sec
[bwa_aln_core] 9699328 sequences have been processed.
[bwa_aln_core] calculate SA coordinate... 80.60 sec
[bwa_aln_core] write to the disk... 0.01 sec
[bwa_aln_core] 9961472 sequences have been processed.
[bwa_aln_core] calculate SA coordinate... 80.35 sec
[bwa_aln_core] write to the disk... 0.01 sec
[bwa_aln_core] 10223616 sequences have been processed.
[bwa_aln_core] calculate SA coordinate... 82.19 sec
[bwa_aln_core] write to the disk... 0.01 sec
[bwa_aln_core] 10485760 sequences have been processed.
[bwa_aln_core] calculate SA coordinate... 80.14 sec
[bwa_aln_core] write to the disk... 0.01 sec
[bwa_aln_core] 10747904 sequences have been processed.
[bwa_aln_core] calculate SA coordinate... 79.35 sec
[bwa_aln_core] write to the disk... 0.01 sec
[bwa_aln_core] 11010048 sequences have been processed.
[bwa_aln_core] calculate SA coordinate... 79.64 sec
[bwa_aln_core] write to the disk... 0.01 sec
[bwa_aln_core] 11272192 sequences have been processed.
[bwa_aln_core] calculate SA coordinate... 80.15 sec
[bwa_aln_core] write to the disk... 0.01 sec
[bwa_aln_core] 11534336 sequences have been processed.
[bwa_aln_core] calculate SA coordinate... 79.03 sec
[bwa_aln_core] write to the disk... 0.01 sec
[bwa_aln_core] 11796480 sequences have been processed.
[bwa_aln_core] calculate SA coordinate... 81.30 sec
[bwa_aln_core] write to the disk... 0.01 sec
[bwa_aln_core] 12058624 sequences have been processed.
[bwa_aln_core] calculate SA coordinate... 82.36 sec
[bwa_aln_core] write to the disk... 0.02 sec
[bwa_aln_core] 12320768 sequences have been processed.
[bwa_aln_core] calculate SA coordinate... 82.12 sec
[bwa_aln_core] write to the disk... 0.01 sec
[bwa_aln_core] 12582912 sequences have been processed.
[bwa_aln_core] calculate SA coordinate... 79.36 sec
[bwa_aln_core] write to the disk... 0.01 sec
[bwa_aln_core] 12845056 sequences have been processed.
[bwa_aln_core] calculate SA coordinate... 79.19 sec
[bwa_aln_core] write to the disk... 0.01 sec
[bwa_aln_core] 13107200 sequences have been processed.
[bwa_aln_core] calculate SA coordinate... 79.49 sec
[bwa_aln_core] write to the disk... 0.01 sec
[bwa_aln_core] 13369344 sequences have been processed.
[bwa_aln_core] calculate SA coordinate... 80.92 sec
[bwa_aln_core] write to the disk... 0.01 sec
[bwa_aln_core] 13631488 sequences have been processed.
[bwa_aln_core] calculate SA coordinate... 79.77 sec
[bwa_aln_core] write to the disk... 0.01 sec
[bwa_aln_core] 13893632 sequences have been processed.
[bwa_aln_core] calculate SA coordinate... 78.94 sec
[bwa_aln_core] write to the disk... 0.01 sec
[bwa_aln_core] 14155776 sequences have been processed.
[bwa_aln_core] calculate SA coordinate... 76.68 sec
[bwa_aln_core] write to the disk... 0.01 sec
[bwa_aln_core] 14417920 sequences have been processed.
[bwa_aln_core] calculate SA coordinate... 79.39 sec
[bwa_aln_core] write to the disk... 0.01 sec
[bwa_aln_core] 14680064 sequences have been processed.
[bwa_aln_core] calculate SA coordinate... 79.40 sec
[bwa_aln_core] write to the disk... 0.01 sec
[bwa_aln_core] 14942208 sequences have been processed.
[bwa_aln_core] calculate SA coordinate... 78.75 sec
[bwa_aln_core] write to the disk... 0.01 sec
[bwa_aln_core] 15204352 sequences have been processed.
[bwa_aln_core] calculate SA coordinate... 79.67 sec
[bwa_aln_core] write to the disk... 0.01 sec
[bwa_aln_core] 15466496 sequences have been processed.
[bwa_aln_core] calculate SA coordinate... 81.17 sec
[bwa_aln_core] write to the disk... 0.01 sec
[bwa_aln_core] 15728640 sequences have been processed.
[bwa_aln_core] calculate SA coordinate... 80.34 sec
[bwa_aln_core] write to the disk... 0.01 sec
[bwa_aln_core] 15990784 sequences have been processed.
[bwa_aln_core] calculate SA coordinate... 79.49 sec
[bwa_aln_core] write to the disk... 0.01 sec
[bwa_aln_core] 16252928 sequences have been processed.
[bwa_aln_core] calculate SA coordinate... 80.88 sec
[bwa_aln_core] write to the disk... 0.01 sec
[bwa_aln_core] 16515072 sequences have been processed.
[bwa_aln_core] calculate SA coordinate... 77.97 sec
[bwa_aln_core] write to the disk... 0.01 sec
[bwa_aln_core] 16777216 sequences have been processed.
[bwa_aln_core] calculate SA coordinate... 77.74 sec
[bwa_aln_core] write to the disk... 0.01 sec
[bwa_aln_core] 17039360 sequences have been processed.
[bwa_aln_core] calculate SA coordinate... 80.84 sec
[bwa_aln_core] write to the disk... 0.01 sec
[bwa_aln_core] 17301504 sequences have been processed.
[bwa_aln_core] calculate SA coordinate... 79.45 sec
[bwa_aln_core] write to the disk... 0.01 sec
[bwa_aln_core] 17563648 sequences have been processed.
[bwa_aln_core] calculate SA coordinate... 78.18 sec
[bwa_aln_core] write to the disk... 0.01 sec
[bwa_aln_core] 17825792 sequences have been processed.
[bwa_aln_core] calculate SA coordinate... 79.30 sec
[bwa_aln_core] write to the disk... 0.01 sec
[bwa_aln_core] 18087936 sequences have been processed.
[bwa_aln_core] calculate SA coordinate... 76.98 sec
[bwa_aln_core] write to the disk... 0.01 sec
[bwa_aln_core] 18350080 sequences have been processed.
[bwa_aln_core] calculate SA coordinate... 79.21 sec
[bwa_aln_core] write to the disk... 0.01 sec
[bwa_aln_core] 18612224 sequences have been processed.
[bwa_aln_core] calculate SA coordinate... 77.33 sec
[bwa_aln_core] write to the disk... 0.01 sec
[bwa_aln_core] 18874368 sequences have been processed.
[bwa_aln_core] calculate SA coordinate... 80.70 sec
[bwa_aln_core] write to the disk... 0.01 sec
[bwa_aln_core] 19136512 sequences have been processed.
[bwa_aln_core] calculate SA coordinate... 78.20 sec
[bwa_aln_core] write to the disk... 0.01 sec
[bwa_aln_core] 19398656 sequences have been processed.
[bwa_aln_core] calculate SA coordinate... 79.19 sec
[bwa_aln_core] write to the disk... 0.01 sec
[bwa_aln_core] 19660800 sequences have been processed.
[bwa_aln_core] calculate SA coordinate... 78.67 sec
[bwa_aln_core] write to the disk... 0.01 sec
[bwa_aln_core] 19922944 sequences have been processed.
[bwa_aln_core] calculate SA coordinate... 77.39 sec
[bwa_aln_core] write to the disk... 0.01 sec
[bwa_aln_core] 20185088 sequences have been processed.
[bwa_aln_core] calculate SA coordinate... 77.53 sec
[bwa_aln_core] write to the disk... 0.01 sec
[bwa_aln_core] 20447232 sequences have been processed.
[bwa_aln_core] calculate SA coordinate... 77.26 sec
[bwa_aln_core] write to the disk... 0.01 sec
[bwa_aln_core] 20709376 sequences have been processed.
[bwa_aln_core] calculate SA coordinate... 78.84 sec
[bwa_aln_core] write to the disk... 0.01 sec
[bwa_aln_core] 20971520 sequences have been processed.
[bwa_aln_core] calculate SA coordinate... 76.77 sec
[bwa_aln_core] write to the disk... 0.01 sec
[bwa_aln_core] 21233664 sequences have been processed.
[bwa_aln_core] calculate SA coordinate... 79.58 sec
[bwa_aln_core] write to the disk... 0.01 sec
[bwa_aln_core] 21495808 sequences have been processed.
[bwa_aln_core] calculate SA coordinate... 78.04 sec
[bwa_aln_core] write to the disk... 0.01 sec
[bwa_aln_core] 21757952 sequences have been processed.
[bwa_aln_core] calculate SA coordinate... 76.70 sec
[bwa_aln_core] write to the disk... 0.01 sec
[bwa_aln_core] 22020096 sequences have been processed.
[bwa_aln_core] calculate SA coordinate... 78.44 sec
[bwa_aln_core] write to the disk... 0.01 sec
[bwa_aln_core] 22282240 sequences have been processed.
[bwa_aln_core] calculate SA coordinate... 76.13 sec
[bwa_aln_core] write to the disk... 0.01 sec
[bwa_aln_core] 22544384 sequences have been processed.
[bwa_aln_core] calculate SA coordinate... 78.86 sec
[bwa_aln_core] write to the disk... 0.01 sec
[bwa_aln_core] 22806528 sequences have been processed.
[bwa_aln_core] calculate SA coordinate... 77.03 sec
[bwa_aln_core] write to the disk... 0.01 sec
[bwa_aln_core] 23068672 sequences have been processed.
[bwa_aln_core] calculate SA coordinate... 76.50 sec
[bwa_aln_core] write to the disk... 0.01 sec
[bwa_aln_core] 23330816 sequences have been processed.
[bwa_aln_core] calculate SA coordinate... 77.67 sec
[bwa_aln_core] write to the disk... 0.01 sec
[bwa_aln_core] 23592960 sequences have been processed.
[bwa_aln_core] calculate SA coordinate... 76.53 sec
[bwa_aln_core] write to the disk... 0.01 sec
[bwa_aln_core] 23855104 sequences have been processed.
[bwa_aln_core] calculate SA coordinate... 77.17 sec
[bwa_aln_core] write to the disk... 0.01 sec
[bwa_aln_core] 24117248 sequences have been processed.
[bwa_aln_core] calculate SA coordinate... 77.51 sec
[bwa_aln_core] write to the disk... 0.01 sec
[bwa_aln_core] 24379392 sequences have been processed.
[bwa_aln_core] calculate SA coordinate... 77.69 sec
[bwa_aln_core] write to the disk... 0.01 sec
[bwa_aln_core] 24641536 sequences have been processed.
[bwa_aln_core] calculate SA coordinate... 77.72 sec
[bwa_aln_core] write to the disk... 0.01 sec
[bwa_aln_core] 24903680 sequences have been processed.
[bwa_aln_core] calculate SA coordinate... 76.74 sec
[bwa_aln_core] write to the disk... 0.01 sec
[bwa_aln_core] 25165824 sequences have been processed.
[bwa_aln_core] calculate SA coordinate... 77.77 sec
[bwa_aln_core] write to the disk... 0.01 sec
[bwa_aln_core] 25427968 sequences have been processed.
[bwa_aln_core] calculate SA coordinate... 76.02 sec
[bwa_aln_core] write to the disk... 0.01 sec
[bwa_aln_core] 25690112 sequences have been processed.
[bwa_aln_core] calculate SA coordinate... 76.86 sec
[bwa_aln_core] write to the disk... 0.01 sec
[bwa_aln_core] 25952256 sequences have been processed.
[bwa_aln_core] calculate SA coordinate... 76.91 sec
[bwa_aln_core] write to the disk... 0.01 sec
[bwa_aln_core] 26214400 sequences have been processed.
[bwa_aln_core] calculate SA coordinate... 77.96 sec
[bwa_aln_core] write to the disk... 0.01 sec
[bwa_aln_core] 26476544 sequences have been processed.
[bwa_aln_core] calculate SA coordinate... 74.74 sec
[bwa_aln_core] write to the disk... 0.01 sec
[bwa_aln_core] 26738688 sequences have been processed.
[bwa_aln_core] calculate SA coordinate... 77.89 sec
[bwa_aln_core] write to the disk... 0.01 sec
[bwa_aln_core] 27000832 sequences have been processed.
[bwa_aln_core] calculate SA coordinate... 74.64 sec
[bwa_aln_core] write to the disk... 0.01 sec
[bwa_aln_core] 27262976 sequences have been processed.
[bwa_aln_core] calculate SA coordinate... 76.39 sec
[bwa_aln_core] write to the disk... 0.01 sec
[bwa_aln_core] 27525120 sequences have been processed.
[bwa_aln_core] calculate SA coordinate... 77.17 sec
[bwa_aln_core] write to the disk... 0.01 sec
[bwa_aln_core] 27787264 sequences have been processed.
[bwa_aln_core] calculate SA coordinate... 76.52 sec
[bwa_aln_core] write to the disk... 0.01 sec
[bwa_aln_core] 28049408 sequences have been processed.
[bwa_aln_core] calculate SA coordinate... 76.00 sec
[bwa_aln_core] write to the disk... 0.01 sec
[bwa_aln_core] 28311552 sequences have been processed.
[bwa_aln_core] calculate SA coordinate... 75.93 sec
[bwa_aln_core] write to the disk... 0.01 sec
[bwa_aln_core] 28573696 sequences have been processed.
[bwa_aln_core] calculate SA coordinate... 74.73 sec
[bwa_aln_core] write to the disk... 0.01 sec
[bwa_aln_core] 28835840 sequences have been processed.
[bwa_aln_core] calculate SA coordinate... 76.90 sec
[bwa_aln_core] write to the disk... 0.01 sec
[bwa_aln_core] 29097984 sequences have been processed.
[bwa_aln_core] calculate SA coordinate... 76.33 sec
[bwa_aln_core] write to the disk... 0.01 sec
[bwa_aln_core] 29360128 sequences have been processed.
[bwa_aln_core] calculate SA coordinate... 77.84 sec
[bwa_aln_core] write to the disk... 0.01 sec
[bwa_aln_core] 29622272 sequences have been processed.
[bwa_aln_core] calculate SA coordinate... 76.42 sec
[bwa_aln_core] write to the disk... 0.01 sec
[bwa_aln_core] 29884416 sequences have been processed.
[bwa_aln_core] calculate SA coordinate... 74.90 sec
[bwa_aln_core] write to the disk... 0.01 sec
[bwa_aln_core] 30146560 sequences have been processed.
[bwa_aln_core] calculate SA coordinate... 73.93 sec
[bwa_aln_core] write to the disk... 0.01 sec
[bwa_aln_core] 30408704 sequences have been processed.
[bwa_aln_core] calculate SA coordinate... 76.28 sec
[bwa_aln_core] write to the disk... 0.01 sec
[bwa_aln_core] 30670848 sequences have been processed.
[bwa_aln_core] calculate SA coordinate... 75.76 sec
[bwa_aln_core] write to the disk... 0.01 sec
[bwa_aln_core] 30932992 sequences have been processed.
[bwa_aln_core] calculate SA coordinate... 74.14 sec
[bwa_aln_core] write to the disk... 0.01 sec
[bwa_aln_core] 31195136 sequences have been processed.
[bwa_aln_core] calculate SA coordinate... 77.21 sec
[bwa_aln_core] write to the disk... 0.01 sec
[bwa_aln_core] 31457280 sequences have been processed.
[bwa_aln_core] calculate SA coordinate... 75.56 sec
[bwa_aln_core] write to the disk... 0.01 sec
[bwa_aln_core] 31719424 sequences have been processed.
[bwa_aln_core] calculate SA coordinate... 76.04 sec
[bwa_aln_core] write to the disk... 0.01 sec
[bwa_aln_core] 31981568 sequences have been processed.
[bwa_aln_core] calculate SA coordinate... 74.76 sec
[bwa_aln_core] write to the disk... 0.01 sec
[bwa_aln_core] 32243712 sequences have been processed.
[bwa_aln_core] calculate SA coordinate... 76.79 sec
[bwa_aln_core] write to the disk... 0.01 sec
[bwa_aln_core] 32505856 sequences have been processed.
[bwa_aln_core] calculate SA coordinate... 76.25 sec
[bwa_aln_core] write to the disk... 0.01 sec
[bwa_aln_core] 32768000 sequences have been processed.
[bwa_aln_core] calculate SA coordinate... 74.02 sec
[bwa_aln_core] write to the disk... 0.01 sec
[bwa_aln_core] 33030144 sequences have been processed.
[bwa_aln_core] calculate SA coordinate... 72.98 sec
[bwa_aln_core] write to the disk... 0.01 sec
[bwa_aln_core] 33292288 sequences have been processed.
[bwa_aln_core] calculate SA coordinate... 75.32 sec
[bwa_aln_core] write to the disk... 0.01 sec
[bwa_aln_core] 33554432 sequences have been processed.
[bwa_aln_core] calculate SA coordinate... 75.76 sec
[bwa_aln_core] write to the disk... 0.01 sec
[bwa_aln_core] 33816576 sequences have been processed.
[bwa_aln_core] calculate SA coordinate... 77.94 sec
[bwa_aln_core] write to the disk... 0.01 sec
[bwa_aln_core] 34078720 sequences have been processed.
[bwa_aln_core] calculate SA coordinate... 76.25 sec
[bwa_aln_core] write to the disk... 0.01 sec
[bwa_aln_core] 34340864 sequences have been processed.
[bwa_aln_core] calculate SA coordinate... 75.89 sec
[bwa_aln_core] write to the disk... 0.01 sec
[bwa_aln_core] 34603008 sequences have been processed.
[bwa_aln_core] calculate SA coordinate... 76.51 sec
[bwa_aln_core] write to the disk... 0.01 sec
[bwa_aln_core] 34865152 sequences have been processed.
[bwa_aln_core] calculate SA coordinate... 77.13 sec
[bwa_aln_core] write to the disk... 0.01 sec
[bwa_aln_core] 35127296 sequences have been processed.
[bwa_aln_core] calculate SA coordinate... 75.48 sec
[bwa_aln_core] write to the disk... 0.01 sec
[bwa_aln_core] 35389440 sequences have been processed.
[bwa_aln_core] calculate SA coordinate... 76.76 sec
[bwa_aln_core] write to the disk... 0.01 sec
[bwa_aln_core] 35651584 sequences have been processed.
[bwa_aln_core] calculate SA coordinate... 75.92 sec
[bwa_aln_core] write to the disk... 0.01 sec
[bwa_aln_core] 35913728 sequences have been processed.
[bwa_aln_core] calculate SA coordinate... 76.29 sec
[bwa_aln_core] write to the disk... 0.01 sec
[bwa_aln_core] 36175872 sequences have been processed.
[bwa_aln_core] calculate SA coordinate... 75.59 sec
[bwa_aln_core] write to the disk... 0.01 sec
[bwa_aln_core] 36438016 sequences have been processed.
[bwa_aln_core] calculate SA coordinate... 75.85 sec
[bwa_aln_core] write to the disk... 0.01 sec
[bwa_aln_core] 36700160 sequences have been processed.
[bwa_aln_core] calculate SA coordinate... 75.31 sec
[bwa_aln_core] write to the disk... 0.01 sec
[bwa_aln_core] 36962304 sequences have been processed.
[bwa_aln_core] calculate SA coordinate... 78.45 sec
[bwa_aln_core] write to the disk... 0.01 sec
[bwa_aln_core] 37224448 sequences have been processed.
[bwa_aln_core] calculate SA coordinate... 75.59 sec
[bwa_aln_core] write to the disk... 0.01 sec
[bwa_aln_core] 37486592 sequences have been processed.
[bwa_aln_core] calculate SA coordinate... 75.96 sec
[bwa_aln_core] write to the disk... 0.01 sec
[bwa_aln_core] 37748736 sequences have been processed.
[bwa_aln_core] calculate SA coordinate... 78.59 sec
[bwa_aln_core] write to the disk... 0.01 sec
[bwa_aln_core] 38010880 sequences have been processed.
[bwa_aln_core] calculate SA coordinate... 79.98 sec
[bwa_aln_core] write to the disk... 0.01 sec
[bwa_aln_core] 38273024 sequences have been processed.
[bwa_aln_core] calculate SA coordinate... 77.90 sec
[bwa_aln_core] write to the disk... 0.01 sec
[bwa_aln_core] 38535168 sequences have been processed.
[bwa_aln_core] calculate SA coordinate... 78.07 sec
[bwa_aln_core] write to the disk... 0.01 sec
[bwa_aln_core] 38797312 sequences have been processed.
[bwa_aln_core] calculate SA coordinate... 75.82 sec
[bwa_aln_core] write to the disk... 0.01 sec
[bwa_aln_core] 39059456 sequences have been processed.
[bwa_aln_core] calculate SA coordinate... 76.84 sec
[bwa_aln_core] write to the disk... 0.01 sec
[bwa_aln_core] 39321600 sequences have been processed.
[bwa_aln_core] calculate SA coordinate... 76.72 sec
[bwa_aln_core] write to the disk... 0.01 sec
[bwa_aln_core] 39583744 sequences have been processed.
[bwa_aln_core] calculate SA coordinate... 79.37 sec
[bwa_aln_core] write to the disk... 0.01 sec
[bwa_aln_core] 39845888 sequences have been processed.
[bwa_aln_core] calculate SA coordinate... 77.13 sec
[bwa_aln_core] write to the disk... 0.01 sec
[bwa_aln_core] 40108032 sequences have been processed.
[bwa_aln_core] calculate SA coordinate... 77.88 sec
[bwa_aln_core] write to the disk... 0.01 sec
[bwa_aln_core] 40370176 sequences have been processed.
[bwa_aln_core] calculate SA coordinate... 77.66 sec
[bwa_aln_core] write to the disk... 0.01 sec
[bwa_aln_core] 40632320 sequences have been processed.
[bwa_aln_core] calculate SA coordinate... 77.89 sec
[bwa_aln_core] write to the disk... 0.01 sec
[bwa_aln_core] 40894464 sequences have been processed.
[bwa_aln_core] calculate SA coordinate... 77.74 sec
[bwa_aln_core] write to the disk... 0.01 sec
[bwa_aln_core] 41156608 sequences have been processed.
[bwa_aln_core] calculate SA coordinate... 78.37 sec
[bwa_aln_core] write to the disk... 0.01 sec
[bwa_aln_core] 41418752 sequences have been processed.
[bwa_aln_core] calculate SA coordinate... 77.58 sec
[bwa_aln_core] write to the disk... 0.01 sec
[bwa_aln_core] 41680896 sequences have been processed.
[bwa_aln_core] calculate SA coordinate... 79.21 sec
[bwa_aln_core] write to the disk... 0.01 sec
[bwa_aln_core] 41943040 sequences have been processed.
[bwa_aln_core] calculate SA coordinate... 79.25 sec
[bwa_aln_core] write to the disk... 0.01 sec
[bwa_aln_core] 42205184 sequences have been processed.
[bwa_aln_core] calculate SA coordinate... 77.37 sec
[bwa_aln_core] write to the disk... 0.01 sec
[bwa_aln_core] 42467328 sequences have been processed.
[bwa_aln_core] calculate SA coordinate... 76.49 sec
[bwa_aln_core] write to the disk... 0.01 sec
[bwa_aln_core] 42729472 sequences have been processed.
[bwa_aln_core] calculate SA coordinate... 78.94 sec
[bwa_aln_core] write to the disk... 0.01 sec
[bwa_aln_core] 42991616 sequences have been processed.
[bwa_aln_core] calculate SA coordinate... 78.05 sec
[bwa_aln_core] write to the disk... 0.01 sec
[bwa_aln_core] 43253760 sequences have been processed.
[bwa_aln_core] calculate SA coordinate... 77.43 sec
[bwa_aln_core] write to the disk... 0.01 sec
[bwa_aln_core] 43515904 sequences have been processed.
[bwa_aln_core] calculate SA coordinate... 75.92 sec
[bwa_aln_core] write to the disk... 0.01 sec
[bwa_aln_core] 43778048 sequences have been processed.
[bwa_aln_core] calculate SA coordinate... 77.39 sec
[bwa_aln_core] write to the disk... 0.01 sec
[bwa_aln_core] 44040192 sequences have been processed.
[bwa_aln_core] calculate SA coordinate... 77.09 sec
[bwa_aln_core] write to the disk... 0.01 sec
[bwa_aln_core] 44302336 sequences have been processed.
[bwa_aln_core] calculate SA coordinate... 76.63 sec
[bwa_aln_core] write to the disk... 0.01 sec
[bwa_aln_core] 44564480 sequences have been processed.
[bwa_aln_core] calculate SA coordinate... 79.83 sec
[bwa_aln_core] write to the disk... 0.01 sec
[bwa_aln_core] 44826624 sequences have been processed.
[bwa_aln_core] calculate SA coordinate... 77.82 sec
[bwa_aln_core] write to the disk... 0.01 sec
[bwa_aln_core] 45088768 sequences have been processed.
[bwa_aln_core] calculate SA coordinate... 78.97 sec
[bwa_aln_core] write to the disk... 0.01 sec
[bwa_aln_core] 45350912 sequences have been processed.
[bwa_aln_core] calculate SA coordinate... 79.01 sec
[bwa_aln_core] write to the disk... 0.01 sec
[bwa_aln_core] 45613056 sequences have been processed.
[bwa_aln_core] calculate SA coordinate... 76.63 sec
[bwa_aln_core] write to the disk... 0.02 sec
[bwa_aln_core] 45875200 sequences have been processed.
[bwa_aln_core] calculate SA coordinate... 78.07 sec
[bwa_aln_core] write to the disk... 0.01 sec
[bwa_aln_core] 46137344 sequences have been processed.
[bwa_aln_core] calculate SA coordinate... 77.62 sec
[bwa_aln_core] write to the disk... 0.01 sec
[bwa_aln_core] 46399488 sequences have been processed.
[bwa_aln_core] calculate SA coordinate... 76.67 sec
[bwa_aln_core] write to the disk... 0.01 sec
[bwa_aln_core] 46661632 sequences have been processed.
[bwa_aln_core] calculate SA coordinate... 78.96 sec
[bwa_aln_core] write to the disk... 0.01 sec
[bwa_aln_core] 46923776 sequences have been processed.
[bwa_aln_core] calculate SA coordinate... 77.57 sec
[bwa_aln_core] write to the disk... 0.01 sec
[bwa_aln_core] 47185920 sequences have been processed.
[bwa_aln_core] calculate SA coordinate... 79.22 sec
[bwa_aln_core] write to the disk... 0.01 sec
[bwa_aln_core] 47448064 sequences have been processed.
[bwa_aln_core] calculate SA coordinate... 75.95 sec
[bwa_aln_core] write to the disk... 0.01 sec
[bwa_aln_core] 47710208 sequences have been processed.
[bwa_aln_core] calculate SA coordinate... 76.64 sec
[bwa_aln_core] write to the disk... 0.01 sec
[bwa_aln_core] 47972352 sequences have been processed.
[bwa_aln_core] calculate SA coordinate... 77.92 sec
[bwa_aln_core] write to the disk... 0.01 sec
[bwa_aln_core] 48234496 sequences have been processed.
[bwa_aln_core] calculate SA coordinate... 78.01 sec
[bwa_aln_core] write to the disk... 0.01 sec
[bwa_aln_core] 48496640 sequences have been processed.
[bwa_aln_core] calculate SA coordinate... 78.91 sec
[bwa_aln_core] write to the disk... 0.01 sec
[bwa_aln_core] 48758784 sequences have been processed.
[bwa_aln_core] calculate SA coordinate... 76.84 sec
[bwa_aln_core] write to the disk... 0.01 sec
[bwa_aln_core] 49020928 sequences have been processed.
[bwa_aln_core] calculate SA coordinate... 79.34 sec
[bwa_aln_core] write to the disk... 0.01 sec
[bwa_aln_core] 49283072 sequences have been processed.
[bwa_aln_core] calculate SA coordinate... 77.07 sec
[bwa_aln_core] write to the disk... 0.01 sec
[bwa_aln_core] 49545216 sequences have been processed.
[bwa_aln_core] calculate SA coordinate... 76.14 sec
[bwa_aln_core] write to the disk... 0.01 sec
[bwa_aln_core] 49807360 sequences have been processed.
[bwa_aln_core] calculate SA coordinate... 78.76 sec
[bwa_aln_core] write to the disk... 0.01 sec
[bwa_aln_core] 50069504 sequences have been processed.
[bwa_aln_core] calculate SA coordinate... 77.94 sec
[bwa_aln_core] write to the disk... 0.01 sec
[bwa_aln_core] 50331648 sequences have been processed.
[bwa_aln_core] calculate SA coordinate... 77.80 sec
[bwa_aln_core] write to the disk... 0.01 sec
[bwa_aln_core] 50593792 sequences have been processed.
[bwa_aln_core] calculate SA coordinate... 75.63 sec
[bwa_aln_core] write to the disk... 0.01 sec
[bwa_aln_core] 50855936 sequences have been processed.
[bwa_aln_core] calculate SA coordinate... 77.91 sec
[bwa_aln_core] write to the disk... 0.01 sec
[bwa_aln_core] 51118080 sequences have been processed.
[bwa_aln_core] calculate SA coordinate... 78.24 sec
[bwa_aln_core] write to the disk... 0.01 sec
[bwa_aln_core] 51380224 sequences have been processed.
[bwa_aln_core] calculate SA coordinate... 76.54 sec
[bwa_aln_core] write to the disk... 0.01 sec
[bwa_aln_core] 51642368 sequences have been processed.
[bwa_aln_core] calculate SA coordinate... 76.61 sec
[bwa_aln_core] write to the disk... 0.01 sec
[bwa_aln_core] 51904512 sequences have been processed.
[bwa_aln_core] calculate SA coordinate... 75.38 sec
[bwa_aln_core] write to the disk... 0.01 sec
[bwa_aln_core] 52166656 sequences have been processed.
[bwa_aln_core] calculate SA coordinate... 77.75 sec
[bwa_aln_core] write to the disk... 0.01 sec
[bwa_aln_core] 52428800 sequences have been processed.
[bwa_aln_core] calculate SA coordinate... 74.70 sec
[bwa_aln_core] write to the disk... 0.01 sec
[bwa_aln_core] 52690944 sequences have been processed.
[bwa_aln_core] calculate SA coordinate... 75.96 sec
[bwa_aln_core] write to the disk... 0.01 sec
[bwa_aln_core] 52953088 sequences have been processed.
[bwa_aln_core] calculate SA coordinate... 76.14 sec
[bwa_aln_core] write to the disk... 0.01 sec
[bwa_aln_core] 53215232 sequences have been processed.
[bwa_aln_core] calculate SA coordinate... 78.09 sec
[bwa_aln_core] write to the disk... 0.01 sec
[bwa_aln_core] 53477376 sequences have been processed.
[bwa_aln_core] calculate SA coordinate... 77.86 sec
[bwa_aln_core] write to the disk... 0.01 sec
[bwa_aln_core] 53739520 sequences have been processed.
[bwa_aln_core] calculate SA coordinate... 76.56 sec
[bwa_aln_core] write to the disk... 0.01 sec
[bwa_aln_core] 54001664 sequences have been processed.
[bwa_aln_core] calculate SA coordinate... 79.39 sec
[bwa_aln_core] write to the disk... 0.01 sec
[bwa_aln_core] 54263808 sequences have been processed.
[bwa_aln_core] calculate SA coordinate... 77.86 sec
[bwa_aln_core] write to the disk... 0.01 sec
[bwa_aln_core] 54525952 sequences have been processed.
[bwa_aln_core] calculate SA coordinate... 76.69 sec
[bwa_aln_core] write to the disk... 0.01 sec
[bwa_aln_core] 54788096 sequences have been processed.
[bwa_aln_core] calculate SA coordinate... 78.54 sec
[bwa_aln_core] write to the disk... 0.01 sec
[bwa_aln_core] 55050240 sequences have been processed.
[bwa_aln_core] calculate SA coordinate... 75.27 sec
[bwa_aln_core] write to the disk... 0.01 sec
[bwa_aln_core] 55312384 sequences have been processed.
[bwa_aln_core] calculate SA coordinate... 77.43 sec
[bwa_aln_core] write to the disk... 0.01 sec
[bwa_aln_core] 55574528 sequences have been processed.
[bwa_aln_core] calculate SA coordinate... 77.85 sec
[bwa_aln_core] write to the disk... 0.01 sec
[bwa_aln_core] 55836672 sequences have been processed.
[bwa_aln_core] calculate SA coordinate... 77.25 sec
[bwa_aln_core] write to the disk... 0.01 sec
[bwa_aln_core] 56098816 sequences have been processed.
[bwa_aln_core] calculate SA coordinate... 76.30 sec
[bwa_aln_core] write to the disk... 0.01 sec
[bwa_aln_core] 56360960 sequences have been processed.
[bwa_aln_core] calculate SA coordinate... 73.72 sec
[bwa_aln_core] write to the disk... 0.01 sec
[bwa_aln_core] 56623104 sequences have been processed.
[bwa_aln_core] calculate SA coordinate... 80.27 sec
[bwa_aln_core] write to the disk... 0.01 sec
[bwa_aln_core] 56885248 sequences have been processed.
[bwa_aln_core] calculate SA coordinate... 78.93 sec
[bwa_aln_core] write to the disk... 0.01 sec
[bwa_aln_core] 57147392 sequences have been processed.
[bwa_aln_core] calculate SA coordinate... 77.83 sec
[bwa_aln_core] write to the disk... 0.01 sec
[bwa_aln_core] 57409536 sequences have been processed.
[bwa_aln_core] calculate SA coordinate... 76.87 sec
[bwa_aln_core] write to the disk... 0.01 sec
[bwa_aln_core] 57671680 sequences have been processed.
[bwa_aln_core] calculate SA coordinate... 77.98 sec
[bwa_aln_core] write to the disk... 0.01 sec
[bwa_aln_core] 57933824 sequences have been processed.
[bwa_aln_core] calculate SA coordinate... 76.78 sec
[bwa_aln_core] write to the disk... 0.01 sec
[bwa_aln_core] 58195968 sequences have been processed.
[bwa_aln_core] calculate SA coordinate... 77.25 sec
[bwa_aln_core] write to the disk... 0.01 sec
[bwa_aln_core] 58458112 sequences have been processed.
[bwa_aln_core] calculate SA coordinate... 77.69 sec
[bwa_aln_core] write to the disk... 0.01 sec
[bwa_aln_core] 58720256 sequences have been processed.
[bwa_aln_core] calculate SA coordinate... 76.99 sec
[bwa_aln_core] write to the disk... 0.01 sec
[bwa_aln_core] 58982400 sequences have been processed.
[bwa_aln_core] calculate SA coordinate... 76.44 sec
[bwa_aln_core] write to the disk... 0.01 sec
[bwa_aln_core] 59244544 sequences have been processed.
[bwa_aln_core] calculate SA coordinate... 77.12 sec
[bwa_aln_core] write to the disk... 0.01 sec
[bwa_aln_core] 59506688 sequences have been processed.
[bwa_aln_core] calculate SA coordinate... 75.97 sec
[bwa_aln_core] write to the disk... 0.01 sec
[bwa_aln_core] 59768832 sequences have been processed.
[bwa_aln_core] calculate SA coordinate... 78.11 sec
[bwa_aln_core] write to the disk... 0.01 sec
[bwa_aln_core] 60030976 sequences have been processed.
[bwa_aln_core] calculate SA coordinate... 77.38 sec
[bwa_aln_core] write to the disk... 0.01 sec
[bwa_aln_core] 60293120 sequences have been processed.
[bwa_aln_core] calculate SA coordinate... 76.47 sec
[bwa_aln_core] write to the disk... 0.01 sec
[bwa_aln_core] 60555264 sequences have been processed.
[bwa_aln_core] calculate SA coordinate... 80.61 sec
[bwa_aln_core] write to the disk... 0.01 sec
[bwa_aln_core] 60817408 sequences have been processed.
[bwa_aln_core] calculate SA coordinate... 76.61 sec
[bwa_aln_core] write to the disk... 0.01 sec
[bwa_aln_core] 61079552 sequences have been processed.
[bwa_aln_core] calculate SA coordinate... 76.82 sec
[bwa_aln_core] write to the disk... 0.01 sec
[bwa_aln_core] 61341696 sequences have been processed.
[bwa_aln_core] calculate SA coordinate... 77.94 sec
[bwa_aln_core] write to the disk... 0.01 sec
[bwa_aln_core] 61603840 sequences have been processed.
[bwa_aln_core] calculate SA coordinate... 73.75 sec
[bwa_aln_core] write to the disk... 0.01 sec
[bwa_aln_core] 61865984 sequences have been processed.
[bwa_aln_core] calculate SA coordinate... 75.45 sec
[bwa_aln_core] write to the disk... 0.01 sec
[bwa_aln_core] 62128128 sequences have been processed.
[bwa_aln_core] calculate SA coordinate... 77.26 sec
[bwa_aln_core] write to the disk... 0.01 sec
[bwa_aln_core] 62390272 sequences have been processed.
[bwa_aln_core] calculate SA coordinate... 76.38 sec
[bwa_aln_core] write to the disk... 0.01 sec
[bwa_aln_core] 62652416 sequences have been processed.
[bwa_aln_core] calculate SA coordinate... 76.26 sec
[bwa_aln_core] write to the disk... 0.01 sec
[bwa_aln_core] 62914560 sequences have been processed.
[bwa_aln_core] calculate SA coordinate... 77.31 sec
[bwa_aln_core] write to the disk... 0.01 sec
[bwa_aln_core] 63176704 sequences have been processed.
[bwa_aln_core] calculate SA coordinate... 77.30 sec
[bwa_aln_core] write to the disk... 0.01 sec
[bwa_aln_core] 63438848 sequences have been processed.
[bwa_aln_core] calculate SA coordinate... 75.09 sec
[bwa_aln_core] write to the disk... 0.01 sec
[bwa_aln_core] 63700992 sequences have been processed.
[bwa_aln_core] calculate SA coordinate... 76.18 sec
[bwa_aln_core] write to the disk... 0.01 sec
[bwa_aln_core] 63963136 sequences have been processed.
[bwa_aln_core] calculate SA coordinate... 76.39 sec
[bwa_aln_core] write to the disk... 0.01 sec
[bwa_aln_core] 64225280 sequences have been processed.
[bwa_aln_core] calculate SA coordinate... 77.13 sec
[bwa_aln_core] write to the disk... 0.01 sec
[bwa_aln_core] 64487424 sequences have been processed.
[bwa_aln_core] calculate SA coordinate... 75.90 sec
[bwa_aln_core] write to the disk... 0.01 sec
[bwa_aln_core] 64749568 sequences have been processed.
[bwa_aln_core] calculate SA coordinate... 76.07 sec
[bwa_aln_core] write to the disk... 0.01 sec
[bwa_aln_core] 65011712 sequences have been processed.
[bwa_aln_core] calculate SA coordinate... 76.48 sec
[bwa_aln_core] write to the disk... 0.01 sec
[bwa_aln_core] 65273856 sequences have been processed.
[bwa_aln_core] calculate SA coordinate... 75.50 sec
[bwa_aln_core] write to the disk... 0.01 sec
[bwa_aln_core] 65536000 sequences have been processed.
[bwa_aln_core] calculate SA coordinate... 77.04 sec
[bwa_aln_core] write to the disk... 0.01 sec
[bwa_aln_core] 65798144 sequences have been processed.
[bwa_aln_core] calculate SA coordinate... 75.17 sec
[bwa_aln_core] write to the disk... 0.01 sec
[bwa_aln_core] 66060288 sequences have been processed.
[bwa_aln_core] calculate SA coordinate... 77.43 sec
[bwa_aln_core] write to the disk... 0.01 sec
[bwa_aln_core] 66322432 sequences have been processed.
[bwa_aln_core] calculate SA coordinate... 74.72 sec
[bwa_aln_core] write to the disk... 0.01 sec
[bwa_aln_core] 66584576 sequences have been processed.
[bwa_aln_core] calculate SA coordinate... 80.20 sec
[bwa_aln_core] write to the disk... 0.01 sec
[bwa_aln_core] 66846720 sequences have been processed.
[bwa_aln_core] calculate SA coordinate... 75.54 sec
[bwa_aln_core] write to the disk... 0.01 sec
[bwa_aln_core] 67108864 sequences have been processed.
[bwa_aln_core] calculate SA coordinate... 77.41 sec
[bwa_aln_core] write to the disk... 0.01 sec
[bwa_aln_core] 67371008 sequences have been processed.
[bwa_aln_core] calculate SA coordinate... 77.50 sec
[bwa_aln_core] write to the disk... 0.01 sec
[bwa_aln_core] 67633152 sequences have been processed.
[bwa_aln_core] calculate SA coordinate... 76.24 sec
[bwa_aln_core] write to the disk... 0.01 sec
[bwa_aln_core] 67895296 sequences have been processed.
[bwa_aln_core] calculate SA coordinate... 79.19 sec
[bwa_aln_core] write to the disk... 0.01 sec
[bwa_aln_core] 68157440 sequences have been processed.
[bwa_aln_core] calculate SA coordinate... 75.77 sec
[bwa_aln_core] write to the disk... 0.01 sec
[bwa_aln_core] 68419584 sequences have been processed.
[bwa_aln_core] calculate SA coordinate... 75.87 sec
[bwa_aln_core] write to the disk... 0.01 sec
[bwa_aln_core] 68681728 sequences have been processed.
[bwa_aln_core] calculate SA coordinate... 74.93 sec
[bwa_aln_core] write to the disk... 0.01 sec
[bwa_aln_core] 68943872 sequences have been processed.
[bwa_aln_core] calculate SA coordinate... 76.96 sec
[bwa_aln_core] write to the disk... 0.01 sec
[bwa_aln_core] 69206016 sequences have been processed.
[bwa_aln_core] calculate SA coordinate... 78.25 sec
[bwa_aln_core] write to the disk... 0.01 sec
[bwa_aln_core] 69468160 sequences have been processed.
[bwa_aln_core] calculate SA coordinate... 75.30 sec
[bwa_aln_core] write to the disk... 0.01 sec
[bwa_aln_core] 69730304 sequences have been processed.
[bwa_aln_core] calculate SA coordinate... 76.03 sec
[bwa_aln_core] write to the disk... 0.01 sec
[bwa_aln_core] 69992448 sequences have been processed.
[bwa_aln_core] calculate SA coordinate... 75.81 sec
[bwa_aln_core] write to the disk... 0.01 sec
[bwa_aln_core] 70254592 sequences have been processed.
[bwa_aln_core] calculate SA coordinate... 73.75 sec
[bwa_aln_core] write to the disk... 0.01 sec
[bwa_aln_core] 70516736 sequences have been processed.
[bwa_aln_core] calculate SA coordinate... 75.68 sec
[bwa_aln_core] write to the disk... 0.01 sec
[bwa_aln_core] 70778880 sequences have been processed.
[bwa_aln_core] calculate SA coordinate... 77.00 sec
[bwa_aln_core] write to the disk... 0.01 sec
[bwa_aln_core] 71041024 sequences have been processed.
[bwa_aln_core] calculate SA coordinate... 78.65 sec
[bwa_aln_core] write to the disk... 0.01 sec
[bwa_aln_core] 71303168 sequences have been processed.
[bwa_aln_core] calculate SA coordinate... 75.07 sec
[bwa_aln_core] write to the disk... 0.01 sec
[bwa_aln_core] 71565312 sequences have been processed.
[bwa_aln_core] calculate SA coordinate... 75.37 sec
[bwa_aln_core] write to the disk... 0.01 sec
[bwa_aln_core] 71827456 sequences have been processed.
[bwa_aln_core] calculate SA coordinate... 77.74 sec
[bwa_aln_core] write to the disk... 0.01 sec
[bwa_aln_core] 72089600 sequences have been processed.
[bwa_aln_core] calculate SA coordinate... 73.83 sec
[bwa_aln_core] write to the disk... 0.01 sec
[bwa_aln_core] 72351744 sequences have been processed.
[bwa_aln_core] calculate SA coordinate... 74.53 sec
[bwa_aln_core] write to the disk... 0.01 sec
[bwa_aln_core] 72613888 sequences have been processed.
[bwa_aln_core] calculate SA coordinate... 77.48 sec
[bwa_aln_core] write to the disk... 0.01 sec
[bwa_aln_core] 72876032 sequences have been processed.
[bwa_aln_core] calculate SA coordinate... 75.63 sec
[bwa_aln_core] write to the disk... 0.01 sec
[bwa_aln_core] 73138176 sequences have been processed.
[bwa_aln_core] calculate SA coordinate... 77.69 sec
[bwa_aln_core] write to the disk... 0.01 sec
[bwa_aln_core] 73400320 sequences have been processed.
[bwa_aln_core] calculate SA coordinate... 76.40 sec
[bwa_aln_core] write to the disk... 0.01 sec
[bwa_aln_core] 73662464 sequences have been processed.
[bwa_aln_core] calculate SA coordinate... 74.38 sec
[bwa_aln_core] write to the disk... 0.01 sec
[bwa_aln_core] 73924608 sequences have been processed.
[bwa_aln_core] calculate SA coordinate... 77.95 sec
[bwa_aln_core] write to the disk... 0.01 sec
[bwa_aln_core] 74186752 sequences have been processed.
[bwa_aln_core] calculate SA coordinate... 74.71 sec
[bwa_aln_core] write to the disk... 0.01 sec
[bwa_aln_core] 74448896 sequences have been processed.
[bwa_aln_core] calculate SA coordinate... 78.97 sec
[bwa_aln_core] write to the disk... 0.01 sec
[bwa_aln_core] 74711040 sequences have been processed.
[bwa_aln_core] calculate SA coordinate... 87.90 sec
[bwa_aln_core] write to the disk... 0.01 sec
[bwa_aln_core] 74973184 sequences have been processed.
[bwa_aln_core] calculate SA coordinate... 86.09 sec
[bwa_aln_core] write to the disk... 0.01 sec
[bwa_aln_core] 75235328 sequences have been processed.
[bwa_aln_core] calculate SA coordinate... 85.16 sec
[bwa_aln_core] write to the disk... 0.01 sec
[bwa_aln_core] 75497472 sequences have been processed.
[bwa_aln_core] calculate SA coordinate... 85.90 sec
[bwa_aln_core] write to the disk... 0.01 sec
[bwa_aln_core] 75759616 sequences have been processed.
[bwa_aln_core] calculate SA coordinate... 85.12 sec
[bwa_aln_core] write to the disk... 0.01 sec
[bwa_aln_core] 76021760 sequences have been processed.
[bwa_aln_core] calculate SA coordinate... 82.89 sec
[bwa_aln_core] write to the disk... 0.01 sec
[bwa_aln_core] 76283904 sequences have been processed.
[bwa_aln_core] calculate SA coordinate... 82.78 sec
[bwa_aln_core] write to the disk... 0.01 sec
[bwa_aln_core] 76546048 sequences have been processed.
[bwa_aln_core] calculate SA coordinate... 85.23 sec
[bwa_aln_core] write to the disk... 0.01 sec
[bwa_aln_core] 76808192 sequences have been processed.
[bwa_aln_core] calculate SA coordinate... 84.30 sec
[bwa_aln_core] write to the disk... 0.01 sec
[bwa_aln_core] 77070336 sequences have been processed.
[bwa_aln_core] calculate SA coordinate... 82.52 sec
[bwa_aln_core] write to the disk... 0.01 sec
[bwa_aln_core] 77332480 sequences have been processed.
[bwa_aln_core] calculate SA coordinate... 83.79 sec
[bwa_aln_core] write to the disk... 0.01 sec
[bwa_aln_core] 77594624 sequences have been processed.
[bwa_aln_core] calculate SA coordinate... 81.57 sec
[bwa_aln_core] write to the disk... 0.01 sec
[bwa_aln_core] 77856768 sequences have been processed.
[bwa_aln_core] calculate SA coordinate... 82.12 sec
[bwa_aln_core] write to the disk... 0.01 sec
[bwa_aln_core] 78118912 sequences have been processed.
[bwa_aln_core] calculate SA coordinate... 83.72 sec
[bwa_aln_core] write to the disk... 0.01 sec
[bwa_aln_core] 78381056 sequences have been processed.
[bwa_aln_core] calculate SA coordinate... 80.42 sec
[bwa_aln_core] write to the disk... 0.01 sec
[bwa_aln_core] 78643200 sequences have been processed.
[bwa_aln_core] calculate SA coordinate... 82.59 sec
[bwa_aln_core] write to the disk... 0.01 sec
[bwa_aln_core] 78905344 sequences have been processed.
[bwa_aln_core] calculate SA coordinate... 82.25 sec
[bwa_aln_core] write to the disk... 0.01 sec
[bwa_aln_core] 79167488 sequences have been processed.
[bwa_aln_core] calculate SA coordinate... 80.20 sec
[bwa_aln_core] write to the disk... 0.01 sec
[bwa_aln_core] 79429632 sequences have been processed.
[bwa_aln_core] calculate SA coordinate... 83.28 sec
[bwa_aln_core] write to the disk... 0.01 sec
[bwa_aln_core] 79691776 sequences have been processed.
[bwa_aln_core] calculate SA coordinate... 81.50 sec
[bwa_aln_core] write to the disk... 0.01 sec
[bwa_aln_core] 79953920 sequences have been processed.
[bwa_aln_core] calculate SA coordinate... 80.70 sec
[bwa_aln_core] write to the disk... 0.01 sec
[bwa_aln_core] 80216064 sequences have been processed.
[bwa_aln_core] calculate SA coordinate... 81.37 sec
[bwa_aln_core] write to the disk... 0.01 sec
[bwa_aln_core] 80478208 sequences have been processed.
[bwa_aln_core] calculate SA coordinate... 83.17 sec
[bwa_aln_core] write to the disk... 0.01 sec
[bwa_aln_core] 80740352 sequences have been processed.
[bwa_aln_core] calculate SA coordinate... 79.74 sec
[bwa_aln_core] write to the disk... 0.01 sec
[bwa_aln_core] 81002496 sequences have been processed.
[bwa_aln_core] calculate SA coordinate... 80.02 sec
[bwa_aln_core] write to the disk... 0.01 sec
[bwa_aln_core] 81264640 sequences have been processed.
[bwa_aln_core] calculate SA coordinate... 84.27 sec
[bwa_aln_core] write to the disk... 0.02 sec
[bwa_aln_core] 81526784 sequences have been processed.
[bwa_aln_core] calculate SA coordinate... 80.44 sec
[bwa_aln_core] write to the disk... 0.01 sec
[bwa_aln_core] 81788928 sequences have been processed.
[bwa_aln_core] calculate SA coordinate... 82.33 sec
[bwa_aln_core] write to the disk... 0.01 sec
[bwa_aln_core] 82051072 sequences have been processed.
[bwa_aln_core] calculate SA coordinate... 80.55 sec
[bwa_aln_core] write to the disk... 0.01 sec
[bwa_aln_core] 82313216 sequences have been processed.
[bwa_aln_core] calculate SA coordinate... 81.91 sec
[bwa_aln_core] write to the disk... 0.01 sec
[bwa_aln_core] 82575360 sequences have been processed.
[bwa_aln_core] calculate SA coordinate... 80.58 sec
[bwa_aln_core] write to the disk... 0.01 sec
[bwa_aln_core] 82837504 sequences have been processed.
[bwa_aln_core] calculate SA coordinate... 79.87 sec
[bwa_aln_core] write to the disk... 0.01 sec
[bwa_aln_core] 83099648 sequences have been processed.
[bwa_aln_core] calculate SA coordinate... 81.84 sec
[bwa_aln_core] write to the disk... 0.01 sec
[bwa_aln_core] 83361792 sequences have been processed.
[bwa_aln_core] calculate SA coordinate... 80.83 sec
[bwa_aln_core] write to the disk... 0.01 sec
[bwa_aln_core] 83623936 sequences have been processed.
[bwa_aln_core] calculate SA coordinate... 79.46 sec
[bwa_aln_core] write to the disk... 0.01 sec
[bwa_aln_core] 83886080 sequences have been processed.
[bwa_aln_core] calculate SA coordinate... 78.62 sec
[bwa_aln_core] write to the disk... 0.01 sec
[bwa_aln_core] 84148224 sequences have been processed.
[bwa_aln_core] calculate SA coordinate... 79.35 sec
[bwa_aln_core] write to the disk... 0.01 sec
[bwa_aln_core] 84410368 sequences have been processed.
[bwa_aln_core] calculate SA coordinate... 81.90 sec
[bwa_aln_core] write to the disk... 0.01 sec
[bwa_aln_core] 84672512 sequences have been processed.
[bwa_aln_core] calculate SA coordinate... 79.65 sec
[bwa_aln_core] write to the disk... 0.01 sec
[bwa_aln_core] 84934656 sequences have been processed.
[bwa_aln_core] calculate SA coordinate... 81.05 sec
[bwa_aln_core] write to the disk... 0.01 sec
[bwa_aln_core] 85196800 sequences have been processed.
[bwa_aln_core] calculate SA coordinate... 79.58 sec
[bwa_aln_core] write to the disk... 0.01 sec
[bwa_aln_core] 85458944 sequences have been processed.
[bwa_aln_core] calculate SA coordinate... 79.74 sec
[bwa_aln_core] write to the disk... 0.01 sec
[bwa_aln_core] 85721088 sequences have been processed.
[bwa_aln_core] calculate SA coordinate... 80.45 sec
[bwa_aln_core] write to the disk... 0.01 sec
[bwa_aln_core] 85983232 sequences have been processed.
[bwa_aln_core] calculate SA coordinate... 77.86 sec
[bwa_aln_core] write to the disk... 0.01 sec
[bwa_aln_core] 86245376 sequences have been processed.
[bwa_aln_core] calculate SA coordinate... 76.27 sec
[bwa_aln_core] write to the disk... 0.01 sec
[bwa_aln_core] 86507520 sequences have been processed.
[bwa_aln_core] calculate SA coordinate... 80.42 sec
[bwa_aln_core] write to the disk... 0.01 sec
[bwa_aln_core] 86769664 sequences have been processed.
[bwa_aln_core] calculate SA coordinate... 77.41 sec
[bwa_aln_core] write to the disk... 0.01 sec
[bwa_aln_core] 87031808 sequences have been processed.
[bwa_aln_core] calculate SA coordinate... 79.94 sec
[bwa_aln_core] write to the disk... 0.01 sec
[bwa_aln_core] 87293952 sequences have been processed.
[bwa_aln_core] calculate SA coordinate... 78.76 sec
[bwa_aln_core] write to the disk... 0.01 sec
[bwa_aln_core] 87556096 sequences have been processed.
[bwa_aln_core] calculate SA coordinate... 79.12 sec
[bwa_aln_core] write to the disk... 0.02 sec
[bwa_aln_core] 87818240 sequences have been processed.
[bwa_aln_core] calculate SA coordinate... 78.57 sec
[bwa_aln_core] write to the disk... 0.01 sec
[bwa_aln_core] 88080384 sequences have been processed.
[bwa_aln_core] calculate SA coordinate... 78.13 sec
[bwa_aln_core] write to the disk... 0.01 sec
[bwa_aln_core] 88342528 sequences have been processed.
[bwa_aln_core] calculate SA coordinate... 78.43 sec
[bwa_aln_core] write to the disk... 0.01 sec
[bwa_aln_core] 88604672 sequences have been processed.
[bwa_aln_core] calculate SA coordinate... 79.02 sec
[bwa_aln_core] write to the disk... 0.01 sec
[bwa_aln_core] 88866816 sequences have been processed.
[bwa_aln_core] calculate SA coordinate... 78.53 sec
[bwa_aln_core] write to the disk... 0.01 sec
[bwa_aln_core] 89128960 sequences have been processed.
[bwa_aln_core] calculate SA coordinate... 77.33 sec
[bwa_aln_core] write to the disk... 0.01 sec
[bwa_aln_core] 89391104 sequences have been processed.
[bwa_aln_core] calculate SA coordinate... 78.29 sec
[bwa_aln_core] write to the disk... 0.01 sec
[bwa_aln_core] 89653248 sequences have been processed.
[bwa_aln_core] calculate SA coordinate... 76.88 sec
[bwa_aln_core] write to the disk... 0.01 sec
[bwa_aln_core] 89915392 sequences have been processed.
[bwa_aln_core] calculate SA coordinate... 80.25 sec
[bwa_aln_core] write to the disk... 0.01 sec
[bwa_aln_core] 90177536 sequences have been processed.
[bwa_aln_core] calculate SA coordinate... 78.85 sec
[bwa_aln_core] write to the disk... 0.01 sec
[bwa_aln_core] 90439680 sequences have been processed.
[bwa_aln_core] calculate SA coordinate... 76.90 sec
[bwa_aln_core] write to the disk... 0.01 sec
[bwa_aln_core] 90701824 sequences have been processed.
[bwa_aln_core] calculate SA coordinate... 78.82 sec
[bwa_aln_core] write to the disk... 0.01 sec
[bwa_aln_core] 90963968 sequences have been processed.
[bwa_aln_core] calculate SA coordinate... 81.58 sec
[bwa_aln_core] write to the disk... 0.01 sec
[bwa_aln_core] 91226112 sequences have been processed.
[bwa_aln_core] calculate SA coordinate... 79.39 sec
[bwa_aln_core] write to the disk... 0.01 sec
[bwa_aln_core] 91488256 sequences have been processed.
[bwa_aln_core] calculate SA coordinate... 81.80 sec
[bwa_aln_core] write to the disk... 0.01 sec
[bwa_aln_core] 91750400 sequences have been processed.
[bwa_aln_core] calculate SA coordinate... 76.66 sec
[bwa_aln_core] write to the disk... 0.01 sec
[bwa_aln_core] 92012544 sequences have been processed.
[bwa_aln_core] calculate SA coordinate... 83.81 sec
[bwa_aln_core] write to the disk... 0.01 sec
[bwa_aln_core] 92274688 sequences have been processed.
[bwa_aln_core] calculate SA coordinate... 76.84 sec
[bwa_aln_core] write to the disk... 0.01 sec
[bwa_aln_core] 92536832 sequences have been processed.
[bwa_aln_core] calculate SA coordinate... 75.57 sec
[bwa_aln_core] write to the disk... 0.01 sec
[bwa_aln_core] 92798976 sequences have been processed.
[bwa_aln_core] calculate SA coordinate... 79.31 sec
[bwa_aln_core] write to the disk... 0.01 sec
[bwa_aln_core] 93061120 sequences have been processed.
[bwa_aln_core] calculate SA coordinate... 80.18 sec
[bwa_aln_core] write to the disk... 0.01 sec
[bwa_aln_core] 93323264 sequences have been processed.
[bwa_aln_core] calculate SA coordinate... 79.08 sec
[bwa_aln_core] write to the disk... 0.01 sec
[bwa_aln_core] 93585408 sequences have been processed.
[bwa_aln_core] calculate SA coordinate... 76.55 sec
[bwa_aln_core] write to the disk... 0.01 sec
[bwa_aln_core] 93847552 sequences have been processed.
[bwa_aln_core] calculate SA coordinate... 75.79 sec
[bwa_aln_core] write to the disk... 0.02 sec
[bwa_aln_core] 94109696 sequences have been processed.
[bwa_aln_core] calculate SA coordinate... 76.88 sec
[bwa_aln_core] write to the disk... 0.01 sec
[bwa_aln_core] 94371840 sequences have been processed.
[bwa_aln_core] calculate SA coordinate... 77.61 sec
[bwa_aln_core] write to the disk... 0.01 sec
[bwa_aln_core] 94633984 sequences have been processed.
[bwa_aln_core] calculate SA coordinate... 77.52 sec
[bwa_aln_core] write to the disk... 0.01 sec
[bwa_aln_core] 94896128 sequences have been processed.
[bwa_aln_core] calculate SA coordinate... 78.47 sec
[bwa_aln_core] write to the disk... 0.01 sec
[bwa_aln_core] 95158272 sequences have been processed.
[bwa_aln_core] calculate SA coordinate... 79.10 sec
[bwa_aln_core] write to the disk... 0.01 sec
[bwa_aln_core] 95420416 sequences have been processed.
[bwa_aln_core] calculate SA coordinate... 77.83 sec
[bwa_aln_core] write to the disk... 0.01 sec
[bwa_aln_core] 95682560 sequences have been processed.
[bwa_aln_core] calculate SA coordinate... 75.46 sec
[bwa_aln_core] write to the disk... 0.01 sec
[bwa_aln_core] 95944704 sequences have been processed.
[bwa_aln_core] calculate SA coordinate... 77.22 sec
[bwa_aln_core] write to the disk... 0.02 sec
[bwa_aln_core] 96206848 sequences have been processed.
[bwa_aln_core] calculate SA coordinate... 79.56 sec
[bwa_aln_core] write to the disk... 0.01 sec
[bwa_aln_core] 96468992 sequences have been processed.
[bwa_aln_core] calculate SA coordinate... 76.27 sec
[bwa_aln_core] write to the disk... 0.01 sec
[bwa_aln_core] 96731136 sequences have been processed.
[bwa_aln_core] calculate SA coordinate... 76.19 sec
[bwa_aln_core] write to the disk... 0.01 sec
[bwa_aln_core] 96993280 sequences have been processed.
[bwa_aln_core] calculate SA coordinate... 77.70 sec
[bwa_aln_core] write to the disk... 0.01 sec
[bwa_aln_core] 97255424 sequences have been processed.
[bwa_aln_core] calculate SA coordinate... 77.00 sec
[bwa_aln_core] write to the disk... 0.01 sec
[bwa_aln_core] 97517568 sequences have been processed.
[bwa_aln_core] calculate SA coordinate... 77.79 sec
[bwa_aln_core] write to the disk... 0.01 sec
[bwa_aln_core] 97779712 sequences have been processed.
[bwa_aln_core] calculate SA coordinate... 74.79 sec
[bwa_aln_core] write to the disk... 0.01 sec
[bwa_aln_core] 98041856 sequences have been processed.
[bwa_aln_core] calculate SA coordinate... 74.23 sec
[bwa_aln_core] write to the disk... 0.01 sec
[bwa_aln_core] 98304000 sequences have been processed.
[bwa_aln_core] calculate SA coordinate... 74.05 sec
[bwa_aln_core] write to the disk... 0.01 sec
[bwa_aln_core] 98566144 sequences have been processed.
[bwa_aln_core] calculate SA coordinate... 78.85 sec
[bwa_aln_core] write to the disk... 0.01 sec
[bwa_aln_core] 98828288 sequences have been processed.
[bwa_aln_core] calculate SA coordinate... 76.94 sec
[bwa_aln_core] write to the disk... 0.01 sec
[bwa_aln_core] 99090432 sequences have been processed.
[bwa_aln_core] calculate SA coordinate... 77.53 sec
[bwa_aln_core] write to the disk... 0.01 sec
[bwa_aln_core] 99352576 sequences have been processed.
[bwa_aln_core] calculate SA coordinate... 75.30 sec
[bwa_aln_core] write to the disk... 0.01 sec
[bwa_aln_core] 99614720 sequences have been processed.
[bwa_aln_core] calculate SA coordinate... 74.26 sec
[bwa_aln_core] write to the disk... 0.01 sec
[bwa_aln_core] 99876864 sequences have been processed.
[bwa_aln_core] calculate SA coordinate... 77.30 sec
[bwa_aln_core] write to the disk... 0.01 sec
[bwa_aln_core] 100139008 sequences have been processed.
[bwa_aln_core] calculate SA coordinate... 75.76 sec
[bwa_aln_core] write to the disk... 0.01 sec
[bwa_aln_core] 100401152 sequences have been processed.
[bwa_aln_core] calculate SA coordinate... 76.53 sec
[bwa_aln_core] write to the disk... 0.01 sec
[bwa_aln_core] 100663296 sequences have been processed.
[bwa_aln_core] calculate SA coordinate... 78.60 sec
[bwa_aln_core] write to the disk... 0.01 sec
[bwa_aln_core] 100925440 sequences have been processed.
[bwa_aln_core] calculate SA coordinate... 76.10 sec
[bwa_aln_core] write to the disk... 0.01 sec
[bwa_aln_core] 101187584 sequences have been processed.
[bwa_aln_core] calculate SA coordinate... 76.32 sec
[bwa_aln_core] write to the disk... 0.01 sec
[bwa_aln_core] 101449728 sequences have been processed.
[bwa_aln_core] calculate SA coordinate... 76.55 sec
[bwa_aln_core] write to the disk... 0.01 sec
[bwa_aln_core] 101711872 sequences have been processed.
[bwa_aln_core] calculate SA coordinate... 73.93 sec
[bwa_aln_core] write to the disk... 0.01 sec
[bwa_aln_core] 101974016 sequences have been processed.
[bwa_aln_core] calculate SA coordinate... 74.36 sec
[bwa_aln_core] write to the disk... 0.01 sec
[bwa_aln_core] 102236160 sequences have been processed.
[bwa_aln_core] calculate SA coordinate... 74.12 sec
[bwa_aln_core] write to the disk... 0.01 sec
[bwa_aln_core] 102498304 sequences have been processed.
[bwa_aln_core] calculate SA coordinate... 75.96 sec
[bwa_aln_core] write to the disk... 0.01 sec
[bwa_aln_core] 102760448 sequences have been processed.
[bwa_aln_core] calculate SA coordinate... 75.07 sec
[bwa_aln_core] write to the disk... 0.01 sec
[bwa_aln_core] 103022592 sequences have been processed.
[bwa_aln_core] calculate SA coordinate... 78.01 sec
[bwa_aln_core] write to the disk... 0.01 sec
[bwa_aln_core] 103284736 sequences have been processed.
[bwa_aln_core] calculate SA coordinate... 76.40 sec
[bwa_aln_core] write to the disk... 0.01 sec
[bwa_aln_core] 103546880 sequences have been processed.
[bwa_aln_core] calculate SA coordinate... 74.66 sec
[bwa_aln_core] write to the disk... 0.01 sec
[bwa_aln_core] 103809024 sequences have been processed.
[bwa_aln_core] calculate SA coordinate... 76.42 sec
[bwa_aln_core] write to the disk... 0.01 sec
[bwa_aln_core] 104071168 sequences have been processed.
[bwa_aln_core] calculate SA coordinate... 75.78 sec
[bwa_aln_core] write to the disk... 0.01 sec
[bwa_aln_core] 104333312 sequences have been processed.
[bwa_aln_core] calculate SA coordinate... 74.67 sec
[bwa_aln_core] write to the disk... 0.01 sec
[bwa_aln_core] 104595456 sequences have been processed.
[bwa_aln_core] calculate SA coordinate... 76.47 sec
[bwa_aln_core] write to the disk... 0.01 sec
[bwa_aln_core] 104857600 sequences have been processed.
[bwa_aln_core] calculate SA coordinate... 74.68 sec
[bwa_aln_core] write to the disk... 0.01 sec
[bwa_aln_core] 105119744 sequences have been processed.
[bwa_aln_core] calculate SA coordinate... 75.25 sec
[bwa_aln_core] write to the disk... 0.01 sec
[bwa_aln_core] 105381888 sequences have been processed.
[bwa_aln_core] calculate SA coordinate... 76.23 sec
[bwa_aln_core] write to the disk... 0.01 sec
[bwa_aln_core] 105644032 sequences have been processed.
[bwa_aln_core] calculate SA coordinate... 74.48 sec
[bwa_aln_core] write to the disk... 0.01 sec
[bwa_aln_core] 105906176 sequences have been processed.
[bwa_aln_core] calculate SA coordinate... 77.72 sec
[bwa_aln_core] write to the disk... 0.01 sec
[bwa_aln_core] 106168320 sequences have been processed.
[bwa_aln_core] calculate SA coordinate... 74.09 sec
[bwa_aln_core] write to the disk... 0.01 sec
[bwa_aln_core] 106430464 sequences have been processed.
[bwa_aln_core] calculate SA coordinate... 74.99 sec
[bwa_aln_core] write to the disk... 0.01 sec
[bwa_aln_core] 106692608 sequences have been processed.
[bwa_aln_core] calculate SA coordinate... 75.25 sec
[bwa_aln_core] write to the disk... 0.01 sec
[bwa_aln_core] 106954752 sequences have been processed.
[bwa_aln_core] calculate SA coordinate... 76.78 sec
[bwa_aln_core] write to the disk... 0.01 sec
[bwa_aln_core] 107216896 sequences have been processed.
[bwa_aln_core] calculate SA coordinate... 76.16 sec
[bwa_aln_core] write to the disk... 0.01 sec
[bwa_aln_core] 107479040 sequences have been processed.
[bwa_aln_core] calculate SA coordinate... 76.11 sec
[bwa_aln_core] write to the disk... 0.01 sec
[bwa_aln_core] 107741184 sequences have been processed.
[bwa_aln_core] calculate SA coordinate... 72.82 sec
[bwa_aln_core] write to the disk... 0.01 sec
[bwa_aln_core] 108003328 sequences have been processed.
[bwa_aln_core] calculate SA coordinate... 71.76 sec
[bwa_aln_core] write to the disk... 0.01 sec
[bwa_aln_core] 108265472 sequences have been processed.
[bwa_aln_core] calculate SA coordinate... 77.95 sec
[bwa_aln_core] write to the disk... 0.01 sec
[bwa_aln_core] 108527616 sequences have been processed.
[bwa_aln_core] calculate SA coordinate... 74.73 sec
[bwa_aln_core] write to the disk... 0.02 sec
[bwa_aln_core] 108789760 sequences have been processed.
[bwa_aln_core] calculate SA coordinate... 73.73 sec
[bwa_aln_core] write to the disk... 0.01 sec
[bwa_aln_core] 109051904 sequences have been processed.
[bwa_aln_core] calculate SA coordinate... 74.63 sec
[bwa_aln_core] write to the disk... 0.01 sec
[bwa_aln_core] 109314048 sequences have been processed.
[bwa_aln_core] calculate SA coordinate... 73.29 sec
[bwa_aln_core] write to the disk... 0.01 sec
[bwa_aln_core] 109576192 sequences have been processed.
[bwa_aln_core] calculate SA coordinate... 73.94 sec
[bwa_aln_core] write to the disk... 0.01 sec
[bwa_aln_core] 109838336 sequences have been processed.
[bwa_aln_core] calculate SA coordinate... 74.61 sec
[bwa_aln_core] write to the disk... 0.01 sec
[bwa_aln_core] 110100480 sequences have been processed.
[bwa_aln_core] calculate SA coordinate... 75.65 sec
[bwa_aln_core] write to the disk... 0.01 sec
[bwa_aln_core] 110362624 sequences have been processed.
[bwa_aln_core] calculate SA coordinate... 73.59 sec
[bwa_aln_core] write to the disk... 0.01 sec
[bwa_aln_core] 110624768 sequences have been processed.
[bwa_aln_core] calculate SA coordinate... 73.73 sec
[bwa_aln_core] write to the disk... 0.01 sec
[bwa_aln_core] 110886912 sequences have been processed.
[bwa_aln_core] calculate SA coordinate... 71.97 sec
[bwa_aln_core] write to the disk... 0.01 sec
[bwa_aln_core] 111149056 sequences have been processed.
[bwa_aln_core] calculate SA coordinate... 73.06 sec
[bwa_aln_core] write to the disk... 0.01 sec
[bwa_aln_core] 111411200 sequences have been processed.
[bwa_aln_core] calculate SA coordinate... 78.20 sec
[bwa_aln_core] write to the disk... 0.01 sec
[bwa_aln_core] 111673344 sequences have been processed.
[bwa_aln_core] calculate SA coordinate... 74.00 sec
[bwa_aln_core] write to the disk... 0.01 sec
[bwa_aln_core] 111935488 sequences have been processed.
[bwa_aln_core] calculate SA coordinate... 73.24 sec
[bwa_aln_core] write to the disk... 0.01 sec
[bwa_aln_core] 112197632 sequences have been processed.
[bwa_aln_core] calculate SA coordinate... 73.11 sec
[bwa_aln_core] write to the disk... 0.01 sec
[bwa_aln_core] 112459776 sequences have been processed.
[bwa_aln_core] calculate SA coordinate... 73.31 sec
[bwa_aln_core] write to the disk... 0.01 sec
[bwa_aln_core] 112721920 sequences have been processed.
[bwa_aln_core] calculate SA coordinate... 75.15 sec
[bwa_aln_core] write to the disk... 0.01 sec
[bwa_aln_core] 112984064 sequences have been processed.
[bwa_aln_core] calculate SA coordinate... 75.91 sec
[bwa_aln_core] write to the disk... 0.01 sec
[bwa_aln_core] 113246208 sequences have been processed.
[bwa_aln_core] calculate SA coordinate... 75.96 sec
[bwa_aln_core] write to the disk... 0.01 sec
[bwa_aln_core] 113508352 sequences have been processed.
[bwa_aln_core] calculate SA coordinate... 78.46 sec
[bwa_aln_core] write to the disk... 0.01 sec
[bwa_aln_core] 113770496 sequences have been processed.
[bwa_aln_core] calculate SA coordinate... 76.28 sec
[bwa_aln_core] write to the disk... 0.01 sec
[bwa_aln_core] 114032640 sequences have been processed.
[bwa_aln_core] calculate SA coordinate... 76.69 sec
[bwa_aln_core] write to the disk... 0.01 sec
[bwa_aln_core] 114294784 sequences have been processed.
[bwa_aln_core] calculate SA coordinate... 76.21 sec
[bwa_aln_core] write to the disk... 0.01 sec
[bwa_aln_core] 114556928 sequences have been processed.
[bwa_aln_core] calculate SA coordinate... 76.83 sec
[bwa_aln_core] write to the disk... 0.01 sec
[bwa_aln_core] 114819072 sequences have been processed.
[bwa_aln_core] calculate SA coordinate... 76.80 sec
[bwa_aln_core] write to the disk... 0.01 sec
[bwa_aln_core] 115081216 sequences have been processed.
[bwa_aln_core] calculate SA coordinate... 76.71 sec
[bwa_aln_core] write to the disk... 0.02 sec
[bwa_aln_core] 115343360 sequences have been processed.
[bwa_aln_core] calculate SA coordinate... 78.49 sec
[bwa_aln_core] write to the disk... 0.01 sec
[bwa_aln_core] 115605504 sequences have been processed.
[bwa_aln_core] calculate SA coordinate... 78.80 sec
[bwa_aln_core] write to the disk... 0.01 sec
[bwa_aln_core] 115867648 sequences have been processed.
[bwa_aln_core] calculate SA coordinate... 75.99 sec
[bwa_aln_core] write to the disk... 0.01 sec
[bwa_aln_core] 116129792 sequences have been processed.
[bwa_aln_core] calculate SA coordinate... 75.14 sec
[bwa_aln_core] write to the disk... 0.01 sec
[bwa_aln_core] 116391936 sequences have been processed.
[bwa_aln_core] calculate SA coordinate... 76.69 sec
[bwa_aln_core] write to the disk... 0.01 sec
[bwa_aln_core] 116654080 sequences have been processed.
[bwa_aln_core] calculate SA coordinate... 74.62 sec
[bwa_aln_core] write to the disk... 0.01 sec
[bwa_aln_core] 116916224 sequences have been processed.
[bwa_aln_core] calculate SA coordinate... 76.24 sec
[bwa_aln_core] write to the disk... 0.01 sec
[bwa_aln_core] 117178368 sequences have been processed.
[bwa_aln_core] calculate SA coordinate... 76.94 sec
[bwa_aln_core] write to the disk... 0.01 sec
[bwa_aln_core] 117440512 sequences have been processed.
[bwa_aln_core] calculate SA coordinate... 76.51 sec
[bwa_aln_core] write to the disk... 0.01 sec
[bwa_aln_core] 117702656 sequences have been processed.
[bwa_aln_core] calculate SA coordinate... 76.91 sec
[bwa_aln_core] write to the disk... 0.01 sec
[bwa_aln_core] 117964800 sequences have been processed.
[bwa_aln_core] calculate SA coordinate... 78.32 sec
[bwa_aln_core] write to the disk... 0.01 sec
[bwa_aln_core] 118226944 sequences have been processed.
[bwa_aln_core] calculate SA coordinate... 79.30 sec
[bwa_aln_core] write to the disk... 0.01 sec
[bwa_aln_core] 118489088 sequences have been processed.
[bwa_aln_core] calculate SA coordinate... 76.94 sec
[bwa_aln_core] write to the disk... 0.01 sec
[bwa_aln_core] 118751232 sequences have been processed.
[bwa_aln_core] calculate SA coordinate... 78.85 sec
[bwa_aln_core] write to the disk... 0.01 sec
[bwa_aln_core] 119013376 sequences have been processed.
[bwa_aln_core] calculate SA coordinate... 74.53 sec
[bwa_aln_core] write to the disk... 0.01 sec
[bwa_aln_core] 119275520 sequences have been processed.
[bwa_aln_core] calculate SA coordinate... 75.29 sec
[bwa_aln_core] write to the disk... 0.02 sec
[bwa_aln_core] 119537664 sequences have been processed.
[bwa_aln_core] calculate SA coordinate... 78.19 sec
[bwa_aln_core] write to the disk... 0.01 sec
[bwa_aln_core] 119799808 sequences have been processed.
[bwa_aln_core] calculate SA coordinate... slurmstepd: error: *** JOB 2793457 ON compt312 CANCELLED AT 2025-09-15T21:16:43 DUE TO TIME LIMIT ***
