Using GATK jar /mnt/vstor/SOM_GENE_BEG33/fossil-c/bigdata/gatk/gatk-4.6.2.0/gatk-package-4.6.2.0-local.jar
Running:
    java -Dsamjdk.use_async_io_read_samtools=false -Dsamjdk.use_async_io_write_samtools=true -Dsamjdk.use_async_io_write_tribble=false -Dsamjdk.compression_level=2 -jar /mnt/vstor/SOM_GENE_BEG33/fossil-c/bigdata/gatk/gatk-4.6.2.0/gatk-package-4.6.2.0-local.jar HaplotypeCaller -R /mnt/vstor/SOM_GENE_BEG33/fossil-c/bigdata/bwa/idx/galGal6.fa -I /mnt/vstor/SOM_GENE_BEG33/fossil-c/bigdata/bwa/results/Brachy_Blank@galGal6.DR.h.bam -O /mnt/vstor/SOM_GENE_BEG33/fossil-c/bigdata/bwa/results/Brachy_Blank@galGal6.g.vcf.gz -ERC GVCF --sample-name Brachy_Blank
11:58:39.110 INFO  NativeLibraryLoader - Loading libgkl_compression.so from jar:file:/mnt/vstor/SOM_GENE_BEG33/fossil-c/bigdata/gatk/gatk-4.6.2.0/gatk-package-4.6.2.0-local.jar!/com/intel/gkl/native/libgkl_compression.so
11:58:39.452 INFO  HaplotypeCaller - ------------------------------------------------------------
11:58:39.456 INFO  HaplotypeCaller - The Genome Analysis Toolkit (GATK) v4.6.2.0
11:58:39.456 INFO  HaplotypeCaller - For support and documentation go to https://software.broadinstitute.org/gatk/
11:58:39.456 INFO  HaplotypeCaller - Executing as hxk728@compt295 on Linux v4.18.0-553.el8_10.x86_64 amd64
11:58:39.456 INFO  HaplotypeCaller - Java runtime: OpenJDK 64-Bit Server VM v17.0.15-internal+0-adhoc..src
11:58:39.456 INFO  HaplotypeCaller - Start Date/Time: September 17, 2025 at 11:58:38 AM EDT
11:58:39.456 INFO  HaplotypeCaller - ------------------------------------------------------------
11:58:39.456 INFO  HaplotypeCaller - ------------------------------------------------------------
11:58:39.457 INFO  HaplotypeCaller - HTSJDK Version: 4.2.0
11:58:39.457 INFO  HaplotypeCaller - Picard Version: 3.4.0
11:58:39.457 INFO  HaplotypeCaller - Built for Spark Version: 3.5.0
11:58:39.459 INFO  HaplotypeCaller - HTSJDK Defaults.COMPRESSION_LEVEL : 2
11:58:39.459 INFO  HaplotypeCaller - HTSJDK Defaults.USE_ASYNC_IO_READ_FOR_SAMTOOLS : false
11:58:39.459 INFO  HaplotypeCaller - HTSJDK Defaults.USE_ASYNC_IO_WRITE_FOR_SAMTOOLS : true
11:58:39.460 INFO  HaplotypeCaller - HTSJDK Defaults.USE_ASYNC_IO_WRITE_FOR_TRIBBLE : false
11:58:39.460 INFO  HaplotypeCaller - Deflater: IntelDeflater
11:58:39.460 INFO  HaplotypeCaller - Inflater: IntelInflater
11:58:39.460 INFO  HaplotypeCaller - GCS max retries/reopens: 20
11:58:39.460 INFO  HaplotypeCaller - Requester pays: disabled
11:58:39.460 INFO  HaplotypeCaller - Initializing engine
11:58:39.702 INFO  HaplotypeCaller - Done initializing engine
11:58:39.706 INFO  HaplotypeCallerEngine - Tool is in reference confidence mode and the annotation, the following changes will be made to any specified annotations: 'StrandBiasBySample' will be enabled. 'ChromosomeCounts', 'FisherStrand', 'StrandOddsRatio' and 'QualByDepth' annotations have been disabled
11:58:39.727 INFO  NativeLibraryLoader - Loading libgkl_utils.so from jar:file:/mnt/vstor/SOM_GENE_BEG33/fossil-c/bigdata/gatk/gatk-4.6.2.0/gatk-package-4.6.2.0-local.jar!/com/intel/gkl/native/libgkl_utils.so
11:58:39.730 INFO  NativeLibraryLoader - Loading libgkl_smithwaterman.so from jar:file:/mnt/vstor/SOM_GENE_BEG33/fossil-c/bigdata/gatk/gatk-4.6.2.0/gatk-package-4.6.2.0-local.jar!/com/intel/gkl/native/libgkl_smithwaterman.so
11:58:39.731 INFO  IntelSmithWaterman - Using CPU-supported AVX-512 instructions
11:58:39.731 INFO  SmithWatermanAligner - Using AVX accelerated SmithWaterman implementation
11:58:39.736 INFO  HaplotypeCallerEngine - Standard Emitting and Calling confidence set to -0.0 for reference-model confidence output
11:58:39.736 INFO  HaplotypeCallerEngine - All sites annotated with PLs forced to true for reference-model confidence output
11:58:39.746 INFO  NativeLibraryLoader - Loading libgkl_pairhmm_omp.so from jar:file:/mnt/vstor/SOM_GENE_BEG33/fossil-c/bigdata/gatk/gatk-4.6.2.0/gatk-package-4.6.2.0-local.jar!/com/intel/gkl/native/libgkl_pairhmm_omp.so
11:58:39.768 INFO  IntelPairHmm - Using CPU-supported AVX-512 instructions
11:58:39.768 INFO  IntelPairHmm - Flush-to-zero (FTZ) is enabled when running PairHMM
11:58:39.768 INFO  IntelPairHmm - Available threads: 24
11:58:39.768 INFO  IntelPairHmm - Requested threads: 4
11:58:39.768 INFO  PairHMM - Using the OpenMP multi-threaded AVX-accelerated native PairHMM implementation
11:58:39.813 INFO  ProgressMeter - Starting traversal
11:58:39.813 INFO  ProgressMeter -        Current Locus  Elapsed Minutes     Regions Processed   Regions/Minute
11:58:49.816 INFO  ProgressMeter -        chr1:19556701              0.2                 65190         391140.0
11:58:59.814 INFO  ProgressMeter -        chr1:38675701              0.3                128920         386760.0
11:59:09.814 INFO  ProgressMeter -        chr1:58799701              0.5                196000         391986.9
11:59:19.815 INFO  ProgressMeter -        chr1:79334701              0.7                264450         396665.1
11:59:29.817 INFO  ProgressMeter -        chr1:98492701              0.8                328310         393956.2
11:59:39.815 INFO  ProgressMeter -       chr1:118979701              1.0                396600         396586.8
11:59:49.816 INFO  ProgressMeter -       chr1:139688701              1.2                465630         399100.0
11:59:59.815 INFO  ProgressMeter -       chr1:159023701              1.3                530080         397550.1
12:00:09.816 INFO  ProgressMeter -       chr1:179879701              1.5                599600         399720.0
12:00:21.584 INFO  ProgressMeter -           chr10:1201              1.7                658700         388342.5
12:00:31.585 INFO  ProgressMeter -       chr10:19357201              1.9                723220         388229.6
12:00:41.587 INFO  ProgressMeter -       chr11:18919201              2.0                792160         390316.3
12:00:51.586 INFO  ProgressMeter -       chr12:19869001              2.2                862660         392793.7
12:01:01.851 INFO  ProgressMeter - chr13_NW_020109755v1_random:601              2.4                928280         392128.8
12:01:11.851 INFO  ProgressMeter -        chr15:4759801              2.5                998220         393935.7
12:01:21.852 INFO  ProgressMeter -        chr17:9682801              2.7               1068160         395522.0
12:01:31.852 INFO  ProgressMeter -        chr19:7916701              2.9               1136060         396212.5
12:01:41.851 INFO  ProgressMeter -        chr2:18297001              3.0               1205310         397272.0
12:01:51.851 INFO  ProgressMeter -        chr2:38943001              3.2               1274130         398086.8
12:02:01.851 INFO  ProgressMeter -        chr2:59655001              3.4               1343170         398886.3
12:02:11.852 INFO  ProgressMeter -        chr2:80115001              3.5               1411370         399372.8
12:02:21.852 INFO  ProgressMeter -       chr2:101238001              3.7               1481780         400412.5
12:02:31.851 INFO  ProgressMeter -       chr2:121653001              3.9               1549830         400752.5
12:02:41.852 INFO  ProgressMeter -       chr2:142446001              4.0               1619140         401376.6
12:02:51.852 INFO  ProgressMeter -        chr20:7796701              4.2               1669250         397380.6
12:03:01.851 INFO  ProgressMeter -        chr23:2473201              4.4               1738850         398152.2
12:03:11.852 INFO  ProgressMeter -        chr26:3041701              4.5               1796340         396194.7
12:03:21.852 INFO  ProgressMeter -         chr3:1708501              4.7               1856080         394856.0
12:03:31.852 INFO  ProgressMeter -        chr3:21007501              4.9               1920410         394552.1
12:03:41.853 INFO  ProgressMeter -        chr3:40618501              5.0               1985780         394473.6
12:03:51.855 INFO  ProgressMeter -        chr3:59314501              5.2               2048100         393814.9
12:04:01.853 INFO  ProgressMeter -        chr3:79189501              5.4               2114350         393929.3
12:04:11.854 INFO  ProgressMeter -        chr3:99796501              5.5               2183040         394477.8
12:04:21.854 INFO  ProgressMeter -        chr31:3861301              5.7               2238780         392721.3
12:04:31.855 INFO  ProgressMeter -        chr4:10396201              5.9               2309730         393657.0
12:04:41.856 INFO  ProgressMeter -        chr4:31789201              6.0               2381040         394601.7
12:04:51.856 INFO  ProgressMeter -        chr4:52429201              6.2               2449840         395090.9
12:05:01.856 INFO  ProgressMeter -        chr4:73072201              6.4               2518650         395556.0
12:05:12.001 INFO  ProgressMeter -            chr5:2701              6.5               2579470         394627.6
12:05:22.002 INFO  ProgressMeter -        chr5:20168701              6.7               2646690         394843.7
12:05:32.006 INFO  ProgressMeter -        chr5:41033701              6.9               2716240         395383.7
12:05:42.584 INFO  ProgressMeter -            chr6:1501              7.0               2778830         394374.7
12:05:52.583 INFO  ProgressMeter -        chr6:21400501              7.2               2850160         395151.2
12:06:02.590 INFO  ProgressMeter -         chr7:4104601              7.4               2913940         394863.3
12:06:12.590 INFO  ProgressMeter -        chr7:24921601              7.5               2983330         395337.7
12:06:22.590 INFO  ProgressMeter -         chr8:7856101              7.7               3048920         395298.8
12:06:32.591 INFO  ProgressMeter -        chr8:28313101              7.9               3117110         395591.6
12:06:42.590 INFO  ProgressMeter -        chr9:18334501              8.0               3184580         395782.7
12:06:52.590 INFO  ProgressMeter - chrUn_NW_020110167v1:1444801              8.2               3249340         395636.2
12:07:02.591 INFO  ProgressMeter -        chrZ:12962401              8.4               3319510         396140.2
12:07:12.591 INFO  ProgressMeter -        chrZ:33227401              8.5               3387060         396318.9
12:07:22.591 INFO  ProgressMeter -        chrZ:53672401              8.7               3455210         396559.5
12:07:32.592 INFO  ProgressMeter -        chrZ:74144401              8.9               3523450         396800.5
12:07:37.915 INFO  HaplotypeCaller - 145850 read(s) filtered by: MappingQualityReadFilter 
0 read(s) filtered by: MappingQualityAvailableReadFilter 
0 read(s) filtered by: MappedReadFilter 
0 read(s) filtered by: NotSecondaryAlignmentReadFilter 
0 read(s) filtered by: NotDuplicateReadFilter 
0 read(s) filtered by: PassesVendorQualityCheckReadFilter 
0 read(s) filtered by: NonZeroReferenceLengthAlignmentReadFilter 
0 read(s) filtered by: GoodCigarReadFilter 
21331 read(s) filtered by: WellformedReadFilter 
167181 total reads filtered out of 167181 reads processed
12:07:37.915 INFO  ProgressMeter - chrZ_NW_020109829v1_random:14401              9.0               3551453         395997.7
12:07:37.915 INFO  ProgressMeter - Traversal complete. Processed 3551453 total regions in 9.0 minutes.
12:07:37.944 INFO  VectorLoglessPairHMM - Time spent in setup for JNI call : 0.0
12:07:37.944 INFO  PairHMM - Total compute time in PairHMM computeLogLikelihoods() : 0.0
12:07:37.944 INFO  SmithWatermanAligner - Total compute time in native Smith-Waterman : 0.00 sec
12:07:37.945 INFO  HaplotypeCaller - Shutting down engine
[September 17, 2025 at 12:07:37 PM EDT] org.broadinstitute.hellbender.tools.walkers.haplotypecaller.HaplotypeCaller done. Elapsed time: 8.98 minutes.
Runtime.totalMemory()=3120562176
