/usr/bin/which: no mamba in (/usr/bin:/usr/sbin:/usr/local/clusters/pioneer/bin:/usr/local/bin:/usr/local/sbin:/opt/dell/srvadmin/bin)
Error unknown MAMBA_EXE: "", filename must be mamba or micromamba
critical libmamba Cannot activate, prefix does not exist at: '/mnt/vstor/SOM_GENE_BEG33/mamba/miniforge3/envs/dyno_env'
[bwa_aln] 17bp reads: max_diff = 2
[bwa_aln] 22bp reads: max_diff = 3
[bwa_aln] 42bp reads: max_diff = 4
[bwa_aln] 64bp reads: max_diff = 5
[bwa_aln] 90bp reads: max_diff = 6
[bwa_aln] 117bp reads: max_diff = 7
[bwa_aln] 146bp reads: max_diff = 8
[bwa_aln] 176bp reads: max_diff = 9
[bwa_aln] 207bp reads: max_diff = 10
[bwa_aln] 239bp reads: max_diff = 11
[bwa_aln_core] calculate SA coordinate... 143.47 sec
[bwa_aln_core] write to the disk... 0.01 sec
[bwa_aln_core] 262144 sequences have been processed.
[bwa_aln_core] calculate SA coordinate... 129.55 sec
[bwa_aln_core] write to the disk... 0.01 sec
[bwa_aln_core] 524288 sequences have been processed.
[bwa_aln_core] calculate SA coordinate... 135.59 sec
[bwa_aln_core] write to the disk... 0.01 sec
[bwa_aln_core] 786432 sequences have been processed.
[bwa_aln_core] calculate SA coordinate... 140.03 sec
[bwa_aln_core] write to the disk... 0.01 sec
[bwa_aln_core] 1048576 sequences have been processed.
[bwa_aln_core] calculate SA coordinate... 133.01 sec
[bwa_aln_core] write to the disk... 0.01 sec
[bwa_aln_core] 1310720 sequences have been processed.
[bwa_aln_core] calculate SA coordinate... 134.47 sec
[bwa_aln_core] write to the disk... 0.01 sec
[bwa_aln_core] 1572864 sequences have been processed.
[bwa_aln_core] calculate SA coordinate... 130.04 sec
[bwa_aln_core] write to the disk... 0.01 sec
[bwa_aln_core] 1835008 sequences have been processed.
[bwa_aln_core] calculate SA coordinate... 127.69 sec
[bwa_aln_core] write to the disk... 0.01 sec
[bwa_aln_core] 2097152 sequences have been processed.
[bwa_aln_core] calculate SA coordinate... 133.08 sec
[bwa_aln_core] write to the disk... 0.01 sec
[bwa_aln_core] 2359296 sequences have been processed.
[bwa_aln_core] calculate SA coordinate... 126.23 sec
[bwa_aln_core] write to the disk... 0.01 sec
[bwa_aln_core] 2621440 sequences have been processed.
[bwa_aln_core] calculate SA coordinate... 122.74 sec
[bwa_aln_core] write to the disk... 0.01 sec
[bwa_aln_core] 2883584 sequences have been processed.
[bwa_aln_core] calculate SA coordinate... 130.77 sec
[bwa_aln_core] write to the disk... 0.01 sec
[bwa_aln_core] 3145728 sequences have been processed.
[bwa_aln_core] calculate SA coordinate... 125.92 sec
[bwa_aln_core] write to the disk... 0.01 sec
[bwa_aln_core] 3407872 sequences have been processed.
[bwa_aln_core] calculate SA coordinate... 121.61 sec
[bwa_aln_core] write to the disk... 0.01 sec
[bwa_aln_core] 3670016 sequences have been processed.
[bwa_aln_core] calculate SA coordinate... 124.73 sec
[bwa_aln_core] write to the disk... 0.01 sec
[bwa_aln_core] 3932160 sequences have been processed.
[bwa_aln_core] calculate SA coordinate... 119.27 sec
[bwa_aln_core] write to the disk... 0.01 sec
[bwa_aln_core] 4194304 sequences have been processed.
[bwa_aln_core] calculate SA coordinate... 118.67 sec
[bwa_aln_core] write to the disk... 0.01 sec
[bwa_aln_core] 4456448 sequences have been processed.
[bwa_aln_core] calculate SA coordinate... 113.40 sec
[bwa_aln_core] write to the disk... 0.01 sec
[bwa_aln_core] 4718592 sequences have been processed.
[bwa_aln_core] calculate SA coordinate... 109.25 sec
[bwa_aln_core] write to the disk... 0.01 sec
[bwa_aln_core] 4980736 sequences have been processed.
[bwa_aln_core] calculate SA coordinate... 