[bwa_index] Pack FASTA... 18.96 sec
[bwa_index] Construct BWT for the packed sequence...
[BWTIncCreate] textLength=2904037858, availableWord=216338648
[BWTIncConstructFromPacked] 10 iterations done. 99999986 characters processed.
[BWTIncConstructFromPacked] 20 iterations done. 199999986 characters processed.
[BWTIncConstructFromPacked] 30 iterations done. 299999986 characters processed.
[BWTIncConstructFromPacked] 40 iterations done. 399999986 characters processed.
[BWTIncConstructFromPacked] 50 iterations done. 499999986 characters processed.
[BWTIncConstructFromPacked] 60 iterations done. 599999986 characters processed.
[BWTIncConstructFromPacked] 70 iterations done. 699999986 characters processed.
[BWTIncConstructFromPacked] 80 iterations done. 799999986 characters processed.
[BWTIncConstructFromPacked] 90 iterations done. 899999986 characters processed.
[BWTIncConstructFromPacked] 100 iterations done. 999999986 characters processed.
[BWTIncConstructFromPacked] 110 iterations done. 1099999986 characters processed.
[BWTIncConstructFromPacked] 120 iterations done. 1199999986 characters processed.
[BWTIncConstructFromPacked] 130 iterations done. 1299999986 characters processed.
[BWTIncConstructFromPacked] 140 iterations done. 1399999986 characters processed.
[BWTIncConstructFromPacked] 150 iterations done. 1499999986 characters processed.
[BWTIncConstructFromPacked] 160 iterations done. 1599999986 characters processed.
[BWTIncConstructFromPacked] 170 iterations done. 1699999986 characters processed.
[BWTIncConstructFromPacked] 180 iterations done. 1799999986 characters processed.
[BWTIncConstructFromPacked] 190 iterations done. 1899999986 characters processed.
[BWTIncConstructFromPacked] 200 iterations done. 1999999986 characters processed.
[BWTIncConstructFromPacked] 210 iterations done. 2099999986 characters processed.
[BWTIncConstructFromPacked] 220 iterations done. 2199999986 characters processed.
[BWTIncConstructFromPacked] 230 iterations done. 2297005410 characters processed.
[BWTIncConstructFromPacked] 240 iterations done. 2383623266 characters processed.
[BWTIncConstructFromPacked] 250 iterations done. 2460605474 characters processed.
[BWTIncConstructFromPacked] 260 iterations done. 2529023458 characters processed.
[BWTIncConstructFromPacked] 270 iterations done. 2589829522 characters processed.
[BWTIncConstructFromPacked] 280 iterations done. 2643870098 characters processed.
[BWTIncConstructFromPacked] 290 iterations done. 2691897474 characters processed.
[BWTIncConstructFromPacked] 300 iterations done. 2734580274 characters processed.
[BWTIncConstructFromPacked] 310 iterations done. 2772512850 characters processed.
[BWTIncConstructFromPacked] 320 iterations done. 2806223378 characters processed.
[BWTIncConstructFromPacked] 330 iterations done. 2836181378 characters processed.
[BWTIncConstructFromPacked] 340 iterations done. 2862804082 characters processed.
[BWTIncConstructFromPacked] 350 iterations done. 2886462370 characters processed.
[bwt_gen] Finished constructing BWT in 359 iterations.
[bwa_index] 1247.22 seconds elapse.
[bwa_index] Update BWT... 8.55 sec
[bwa_index] Pack forward-only FASTA... 14.20 sec
[bwa_index] Construct SA from BWT and Occ... 380.64 sec
[main] Version: 0.7.19-r1273
[main] CMD: bwa index bigdata/genome/ostrich.fna.gz
[main] Real time: 1681.863 sec; CPU: 1669.561 sec
