[bwa_index] Pack FASTA... 6.05 sec
[bwa_index] Construct BWT for the packed sequence...
[BWTIncCreate] textLength=2130730850, availableWord=161926084
[BWTIncConstructFromPacked] 10 iterations done. 99999986 characters processed.
[BWTIncConstructFromPacked] 20 iterations done. 199999986 characters processed.
[BWTIncConstructFromPacked] 30 iterations done. 299999986 characters processed.
[BWTIncConstructFromPacked] 40 iterations done. 399999986 characters processed.
[BWTIncConstructFromPacked] 50 iterations done. 499999986 characters processed.
[BWTIncConstructFromPacked] 60 iterations done. 599999986 characters processed.
[BWTIncConstructFromPacked] 70 iterations done. 699999986 characters processed.
[BWTIncConstructFromPacked] 80 iterations done. 799999986 characters processed.
[BWTIncConstructFromPacked] 90 iterations done. 899999986 characters processed.
[BWTIncConstructFromPacked] 100 iterations done. 999999986 characters processed.
[BWTIncConstructFromPacked] 110 iterations done. 1099999986 characters processed.
[BWTIncConstructFromPacked] 120 iterations done. 1199999986 characters processed.
[BWTIncConstructFromPacked] 130 iterations done. 1299999986 characters processed.
[BWTIncConstructFromPacked] 140 iterations done. 1399999986 characters processed.
[BWTIncConstructFromPacked] 150 iterations done. 1498789282 characters processed.
[BWTIncConstructFromPacked] 160 iterations done. 1588147026 characters processed.
[BWTIncConstructFromPacked] 170 iterations done. 1667564466 characters processed.
[BWTIncConstructFromPacked] 180 iterations done. 1738146834 characters processed.
[BWTIncConstructFromPacked] 190 iterations done. 1800876610 characters processed.
[BWTIncConstructFromPacked] 200 iterations done. 1856627010 characters processed.
[BWTIncConstructFromPacked] 210 iterations done. 1906174050 characters processed.
[BWTIncConstructFromPacked] 220 iterations done. 1950207570 characters processed.
[BWTIncConstructFromPacked] 230 iterations done. 1989340658 characters processed.
[BWTIncConstructFromPacked] 240 iterations done. 2024118242 characters processed.
[BWTIncConstructFromPacked] 250 iterations done. 2055024594 characters processed.
[BWTIncConstructFromPacked] 260 iterations done. 2082490210 characters processed.
[BWTIncConstructFromPacked] 270 iterations done. 2106897698 characters processed.
[BWTIncConstructFromPacked] 280 iterations done. 2128587090 characters processed.
[bwt_gen] Finished constructing BWT in 282 iterations.
[bwa_index] 587.62 seconds elapse.
[bwa_index] Update BWT... 3.97 sec
[bwa_index] Pack forward-only FASTA... 3.86 sec
[bwa_index] Construct SA from BWT and Occ... 228.09 sec
[main] Version: 0.7.19-r1273
[main] CMD: bwa index bigdata/bwa/idx/galGal6.fa
[main] Real time: 843.227 sec; CPU: 829.601 sec
