/usr/bin/which: no mamba in (/usr/bin:/usr/sbin:/usr/local/clusters/pioneer/bin:/usr/local/bin:/usr/local/sbin:/opt/dell/srvadmin/bin)
Error unknown MAMBA_EXE: "", filename must be mamba or micromamba
critical libmamba Cannot activate, prefix does not exist at: '/mnt/vstor/SOM_GENE_BEG33/mamba/miniforge3/envs/dyno_env'
[bwa_aln] 17bp reads: max_diff = 2
[bwa_aln] 22bp reads: max_diff = 3
[bwa_aln] 42bp reads: max_diff = 4
[bwa_aln] 64bp reads: max_diff = 5
[bwa_aln] 90bp reads: max_diff = 6
[bwa_aln] 117bp reads: max_diff = 7
[bwa_aln] 146bp reads: max_diff = 8
[bwa_aln] 176bp reads: max_diff = 9
[bwa_aln] 207bp reads: max_diff = 10
[bwa_aln] 239bp reads: max_diff = 11
[bwa_aln_core] calculate SA coordinate... 210.70 sec
[bwa_aln_core] write to the disk... 0.01 sec
[bwa_aln_core] 262144 sequences have been processed.
[bwa_aln_core] calculate SA coordinate... 209.28 sec
[bwa_aln_core] write to the disk... 0.01 sec
[bwa_aln_core] 524288 sequences have been processed.
[bwa_aln_core] calculate SA coordinate... 221.49 sec
[bwa_aln_core] write to the disk... 0.02 sec
[bwa_aln_core] 786432 sequences have been processed.
[bwa_aln_core] calculate SA coordinate... 203.97 sec
[bwa_aln_core] write to the disk... 0.01 sec
[bwa_aln_core] 1048576 sequences have been processed.
[bwa_aln_core] calculate SA coordinate... 202.43 sec
[bwa_aln_core] write to the disk... 0.02 sec
[bwa_aln_core] 1310720 sequences have been processed.
[bwa_aln_core] calculate SA coordinate... 215.30 sec
[bwa_aln_core] write to the disk... 0.01 sec
[bwa_aln_core] 1572864 sequences have been processed.
[bwa_aln_core] calculate SA coordinate... 207.79 sec
[bwa_aln_core] write to the disk... 0.01 sec
[bwa_aln_core] 1835008 sequences have been processed.
[bwa_aln_core] calculate SA coordinate... 198.72 sec
[bwa_aln_core] write to the disk... 0.01 sec
[bwa_aln_core] 2097152 sequences have been processed.
[bwa_aln_core] calculate SA coordinate... 198.21 sec
[bwa_aln_core] write to the disk... 0.01 sec
[bwa_aln_core] 2359296 sequences have been processed.
[bwa_aln_core] calculate SA coordinate... 194.93 sec
[bwa_aln_core] write to the disk... 0.01 sec
[bwa_aln_core] 2621440 sequences have been processed.
[bwa_aln_core] calculate SA coordinate... 189.02 sec
[bwa_aln_core] write to the disk... 0.01 sec
[bwa_aln_core] 2883584 sequences have been processed.
[bwa_aln_core] calculate SA coordinate... 218.59 sec
[bwa_aln_core] write to the disk... 0.01 sec
[bwa_aln_core] 3145728 sequences have been processed.
[bwa_aln_core] calculate SA coordinate... 204.92 sec
[bwa_aln_core] write to the disk... 0.01 sec
[bwa_aln_core] 3407872 sequences have been processed.
[bwa_aln_core] calculate SA coordinate... 191.47 sec
[bwa_aln_core] write to the disk... 0.01 sec
[bwa_aln_core] 3670016 sequences have been processed.
[bwa_aln_core] calculate SA coordinate... 200.07 sec
[bwa_aln_core] write to the disk... 0.01 sec
[bwa_aln_core] 3932160 sequences have been processed.
[bwa_aln_core] calculate SA coordinate... 204.10 sec
[bwa_aln_core] write to the disk... 0.01 sec
[bwa_aln_core] 4194304 sequences have been processed.
[bwa_aln_core] calculate SA coordinate... 197.01 sec
[bwa_aln_core] write to the disk... 0.01 sec
[bwa_aln_core] 4456448 sequences have been processed.
[bwa_aln_core] calculate SA coordinate... 208.33 sec
[bwa_aln_core] write to the disk... 0.01 sec
[bwa_aln_core] 4718592 sequences have been processed.
[bwa_aln_core] calculate SA coordinate... 187.99 sec
[bwa_aln_core] write to the disk... 0.01 sec
[bwa_aln_core] 4980736 sequences have been processed.
[bwa_aln_core] calculate SA coordinate... 190.09 sec
[bwa_aln_core] write to the disk... 0.01 sec
[bwa_aln_core] 5242880 sequences have been processed.
[bwa_aln_core] calculate SA coordinate... 189.02 sec
[bwa_aln_core] write to the disk... 0.01 sec
[bwa_aln_core] 5505024 sequences have been processed.
[bwa_aln_core] calculate SA coordinate... 195.88 sec
[bwa_aln_core] write to the disk... 0.01 sec
[bwa_aln_core] 5767168 sequences have been processed.
[bwa_aln_core] calculate SA coordinate... 199.71 sec
[bwa_aln_core] write to the disk... 0.01 sec
[bwa_aln_core] 6029312 sequences have been processed.
[bwa_aln_core] calculate SA coordinate... 190.21 sec
[bwa_aln_core] write to the disk... 0.01 sec
[bwa_aln_core] 6291456 sequences have been processed.
[bwa_aln_core] calculate SA coordinate... 206.91 sec
[bwa_aln_core] write to the disk... 0.02 sec
[bwa_aln_core] 6553600 sequences have been processed.
[bwa_aln_core] calculate SA coordinate... 200.72 sec
[bwa_aln_core] write to the disk... 0.01 sec
[bwa_aln_core] 6815744 sequences have been processed.
[bwa_aln_core] calculate SA coordinate... 192.55 sec
[bwa_aln_core] write to the disk... 0.01 sec
[bwa_aln_core] 7077888 sequences have been processed.
[bwa_aln_core] calculate SA coordinate... 193.02 sec
[bwa_aln_core] write to the disk... 0.01 sec
[bwa_aln_core] 7340032 sequences have been processed.
[bwa_aln_core] calculate SA coordinate... 205.75 sec
[bwa_aln_core] write to the disk... 0.02 sec
[bwa_aln_core] 7602176 sequences have been processed.
[bwa_aln_core] calculate SA coordinate... 200.22 sec
[bwa_aln_core] write to the disk... 0.01 sec
[bwa_aln_core] 7864320 sequences have been processed.
[bwa_aln_core] calculate SA coordinate... 195.09 sec
[bwa_aln_core] write to the disk... 0.01 sec
[bwa_aln_core] 8126464 sequences have been processed.
[bwa_aln_core] calculate SA coordinate... 194.45 sec
[bwa_aln_core] write to the disk... 0.01 sec
[bwa_aln_core] 8388608 sequences have been processed.
[bwa_aln_core] calculate SA coordinate... 208.08 sec
[bwa_aln_core] write to the disk... 0.01 sec
[bwa_aln_core] 8650752 sequences have been processed.
[bwa_aln_core] calculate SA coordinate... 219.26 sec
[bwa_aln_core] write to the disk... 0.01 sec
[bwa_aln_core] 8912896 sequences have been processed.
[bwa_aln_core] calculate SA coordinate... 194.24 sec
[bwa_aln_core] write to the disk... 0.01 sec
[bwa_aln_core] 9175040 sequences have been processed.
[bwa_aln_core] calculate SA coordinate... 191.53 sec
[bwa_aln_core] write to the disk... 0.01 sec
[bwa_aln_core] 9437184 sequences have been processed.
[bwa_aln_core] calculate SA coordinate... 201.47 sec
[bwa_aln_core] write to the disk... 0.01 sec
[bwa_aln_core] 9699328 sequences have been processed.
[bwa_aln_core] calculate SA coordinate... 200.88 sec
[bwa_aln_core] write to the disk... 0.01 sec
[bwa_aln_core] 9961472 sequences have been processed.
[bwa_aln_core] calculate SA coordinate... 192.50 sec
[bwa_aln_core] write to the disk... 0.01 sec
[bwa_aln_core] 10223616 sequences have been processed.
[bwa_aln_core] calculate SA coordinate... 187.87 sec
[bwa_aln_core] write to the disk... 0.01 sec
[bwa_aln_core] 10485760 sequences have been processed.
[bwa_aln_core] calculate SA coordinate... 194.21 sec
[bwa_aln_core] write to the disk... 0.01 sec
[bwa_aln_core] 10747904 sequences have been processed.
[bwa_aln_core] calculate SA coordinate... 191.41 sec
[bwa_aln_core] write to the disk... 0.01 sec
[bwa_aln_core] 11010048 sequences have been processed.
[bwa_aln_core] calculate SA coordinate... 188.65 sec
[bwa_aln_core] write to the disk... 0.01 sec
[bwa_aln_core] 11272192 sequences have been processed.
[bwa_aln_core] calculate SA coordinate... 214.42 sec
[bwa_aln_core] write to the disk... 0.02 sec
[bwa_aln_core] 11534336 sequences have been processed.
[bwa_aln_core] calculate SA coordinate... 213.52 sec
[bwa_aln_core] write to the disk... 0.01 sec
[bwa_aln_core] 11796480 sequences have been processed.
[bwa_aln_core] calculate SA coordinate... 217.24 sec
[bwa_aln_core] write to the disk... 0.01 sec
[bwa_aln_core] 12058624 sequences have been processed.
[bwa_aln_core] calculate SA coordinate... 211.29 sec
[bwa_aln_core] write to the disk... 0.01 sec
[bwa_aln_core] 12320768 sequences have been processed.
[bwa_aln_core] calculate SA coordinate... 218.76 sec
[bwa_aln_core] write to the disk... 0.02 sec
[bwa_aln_core] 12582912 sequences have been processed.
[bwa_aln_core] calculate SA coordinate... 203.96 sec
[bwa_aln_core] write to the disk... 0.01 sec
[bwa_aln_core] 12845056 sequences have been processed.
[bwa_aln_core] calculate SA coordinate... 199.50 sec
[bwa_aln_core] write to the disk... 0.02 sec
[bwa_aln_core] 13107200 sequences have been processed.
[bwa_aln_core] calculate SA coordinate... 211.29 sec
[bwa_aln_core] write to the disk... 0.01 sec
[bwa_aln_core] 13369344 sequences have been processed.
[bwa_aln_core] calculate SA coordinate... 207.86 sec
[bwa_aln_core] write to the disk... 0.01 sec
[bwa_aln_core] 13631488 sequences have been processed.
[bwa_aln_core] calculate SA coordinate... 199.44 sec
[bwa_aln_core] write to the disk... 0.02 sec
[bwa_aln_core] 13893632 sequences have been processed.
[bwa_aln_core] calculate SA coordinate... 193.03 sec
[bwa_aln_core] write to the disk... 0.01 sec
[bwa_aln_core] 14155776 sequences have been processed.
[bwa_aln_core] calculate SA coordinate... 195.29 sec
[bwa_aln_core] write to the disk... 0.01 sec
[bwa_aln_core] 14417920 sequences have been processed.
[bwa_aln_core] calculate SA coordinate... 210.68 sec
[bwa_aln_core] write to the disk... 0.02 sec
[bwa_aln_core] 14680064 sequences have been processed.
[bwa_aln_core] calculate SA coordinate... 194.52 sec
[bwa_aln_core] write to the disk... 0.01 sec
[bwa_aln_core] 14942208 sequences have been processed.
[bwa_aln_core] calculate SA coordinate... 198.85 sec
[bwa_aln_core] write to the disk... 0.01 sec
[bwa_aln_core] 15204352 sequences have been processed.
[bwa_aln_core] calculate SA coordinate... 196.75 sec
[bwa_aln_core] write to the disk... 0.01 sec
[bwa_aln_core] 15466496 sequences have been processed.
[bwa_aln_core] calculate SA coordinate... 204.57 sec
[bwa_aln_core] write to the disk... 0.01 sec
[bwa_aln_core] 15728640 sequences have been processed.
[bwa_aln_core] calculate SA coordinate... 182.57 sec
[bwa_aln_core] write to the disk... 0.01 sec
[bwa_aln_core] 15990784 sequences have been processed.
[bwa_aln_core] calculate SA coordinate... 195.45 sec
[bwa_aln_core] write to the disk... 0.01 sec
[bwa_aln_core] 16252928 sequences have been processed.
[bwa_aln_core] calculate SA coordinate... 179.12 sec
[bwa_aln_core] write to the disk... 0.01 sec
[bwa_aln_core] 16515072 sequences have been processed.
[bwa_aln_core] calculate SA coordinate... 179.82 sec
[bwa_aln_core] write to the disk... 0.01 sec
[bwa_aln_core] 16777216 sequences have been processed.
[bwa_aln_core] calculate SA coordinate... 190.35 sec
[bwa_aln_core] write to the disk... 0.01 sec
[bwa_aln_core] 17039360 sequences have been processed.
[bwa_aln_core] calculate SA coordinate... 189.32 sec
[bwa_aln_core] write to the disk... 0.01 sec
[bwa_aln_core] 17301504 sequences have been processed.
[bwa_aln_core] calculate SA coordinate... 219.38 sec
[bwa_aln_core] write to the disk... 0.01 sec
[bwa_aln_core] 17563648 sequences have been processed.
[bwa_aln_core] calculate SA coordinate... 194.69 sec
[bwa_aln_core] write to the disk... 0.01 sec
[bwa_aln_core] 17825792 sequences have been processed.
[bwa_aln_core] calculate SA coordinate... 201.46 sec
[bwa_aln_core] write to the disk... 0.01 sec
[bwa_aln_core] 18087936 sequences have been processed.
[bwa_aln_core] calculate SA coordinate... 202.69 sec
[bwa_aln_core] write to the disk... 0.01 sec
[bwa_aln_core] 18350080 sequences have been processed.
[bwa_aln_core] calculate SA coordinate... 201.87 sec
[bwa_aln_core] write to the disk... 0.01 sec
[bwa_aln_core] 18612224 sequences have been processed.
[bwa_aln_core] calculate SA coordinate... 190.78 sec
[bwa_aln_core] write to the disk... 0.01 sec
[bwa_aln_core] 18874368 sequences have been processed.
[bwa_aln_core] calculate SA coordinate... 205.51 sec
[bwa_aln_core] write to the disk... 0.02 sec
[bwa_aln_core] 19136512 sequences have been processed.
[bwa_aln_core] calculate SA coordinate... 192.85 sec
[bwa_aln_core] write to the disk... 0.01 sec
[bwa_aln_core] 19398656 sequences have been processed.
[bwa_aln_core] calculate SA coordinate... 193.66 sec
[bwa_aln_core] write to the disk... 0.02 sec
[bwa_aln_core] 19660800 sequences have been processed.
[bwa_aln_core] calculate SA coordinate... 195.89 sec
[bwa_aln_core] write to the disk... 0.01 sec
[bwa_aln_core] 19922944 sequences have been processed.
[bwa_aln_core] calculate SA coordinate... 195.70 sec
[bwa_aln_core] write to the disk... 0.01 sec
[bwa_aln_core] 20185088 sequences have been processed.
[bwa_aln_core] calculate SA coordinate... 217.84 sec
[bwa_aln_core] write to the disk... 0.01 sec
[bwa_aln_core] 20447232 sequences have been processed.
[bwa_aln_core] calculate SA coordinate... 190.09 sec
[bwa_aln_core] write to the disk... 0.01 sec
[bwa_aln_core] 20709376 sequences have been processed.
[bwa_aln_core] calculate SA coordinate... 195.34 sec
[bwa_aln_core] write to the disk... 0.01 sec
[bwa_aln_core] 20971520 sequences have been processed.
[bwa_aln_core] calculate SA coordinate... 199.06 sec
[bwa_aln_core] write to the disk... 0.01 sec
[bwa_aln_core] 21233664 sequences have been processed.
[bwa_aln_core] calculate SA coordinate... 170.99 sec
[bwa_aln_core] write to the disk... 0.01 sec
[bwa_aln_core] 21495808 sequences have been processed.
[bwa_aln_core] calculate SA coordinate... 187.77 sec
[bwa_aln_core] write to the disk... 0.01 sec
[bwa_aln_core] 21757952 sequences have been processed.
[bwa_aln_core] calculate SA coordinate... 179.97 sec
[bwa_aln_core] write to the disk... 0.02 sec
[bwa_aln_core] 22020096 sequences have been processed.
[bwa_aln_core] calculate SA coordinate... 181.52 sec
[bwa_aln_core] write to the disk... 0.01 sec
[bwa_aln_core] 22282240 sequences have been processed.
[bwa_aln_core] calculate SA coordinate... 180.18 sec
[bwa_aln_core] write to the disk... 0.02 sec
[bwa_aln_core] 22544384 sequences have been processed.
[bwa_aln_core] calculate SA coordinate... 174.80 sec
[bwa_aln_core] write to the disk... 0.01 sec
[bwa_aln_core] 22806528 sequences have been processed.
[bwa_aln_core] calculate SA coordinate... 191.15 sec
[bwa_aln_core] write to the disk... 0.01 sec
[bwa_aln_core] 23068672 sequences have been processed.
[bwa_aln_core] calculate SA coordinate... 184.41 sec
[bwa_aln_core] write to the disk... 0.01 sec
[bwa_aln_core] 23330816 sequences have been processed.
[bwa_aln_core] calculate SA coordinate... 191.10 sec
[bwa_aln_core] write to the disk... 0.01 sec
[bwa_aln_core] 23592960 sequences have been processed.
[bwa_aln_core] calculate SA coordinate... 188.51 sec
[bwa_aln_core] write to the disk... 0.01 sec
[bwa_aln_core] 23855104 sequences have been processed.
[bwa_aln_core] calculate SA coordinate... 185.40 sec
[bwa_aln_core] write to the disk... 0.01 sec
[bwa_aln_core] 24117248 sequences have been processed.
[bwa_aln_core] calculate SA coordinate... 171.97 sec
[bwa_aln_core] write to the disk... 0.01 sec
[bwa_aln_core] 24379392 sequences have been processed.
[bwa_aln_core] calculate SA coordinate... 182.67 sec
[bwa_aln_core] write to the disk... 0.01 sec
[bwa_aln_core] 24641536 sequences have been processed.
[bwa_aln_core] calculate SA coordinate... 178.77 sec
[bwa_aln_core] write to the disk... 0.01 sec
[bwa_aln_core] 24903680 sequences have been processed.
[bwa_aln_core] calculate SA coordinate... 193.14 sec
[bwa_aln_core] write to the disk... 0.01 sec
[bwa_aln_core] 25165824 sequences have been processed.
[bwa_aln_core] calculate SA coordinate... 185.44 sec
[bwa_aln_core] write to the disk... 0.01 sec
[bwa_aln_core] 25427968 sequences have been processed.
[bwa_aln_core] calculate SA coordinate... 186.99 sec
[bwa_aln_core] write to the disk... 0.01 sec
[bwa_aln_core] 25690112 sequences have been processed.
[bwa_aln_core] calculate SA coordinate... 180.80 sec
[bwa_aln_core] write to the disk... 0.01 sec
[bwa_aln_core] 25952256 sequences have been processed.
[bwa_aln_core] calculate SA coordinate... 184.19 sec
[bwa_aln_core] write to the disk... 0.01 sec
[bwa_aln_core] 26214400 sequences have been processed.
[bwa_aln_core] calculate SA coordinate... 171.16 sec
[bwa_aln_core] write to the disk... 0.01 sec
[bwa_aln_core] 26476544 sequences have been processed.
[bwa_aln_core] calculate SA coordinate... 183.80 sec
[bwa_aln_core] write to the disk... 0.01 sec
[bwa_aln_core] 26738688 sequences have been processed.
[bwa_aln_core] calculate SA coordinate... 177.22 sec
[bwa_aln_core] write to the disk... 0.01 sec
[bwa_aln_core] 27000832 sequences have been processed.
[bwa_aln_core] calculate SA coordinate... 169.78 sec
[bwa_aln_core] write to the disk... 0.01 sec
[bwa_aln_core] 27262976 sequences have been processed.
[bwa_aln_core] calculate SA coordinate... 191.28 sec
[bwa_aln_core] write to the disk... 0.01 sec
[bwa_aln_core] 27525120 sequences have been processed.
[bwa_aln_core] calculate SA coordinate... 191.69 sec
[bwa_aln_core] write to the disk... 0.01 sec
[bwa_aln_core] 27787264 sequences have been processed.
[bwa_aln_core] calculate SA coordinate... 176.28 sec
[bwa_aln_core] write to the disk... 0.01 sec
[bwa_aln_core] 28049408 sequences have been processed.
[bwa_aln_core] calculate SA coordinate... 164.76 sec
[bwa_aln_core] write to the disk... 0.01 sec
[bwa_aln_core] 28311552 sequences have been processed.
[bwa_aln_core] calculate SA coordinate... 182.22 sec
[bwa_aln_core] write to the disk... 0.01 sec
[bwa_aln_core] 28573696 sequences have been processed.
[bwa_aln_core] calculate SA coordinate... 189.50 sec
[bwa_aln_core] write to the disk... 0.01 sec
[bwa_aln_core] 28835840 sequences have been processed.
[bwa_aln_core] calculate SA coordinate... 175.71 sec
[bwa_aln_core] write to the disk... 0.01 sec
[bwa_aln_core] 29097984 sequences have been processed.
[bwa_aln_core] calculate SA coordinate... 187.96 sec
[bwa_aln_core] write to the disk... 0.01 sec
[bwa_aln_core] 29360128 sequences have been processed.
[bwa_aln_core] calculate SA coordinate... 187.82 sec
[bwa_aln_core] write to the disk... 0.01 sec
[bwa_aln_core] 29622272 sequences have been processed.
[bwa_aln_core] calculate SA coordinate... 195.59 sec
[bwa_aln_core] write to the disk... 0.01 sec
[bwa_aln_core] 29884416 sequences have been processed.
[bwa_aln_core] calculate SA coordinate... 174.35 sec
[bwa_aln_core] write to the disk... 0.01 sec
[bwa_aln_core] 30146560 sequences have been processed.
[bwa_aln_core] calculate SA coordinate... 185.90 sec
[bwa_aln_core] write to the disk... 0.01 sec
[bwa_aln_core] 30408704 sequences have been processed.
[bwa_aln_core] calculate SA coordinate... 185.16 sec
[bwa_aln_core] write to the disk... 0.01 sec
[bwa_aln_core] 30670848 sequences have been processed.
[bwa_aln_core] calculate SA coordinate... 166.46 sec
[bwa_aln_core] write to the disk... 0.01 sec
[bwa_aln_core] 30932992 sequences have been processed.
[bwa_aln_core] calculate SA coordinate... 173.73 sec
[bwa_aln_core] write to the disk... 0.01 sec
[bwa_aln_core] 31195136 sequences have been processed.
[bwa_aln_core] calculate SA coordinate... 176.26 sec
[bwa_aln_core] write to the disk... 0.01 sec
[bwa_aln_core] 31457280 sequences have been processed.
[bwa_aln_core] calculate SA coordinate... 174.85 sec
[bwa_aln_core] write to the disk... 0.01 sec
[bwa_aln_core] 31719424 sequences have been processed.
[bwa_aln_core] calculate SA coordinate... 147.37 sec
[bwa_aln_core] write to the disk... 0.01 sec
[bwa_aln_core] 31981568 sequences have been processed.
[bwa_aln_core] calculate SA coordinate... 172.43 sec
[bwa_aln_core] write to the disk... 0.01 sec
[bwa_aln_core] 32243712 sequences have been processed.
[bwa_aln_core] calculate SA coordinate... 161.60 sec
[bwa_aln_core] write to the disk... 0.01 sec
[bwa_aln_core] 32505856 sequences have been processed.
[bwa_aln_core] calculate SA coordinate... 199.34 sec
[bwa_aln_core] write to the disk... 0.01 sec
[bwa_aln_core] 32768000 sequences have been processed.
[bwa_aln_core] calculate SA coordinate... 190.86 sec
[bwa_aln_core] write to the disk... 0.01 sec
[bwa_aln_core] 33030144 sequences have been processed.
[bwa_aln_core] calculate SA coordinate... 190.61 sec
[bwa_aln_core] write to the disk... 0.01 sec
[bwa_aln_core] 33292288 sequences have been processed.
[bwa_aln_core] calculate SA coordinate... 200.04 sec
[bwa_aln_core] write to the disk... 0.01 sec
[bwa_aln_core] 33554432 sequences have been processed.
[bwa_aln_core] calculate SA coordinate... 179.70 sec
[bwa_aln_core] write to the disk... 0.01 sec
[bwa_aln_core] 33816576 sequences have been processed.
[bwa_aln_core] calculate SA coordinate... 188.58 sec
[bwa_aln_core] write to the disk... 0.01 sec
[bwa_aln_core] 34078720 sequences have been processed.
[bwa_aln_core] calculate SA coordinate... 186.72 sec
[bwa_aln_core] write to the disk... 0.01 sec
[bwa_aln_core] 34340864 sequences have been processed.
[bwa_aln_core] calculate SA coordinate... 183.77 sec
[bwa_aln_core] write to the disk... 0.01 sec
[bwa_aln_core] 34603008 sequences have been processed.
[bwa_aln_core] calculate SA coordinate... 185.71 sec
[bwa_aln_core] write to the disk... 0.01 sec
[bwa_aln_core] 34865152 sequences have been processed.
[bwa_aln_core] calculate SA coordinate... 184.29 sec
[bwa_aln_core] write to the disk... 0.01 sec
[bwa_aln_core] 35127296 sequences have been processed.
[bwa_aln_core] calculate SA coordinate... 175.74 sec
[bwa_aln_core] write to the disk... 0.01 sec
[bwa_aln_core] 35389440 sequences have been processed.
[bwa_aln_core] calculate SA coordinate... 177.19 sec
[bwa_aln_core] write to the disk... 0.01 sec
[bwa_aln_core] 35651584 sequences have been processed.
[bwa_aln_core] calculate SA coordinate... 188.56 sec
[bwa_aln_core] write to the disk... 0.01 sec
[bwa_aln_core] 35913728 sequences have been processed.
[bwa_aln_core] calculate SA coordinate... 198.19 sec
[bwa_aln_core] write to the disk... 0.01 sec
[bwa_aln_core] 36175872 sequences have been processed.
[bwa_aln_core] calculate SA coordinate... 198.07 sec
[bwa_aln_core] write to the disk... 0.01 sec
[bwa_aln_core] 36438016 sequences have been processed.
[bwa_aln_core] calculate SA coordinate... 170.27 sec
[bwa_aln_core] write to the disk... 0.01 sec
[bwa_aln_core] 36700160 sequences have been processed.
[bwa_aln_core] calculate SA coordinate... 182.97 sec
[bwa_aln_core] write to the disk... 0.01 sec
[bwa_aln_core] 36962304 sequences have been processed.
[bwa_aln_core] calculate SA coordinate... 173.71 sec
[bwa_aln_core] write to the disk... 0.01 sec
[bwa_aln_core] 37224448 sequences have been processed.
[bwa_aln_core] calculate SA coordinate... 162.65 sec
[bwa_aln_core] write to the disk... 0.01 sec
[bwa_aln_core] 37486592 sequences have been processed.
[bwa_aln_core] calculate SA coordinate... 180.43 sec
[bwa_aln_core] write to the disk... 0.01 sec
[bwa_aln_core] 37748736 sequences have been processed.
[bwa_aln_core] calculate SA coordinate... 184.36 sec
[bwa_aln_core] write to the disk... 0.01 sec
[bwa_aln_core] 38010880 sequences have been processed.
[bwa_aln_core] calculate SA coordinate... 195.95 sec
[bwa_aln_core] write to the disk... 0.01 sec
[bwa_aln_core] 38273024 sequences have been processed.
[bwa_aln_core] calculate SA coordinate... 183.87 sec
[bwa_aln_core] write to the disk... 0.01 sec
[bwa_aln_core] 38535168 sequences have been processed.
[bwa_aln_core] calculate SA coordinate... 188.49 sec
[bwa_aln_core] write to the disk... 0.01 sec
[bwa_aln_core] 38797312 sequences have been processed.
[bwa_aln_core] calculate SA coordinate... 196.54 sec
[bwa_aln_core] write to the disk... 0.01 sec
[bwa_aln_core] 39059456 sequences have been processed.
[bwa_aln_core] calculate SA coordinate... 181.86 sec
[bwa_aln_core] write to the disk... 0.01 sec
[bwa_aln_core] 39321600 sequences have been processed.
[bwa_aln_core] calculate SA coordinate... 173.93 sec
[bwa_aln_core] write to the disk... 0.01 sec
[bwa_aln_core] 39583744 sequences have been processed.
[bwa_aln_core] calculate SA coordinate... 195.45 sec
[bwa_aln_core] write to the disk... 0.01 sec
[bwa_aln_core] 39845888 sequences have been processed.
[bwa_aln_core] calculate SA coordinate... 165.34 sec
[bwa_aln_core] write to the disk... 0.01 sec
[bwa_aln_core] 40108032 sequences have been processed.
[bwa_aln_core] calculate SA coordinate... 185.35 sec
[bwa_aln_core] write to the disk... 0.01 sec
[bwa_aln_core] 40370176 sequences have been processed.
[bwa_aln_core] calculate SA coordinate... 168.83 sec
[bwa_aln_core] write to the disk... 0.01 sec
[bwa_aln_core] 40632320 sequences have been processed.
[bwa_aln_core] calculate SA coordinate... 184.54 sec
[bwa_aln_core] write to the disk... 0.02 sec
[bwa_aln_core] 40894464 sequences have been processed.
[bwa_aln_core] calculate SA coordinate... 185.42 sec
[bwa_aln_core] write to the disk... 0.02 sec
[bwa_aln_core] 41156608 sequences have been processed.
[bwa_aln_core] calculate SA coordinate... 171.96 sec
[bwa_aln_core] write to the disk... 0.01 sec
[bwa_aln_core] 41418752 sequences have been processed.
[bwa_aln_core] calculate SA coordinate... 180.04 sec
[bwa_aln_core] write to the disk... 0.01 sec
[bwa_aln_core] 41680896 sequences have been processed.
[bwa_aln_core] calculate SA coordinate... 171.81 sec
[bwa_aln_core] write to the disk... 0.01 sec
[bwa_aln_core] 41943040 sequences have been processed.
[bwa_aln_core] calculate SA coordinate... 162.54 sec
[bwa_aln_core] write to the disk... 0.02 sec
[bwa_aln_core] 42205184 sequences have been processed.
[bwa_aln_core] calculate SA coordinate... 118.57 sec
[bwa_aln_core] write to the disk... 0.01 sec
[bwa_aln_core] 42396063 sequences have been processed.
[main] Version: 0.7.18-r1243-dirty
[main] CMD: bwa aln -n 0.01 -l 1000 -o 2 bigdata/bwa/idx/allMis1.fa bigdata/leehom/Brachy_c_sedi.fq.gz
[main] Real time: 30987.999 sec; CPU: 30904.359 sec
[bwa_aln_core] convert to sequence coordinate... 2.13 sec
[bwa_aln_core] refine gapped alignments... 0.50 sec
[bwa_aln_core] print alignments... 0.11 sec
[bwa_aln_core] 262144 sequences have been processed.
[bwa_aln_core] convert to sequence coordinate... 1.24 sec
[bwa_aln_core] refine gapped alignments... 0.24 sec
[bwa_aln_core] print alignments... 0.11 sec
[bwa_aln_core] 524288 sequences have been processed.
[bwa_aln_core] convert to sequence coordinate... 1.16 sec
[bwa_aln_core] refine gapped alignments... 0.20 sec
[bwa_aln_core] print alignments... 0.11 sec
[bwa_aln_core] 786432 sequences have been processed.
[bwa_aln_core] convert to sequence coordinate... 1.16 sec
[bwa_aln_core] refine gapped alignments... 0.20 sec
[bwa_aln_core] print alignments... 0.11 sec
[bwa_aln_core] 1048576 sequences have been processed.
[bwa_aln_core] convert to sequence coordinate... 1.16 sec
[bwa_aln_core] refine gapped alignments... 0.20 sec
[bwa_aln_core] print alignments... 0.11 sec
[bwa_aln_core] 1310720 sequences have been processed.
[bwa_aln_core] convert to sequence coordinate... 1.15 sec
[bwa_aln_core] refine gapped alignments... 0.20 sec
[bwa_aln_core] print alignments... 0.11 sec
[bwa_aln_core] 1572864 sequences have been processed.
[bwa_aln_core] convert to sequence coordinate... 1.15 sec
[bwa_aln_core] refine gapped alignments... 0.20 sec
[bwa_aln_core] print alignments... 0.11 sec
[bwa_aln_core] 1835008 sequences have been processed.
[bwa_aln_core] convert to sequence coordinate... 1.16 sec
[bwa_aln_core] refine gapped alignments... 0.20 sec
[bwa_aln_core] print alignments... 0.11 sec
[bwa_aln_core] 2097152 sequences have been processed.
[bwa_aln_core] convert to sequence coordinate... 1.15 sec
[bwa_aln_core] refine gapped alignments... 0.20 sec
[bwa_aln_core] print alignments... 0.11 sec
[bwa_aln_core] 2359296 sequences have been processed.
[bwa_aln_core] convert to sequence coordinate... 1.16 sec
[bwa_aln_core] refine gapped alignments... 0.20 sec
[bwa_aln_core] print alignments... 0.11 sec
[bwa_aln_core] 2621440 sequences have been processed.
[bwa_aln_core] convert to sequence coordinate... 1.15 sec
[bwa_aln_core] refine gapped alignments... 0.20 sec
[bwa_aln_core] print alignments... 0.11 sec
[bwa_aln_core] 2883584 sequences have been processed.
[bwa_aln_core] convert to sequence coordinate... 1.15 sec
[bwa_aln_core] refine gapped alignments... 0.20 sec
[bwa_aln_core] print alignments... 0.11 sec
[bwa_aln_core] 3145728 sequences have been processed.
[bwa_aln_core] convert to sequence coordinate... 1.15 sec
[bwa_aln_core] refine gapped alignments... 0.20 sec
[bwa_aln_core] print alignments... 0.11 sec
[bwa_aln_core] 3407872 sequences have been processed.
[bwa_aln_core] convert to sequence coordinate... 1.15 sec
[bwa_aln_core] refine gapped alignments... 0.20 sec
[bwa_aln_core] print alignments... 0.11 sec
[bwa_aln_core] 3670016 sequences have been processed.
[bwa_aln_core] convert to sequence coordinate... 1.15 sec
[bwa_aln_core] refine gapped alignments... 0.20 sec
[bwa_aln_core] print alignments... 0.11 sec
[bwa_aln_core] 3932160 sequences have been processed.
[bwa_aln_core] convert to sequence coordinate... 1.15 sec
[bwa_aln_core] refine gapped alignments... 0.20 sec
[bwa_aln_core] print alignments... 0.11 sec
[bwa_aln_core] 4194304 sequences have been processed.
[bwa_aln_core] convert to sequence coordinate... 1.15 sec
[bwa_aln_core] refine gapped alignments... 0.20 sec
[bwa_aln_core] print alignments... 0.11 sec
[bwa_aln_core] 4456448 sequences have been processed.
[bwa_aln_core] convert to sequence coordinate... 1.15 sec
[bwa_aln_core] refine gapped alignments... 0.20 sec
[bwa_aln_core] print alignments... 0.11 sec
[bwa_aln_core] 4718592 sequences have been processed.
[bwa_aln_core] convert to sequence coordinate... 1.15 sec
[bwa_aln_core] refine gapped alignments... 0.20 sec
[bwa_aln_core] print alignments... 0.11 sec
[bwa_aln_core] 4980736 sequences have been processed.
[bwa_aln_core] convert to sequence coordinate... 1.16 sec
[bwa_aln_core] refine gapped alignments... 0.20 sec
[bwa_aln_core] print alignments... 0.11 sec
[bwa_aln_core] 5242880 sequences have been processed.
[bwa_aln_core] convert to sequence coordinate... 1.16 sec
[bwa_aln_core] refine gapped alignments... 0.21 sec
[bwa_aln_core] print alignments... 0.11 sec
[bwa_aln_core] 5505024 sequences have been processed.
[bwa_aln_core] convert to sequence coordinate... 1.16 sec
[bwa_aln_core] refine gapped alignments... 0.20 sec
[bwa_aln_core] print alignments... 0.11 sec
[bwa_aln_core] 5767168 sequences have been processed.
[bwa_aln_core] convert to sequence coordinate... 1.16 sec
[bwa_aln_core] refine gapped alignments... 0.20 sec
[bwa_aln_core] print alignments... 0.11 sec
[bwa_aln_core] 6029312 sequences have been processed.
[bwa_aln_core] convert to sequence coordinate... 1.15 sec
[bwa_aln_core] refine gapped alignments... 0.20 sec
[bwa_aln_core] print alignments... 0.11 sec
[bwa_aln_core] 6291456 sequences have been processed.
[bwa_aln_core] convert to sequence coordinate... 1.16 sec
[bwa_aln_core] refine gapped alignments... 0.21 sec
[bwa_aln_core] print alignments... 0.14 sec
[bwa_aln_core] 6553600 sequences have been processed.
[bwa_aln_core] convert to sequence coordinate... 1.17 sec
[bwa_aln_core] refine gapped alignments... 0.20 sec
[bwa_aln_core] print alignments... 0.11 sec
[bwa_aln_core] 6815744 sequences have been processed.
[bwa_aln_core] convert to sequence coordinate... 1.15 sec
[bwa_aln_core] refine gapped alignments... 0.20 sec
[bwa_aln_core] print alignments... 0.11 sec
[bwa_aln_core] 7077888 sequences have been processed.
[bwa_aln_core] convert to sequence coordinate... 1.16 sec
[bwa_aln_core] refine gapped alignments... 0.21 sec
[bwa_aln_core] print alignments... 0.11 sec
[bwa_aln_core] 7340032 sequences have been processed.
[bwa_aln_core] convert to sequence coordinate... 1.15 sec
[bwa_aln_core] refine gapped alignments... 0.20 sec
[bwa_aln_core] print alignments... 0.11 sec
[bwa_aln_core] 7602176 sequences have been processed.
[bwa_aln_core] convert to sequence coordinate... 1.16 sec
[bwa_aln_core] refine gapped alignments... 0.20 sec
[bwa_aln_core] print alignments... 0.11 sec
[bwa_aln_core] 7864320 sequences have been processed.
[bwa_aln_core] convert to sequence coordinate... 1.15 sec
[bwa_aln_core] refine gapped alignments... 0.20 sec
[bwa_aln_core] print alignments... 0.11 sec
[bwa_aln_core] 8126464 sequences have been processed.
[bwa_aln_core] convert to sequence coordinate... 1.15 sec
[bwa_aln_core] refine gapped alignments... 0.20 sec
[bwa_aln_core] print alignments... 0.11 sec
[bwa_aln_core] 8388608 sequences have been processed.
[bwa_aln_core] convert to sequence coordinate... 1.16 sec
[bwa_aln_core] refine gapped alignments... 0.20 sec
[bwa_aln_core] print alignments... 0.11 sec
[bwa_aln_core] 8650752 sequences have been processed.
[bwa_aln_core] convert to sequence coordinate... 1.15 sec
[bwa_aln_core] refine gapped alignments... 0.21 sec
[bwa_aln_core] print alignments... 0.11 sec
[bwa_aln_core] 8912896 sequences have been processed.
[bwa_aln_core] convert to sequence coordinate... 1.15 sec
[bwa_aln_core] refine gapped alignments... 0.21 sec
[bwa_aln_core] print alignments... 0.11 sec
[bwa_aln_core] 9175040 sequences have been processed.
[bwa_aln_core] convert to sequence coordinate... 1.15 sec
[bwa_aln_core] refine gapped alignments... 0.20 sec
[bwa_aln_core] print alignments... 0.11 sec
[bwa_aln_core] 9437184 sequences have been processed.
[bwa_aln_core] convert to sequence coordinate... 1.15 sec
[bwa_aln_core] refine gapped alignments... 0.20 sec
[bwa_aln_core] print alignments... 0.11 sec
[bwa_aln_core] 9699328 sequences have been processed.
[bwa_aln_core] convert to sequence coordinate... 1.15 sec
[bwa_aln_core] refine gapped alignments... 0.20 sec
[bwa_aln_core] print alignments... 0.11 sec
[bwa_aln_core] 9961472 sequences have been processed.
[bwa_aln_core] convert to sequence coordinate... 1.15 sec
[bwa_aln_core] refine gapped alignments... 0.20 sec
[bwa_aln_core] print alignments... 0.11 sec
[bwa_aln_core] 10223616 sequences have been processed.
[bwa_aln_core] convert to sequence coordinate... 1.15 sec
[bwa_aln_core] refine gapped alignments... 0.20 sec
[bwa_aln_core] print alignments... 0.11 sec
[bwa_aln_core] 10485760 sequences have been processed.
[bwa_aln_core] convert to sequence coordinate... 1.16 sec
[bwa_aln_core] refine gapped alignments... 0.21 sec
[bwa_aln_core] print alignments... 0.14 sec
[bwa_aln_core] 10747904 sequences have been processed.
[bwa_aln_core] convert to sequence coordinate... 1.17 sec
[bwa_aln_core] refine gapped alignments... 0.20 sec
[bwa_aln_core] print alignments... 0.11 sec
[bwa_aln_core] 11010048 sequences have been processed.
[bwa_aln_core] convert to sequence coordinate... 1.15 sec
[bwa_aln_core] refine gapped alignments... 0.20 sec
[bwa_aln_core] print alignments... 0.11 sec
[bwa_aln_core] 11272192 sequences have been processed.
[bwa_aln_core] convert to sequence coordinate... 1.15 sec
[bwa_aln_core] refine gapped alignments... 0.20 sec
[bwa_aln_core] print alignments... 0.11 sec
[bwa_aln_core] 11534336 sequences have been processed.
[bwa_aln_core] convert to sequence coordinate... 1.16 sec
[bwa_aln_core] refine gapped alignments... 0.20 sec
[bwa_aln_core] print alignments... 0.11 sec
[bwa_aln_core] 11796480 sequences have been processed.
[bwa_aln_core] convert to sequence coordinate... 1.16 sec
[bwa_aln_core] refine gapped alignments... 0.20 sec
[bwa_aln_core] print alignments... 0.11 sec
[bwa_aln_core] 12058624 sequences have been processed.
[bwa_aln_core] convert to sequence coordinate... 1.15 sec
[bwa_aln_core] refine gapped alignments... 0.20 sec
[bwa_aln_core] print alignments... 0.11 sec
[bwa_aln_core] 12320768 sequences have been processed.
[bwa_aln_core] convert to sequence coordinate... 1.16 sec
[bwa_aln_core] refine gapped alignments... 0.20 sec
[bwa_aln_core] print alignments... 0.11 sec
[bwa_aln_core] 12582912 sequences have been processed.
[bwa_aln_core] convert to sequence coordinate... 1.15 sec
[bwa_aln_core] refine gapped alignments... 0.20 sec
[bwa_aln_core] print alignments... 0.11 sec
[bwa_aln_core] 12845056 sequences have been processed.
[bwa_aln_core] convert to sequence coordinate... 1.15 sec
[bwa_aln_core] refine gapped alignments... 0.21 sec
[bwa_aln_core] print alignments... 0.11 sec
[bwa_aln_core] 13107200 sequences have been processed.
[bwa_aln_core] convert to sequence coordinate... 1.15 sec
[bwa_aln_core] refine gapped alignments... 0.20 sec
[bwa_aln_core] print alignments... 0.11 sec
[bwa_aln_core] 13369344 sequences have been processed.
[bwa_aln_core] convert to sequence coordinate... 1.16 sec
[bwa_aln_core] refine gapped alignments... 0.20 sec
[bwa_aln_core] print alignments... 0.11 sec
[bwa_aln_core] 13631488 sequences have been processed.
[bwa_aln_core] convert to sequence coordinate... 1.16 sec
[bwa_aln_core] refine gapped alignments... 0.20 sec
[bwa_aln_core] print alignments... 0.11 sec
[bwa_aln_core] 13893632 sequences have been processed.
[bwa_aln_core] convert to sequence coordinate... 1.16 sec
[bwa_aln_core] refine gapped alignments... 0.20 sec
[bwa_aln_core] print alignments... 0.11 sec
[bwa_aln_core] 14155776 sequences have been processed.
[bwa_aln_core] convert to sequence coordinate... 1.15 sec
[bwa_aln_core] refine gapped alignments... 0.20 sec
[bwa_aln_core] print alignments... 0.11 sec
[bwa_aln_core] 14417920 sequences have been processed.
[bwa_aln_core] convert to sequence coordinate... 1.15 sec
[bwa_aln_core] refine gapped alignments... 0.20 sec
[bwa_aln_core] print alignments... 0.11 sec
[bwa_aln_core] 14680064 sequences have been processed.
[bwa_aln_core] convert to sequence coordinate... 1.15 sec
[bwa_aln_core] refine gapped alignments... 0.21 sec
[bwa_aln_core] print alignments... 0.14 sec
[bwa_aln_core] 14942208 sequences have been processed.
[bwa_aln_core] convert to sequence coordinate... 1.17 sec
[bwa_aln_core] refine gapped alignments... 0.21 sec
[bwa_aln_core] print alignments... 0.11 sec
[bwa_aln_core] 15204352 sequences have been processed.
[bwa_aln_core] convert to sequence coordinate... 1.15 sec
[bwa_aln_core] refine gapped alignments... 0.20 sec
[bwa_aln_core] print alignments... 0.11 sec
[bwa_aln_core] 15466496 sequences have been processed.
[bwa_aln_core] convert to sequence coordinate... 1.15 sec
[bwa_aln_core] refine gapped alignments... 0.20 sec
[bwa_aln_core] print alignments... 0.11 sec
[bwa_aln_core] 15728640 sequences have been processed.
[bwa_aln_core] convert to sequence coordinate... 1.15 sec
[bwa_aln_core] refine gapped alignments... 0.21 sec
[bwa_aln_core] print alignments... 0.11 sec
[bwa_aln_core] 15990784 sequences have been processed.
[bwa_aln_core] convert to sequence coordinate... 1.15 sec
[bwa_aln_core] refine gapped alignments... 0.20 sec
[bwa_aln_core] print alignments... 0.11 sec
[bwa_aln_core] 16252928 sequences have been processed.
[bwa_aln_core] convert to sequence coordinate... 1.15 sec
[bwa_aln_core] refine gapped alignments... 0.20 sec
[bwa_aln_core] print alignments... 0.11 sec
[bwa_aln_core] 16515072 sequences have been processed.
[bwa_aln_core] convert to sequence coordinate... 1.17 sec
[bwa_aln_core] refine gapped alignments... 0.21 sec
[bwa_aln_core] print alignments... 0.11 sec
[bwa_aln_core] 16777216 sequences have been processed.
[bwa_aln_core] convert to sequence coordinate... 1.15 sec
[bwa_aln_core] refine gapped alignments... 0.21 sec
[bwa_aln_core] print alignments... 0.11 sec
[bwa_aln_core] 17039360 sequences have been processed.
[bwa_aln_core] convert to sequence coordinate... 1.16 sec
[bwa_aln_core] refine gapped alignments... 0.20 sec
[bwa_aln_core] print alignments... 0.11 sec
[bwa_aln_core] 17301504 sequences have been processed.
[bwa_aln_core] convert to sequence coordinate... 1.15 sec
[bwa_aln_core] refine gapped alignments... 0.20 sec
[bwa_aln_core] print alignments... 0.11 sec
[bwa_aln_core] 17563648 sequences have been processed.
[bwa_aln_core] convert to sequence coordinate... 1.14 sec
[bwa_aln_core] refine gapped alignments... 0.20 sec
[bwa_aln_core] print alignments... 0.11 sec
[bwa_aln_core] 17825792 sequences have been processed.
[bwa_aln_core] convert to sequence coordinate... 1.15 sec
[bwa_aln_core] refine gapped alignments... 0.20 sec
[bwa_aln_core] print alignments... 0.11 sec
[bwa_aln_core] 18087936 sequences have been processed.
[bwa_aln_core] convert to sequence coordinate... 1.15 sec
[bwa_aln_core] refine gapped alignments... 0.20 sec
[bwa_aln_core] print alignments... 0.11 sec
[bwa_aln_core] 18350080 sequences have been processed.
[bwa_aln_core] convert to sequence coordinate... 1.15 sec
[bwa_aln_core] refine gapped alignments... 0.20 sec
[bwa_aln_core] print alignments... 0.11 sec
[bwa_aln_core] 18612224 sequences have been processed.
[bwa_aln_core] convert to sequence coordinate... 1.14 sec
[bwa_aln_core] refine gapped alignments... 0.21 sec
[bwa_aln_core] print alignments... 0.11 sec
[bwa_aln_core] 18874368 sequences have been processed.
[bwa_aln_core] convert to sequence coordinate... 1.15 sec
[bwa_aln_core] refine gapped alignments... 0.21 sec
[bwa_aln_core] print alignments... 0.14 sec
[bwa_aln_core] 19136512 sequences have been processed.
[bwa_aln_core] convert to sequence coordinate... 1.17 sec
[bwa_aln_core] refine gapped alignments... 0.21 sec
[bwa_aln_core] print alignments... 0.11 sec
[bwa_aln_core] 19398656 sequences have been processed.
[bwa_aln_core] convert to sequence coordinate... 1.15 sec
[bwa_aln_core] refine gapped alignments... 0.21 sec
[bwa_aln_core] print alignments... 0.11 sec
[bwa_aln_core] 19660800 sequences have been processed.
[bwa_aln_core] convert to sequence coordinate... 1.15 sec
[bwa_aln_core] refine gapped alignments... 0.21 sec
[bwa_aln_core] print alignments... 0.11 sec
[bwa_aln_core] 19922944 sequences have been processed.
[bwa_aln_core] convert to sequence coordinate... 1.15 sec
[bwa_aln_core] refine gapped alignments... 0.20 sec
[bwa_aln_core] print alignments... 0.11 sec
[bwa_aln_core] 20185088 sequences have been processed.
[bwa_aln_core] convert to sequence coordinate... 1.15 sec
[bwa_aln_core] refine gapped alignments... 0.21 sec
[bwa_aln_core] print alignments... 0.11 sec
[bwa_aln_core] 20447232 sequences have been processed.
[bwa_aln_core] convert to sequence coordinate... 1.16 sec
[bwa_aln_core] refine gapped alignments... 0.20 sec
[bwa_aln_core] print alignments... 0.11 sec
[bwa_aln_core] 20709376 sequences have been processed.
[bwa_aln_core] convert to sequence coordinate... 1.15 sec
[bwa_aln_core] refine gapped alignments... 0.20 sec
[bwa_aln_core] print alignments... 0.11 sec
[bwa_aln_core] 20971520 sequences have been processed.
[bwa_aln_core] convert to sequence coordinate... 1.15 sec
[bwa_aln_core] refine gapped alignments... 0.21 sec
[bwa_aln_core] print alignments... 0.11 sec
[bwa_aln_core] 21233664 sequences have been processed.
[bwa_aln_core] convert to sequence coordinate... 1.15 sec
[bwa_aln_core] refine gapped alignments... 0.20 sec
[bwa_aln_core] print alignments... 0.11 sec
[bwa_aln_core] 21495808 sequences have been processed.
[bwa_aln_core] convert to sequence coordinate... 1.15 sec
[bwa_aln_core] refine gapped alignments... 0.20 sec
[bwa_aln_core] print alignments... 0.11 sec
[bwa_aln_core] 21757952 sequences have been processed.
[bwa_aln_core] convert to sequence coordinate... 1.15 sec
[bwa_aln_core] refine gapped alignments... 0.20 sec
[bwa_aln_core] print alignments... 0.11 sec
[bwa_aln_core] 22020096 sequences have been processed.
[bwa_aln_core] convert to sequence coordinate... 1.15 sec
[bwa_aln_core] refine gapped alignments... 0.20 sec
[bwa_aln_core] print alignments... 0.11 sec
[bwa_aln_core] 22282240 sequences have been processed.
[bwa_aln_core] convert to sequence coordinate... 1.16 sec
[bwa_aln_core] refine gapped alignments... 0.20 sec
[bwa_aln_core] print alignments... 0.11 sec
[bwa_aln_core] 22544384 sequences have been processed.
[bwa_aln_core] convert to sequence coordinate... 1.15 sec
[bwa_aln_core] refine gapped alignments... 0.21 sec
[bwa_aln_core] print alignments... 0.11 sec
[bwa_aln_core] 22806528 sequences have been processed.
[bwa_aln_core] convert to sequence coordinate... 1.15 sec
[bwa_aln_core] refine gapped alignments... 0.21 sec
[bwa_aln_core] print alignments... 0.11 sec
[bwa_aln_core] 23068672 sequences have been processed.
[bwa_aln_core] convert to sequence coordinate... 1.15 sec
[bwa_aln_core] refine gapped alignments... 0.21 sec
[bwa_aln_core] print alignments... 0.14 sec
[bwa_aln_core] 23330816 sequences have been processed.
[bwa_aln_core] convert to sequence coordinate... 1.17 sec
[bwa_aln_core] refine gapped alignments... 0.20 sec
[bwa_aln_core] print alignments... 0.11 sec
[bwa_aln_core] 23592960 sequences have been processed.
[bwa_aln_core] convert to sequence coordinate... 1.14 sec
[bwa_aln_core] refine gapped alignments... 0.20 sec
[bwa_aln_core] print alignments... 0.11 sec
[bwa_aln_core] 23855104 sequences have been processed.
[bwa_aln_core] convert to sequence coordinate... 1.14 sec
[bwa_aln_core] refine gapped alignments... 0.20 sec
[bwa_aln_core] print alignments... 0.11 sec
[bwa_aln_core] 24117248 sequences have been processed.
[bwa_aln_core] convert to sequence coordinate... 1.14 sec
[bwa_aln_core] refine gapped alignments... 0.20 sec
[bwa_aln_core] print alignments... 0.11 sec
[bwa_aln_core] 24379392 sequences have been processed.
[bwa_aln_core] convert to sequence coordinate... 1.15 sec
[bwa_aln_core] refine gapped alignments... 0.20 sec
[bwa_aln_core] print alignments... 0.11 sec
[bwa_aln_core] 24641536 sequences have been processed.
[bwa_aln_core] convert to sequence coordinate... 1.15 sec
[bwa_aln_core] refine gapped alignments... 0.21 sec
[bwa_aln_core] print alignments... 0.11 sec
[bwa_aln_core] 24903680 sequences have been processed.
[bwa_aln_core] convert to sequence coordinate... 1.15 sec
[bwa_aln_core] refine gapped alignments... 0.20 sec
[bwa_aln_core] print alignments... 0.11 sec
[bwa_aln_core] 25165824 sequences have been processed.
[bwa_aln_core] convert to sequence coordinate... 1.15 sec
[bwa_aln_core] refine gapped alignments... 0.21 sec
[bwa_aln_core] print alignments... 0.11 sec
[bwa_aln_core] 25427968 sequences have been processed.
[bwa_aln_core] convert to sequence coordinate... 1.14 sec
[bwa_aln_core] refine gapped alignments... 0.21 sec
[bwa_aln_core] print alignments... 0.11 sec
[bwa_aln_core] 25690112 sequences have been processed.
[bwa_aln_core] convert to sequence coordinate... 1.15 sec
[bwa_aln_core] refine gapped alignments... 0.21 sec
[bwa_aln_core] print alignments... 0.11 sec
[bwa_aln_core] 25952256 sequences have been processed.
[bwa_aln_core] convert to sequence coordinate... 1.14 sec
[bwa_aln_core] refine gapped alignments... 0.21 sec
[bwa_aln_core] print alignments... 0.11 sec
[bwa_aln_core] 26214400 sequences have been processed.
[bwa_aln_core] convert to sequence coordinate... 1.15 sec
[bwa_aln_core] refine gapped alignments... 0.21 sec
[bwa_aln_core] print alignments... 0.11 sec
[bwa_aln_core] 26476544 sequences have been processed.
[bwa_aln_core] convert to sequence coordinate... 1.15 sec
[bwa_aln_core] refine gapped alignments... 0.21 sec
[bwa_aln_core] print alignments... 0.11 sec
[bwa_aln_core] 26738688 sequences have been processed.
[bwa_aln_core] convert to sequence coordinate... 1.14 sec
[bwa_aln_core] refine gapped alignments... 0.21 sec
[bwa_aln_core] print alignments... 0.11 sec
[bwa_aln_core] 27000832 sequences have been processed.
[bwa_aln_core] convert to sequence coordinate... 1.14 sec
[bwa_aln_core] refine gapped alignments... 0.21 sec
[bwa_aln_core] print alignments... 0.11 sec
[bwa_aln_core] 27262976 sequences have been processed.
[bwa_aln_core] convert to sequence coordinate... 1.15 sec
[bwa_aln_core] refine gapped alignments... 0.21 sec
[bwa_aln_core] print alignments... 0.13 sec
[bwa_aln_core] 27525120 sequences have been processed.
[bwa_aln_core] convert to sequence coordinate... 1.18 sec
[bwa_aln_core] refine gapped alignments... 0.21 sec
[bwa_aln_core] print alignments... 0.11 sec
[bwa_aln_core] 27787264 sequences have been processed.
[bwa_aln_core] convert to sequence coordinate... 1.15 sec
[bwa_aln_core] refine gapped alignments... 0.20 sec
[bwa_aln_core] print alignments... 0.11 sec
[bwa_aln_core] 28049408 sequences have been processed.
[bwa_aln_core] convert to sequence coordinate... 1.15 sec
[bwa_aln_core] refine gapped alignments... 0.20 sec
[bwa_aln_core] print alignments... 0.11 sec
[bwa_aln_core] 28311552 sequences have been processed.
[bwa_aln_core] convert to sequence coordinate... 1.15 sec
[bwa_aln_core] refine gapped alignments... 0.21 sec
[bwa_aln_core] print alignments... 0.11 sec
[bwa_aln_core] 28573696 sequences have been processed.
[bwa_aln_core] convert to sequence coordinate... 1.14 sec
[bwa_aln_core] refine gapped alignments... 0.21 sec
[bwa_aln_core] print alignments... 0.11 sec
[bwa_aln_core] 28835840 sequences have been processed.
[bwa_aln_core] convert to sequence coordinate... 1.17 sec
[bwa_aln_core] refine gapped alignments... 0.21 sec
[bwa_aln_core] print alignments... 0.11 sec
[bwa_aln_core] 29097984 sequences have been processed.
[bwa_aln_core] convert to sequence coordinate... 1.16 sec
[bwa_aln_core] refine gapped alignments... 0.21 sec
[bwa_aln_core] print alignments... 0.11 sec
[bwa_aln_core] 29360128 sequences have been processed.
[bwa_aln_core] convert to sequence coordinate... 1.16 sec
[bwa_aln_core] refine gapped alignments... 0.21 sec
[bwa_aln_core] print alignments... 0.12 sec
[bwa_aln_core] 29622272 sequences have been processed.
[bwa_aln_core] convert to sequence coordinate... 1.16 sec
[bwa_aln_core] refine gapped alignments... 0.21 sec
[bwa_aln_core] print alignments... 0.11 sec
[bwa_aln_core] 29884416 sequences have been processed.
[bwa_aln_core] convert to sequence coordinate... 1.16 sec
[bwa_aln_core] refine gapped alignments... 0.21 sec
[bwa_aln_core] print alignments... 0.11 sec
[bwa_aln_core] 30146560 sequences have been processed.
[bwa_aln_core] convert to sequence coordinate... 1.16 sec
[bwa_aln_core] refine gapped alignments... 0.21 sec
[bwa_aln_core] print alignments... 0.11 sec
[bwa_aln_core] 30408704 sequences have been processed.
[bwa_aln_core] convert to sequence coordinate... 1.17 sec
[bwa_aln_core] refine gapped alignments... 0.21 sec
[bwa_aln_core] print alignments... 0.11 sec
[bwa_aln_core] 30670848 sequences have been processed.
[bwa_aln_core] convert to sequence coordinate... 1.17 sec
[bwa_aln_core] refine gapped alignments... 0.21 sec
[bwa_aln_core] print alignments... 0.11 sec
[bwa_aln_core] 30932992 sequences have been processed.
[bwa_aln_core] convert to sequence coordinate... 1.17 sec
[bwa_aln_core] refine gapped alignments... 0.21 sec
[bwa_aln_core] print alignments... 0.11 sec
[bwa_aln_core] 31195136 sequences have been processed.
[bwa_aln_core] convert to sequence coordinate... 1.17 sec
[bwa_aln_core] refine gapped alignments... 0.21 sec
[bwa_aln_core] print alignments... 0.11 sec
[bwa_aln_core] 31457280 sequences have been processed.
[bwa_aln_core] convert to sequence coordinate... 1.17 sec
[bwa_aln_core] refine gapped alignments... 0.21 sec
[bwa_aln_core] print alignments... 0.13 sec
[bwa_aln_core] 31719424 sequences have been processed.
[bwa_aln_core] convert to sequence coordinate... 1.18 sec
[bwa_aln_core] refine gapped alignments... 0.21 sec
[bwa_aln_core] print alignments... 0.11 sec
[bwa_aln_core] 31981568 sequences have been processed.
[bwa_aln_core] convert to sequence coordinate... 1.17 sec
[bwa_aln_core] refine gapped alignments... 0.21 sec
[bwa_aln_core] print alignments... 0.11 sec
[bwa_aln_core] 32243712 sequences have been processed.
[bwa_aln_core] convert to sequence coordinate... 1.17 sec
[bwa_aln_core] refine gapped alignments... 0.21 sec
[bwa_aln_core] print alignments... 0.11 sec
[bwa_aln_core] 32505856 sequences have been processed.
[bwa_aln_core] convert to sequence coordinate... 1.16 sec
[bwa_aln_core] refine gapped alignments... 0.21 sec
[bwa_aln_core] print alignments... 0.11 sec
[bwa_aln_core] 32768000 sequences have been processed.
[bwa_aln_core] convert to sequence coordinate... 1.17 sec
[bwa_aln_core] refine gapped alignments... 0.21 sec
[bwa_aln_core] print alignments... 0.11 sec
[bwa_aln_core] 33030144 sequences have been processed.
[bwa_aln_core] convert to sequence coordinate... 1.17 sec
[bwa_aln_core] refine gapped alignments... 0.21 sec
[bwa_aln_core] print alignments... 0.11 sec
[bwa_aln_core] 33292288 sequences have been processed.
[bwa_aln_core] convert to sequence coordinate... 1.17 sec
[bwa_aln_core] refine gapped alignments... 0.21 sec
[bwa_aln_core] print alignments... 0.11 sec
[bwa_aln_core] 33554432 sequences have been processed.
[bwa_aln_core] convert to sequence coordinate... 1.17 sec
[bwa_aln_core] refine gapped alignments... 0.21 sec
[bwa_aln_core] print alignments... 0.11 sec
[bwa_aln_core] 33816576 sequences have been processed.
[bwa_aln_core] convert to sequence coordinate... 1.17 sec
[bwa_aln_core] refine gapped alignments... 0.21 sec
[bwa_aln_core] print alignments... 0.11 sec
[bwa_aln_core] 34078720 sequences have been processed.
[bwa_aln_core] convert to sequence coordinate... 1.17 sec
[bwa_aln_core] refine gapped alignments... 0.21 sec
[bwa_aln_core] print alignments... 0.11 sec
[bwa_aln_core] 34340864 sequences have been processed.
[bwa_aln_core] convert to sequence coordinate... 1.16 sec
[bwa_aln_core] refine gapped alignments... 0.21 sec
[bwa_aln_core] print alignments... 0.11 sec
[bwa_aln_core] 34603008 sequences have been processed.
[bwa_aln_core] convert to sequence coordinate... 1.17 sec
[bwa_aln_core] refine gapped alignments... 0.21 sec
[bwa_aln_core] print alignments... 0.11 sec
[bwa_aln_core] 34865152 sequences have been processed.
[bwa_aln_core] convert to sequence coordinate... 1.16 sec
[bwa_aln_core] refine gapped alignments... 0.21 sec
[bwa_aln_core] print alignments... 0.11 sec
[bwa_aln_core] 35127296 sequences have been processed.
[bwa_aln_core] convert to sequence coordinate... 1.16 sec
[bwa_aln_core] refine gapped alignments... 0.21 sec
[bwa_aln_core] print alignments... 0.11 sec
[bwa_aln_core] 35389440 sequences have been processed.
[bwa_aln_core] convert to sequence coordinate... 1.16 sec
[bwa_aln_core] refine gapped alignments... 0.21 sec
[bwa_aln_core] print alignments... 0.11 sec
[bwa_aln_core] 35651584 sequences have been processed.
[bwa_aln_core] convert to sequence coordinate... 1.18 sec
[bwa_aln_core] refine gapped alignments... 0.21 sec
[bwa_aln_core] print alignments... 0.11 sec
[bwa_aln_core] 35913728 sequences have been processed.
[bwa_aln_core] convert to sequence coordinate... 1.16 sec
[bwa_aln_core] refine gapped alignments... 0.21 sec
[bwa_aln_core] print alignments... 0.11 sec
[bwa_aln_core] 36175872 sequences have been processed.
[bwa_aln_core] convert to sequence coordinate... 1.16 sec
[bwa_aln_core] refine gapped alignments... 0.21 sec
[bwa_aln_core] print alignments... 0.12 sec
[bwa_aln_core] 36438016 sequences have been processed.
[bwa_aln_core] convert to sequence coordinate... 1.16 sec
[bwa_aln_core] refine gapped alignments... 0.21 sec
[bwa_aln_core] print alignments... 0.12 sec
[bwa_aln_core] 36700160 sequences have been processed.
[bwa_aln_core] convert to sequence coordinate... 1.16 sec
[bwa_aln_core] refine gapped alignments... 0.21 sec
[bwa_aln_core] print alignments... 0.11 sec
[bwa_aln_core] 36962304 sequences have been processed.
[bwa_aln_core] convert to sequence coordinate... 1.16 sec
[bwa_aln_core] refine gapped alignments... 0.21 sec
[bwa_aln_core] print alignments... 0.12 sec
[bwa_aln_core] 37224448 sequences have been processed.
[bwa_aln_core] convert to sequence coordinate... 1.16 sec
[bwa_aln_core] refine gapped alignments... 0.21 sec
[bwa_aln_core] print alignments... 0.11 sec
[bwa_aln_core] 37486592 sequences have been processed.
[bwa_aln_core] convert to sequence coordinate... 1.16 sec
[bwa_aln_core] refine gapped alignments... 0.21 sec
[bwa_aln_core] print alignments... 0.11 sec
[bwa_aln_core] 37748736 sequences have been processed.
[bwa_aln_core] convert to sequence coordinate... 1.16 sec
[bwa_aln_core] refine gapped alignments... 0.21 sec
[bwa_aln_core] print alignments... 0.11 sec
[bwa_aln_core] 38010880 sequences have been processed.
[bwa_aln_core] convert to sequence coordinate... 1.16 sec
[bwa_aln_core] refine gapped alignments... 0.21 sec
[bwa_aln_core] print alignments... 0.11 sec
[bwa_aln_core] 38273024 sequences have been processed.
[bwa_aln_core] convert to sequence coordinate... 1.16 sec
[bwa_aln_core] refine gapped alignments... 0.21 sec
[bwa_aln_core] print alignments... 0.11 sec
[bwa_aln_core] 38535168 sequences have been processed.
[bwa_aln_core] convert to sequence coordinate... 1.16 sec
[bwa_aln_core] refine gapped alignments... 0.21 sec
[bwa_aln_core] print alignments... 0.11 sec
[bwa_aln_core] 38797312 sequences have been processed.
[bwa_aln_core] convert to sequence coordinate... 1.16 sec
[bwa_aln_core] refine gapped alignments... 0.21 sec
[bwa_aln_core] print alignments... 0.11 sec
[bwa_aln_core] 39059456 sequences have been processed.
[bwa_aln_core] convert to sequence coordinate... 1.16 sec
[bwa_aln_core] refine gapped alignments... 0.21 sec
[bwa_aln_core] print alignments... 0.11 sec
[bwa_aln_core] 39321600 sequences have been processed.
[bwa_aln_core] convert to sequence coordinate... 1.16 sec
[bwa_aln_core] refine gapped alignments... 0.21 sec
[bwa_aln_core] print alignments... 0.11 sec
[bwa_aln_core] 39583744 sequences have been processed.
[bwa_aln_core] convert to sequence coordinate... 1.16 sec
[bwa_aln_core] refine gapped alignments... 0.21 sec
[bwa_aln_core] print alignments... 0.11 sec
[bwa_aln_core] 39845888 sequences have been processed.
[bwa_aln_core] convert to sequence coordinate... 1.17 sec
[bwa_aln_core] refine gapped alignments... 0.21 sec
[bwa_aln_core] print alignments... 0.11 sec
[bwa_aln_core] 40108032 sequences have been processed.
[bwa_aln_core] convert to sequence coordinate... 1.16 sec
[bwa_aln_core] refine gapped alignments... 0.21 sec
[bwa_aln_core] print alignments... 0.11 sec
[bwa_aln_core] 40370176 sequences have been processed.
[bwa_aln_core] convert to sequence coordinate... 1.17 sec
[bwa_aln_core] refine gapped alignments... 0.21 sec
[bwa_aln_core] print alignments... 0.14 sec
[bwa_aln_core] 40632320 sequences have been processed.
[bwa_aln_core] convert to sequence coordinate... 1.18 sec
[bwa_aln_core] refine gapped alignments... 0.21 sec
[bwa_aln_core] print alignments... 0.11 sec
[bwa_aln_core] 40894464 sequences have been processed.
[bwa_aln_core] convert to sequence coordinate... 1.16 sec
[bwa_aln_core] refine gapped alignments... 0.21 sec
[bwa_aln_core] print alignments... 0.11 sec
[bwa_aln_core] 41156608 sequences have been processed.
[bwa_aln_core] convert to sequence coordinate... 1.16 sec
[bwa_aln_core] refine gapped alignments... 0.21 sec
[bwa_aln_core] print alignments... 0.11 sec
[bwa_aln_core] 41418752 sequences have been processed.
[bwa_aln_core] convert to sequence coordinate... 1.16 sec
[bwa_aln_core] refine gapped alignments... 0.21 sec
[bwa_aln_core] print alignments... 0.11 sec
[bwa_aln_core] 41680896 sequences have been processed.
[bwa_aln_core] convert to sequence coordinate... 1.16 sec
[bwa_aln_core] refine gapped alignments... 0.21 sec
[bwa_aln_core] print alignments... 0.11 sec
[bwa_aln_core] 41943040 sequences have been processed.
[bwa_aln_core] convert to sequence coordinate... 1.15 sec
[bwa_aln_core] refine gapped alignments... 0.21 sec
[bwa_aln_core] print alignments... 0.11 sec
[bwa_aln_core] 42205184 sequences have been processed.
[bwa_aln_core] convert to sequence coordinate... 1.15 sec
[bwa_aln_core] refine gapped alignments... 0.20 sec
[bwa_aln_core] print alignments... 0.08 sec
[bwa_aln_core] 42396063 sequences have been processed.
[main] Version: 0.7.18-r1243-dirty
[main] CMD: bwa samse -f bigdata/bwa/results/Brachy_c_sedi@allMis1.sam bigdata/bwa/idx/allMis1.fa bigdata/bwa/results/Brachy_c_sedi@allMis1.sai bigdata/leehom/Brachy_c_sedi.fq.gz
[main] Real time: 321.184 sec; CPU: 316.825 sec
[bam_sort_core] merging from 0 files and 16 in-memory blocks...
