[bwa_index] Pack FASTA... 12.90 sec
[bwa_index] Construct BWT for the packed sequence...
[BWTIncCreate] textLength=4348519776, availableWord=317977520
[BWTIncConstructFromPacked] 10 iterations done. 100000000 characters processed.
[BWTIncConstructFromPacked] 20 iterations done. 200000000 characters processed.
[BWTIncConstructFromPacked] 30 iterations done. 300000000 characters processed.
[BWTIncConstructFromPacked] 40 iterations done. 400000000 characters processed.
[BWTIncConstructFromPacked] 50 iterations done. 500000000 characters processed.
[BWTIncConstructFromPacked] 60 iterations done. 600000000 characters processed.
[BWTIncConstructFromPacked] 70 iterations done. 700000000 characters processed.
[BWTIncConstructFromPacked] 80 iterations done. 800000000 characters processed.
[BWTIncConstructFromPacked] 90 iterations done. 900000000 characters processed.
[BWTIncConstructFromPacked] 100 iterations done. 1000000000 characters processed.
[BWTIncConstructFromPacked] 110 iterations done. 1100000000 characters processed.
[BWTIncConstructFromPacked] 120 iterations done. 1200000000 characters processed.
[BWTIncConstructFromPacked] 130 iterations done. 1300000000 characters processed.
[BWTIncConstructFromPacked] 140 iterations done. 1400000000 characters processed.
[BWTIncConstructFromPacked] 150 iterations done. 1500000000 characters processed.
[BWTIncConstructFromPacked] 160 iterations done. 1600000000 characters processed.
[BWTIncConstructFromPacked] 170 iterations done. 1700000000 characters processed.
[BWTIncConstructFromPacked] 180 iterations done. 1800000000 characters processed.
[BWTIncConstructFromPacked] 190 iterations done. 1900000000 characters processed.
[BWTIncConstructFromPacked] 200 iterations done. 2000000000 characters processed.
[BWTIncConstructFromPacked] 210 iterations done. 2100000000 characters processed.
[BWTIncConstructFromPacked] 220 iterations done. 2200000000 characters processed.
[BWTIncConstructFromPacked] 230 iterations done. 2300000000 characters processed.
[BWTIncConstructFromPacked] 240 iterations done. 2400000000 characters processed.
[BWTIncConstructFromPacked] 250 iterations done. 2500000000 characters processed.
[BWTIncConstructFromPacked] 260 iterations done. 2600000000 characters processed.
[BWTIncConstructFromPacked] 270 iterations done. 2700000000 characters processed.
[BWTIncConstructFromPacked] 280 iterations done. 2800000000 characters processed.
[BWTIncConstructFromPacked] 290 iterations done. 2900000000 characters processed.
[BWTIncConstructFromPacked] 300 iterations done. 3000000000 characters processed.
[BWTIncConstructFromPacked] 310 iterations done. 3100000000 characters processed.
[BWTIncConstructFromPacked] 320 iterations done. 3200000000 characters processed.
[BWTIncConstructFromPacked] 330 iterations done. 3300000000 characters processed.
[BWTIncConstructFromPacked] 340 iterations done. 3400000000 characters processed.
[BWTIncConstructFromPacked] 350 iterations done. 3500000000 characters processed.
[BWTIncConstructFromPacked] 360 iterations done. 3600000000 characters processed.
[BWTIncConstructFromPacked] 370 iterations done. 3699569088 characters processed.
[BWTIncConstructFromPacked] 380 iterations done. 3790908096 characters processed.
[BWTIncConstructFromPacked] 390 iterations done. 3872086448 characters processed.
[BWTIncConstructFromPacked] 400 iterations done. 3944233968 characters processed.
[BWTIncConstructFromPacked] 410 iterations done. 4008354864 characters processed.
[BWTIncConstructFromPacked] 420 iterations done. 4065341616 characters processed.
[BWTIncConstructFromPacked] 430 iterations done. 4115987584 characters processed.
[BWTIncConstructFromPacked] 440 iterations done. 4160997840 characters processed.
[BWTIncConstructFromPacked] 450 iterations done. 4200999056 characters processed.
[BWTIncConstructFromPacked] 460 iterations done. 4236548208 characters processed.
[BWTIncConstructFromPacked] 470 iterations done. 4268140336 characters processed.
[BWTIncConstructFromPacked] 480 iterations done. 4296215472 characters processed.
[BWTIncConstructFromPacked] 490 iterations done. 4321164704 characters processed.
[BWTIncConstructFromPacked] 500 iterations done. 4343335600 characters processed.
[bwt_gen] Finished constructing BWT in 503 iterations.
[bwa_index] 1342.23 seconds elapse.
[bwa_index] Update BWT... 8.60 sec
[bwa_index] Pack forward-only FASTA... 8.15 sec
[bwa_index] Construct SA from BWT and Occ... 561.66 sec
[main] Version: 0.7.19-r1273
[main] CMD: bwa index bigdata/bwa/idx/allMis1.fa
[main] Real time: 1958.620 sec; CPU: 1933.538 sec
