[bwa_aln] 17bp reads: max_diff = 2
[bwa_aln] 22bp reads: max_diff = 3
[bwa_aln] 42bp reads: max_diff = 4
[bwa_aln] 64bp reads: max_diff = 5
[bwa_aln] 90bp reads: max_diff = 6
[bwa_aln] 117bp reads: max_diff = 7
[bwa_aln] 146bp reads: max_diff = 8
[bwa_aln] 176bp reads: max_diff = 9
[bwa_aln] 207bp reads: max_diff = 10
[bwa_aln] 239bp reads: max_diff = 11
[bwa_aln_core] calculate SA coordinate... 201.04 sec
[bwa_aln_core] write to the disk... 0.03 sec
[bwa_aln_core] 262144 sequences have been processed.
[bwa_aln_core] calculate SA coordinate... 193.70 sec
[bwa_aln_core] write to the disk... 0.04 sec
[bwa_aln_core] 524288 sequences have been processed.
[bwa_aln_core] calculate SA coordinate... 186.35 sec
[bwa_aln_core] write to the disk... 0.03 sec
[bwa_aln_core] 786432 sequences have been processed.
[bwa_aln_core] calculate SA coordinate... 183.77 sec
[bwa_aln_core] write to the disk... 0.03 sec
[bwa_aln_core] 1048576 sequences have been processed.
[bwa_aln_core] calculate SA coordinate... 180.15 sec
[bwa_aln_core] write to the disk... 0.05 sec
[bwa_aln_core] 1310720 sequences have been processed.
[bwa_aln_core] calculate SA coordinate... 182.21 sec
[bwa_aln_core] write to the disk... 0.04 sec
[bwa_aln_core] 1572864 sequences have been processed.
[bwa_aln_core] calculate SA coordinate... 178.37 sec
[bwa_aln_core] write to the disk... 0.04 sec
[bwa_aln_core] 1835008 sequences have been processed.
[bwa_aln_core] calculate SA coordinate... 176.94 sec
[bwa_aln_core] write to the disk... 0.04 sec
[bwa_aln_core] 2097152 sequences have been processed.
[bwa_aln_core] calculate SA coordinate... 179.80 sec
[bwa_aln_core] write to the disk... 0.04 sec
[bwa_aln_core] 2359296 sequences have been processed.
[bwa_aln_core] calculate SA coordinate... 176.67 sec
[bwa_aln_core] write to the disk... 0.03 sec
[bwa_aln_core] 2621440 sequences have been processed.
[bwa_aln_core] calculate SA coordinate... 177.71 sec
[bwa_aln_core] write to the disk... 0.03 sec
[bwa_aln_core] 2883584 sequences have been processed.
[bwa_aln_core] calculate SA coordinate... 176.79 sec
[bwa_aln_core] write to the disk... 0.03 sec
[bwa_aln_core] 3145728 sequences have been processed.
[bwa_aln_core] calculate SA coordinate... 176.67 sec
[bwa_aln_core] write to the disk... 0.01 sec
[bwa_aln_core] 3407872 sequences have been processed.
[bwa_aln_core] calculate SA coordinate... 181.71 sec
[bwa_aln_core] write to the disk... 0.03 sec
[bwa_aln_core] 3670016 sequences have been processed.
[bwa_aln_core] calculate SA coordinate... 177.02 sec
[bwa_aln_core] write to the disk... 0.04 sec
[bwa_aln_core] 3932160 sequences have been processed.
[bwa_aln_core] calculate SA coordinate... 180.25 sec
[bwa_aln_core] write to the disk... 0.02 sec
[bwa_aln_core] 4194304 sequences have been processed.
[bwa_aln_core] calculate SA coordinate... 177.91 sec
[bwa_aln_core] write to the disk... 0.04 sec
[bwa_aln_core] 4456448 sequences have been processed.
[bwa_aln_core] calculate SA coordinate... 172.10 sec
[bwa_aln_core] write to the disk... 0.02 sec
[bwa_aln_core] 4718592 sequences have been processed.
[bwa_aln_core] calculate SA coordinate... 178.29 sec
[bwa_aln_core] write to the disk... 0.04 sec
[bwa_aln_core] 4980736 sequences have been processed.
[bwa_aln_core] calculate SA coordinate... 175.10 sec
[bwa_aln_core] write to the disk... 0.04 sec
[bwa_aln_core] 5242880 sequences have been processed.
[bwa_aln_core] calculate SA coordinate... 178.67 sec
[bwa_aln_core] write to the disk... 0.04 sec
[bwa_aln_core] 5505024 sequences have been processed.
[bwa_aln_core] calculate SA coordinate... 172.69 sec
[bwa_aln_core] write to the disk... 0.04 sec
[bwa_aln_core] 5767168 sequences have been processed.
[bwa_aln_core] calculate SA coordinate... 174.45 sec
[bwa_aln_core] write to the disk... 0.03 sec
[bwa_aln_core] 6029312 sequences have been processed.
[bwa_aln_core] calculate SA coordinate... 171.33 sec
[bwa_aln_core] write to the disk... 0.02 sec
[bwa_aln_core] 6291456 sequences have been processed.
[bwa_aln_core] calculate SA coordinate... 176.24 sec
[bwa_aln_core] write to the disk... 0.03 sec
[bwa_aln_core] 6553600 sequences have been processed.
[bwa_aln_core] calculate SA coordinate... 173.61 sec
[bwa_aln_core] write to the disk... 0.02 sec
[bwa_aln_core] 6815744 sequences have been processed.
[bwa_aln_core] calculate SA coordinate... 176.05 sec
[bwa_aln_core] write to the disk... 0.02 sec
[bwa_aln_core] 7077888 sequences have been processed.
[bwa_aln_core] calculate SA coordinate... 174.54 sec
[bwa_aln_core] write to the disk... 0.03 sec
[bwa_aln_core] 7340032 sequences have been processed.
[bwa_aln_core] calculate SA coordinate... 174.12 sec
[bwa_aln_core] write to the disk... 0.04 sec
[bwa_aln_core] 7602176 sequences have been processed.
[bwa_aln_core] calculate SA coordinate... 173.05 sec
[bwa_aln_core] write to the disk... 0.02 sec
[bwa_aln_core] 7864320 sequences have been processed.
[bwa_aln_core] calculate SA coordinate... 175.61 sec
[bwa_aln_core] write to the disk... 0.03 sec
[bwa_aln_core] 8126464 sequences have been processed.
[bwa_aln_core] calculate SA coordinate... 172.04 sec
[bwa_aln_core] write to the disk... 0.02 sec
[bwa_aln_core] 8388608 sequences have been processed.
[bwa_aln_core] calculate SA coordinate... 169.66 sec
[bwa_aln_core] write to the disk... 0.02 sec
[bwa_aln_core] 8650752 sequences have been processed.
[bwa_aln_core] calculate SA coordinate... 172.47 sec
[bwa_aln_core] write to the disk... 0.03 sec
[bwa_aln_core] 8912896 sequences have been processed.
[bwa_aln_core] calculate SA coordinate... 169.68 sec
[bwa_aln_core] write to the disk... 0.02 sec
[bwa_aln_core] 9175040 sequences have been processed.
[bwa_aln_core] calculate SA coordinate... 175.52 sec
[bwa_aln_core] write to the disk... 0.03 sec
[bwa_aln_core] 9437184 sequences have been processed.
[bwa_aln_core] calculate SA coordinate... 169.70 sec
[bwa_aln_core] write to the disk... 0.02 sec
[bwa_aln_core] 9699328 sequences have been processed.
[bwa_aln_core] calculate SA coordinate... 168.97 sec
[bwa_aln_core] write to the disk... 0.03 sec
[bwa_aln_core] 9961472 sequences have been processed.
[bwa_aln_core] calculate SA coordinate... 172.11 sec
[bwa_aln_core] write to the disk... 0.02 sec
[bwa_aln_core] 10223616 sequences have been processed.
[bwa_aln_core] calculate SA coordinate... 172.77 sec
[bwa_aln_core] write to the disk... 0.03 sec
[bwa_aln_core] 10485760 sequences have been processed.
[bwa_aln_core] calculate SA coordinate... 167.76 sec
[bwa_aln_core] write to the disk... 0.02 sec
[bwa_aln_core] 10747904 sequences have been processed.
[bwa_aln_core] calculate SA coordinate... 167.45 sec
[bwa_aln_core] write to the disk... 0.03 sec
[bwa_aln_core] 11010048 sequences have been processed.
[bwa_aln_core] calculate SA coordinate... 168.70 sec
[bwa_aln_core] write to the disk... 0.02 sec
[bwa_aln_core] 11272192 sequences have been processed.
[bwa_aln_core] calculate SA coordinate... 174.81 sec
[bwa_aln_core] write to the disk... 0.02 sec
[bwa_aln_core] 11534336 sequences have been processed.
[bwa_aln_core] calculate SA coordinate... 171.67 sec
[bwa_aln_core] write to the disk... 0.03 sec
[bwa_aln_core] 11796480 sequences have been processed.
[bwa_aln_core] calculate SA coordinate... 166.78 sec
[bwa_aln_core] write to the disk... 0.02 sec
[bwa_aln_core] 12058624 sequences have been processed.
[bwa_aln_core] calculate SA coordinate... 172.08 sec
[bwa_aln_core] write to the disk... 0.03 sec
[bwa_aln_core] 12320768 sequences have been processed.
[bwa_aln_core] calculate SA coordinate... 167.48 sec
[bwa_aln_core] write to the disk... 0.03 sec
[bwa_aln_core] 12582912 sequences have been processed.
[bwa_aln_core] calculate SA coordinate... 166.51 sec
[bwa_aln_core] write to the disk... 0.02 sec
[bwa_aln_core] 12845056 sequences have been processed.
[bwa_aln_core] calculate SA coordinate... 167.34 sec
[bwa_aln_core] write to the disk... 0.03 sec
[bwa_aln_core] 13107200 sequences have been processed.
[bwa_aln_core] calculate SA coordinate... 167.58 sec
[bwa_aln_core] write to the disk... 0.02 sec
[bwa_aln_core] 13369344 sequences have been processed.
[bwa_aln_core] calculate SA coordinate... 168.79 sec
[bwa_aln_core] write to the disk... 0.03 sec
[bwa_aln_core] 13631488 sequences have been processed.
[bwa_aln_core] calculate SA coordinate... 170.82 sec
[bwa_aln_core] write to the disk... 0.02 sec
[bwa_aln_core] 13893632 sequences have been processed.
[bwa_aln_core] calculate SA coordinate... 167.85 sec
[bwa_aln_core] write to the disk... 0.03 sec
[bwa_aln_core] 14155776 sequences have been processed.
[bwa_aln_core] calculate SA coordinate... 169.79 sec
[bwa_aln_core] write to the disk... 0.02 sec
[bwa_aln_core] 14417920 sequences have been processed.
[bwa_aln_core] calculate SA coordinate... 174.98 sec
[bwa_aln_core] write to the disk... 0.03 sec
[bwa_aln_core] 14680064 sequences have been processed.
[bwa_aln_core] calculate SA coordinate... 170.65 sec
[bwa_aln_core] write to the disk... 0.02 sec
[bwa_aln_core] 14942208 sequences have been processed.
[bwa_aln_core] calculate SA coordinate... 173.02 sec
[bwa_aln_core] write to the disk... 0.03 sec
[bwa_aln_core] 15204352 sequences have been processed.
[bwa_aln_core] calculate SA coordinate... 168.41 sec
[bwa_aln_core] write to the disk... 0.03 sec
[bwa_aln_core] 15466496 sequences have been processed.
[bwa_aln_core] calculate SA coordinate... 170.23 sec
[bwa_aln_core] write to the disk... 0.03 sec
[bwa_aln_core] 15728640 sequences have been processed.
[bwa_aln_core] calculate SA coordinate... 172.78 sec
[bwa_aln_core] write to the disk... 0.02 sec
[bwa_aln_core] 15990784 sequences have been processed.
[bwa_aln_core] calculate SA coordinate... 167.90 sec
[bwa_aln_core] write to the disk... 0.03 sec
[bwa_aln_core] 16252928 sequences have been processed.
[bwa_aln_core] calculate SA coordinate... 170.36 sec
[bwa_aln_core] write to the disk... 0.02 sec
[bwa_aln_core] 16515072 sequences have been processed.
[bwa_aln_core] calculate SA coordinate... 165.71 sec
[bwa_aln_core] write to the disk... 0.03 sec
[bwa_aln_core] 16777216 sequences have been processed.
[bwa_aln_core] calculate SA coordinate... 169.72 sec
[bwa_aln_core] write to the disk... 0.02 sec
[bwa_aln_core] 17039360 sequences have been processed.
[bwa_aln_core] calculate SA coordinate... 168.98 sec
[bwa_aln_core] write to the disk... 0.03 sec
[bwa_aln_core] 17301504 sequences have been processed.
[bwa_aln_core] calculate SA coordinate... 169.61 sec
[bwa_aln_core] write to the disk... 0.03 sec
[bwa_aln_core] 17563648 sequences have been processed.
[bwa_aln_core] calculate SA coordinate... 166.62 sec
[bwa_aln_core] write to the disk... 0.02 sec
[bwa_aln_core] 17825792 sequences have been processed.
[bwa_aln_core] calculate SA coordinate... 166.75 sec
[bwa_aln_core] write to the disk... 0.02 sec
[bwa_aln_core] 18087936 sequences have been processed.
[bwa_aln_core] calculate SA coordinate... 163.33 sec
[bwa_aln_core] write to the disk... 0.02 sec
[bwa_aln_core] 18350080 sequences have been processed.
[bwa_aln_core] calculate SA coordinate... 170.38 sec
[bwa_aln_core] write to the disk... 0.02 sec
[bwa_aln_core] 18612224 sequences have been processed.
[bwa_aln_core] calculate SA coordinate... 166.13 sec
[bwa_aln_core] write to the disk... 0.02 sec
[bwa_aln_core] 18874368 sequences have been processed.
[bwa_aln_core] calculate SA coordinate... 168.16 sec
[bwa_aln_core] write to the disk... 0.02 sec
[bwa_aln_core] 19136512 sequences have been processed.
[bwa_aln_core] calculate SA coordinate... 168.13 sec
[bwa_aln_core] write to the disk... 0.02 sec
[bwa_aln_core] 19398656 sequences have been processed.
[bwa_aln_core] calculate SA coordinate... 168.07 sec
[bwa_aln_core] write to the disk... 0.02 sec
[bwa_aln_core] 19660800 sequences have been processed.
[bwa_aln_core] calculate SA coordinate... 166.28 sec
[bwa_aln_core] write to the disk... 0.02 sec
[bwa_aln_core] 19922944 sequences have been processed.
[bwa_aln_core] calculate SA coordinate... 161.09 sec
[bwa_aln_core] write to the disk... 0.02 sec
[bwa_aln_core] 20185088 sequences have been processed.
[bwa_aln_core] calculate SA coordinate... 163.18 sec
[bwa_aln_core] write to the disk... 0.02 sec
[bwa_aln_core] 20447232 sequences have been processed.
[bwa_aln_core] calculate SA coordinate... 166.17 sec
[bwa_aln_core] write to the disk... 0.02 sec
[bwa_aln_core] 20709376 sequences have been processed.
[bwa_aln_core] calculate SA coordinate... 166.94 sec
[bwa_aln_core] write to the disk... 0.02 sec
[bwa_aln_core] 20971520 sequences have been processed.
[bwa_aln_core] calculate SA coordinate... 164.18 sec
[bwa_aln_core] write to the disk... 0.02 sec
[bwa_aln_core] 21233664 sequences have been processed.
[bwa_aln_core] calculate SA coordinate... 164.99 sec
[bwa_aln_core] write to the disk... 0.02 sec
[bwa_aln_core] 21495808 sequences have been processed.
[bwa_aln_core] calculate SA coordinate... 165.01 sec
[bwa_aln_core] write to the disk... 0.02 sec
[bwa_aln_core] 21757952 sequences have been processed.
[bwa_aln_core] calculate SA coordinate... 165.38 sec
[bwa_aln_core] write to the disk... 0.02 sec
[bwa_aln_core] 22020096 sequences have been processed.
[bwa_aln_core] calculate SA coordinate... 163.92 sec
[bwa_aln_core] write to the disk... 0.02 sec
[bwa_aln_core] 22282240 sequences have been processed.
[bwa_aln_core] calculate SA coordinate... 161.22 sec
[bwa_aln_core] write to the disk... 0.02 sec
[bwa_aln_core] 22544384 sequences have been processed.
[bwa_aln_core] calculate SA coordinate... 163.10 sec
[bwa_aln_core] write to the disk... 0.02 sec
[bwa_aln_core] 22806528 sequences have been processed.
[bwa_aln_core] calculate SA coordinate... 164.45 sec
[bwa_aln_core] write to the disk... 0.02 sec
[bwa_aln_core] 23068672 sequences have been processed.
[bwa_aln_core] calculate SA coordinate... 162.48 sec
[bwa_aln_core] write to the disk... 0.02 sec
[bwa_aln_core] 23330816 sequences have been processed.
[bwa_aln_core] calculate SA coordinate... 162.55 sec
[bwa_aln_core] write to the disk... 0.02 sec
[bwa_aln_core] 23592960 sequences have been processed.
[bwa_aln_core] calculate SA coordinate... 162.21 sec
[bwa_aln_core] write to the disk... 0.02 sec
[bwa_aln_core] 23855104 sequences have been processed.
[bwa_aln_core] calculate SA coordinate... 163.93 sec
[bwa_aln_core] write to the disk... 0.02 sec
[bwa_aln_core] 24117248 sequences have been processed.
[bwa_aln_core] calculate SA coordinate... 161.25 sec
[bwa_aln_core] write to the disk... 0.02 sec
[bwa_aln_core] 24379392 sequences have been processed.
[bwa_aln_core] calculate SA coordinate... 161.73 sec
[bwa_aln_core] write to the disk... 0.02 sec
[bwa_aln_core] 24641536 sequences have been processed.
[bwa_aln_core] calculate SA coordinate... 166.78 sec
[bwa_aln_core] write to the disk... 0.02 sec
[bwa_aln_core] 24903680 sequences have been processed.
[bwa_aln_core] calculate SA coordinate... 163.30 sec
[bwa_aln_core] write to the disk... 0.02 sec
[bwa_aln_core] 25165824 sequences have been processed.
[bwa_aln_core] calculate SA coordinate... 165.62 sec
[bwa_aln_core] write to the disk... 0.02 sec
[bwa_aln_core] 25427968 sequences have been processed.
[bwa_aln_core] calculate SA coordinate... 159.63 sec
[bwa_aln_core] write to the disk... 0.02 sec
[bwa_aln_core] 25690112 sequences have been processed.
[bwa_aln_core] calculate SA coordinate... 162.78 sec
[bwa_aln_core] write to the disk... 0.02 sec
[bwa_aln_core] 25952256 sequences have been processed.
[bwa_aln_core] calculate SA coordinate... 160.79 sec
[bwa_aln_core] write to the disk... 0.02 sec
[bwa_aln_core] 26214400 sequences have been processed.
[bwa_aln_core] calculate SA coordinate... 162.65 sec
[bwa_aln_core] write to the disk... 0.02 sec
[bwa_aln_core] 26476544 sequences have been processed.
[bwa_aln_core] calculate SA coordinate... 160.84 sec
[bwa_aln_core] write to the disk... 0.02 sec
[bwa_aln_core] 26738688 sequences have been processed.
[bwa_aln_core] calculate SA coordinate... 158.98 sec
[bwa_aln_core] write to the disk... 0.02 sec
[bwa_aln_core] 27000832 sequences have been processed.
[bwa_aln_core] calculate SA coordinate... 165.71 sec
[bwa_aln_core] write to the disk... 0.02 sec
[bwa_aln_core] 27262976 sequences have been processed.
[bwa_aln_core] calculate SA coordinate... 162.81 sec
[bwa_aln_core] write to the disk... 0.02 sec
[bwa_aln_core] 27525120 sequences have been processed.
[bwa_aln_core] calculate SA coordinate... 162.65 sec
[bwa_aln_core] write to the disk... 0.02 sec
[bwa_aln_core] 27787264 sequences have been processed.
[bwa_aln_core] calculate SA coordinate... 163.46 sec
[bwa_aln_core] write to the disk... 0.02 sec
[bwa_aln_core] 28049408 sequences have been processed.
[bwa_aln_core] calculate SA coordinate... 159.54 sec
[bwa_aln_core] write to the disk... 0.02 sec
[bwa_aln_core] 28311552 sequences have been processed.
[bwa_aln_core] calculate SA coordinate... 162.69 sec
[bwa_aln_core] write to the disk... 0.02 sec
[bwa_aln_core] 28573696 sequences have been processed.
[bwa_aln_core] calculate SA coordinate... 156.13 sec
[bwa_aln_core] write to the disk... 0.02 sec
[bwa_aln_core] 28835840 sequences have been processed.
[bwa_aln_core] calculate SA coordinate... 158.66 sec
[bwa_aln_core] write to the disk... 0.02 sec
[bwa_aln_core] 29097984 sequences have been processed.
[bwa_aln_core] calculate SA coordinate... 160.50 sec
[bwa_aln_core] write to the disk... 0.02 sec
[bwa_aln_core] 29360128 sequences have been processed.
[bwa_aln_core] calculate SA coordinate... 161.18 sec
[bwa_aln_core] write to the disk... 0.02 sec
[bwa_aln_core] 29622272 sequences have been processed.
[bwa_aln_core] calculate SA coordinate... 160.40 sec
[bwa_aln_core] write to the disk... 0.02 sec
[bwa_aln_core] 29884416 sequences have been processed.
[bwa_aln_core] calculate SA coordinate... 161.58 sec
[bwa_aln_core] write to the disk... 0.02 sec
[bwa_aln_core] 30146560 sequences have been processed.
[bwa_aln_core] calculate SA coordinate... 159.27 sec
[bwa_aln_core] write to the disk... 0.02 sec
[bwa_aln_core] 30408704 sequences have been processed.
[bwa_aln_core] calculate SA coordinate... 159.36 sec
[bwa_aln_core] write to the disk... 0.02 sec
[bwa_aln_core] 30670848 sequences have been processed.
[bwa_aln_core] calculate SA coordinate... 159.73 sec
[bwa_aln_core] write to the disk... 0.02 sec
[bwa_aln_core] 30932992 sequences have been processed.
[bwa_aln_core] calculate SA coordinate... 158.18 sec
[bwa_aln_core] write to the disk... 0.02 sec
[bwa_aln_core] 31195136 sequences have been processed.
[bwa_aln_core] calculate SA coordinate... 158.48 sec
[bwa_aln_core] write to the disk... 0.02 sec
[bwa_aln_core] 31457280 sequences have been processed.
[bwa_aln_core] calculate SA coordinate... 157.70 sec
[bwa_aln_core] write to the disk... 0.02 sec
[bwa_aln_core] 31719424 sequences have been processed.
[bwa_aln_core] calculate SA coordinate... 157.07 sec
[bwa_aln_core] write to the disk... 0.02 sec
[bwa_aln_core] 31981568 sequences have been processed.
[bwa_aln_core] calculate SA coordinate... 154.92 sec
[bwa_aln_core] write to the disk... 0.02 sec
[bwa_aln_core] 32243712 sequences have been processed.
[bwa_aln_core] calculate SA coordinate... 157.39 sec
[bwa_aln_core] write to the disk... 0.02 sec
[bwa_aln_core] 32505856 sequences have been processed.
[bwa_aln_core] calculate SA coordinate... 159.87 sec
[bwa_aln_core] write to the disk... 0.02 sec
[bwa_aln_core] 32768000 sequences have been processed.
[bwa_aln_core] calculate SA coordinate... 159.56 sec
[bwa_aln_core] write to the disk... 0.02 sec
[bwa_aln_core] 33030144 sequences have been processed.
[bwa_aln_core] calculate SA coordinate... 158.82 sec
[bwa_aln_core] write to the disk... 0.02 sec
[bwa_aln_core] 33292288 sequences have been processed.
[bwa_aln_core] calculate SA coordinate... 158.54 sec
[bwa_aln_core] write to the disk... 0.02 sec
[bwa_aln_core] 33554432 sequences have been processed.
[bwa_aln_core] calculate SA coordinate... 154.59 sec
[bwa_aln_core] write to the disk... 0.02 sec
[bwa_aln_core] 33816576 sequences have been processed.
[bwa_aln_core] calculate SA coordinate... 161.58 sec
[bwa_aln_core] write to the disk... 0.02 sec
[bwa_aln_core] 34078720 sequences have been processed.
[bwa_aln_core] calculate SA coordinate... 156.03 sec
[bwa_aln_core] write to the disk... 0.02 sec
[bwa_aln_core] 34340864 sequences have been processed.
[bwa_aln_core] calculate SA coordinate... 161.03 sec
[bwa_aln_core] write to the disk... 0.02 sec
[bwa_aln_core] 34603008 sequences have been processed.
[bwa_aln_core] calculate SA coordinate... 159.61 sec
[bwa_aln_core] write to the disk... 0.02 sec
[bwa_aln_core] 34865152 sequences have been processed.
[bwa_aln_core] calculate SA coordinate... 157.85 sec
[bwa_aln_core] write to the disk... 0.02 sec
[bwa_aln_core] 35127296 sequences have been processed.
[bwa_aln_core] calculate SA coordinate... 157.12 sec
[bwa_aln_core] write to the disk... 0.02 sec
[bwa_aln_core] 35389440 sequences have been processed.
[bwa_aln_core] calculate SA coordinate... 156.29 sec
[bwa_aln_core] write to the disk... 0.02 sec
[bwa_aln_core] 35651584 sequences have been processed.
[bwa_aln_core] calculate SA coordinate... 158.85 sec
[bwa_aln_core] write to the disk... 0.02 sec
[bwa_aln_core] 35913728 sequences have been processed.
[bwa_aln_core] calculate SA coordinate... 163.62 sec
[bwa_aln_core] write to the disk... 0.03 sec
[bwa_aln_core] 36175872 sequences have been processed.
[bwa_aln_core] calculate SA coordinate... 164.51 sec
[bwa_aln_core] write to the disk... 0.02 sec
[bwa_aln_core] 36438016 sequences have been processed.
[bwa_aln_core] calculate SA coordinate... 162.35 sec
[bwa_aln_core] write to the disk... 0.02 sec
[bwa_aln_core] 36700160 sequences have been processed.
[bwa_aln_core] calculate SA coordinate... 162.92 sec
[bwa_aln_core] write to the disk... 0.02 sec
[bwa_aln_core] 36962304 sequences have been processed.
[bwa_aln_core] calculate SA coordinate... 162.26 sec
[bwa_aln_core] write to the disk... 0.02 sec
[bwa_aln_core] 37224448 sequences have been processed.
[bwa_aln_core] calculate SA coordinate... 159.36 sec
[bwa_aln_core] write to the disk... 0.02 sec
[bwa_aln_core] 37486592 sequences have been processed.
[bwa_aln_core] calculate SA coordinate... 162.88 sec
[bwa_aln_core] write to the disk... 0.02 sec
[bwa_aln_core] 37748736 sequences have been processed.
[bwa_aln_core] calculate SA coordinate... 170.39 sec
[bwa_aln_core] write to the disk... 0.02 sec
[bwa_aln_core] 38010880 sequences have been processed.
[bwa_aln_core] calculate SA coordinate... 170.94 sec
[bwa_aln_core] write to the disk... 0.02 sec
[bwa_aln_core] 38273024 sequences have been processed.
[bwa_aln_core] calculate SA coordinate... 168.62 sec
[bwa_aln_core] write to the disk... 0.02 sec
[bwa_aln_core] 38535168 sequences have been processed.
[bwa_aln_core] calculate SA coordinate... 169.10 sec
[bwa_aln_core] write to the disk... 0.02 sec
[bwa_aln_core] 38797312 sequences have been processed.
[bwa_aln_core] calculate SA coordinate... 163.17 sec
[bwa_aln_core] write to the disk... 0.02 sec
[bwa_aln_core] 39059456 sequences have been processed.
[bwa_aln_core] calculate SA coordinate... 164.53 sec
[bwa_aln_core] write to the disk... 0.02 sec
[bwa_aln_core] 39321600 sequences have been processed.
[bwa_aln_core] calculate SA coordinate... 163.74 sec
[bwa_aln_core] write to the disk... 0.02 sec
[bwa_aln_core] 39583744 sequences have been processed.
[bwa_aln_core] calculate SA coordinate... 165.29 sec
[bwa_aln_core] write to the disk... 0.02 sec
[bwa_aln_core] 39845888 sequences have been processed.
[bwa_aln_core] calculate SA coordinate... 163.07 sec
[bwa_aln_core] write to the disk... 0.02 sec
[bwa_aln_core] 40108032 sequences have been processed.
[bwa_aln_core] calculate SA coordinate... 167.37 sec
[bwa_aln_core] write to the disk... 0.02 sec
[bwa_aln_core] 40370176 sequences have been processed.
[bwa_aln_core] calculate SA coordinate... 164.33 sec
[bwa_aln_core] write to the disk... 0.02 sec
[bwa_aln_core] 40632320 sequences have been processed.
[bwa_aln_core] calculate SA coordinate... 166.54 sec
[bwa_aln_core] write to the disk... 0.02 sec
[bwa_aln_core] 40894464 sequences have been processed.
[bwa_aln_core] calculate SA coordinate... 165.73 sec
[bwa_aln_core] write to the disk... 0.02 sec
[bwa_aln_core] 41156608 sequences have been processed.
[bwa_aln_core] calculate SA coordinate... 168.14 sec
[bwa_aln_core] write to the disk... 0.02 sec
[bwa_aln_core] 41418752 sequences have been processed.
[bwa_aln_core] calculate SA coordinate... 167.33 sec
[bwa_aln_core] write to the disk... 0.02 sec
[bwa_aln_core] 41680896 sequences have been processed.
[bwa_aln_core] calculate SA coordinate... 167.14 sec
[bwa_aln_core] write to the disk... 0.02 sec
[bwa_aln_core] 41943040 sequences have been processed.
[bwa_aln_core] calculate SA coordinate... 165.70 sec
[bwa_aln_core] write to the disk... 0.02 sec
[bwa_aln_core] 42205184 sequences have been processed.
[bwa_aln_core] calculate SA coordinate... 165.95 sec
[bwa_aln_core] write to the disk... 0.02 sec
[bwa_aln_core] 42467328 sequences have been processed.
[bwa_aln_core] calculate SA coordinate... 166.50 sec
[bwa_aln_core] write to the disk... 0.02 sec
[bwa_aln_core] 42729472 sequences have been processed.
[bwa_aln_core] calculate SA coordinate... 164.32 sec
[bwa_aln_core] write to the disk... 0.02 sec
[bwa_aln_core] 42991616 sequences have been processed.
[bwa_aln_core] calculate SA coordinate... 166.15 sec
[bwa_aln_core] write to the disk... 0.02 sec
[bwa_aln_core] 43253760 sequences have been processed.
[bwa_aln_core] calculate SA coordinate... 164.15 sec
[bwa_aln_core] write to the disk... 0.02 sec
[bwa_aln_core] 43515904 sequences have been processed.
[bwa_aln_core] calculate SA coordinate... 165.95 sec
[bwa_aln_core] write to the disk... 0.02 sec
[bwa_aln_core] 43778048 sequences have been processed.
[bwa_aln_core] calculate SA coordinate... 164.02 sec
[bwa_aln_core] write to the disk... 0.02 sec
[bwa_aln_core] 44040192 sequences have been processed.
[bwa_aln_core] calculate SA coordinate... 162.40 sec
[bwa_aln_core] write to the disk... 0.02 sec
[bwa_aln_core] 44302336 sequences have been processed.
[bwa_aln_core] calculate SA coordinate... 163.61 sec
[bwa_aln_core] write to the disk... 0.02 sec
[bwa_aln_core] 44564480 sequences have been processed.
[bwa_aln_core] calculate SA coordinate... 165.56 sec
[bwa_aln_core] write to the disk... 0.02 sec
[bwa_aln_core] 44826624 sequences have been processed.
[bwa_aln_core] calculate SA coordinate... 163.13 sec
[bwa_aln_core] write to the disk... 0.02 sec
[bwa_aln_core] 45088768 sequences have been processed.
[bwa_aln_core] calculate SA coordinate... 165.37 sec
[bwa_aln_core] write to the disk... 0.02 sec
[bwa_aln_core] 45350912 sequences have been processed.
[bwa_aln_core] calculate SA coordinate... 161.45 sec
[bwa_aln_core] write to the disk... 0.02 sec
[bwa_aln_core] 45613056 sequences have been processed.
[bwa_aln_core] calculate SA coordinate... 167.92 sec
[bwa_aln_core] write to the disk... 0.02 sec
[bwa_aln_core] 45875200 sequences have been processed.
[bwa_aln_core] calculate SA coordinate... 166.60 sec
[bwa_aln_core] write to the disk... 0.02 sec
[bwa_aln_core] 46137344 sequences have been processed.
[bwa_aln_core] calculate SA coordinate... 168.56 sec
[bwa_aln_core] write to the disk... 0.02 sec
[bwa_aln_core] 46399488 sequences have been processed.
[bwa_aln_core] calculate SA coordinate... 163.83 sec
[bwa_aln_core] write to the disk... 0.02 sec
[bwa_aln_core] 46661632 sequences have been processed.
[bwa_aln_core] calculate SA coordinate... 163.55 sec
[bwa_aln_core] write to the disk... 0.02 sec
[bwa_aln_core] 46923776 sequences have been processed.
[bwa_aln_core] calculate SA coordinate... 162.62 sec
[bwa_aln_core] write to the disk... 0.02 sec
[bwa_aln_core] 47185920 sequences have been processed.
[bwa_aln_core] calculate SA coordinate... 166.55 sec
[bwa_aln_core] write to the disk... 0.02 sec
[bwa_aln_core] 47448064 sequences have been processed.
[bwa_aln_core] calculate SA coordinate... 164.53 sec
[bwa_aln_core] write to the disk... 0.02 sec
[bwa_aln_core] 47710208 sequences have been processed.
[bwa_aln_core] calculate SA coordinate... 162.71 sec
[bwa_aln_core] write to the disk... 0.02 sec
[bwa_aln_core] 47972352 sequences have been processed.
[bwa_aln_core] calculate SA coordinate... 162.42 sec
[bwa_aln_core] write to the disk... 0.02 sec
[bwa_aln_core] 48234496 sequences have been processed.
[bwa_aln_core] calculate SA coordinate... 166.37 sec
[bwa_aln_core] write to the disk... 0.02 sec
[bwa_aln_core] 48496640 sequences have been processed.
[bwa_aln_core] calculate SA coordinate... 165.54 sec
[bwa_aln_core] write to the disk... 0.02 sec
[bwa_aln_core] 48758784 sequences have been processed.
[bwa_aln_core] calculate SA coordinate... 163.47 sec
[bwa_aln_core] write to the disk... 0.02 sec
[bwa_aln_core] 49020928 sequences have been processed.
[bwa_aln_core] calculate SA coordinate... 165.00 sec
[bwa_aln_core] write to the disk... 0.02 sec
[bwa_aln_core] 49283072 sequences have been processed.
[bwa_aln_core] calculate SA coordinate... 162.56 sec
[bwa_aln_core] write to the disk... 0.02 sec
[bwa_aln_core] 49545216 sequences have been processed.
[bwa_aln_core] calculate SA coordinate... 162.99 sec
[bwa_aln_core] write to the disk... 0.02 sec
[bwa_aln_core] 49807360 sequences have been processed.
[bwa_aln_core] calculate SA coordinate... 166.17 sec
[bwa_aln_core] write to the disk... 0.02 sec
[bwa_aln_core] 50069504 sequences have been processed.
[bwa_aln_core] calculate SA coordinate... 172.53 sec
[bwa_aln_core] write to the disk... 0.02 sec
[bwa_aln_core] 50331648 sequences have been processed.
[bwa_aln_core] calculate SA coordinate... 172.00 sec
[bwa_aln_core] write to the disk... 0.02 sec
[bwa_aln_core] 50593792 sequences have been processed.
[bwa_aln_core] calculate SA coordinate... 163.71 sec
[bwa_aln_core] write to the disk... 0.02 sec
[bwa_aln_core] 50855936 sequences have been processed.
[bwa_aln_core] calculate SA coordinate... 168.19 sec
[bwa_aln_core] write to the disk... 0.02 sec
[bwa_aln_core] 51118080 sequences have been processed.
[bwa_aln_core] calculate SA coordinate... 172.29 sec
[bwa_aln_core] write to the disk... 0.02 sec
[bwa_aln_core] 51380224 sequences have been processed.
[bwa_aln_core] calculate SA coordinate... 165.94 sec
[bwa_aln_core] write to the disk... 0.02 sec
[bwa_aln_core] 51642368 sequences have been processed.
[bwa_aln_core] calculate SA coordinate... 164.73 sec
[bwa_aln_core] write to the disk... 0.02 sec
[bwa_aln_core] 51904512 sequences have been processed.
[bwa_aln_core] calculate SA coordinate... 161.40 sec
[bwa_aln_core] write to the disk... 0.02 sec
[bwa_aln_core] 52166656 sequences have been processed.
[bwa_aln_core] calculate SA coordinate... 167.27 sec
[bwa_aln_core] write to the disk... 0.02 sec
[bwa_aln_core] 52428800 sequences have been processed.
[bwa_aln_core] calculate SA coordinate... 177.54 sec
[bwa_aln_core] write to the disk... 0.02 sec
[bwa_aln_core] 52690944 sequences have been processed.
[bwa_aln_core] calculate SA coordinate... 173.91 sec
[bwa_aln_core] write to the disk... 0.02 sec
[bwa_aln_core] 52953088 sequences have been processed.
[bwa_aln_core] calculate SA coordinate... 174.80 sec
[bwa_aln_core] write to the disk... 0.02 sec
[bwa_aln_core] 53215232 sequences have been processed.
[bwa_aln_core] calculate SA coordinate... 179.68 sec
[bwa_aln_core] write to the disk... 0.02 sec
[bwa_aln_core] 53477376 sequences have been processed.
[bwa_aln_core] calculate SA coordinate... 177.71 sec
[bwa_aln_core] write to the disk... 0.02 sec
[bwa_aln_core] 53739520 sequences have been processed.
[bwa_aln_core] calculate SA coordinate... 173.70 sec
[bwa_aln_core] write to the disk... 0.02 sec
[bwa_aln_core] 54001664 sequences have been processed.
[bwa_aln_core] calculate SA coordinate... 177.87 sec
[bwa_aln_core] write to the disk... 0.02 sec
[bwa_aln_core] 54263808 sequences have been processed.
[bwa_aln_core] calculate SA coordinate... 172.49 sec
[bwa_aln_core] write to the disk... 0.02 sec
[bwa_aln_core] 54525952 sequences have been processed.
[bwa_aln_core] calculate SA coordinate... 175.57 sec
[bwa_aln_core] write to the disk... 0.02 sec
[bwa_aln_core] 54788096 sequences have been processed.
[bwa_aln_core] calculate SA coordinate... 178.80 sec
[bwa_aln_core] write to the disk... 0.02 sec
[bwa_aln_core] 55050240 sequences have been processed.
[bwa_aln_core] calculate SA coordinate... 175.40 sec
[bwa_aln_core] write to the disk... 0.02 sec
[bwa_aln_core] 55312384 sequences have been processed.
[bwa_aln_core] calculate SA coordinate... 174.26 sec
[bwa_aln_core] write to the disk... 0.02 sec
[bwa_aln_core] 55574528 sequences have been processed.
[bwa_aln_core] calculate SA coordinate... 170.67 sec
[bwa_aln_core] write to the disk... 0.02 sec
[bwa_aln_core] 55836672 sequences have been processed.
[bwa_aln_core] calculate SA coordinate... 173.45 sec
[bwa_aln_core] write to the disk... 0.02 sec
[bwa_aln_core] 56098816 sequences have been processed.
[bwa_aln_core] calculate SA coordinate... 169.55 sec
[bwa_aln_core] write to the disk... 0.02 sec
[bwa_aln_core] 56360960 sequences have been processed.
[bwa_aln_core] calculate SA coordinate... 166.98 sec
[bwa_aln_core] write to the disk... 0.02 sec
[bwa_aln_core] 56623104 sequences have been processed.
[bwa_aln_core] calculate SA coordinate... 171.07 sec
[bwa_aln_core] write to the disk... 0.02 sec
[bwa_aln_core] 56885248 sequences have been processed.
[bwa_aln_core] calculate SA coordinate... 168.37 sec
[bwa_aln_core] write to the disk... 0.02 sec
[bwa_aln_core] 57147392 sequences have been processed.
[bwa_aln_core] calculate SA coordinate... 168.73 sec
[bwa_aln_core] write to the disk... 0.02 sec
[bwa_aln_core] 57409536 sequences have been processed.
[bwa_aln_core] calculate SA coordinate... 163.85 sec
[bwa_aln_core] write to the disk... 0.02 sec
[bwa_aln_core] 57671680 sequences have been processed.
[bwa_aln_core] calculate SA coordinate... 169.21 sec
[bwa_aln_core] write to the disk... 0.02 sec
[bwa_aln_core] 57933824 sequences have been processed.
[bwa_aln_core] calculate SA coordinate... 168.30 sec
[bwa_aln_core] write to the disk... 0.02 sec
[bwa_aln_core] 58195968 sequences have been processed.
[bwa_aln_core] calculate SA coordinate... 163.86 sec
[bwa_aln_core] write to the disk... 0.02 sec
[bwa_aln_core] 58458112 sequences have been processed.
[bwa_aln_core] calculate SA coordinate... 165.45 sec
[bwa_aln_core] write to the disk... 0.02 sec
[bwa_aln_core] 58720256 sequences have been processed.
[bwa_aln_core] calculate SA coordinate... 161.24 sec
[bwa_aln_core] write to the disk... 0.02 sec
[bwa_aln_core] 58982400 sequences have been processed.
[bwa_aln_core] calculate SA coordinate... 163.22 sec
[bwa_aln_core] write to the disk... 0.02 sec
[bwa_aln_core] 59244544 sequences have been processed.
[bwa_aln_core] calculate SA coordinate... 164.28 sec
[bwa_aln_core] write to the disk... 0.02 sec
[bwa_aln_core] 59506688 sequences have been processed.
[bwa_aln_core] calculate SA coordinate... 164.25 sec
[bwa_aln_core] write to the disk... 0.02 sec
[bwa_aln_core] 59768832 sequences have been processed.
[bwa_aln_core] calculate SA coordinate... 