[bwa_aln] 17bp reads: max_diff = 2
[bwa_aln] 22bp reads: max_diff = 3
[bwa_aln] 42bp reads: max_diff = 4
[bwa_aln] 64bp reads: max_diff = 5
[bwa_aln] 90bp reads: max_diff = 6
[bwa_aln] 117bp reads: max_diff = 7
[bwa_aln] 146bp reads: max_diff = 8
[bwa_aln] 176bp reads: max_diff = 9
[bwa_aln] 207bp reads: max_diff = 10
[bwa_aln] 239bp reads: max_diff = 11
[bwa_aln_core] calculate SA coordinate... 128.59 sec
[bwa_aln_core] write to the disk... 0.04 sec
[bwa_aln_core] 262144 sequences have been processed.
[bwa_aln_core] calculate SA coordinate... 120.91 sec
[bwa_aln_core] write to the disk... 0.03 sec
[bwa_aln_core] 524288 sequences have been processed.
[bwa_aln_core] calculate SA coordinate... 117.02 sec
[bwa_aln_core] write to the disk... 0.04 sec
[bwa_aln_core] 786432 sequences have been processed.
[bwa_aln_core] calculate SA coordinate... 116.09 sec
[bwa_aln_core] write to the disk... 0.03 sec
[bwa_aln_core] 1048576 sequences have been processed.
[bwa_aln_core] calculate SA coordinate... 112.95 sec
[bwa_aln_core] write to the disk... 0.03 sec
[bwa_aln_core] 1310720 sequences have been processed.
[bwa_aln_core] calculate SA coordinate... 114.40 sec
[bwa_aln_core] write to the disk... 0.02 sec
[bwa_aln_core] 1572864 sequences have been processed.
[bwa_aln_core] calculate SA coordinate... 112.65 sec
[bwa_aln_core] write to the disk... 0.03 sec
[bwa_aln_core] 1835008 sequences have been processed.
[bwa_aln_core] calculate SA coordinate... 112.58 sec
[bwa_aln_core] write to the disk... 0.03 sec
[bwa_aln_core] 2097152 sequences have been processed.
[bwa_aln_core] calculate SA coordinate... 116.23 sec
[bwa_aln_core] write to the disk... 0.03 sec
[bwa_aln_core] 2359296 sequences have been processed.
[bwa_aln_core] calculate SA coordinate... 114.52 sec
[bwa_aln_core] write to the disk... 0.03 sec
[bwa_aln_core] 2621440 sequences have been processed.
[bwa_aln_core] calculate SA coordinate... 113.72 sec
[bwa_aln_core] write to the disk... 0.02 sec
[bwa_aln_core] 2883584 sequences have been processed.
[bwa_aln_core] calculate SA coordinate... 113.62 sec
[bwa_aln_core] write to the disk... 0.03 sec
[bwa_aln_core] 3145728 sequences have been processed.
[bwa_aln_core] calculate SA coordinate... 111.97 sec
[bwa_aln_core] write to the disk... 0.03 sec
[bwa_aln_core] 3407872 sequences have been processed.
[bwa_aln_core] calculate SA coordinate... 111.87 sec
[bwa_aln_core] write to the disk... 0.03 sec
[bwa_aln_core] 3670016 sequences have been processed.
[bwa_aln_core] calculate SA coordinate... 112.40 sec
[bwa_aln_core] write to the disk... 0.03 sec
[bwa_aln_core] 3932160 sequences have been processed.
[bwa_aln_core] calculate SA coordinate... 115.55 sec
[bwa_aln_core] write to the disk... 0.03 sec
[bwa_aln_core] 4194304 sequences have been processed.
[bwa_aln_core] calculate SA coordinate... 111.21 sec
[bwa_aln_core] write to the disk... 0.04 sec
[bwa_aln_core] 4456448 sequences have been processed.
[bwa_aln_core] calculate SA coordinate... 109.83 sec
[bwa_aln_core] write to the disk... 0.02 sec
[bwa_aln_core] 4718592 sequences have been processed.
[bwa_aln_core] calculate SA coordinate... 115.48 sec
[bwa_aln_core] write to the disk... 0.03 sec
[bwa_aln_core] 4980736 sequences have been processed.
[bwa_aln_core] calculate SA coordinate... 109.61 sec
[bwa_aln_core] write to the disk... 0.03 sec
[bwa_aln_core] 5242880 sequences have been processed.
[bwa_aln_core] calculate SA coordinate... 114.33 sec
[bwa_aln_core] write to the disk... 0.03 sec
[bwa_aln_core] 5505024 sequences have been processed.
[bwa_aln_core] calculate SA coordinate... 109.51 sec
[bwa_aln_core] write to the disk... 0.03 sec
[bwa_aln_core] 5767168 sequences have been processed.
[bwa_aln_core] calculate SA coordinate... 111.59 sec
[bwa_aln_core] write to the disk... 0.02 sec
[bwa_aln_core] 6029312 sequences have been processed.
[bwa_aln_core] calculate SA coordinate... 107.64 sec
[bwa_aln_core] write to the disk... 0.03 sec
[bwa_aln_core] 6291456 sequences have been processed.
[bwa_aln_core] calculate SA coordinate... 109.31 sec
[bwa_aln_core] write to the disk... 0.02 sec
[bwa_aln_core] 6553600 sequences have been processed.
[bwa_aln_core] calculate SA coordinate... 110.15 sec
[bwa_aln_core] write to the disk... 0.03 sec
[bwa_aln_core] 6815744 sequences have been processed.
[bwa_aln_core] calculate SA coordinate... 111.30 sec
[bwa_aln_core] write to the disk... 0.02 sec
[bwa_aln_core] 7077888 sequences have been processed.
[bwa_aln_core] calculate SA coordinate... 108.05 sec
[bwa_aln_core] write to the disk... 0.03 sec
[bwa_aln_core] 7340032 sequences have been processed.
[bwa_aln_core] calculate SA coordinate... 111.45 sec
[bwa_aln_core] write to the disk... 0.03 sec
[bwa_aln_core] 7602176 sequences have been processed.
[bwa_aln_core] calculate SA coordinate... 110.24 sec
[bwa_aln_core] write to the disk... 0.03 sec
[bwa_aln_core] 7864320 sequences have been processed.
[bwa_aln_core] calculate SA coordinate... 109.47 sec
[bwa_aln_core] write to the disk... 0.03 sec
[bwa_aln_core] 8126464 sequences have been processed.
[bwa_aln_core] calculate SA coordinate... 108.98 sec
[bwa_aln_core] write to the disk... 0.03 sec
[bwa_aln_core] 8388608 sequences have been processed.
[bwa_aln_core] calculate SA coordinate... 107.65 sec
[bwa_aln_core] write to the disk... 0.03 sec
[bwa_aln_core] 8650752 sequences have been processed.
[bwa_aln_core] calculate SA coordinate... 107.47 sec
[bwa_aln_core] write to the disk... 0.03 sec
[bwa_aln_core] 8912896 sequences have been processed.
[bwa_aln_core] calculate SA coordinate... 107.72 sec
[bwa_aln_core] write to the disk... 0.04 sec
[bwa_aln_core] 9175040 sequences have been processed.
[bwa_aln_core] calculate SA coordinate... 108.55 sec
[bwa_aln_core] write to the disk... 0.02 sec
[bwa_aln_core] 9437184 sequences have been processed.
[bwa_aln_core] calculate SA coordinate... 107.47 sec
[bwa_aln_core] write to the disk... 0.03 sec
[bwa_aln_core] 9699328 sequences have been processed.
[bwa_aln_core] calculate SA coordinate... 107.31 sec
[bwa_aln_core] write to the disk... 0.02 sec
[bwa_aln_core] 9961472 sequences have been processed.
[bwa_aln_core] calculate SA coordinate... 107.34 sec
[bwa_aln_core] write to the disk... 0.02 sec
[bwa_aln_core] 10223616 sequences have been processed.
[bwa_aln_core] calculate SA coordinate... 108.71 sec
[bwa_aln_core] write to the disk... 0.02 sec
[bwa_aln_core] 10485760 sequences have been processed.
[bwa_aln_core] calculate SA coordinate... 103.60 sec
[bwa_aln_core] write to the disk... 0.03 sec
[bwa_aln_core] 10747904 sequences have been processed.
[bwa_aln_core] calculate SA coordinate... 107.32 sec
[bwa_aln_core] write to the disk... 0.03 sec
[bwa_aln_core] 11010048 sequences have been processed.
[bwa_aln_core] calculate SA coordinate... 106.20 sec
[bwa_aln_core] write to the disk... 0.03 sec
[bwa_aln_core] 11272192 sequences have been processed.
[bwa_aln_core] calculate SA coordinate... 112.15 sec
[bwa_aln_core] write to the disk... 0.02 sec
[bwa_aln_core] 11534336 sequences have been processed.
[bwa_aln_core] calculate SA coordinate... 105.33 sec
[bwa_aln_core] write to the disk... 0.02 sec
[bwa_aln_core] 11796480 sequences have been processed.
[bwa_aln_core] calculate SA coordinate... 105.03 sec
[bwa_aln_core] write to the disk... 0.02 sec
[bwa_aln_core] 12058624 sequences have been processed.
[bwa_aln_core] calculate SA coordinate... 112.04 sec
[bwa_aln_core] write to the disk... 0.03 sec
[bwa_aln_core] 12320768 sequences have been processed.
[bwa_aln_core] calculate SA coordinate... 105.27 sec
[bwa_aln_core] write to the disk... 0.04 sec
[bwa_aln_core] 12582912 sequences have been processed.
[bwa_aln_core] calculate SA coordinate... 104.34 sec
[bwa_aln_core] write to the disk... 0.02 sec
[bwa_aln_core] 12845056 sequences have been processed.
[bwa_aln_core] calculate SA coordinate... 105.53 sec
[bwa_aln_core] write to the disk... 0.03 sec
[bwa_aln_core] 13107200 sequences have been processed.
[bwa_aln_core] calculate SA coordinate... 107.87 sec
[bwa_aln_core] write to the disk... 0.03 sec
[bwa_aln_core] 13369344 sequences have been processed.
[bwa_aln_core] calculate SA coordinate... 104.37 sec
[bwa_aln_core] write to the disk... 0.02 sec
[bwa_aln_core] 13631488 sequences have been processed.
[bwa_aln_core] calculate SA coordinate... 110.49 sec
[bwa_aln_core] write to the disk... 0.03 sec
[bwa_aln_core] 13893632 sequences have been processed.
[bwa_aln_core] calculate SA coordinate... 107.79 sec
[bwa_aln_core] write to the disk... 0.03 sec
[bwa_aln_core] 14155776 sequences have been processed.
[bwa_aln_core] calculate SA coordinate... 104.80 sec
[bwa_aln_core] write to the disk... 0.03 sec
[bwa_aln_core] 14417920 sequences have been processed.
[bwa_aln_core] calculate SA coordinate... 106.19 sec
[bwa_aln_core] write to the disk... 0.02 sec
[bwa_aln_core] 14680064 sequences have been processed.
[bwa_aln_core] calculate SA coordinate... 103.44 sec
[bwa_aln_core] write to the disk... 0.03 sec
[bwa_aln_core] 14942208 sequences have been processed.
[bwa_aln_core] calculate SA coordinate... 104.57 sec
[bwa_aln_core] write to the disk... 0.02 sec
[bwa_aln_core] 15204352 sequences have been processed.
[bwa_aln_core] calculate SA coordinate... 105.96 sec
[bwa_aln_core] write to the disk... 0.03 sec
[bwa_aln_core] 15466496 sequences have been processed.
[bwa_aln_core] calculate SA coordinate... 107.86 sec
[bwa_aln_core] write to the disk... 0.03 sec
[bwa_aln_core] 15728640 sequences have been processed.
[bwa_aln_core] calculate SA coordinate... 106.15 sec
[bwa_aln_core] write to the disk... 0.02 sec
[bwa_aln_core] 15990784 sequences have been processed.
[bwa_aln_core] calculate SA coordinate... 105.99 sec
[bwa_aln_core] write to the disk... 0.03 sec
[bwa_aln_core] 16252928 sequences have been processed.
[bwa_aln_core] calculate SA coordinate... 107.65 sec
[bwa_aln_core] write to the disk... 0.03 sec
[bwa_aln_core] 16515072 sequences have been processed.
[bwa_aln_core] calculate SA coordinate... 102.78 sec
[bwa_aln_core] write to the disk... 0.03 sec
[bwa_aln_core] 16777216 sequences have been processed.
[bwa_aln_core] calculate SA coordinate... 110.47 sec
[bwa_aln_core] write to the disk... 0.03 sec
[bwa_aln_core] 17039360 sequences have been processed.
[bwa_aln_core] calculate SA coordinate... 108.16 sec
[bwa_aln_core] write to the disk... 0.02 sec
[bwa_aln_core] 17301504 sequences have been processed.
[bwa_aln_core] calculate SA coordinate... 111.23 sec
[bwa_aln_core] write to the disk... 0.03 sec
[bwa_aln_core] 17563648 sequences have been processed.
[bwa_aln_core] calculate SA coordinate... 108.96 sec
[bwa_aln_core] write to the disk... 0.03 sec
[bwa_aln_core] 17825792 sequences have been processed.
[bwa_aln_core] calculate SA coordinate... 108.62 sec
[bwa_aln_core] write to the disk... 0.02 sec
[bwa_aln_core] 18087936 sequences have been processed.
[bwa_aln_core] calculate SA coordinate... 105.11 sec
[bwa_aln_core] write to the disk... 0.03 sec
[bwa_aln_core] 18350080 sequences have been processed.
[bwa_aln_core] calculate SA coordinate... 107.09 sec
[bwa_aln_core] write to the disk... 0.02 sec
[bwa_aln_core] 18612224 sequences have been processed.
[bwa_aln_core] calculate SA coordinate... 106.82 sec
[bwa_aln_core] write to the disk... 0.03 sec
[bwa_aln_core] 18874368 sequences have been processed.
[bwa_aln_core] calculate SA coordinate... 108.82 sec
[bwa_aln_core] write to the disk... 0.03 sec
[bwa_aln_core] 19136512 sequences have been processed.
[bwa_aln_core] calculate SA coordinate... 107.89 sec
[bwa_aln_core] write to the disk... 0.02 sec
[bwa_aln_core] 19398656 sequences have been processed.
[bwa_aln_core] calculate SA coordinate... 107.45 sec
[bwa_aln_core] write to the disk... 0.03 sec
[bwa_aln_core] 19660800 sequences have been processed.
[bwa_aln_core] calculate SA coordinate... 105.70 sec
[bwa_aln_core] write to the disk... 0.03 sec
[bwa_aln_core] 19922944 sequences have been processed.
[bwa_aln_core] calculate SA coordinate... 101.79 sec
[bwa_aln_core] write to the disk... 0.02 sec
[bwa_aln_core] 20185088 sequences have been processed.
[bwa_aln_core] calculate SA coordinate... 103.49 sec
[bwa_aln_core] write to the disk... 0.03 sec
[bwa_aln_core] 20447232 sequences have been processed.
[bwa_aln_core] calculate SA coordinate... 104.89 sec
[bwa_aln_core] write to the disk... 0.03 sec
[bwa_aln_core] 20709376 sequences have been processed.
[bwa_aln_core] calculate SA coordinate... 101.97 sec
[bwa_aln_core] write to the disk... 0.03 sec
[bwa_aln_core] 20971520 sequences have been processed.
[bwa_aln_core] calculate SA coordinate... 104.38 sec
[bwa_aln_core] write to the disk... 0.03 sec
[bwa_aln_core] 21233664 sequences have been processed.
[bwa_aln_core] calculate SA coordinate... 104.95 sec
[bwa_aln_core] write to the disk... 0.02 sec
[bwa_aln_core] 21495808 sequences have been processed.
[bwa_aln_core] calculate SA coordinate... 104.07 sec
[bwa_aln_core] write to the disk... 0.03 sec
[bwa_aln_core] 21757952 sequences have been processed.
[bwa_aln_core] calculate SA coordinate... 104.21 sec
[bwa_aln_core] write to the disk... 0.03 sec
[bwa_aln_core] 22020096 sequences have been processed.
[bwa_aln_core] calculate SA coordinate... 104.83 sec
[bwa_aln_core] write to the disk... 0.03 sec
[bwa_aln_core] 22282240 sequences have been processed.
[bwa_aln_core] calculate SA coordinate... 102.04 sec
[bwa_aln_core] write to the disk... 0.03 sec
[bwa_aln_core] 22544384 sequences have been processed.
[bwa_aln_core] calculate SA coordinate... 101.81 sec
[bwa_aln_core] write to the disk... 0.03 sec
[bwa_aln_core] 22806528 sequences have been processed.
[bwa_aln_core] calculate SA coordinate... 102.90 sec
[bwa_aln_core] write to the disk... 0.03 sec
[bwa_aln_core] 23068672 sequences have been processed.
[bwa_aln_core] calculate SA coordinate... 102.89 sec
[bwa_aln_core] write to the disk... 0.02 sec
[bwa_aln_core] 23330816 sequences have been processed.
[bwa_aln_core] calculate SA coordinate... 103.08 sec
[bwa_aln_core] write to the disk... 0.03 sec
[bwa_aln_core] 23592960 sequences have been processed.
[bwa_aln_core] calculate SA coordinate... 107.41 sec
[bwa_aln_core] write to the disk... 0.03 sec
[bwa_aln_core] 23855104 sequences have been processed.
[bwa_aln_core] calculate SA coordinate... 109.76 sec
[bwa_aln_core] write to the disk... 0.03 sec
[bwa_aln_core] 24117248 sequences have been processed.
[bwa_aln_core] calculate SA coordinate... 107.93 sec
[bwa_aln_core] write to the disk... 0.03 sec
[bwa_aln_core] 24379392 sequences have been processed.
[bwa_aln_core] calculate SA coordinate... 104.80 sec
[bwa_aln_core] write to the disk... 0.02 sec
[bwa_aln_core] 24641536 sequences have been processed.
[bwa_aln_core] calculate SA coordinate... 108.81 sec
[bwa_aln_core] write to the disk... 0.02 sec
[bwa_aln_core] 24903680 sequences have been processed.
[bwa_aln_core] calculate SA coordinate... 103.43 sec
[bwa_aln_core] write to the disk... 0.03 sec
[bwa_aln_core] 25165824 sequences have been processed.
[bwa_aln_core] calculate SA coordinate... 104.46 sec
[bwa_aln_core] write to the disk... 0.02 sec
[bwa_aln_core] 25427968 sequences have been processed.
[bwa_aln_core] calculate SA coordinate... 103.18 sec
[bwa_aln_core] write to the disk... 0.02 sec
[bwa_aln_core] 25690112 sequences have been processed.
[bwa_aln_core] calculate SA coordinate... 102.83 sec
[bwa_aln_core] write to the disk... 0.02 sec
[bwa_aln_core] 25952256 sequences have been processed.
[bwa_aln_core] calculate SA coordinate... 104.26 sec
[bwa_aln_core] write to the disk... 0.02 sec
[bwa_aln_core] 26214400 sequences have been processed.
[bwa_aln_core] calculate SA coordinate... 104.75 sec
[bwa_aln_core] write to the disk... 0.02 sec
[bwa_aln_core] 26476544 sequences have been processed.
[bwa_aln_core] calculate SA coordinate... 102.34 sec
[bwa_aln_core] write to the disk... 0.02 sec
[bwa_aln_core] 26738688 sequences have been processed.
[bwa_aln_core] calculate SA coordinate... 100.69 sec
[bwa_aln_core] write to the disk... 0.02 sec
[bwa_aln_core] 27000832 sequences have been processed.
[bwa_aln_core] calculate SA coordinate... 103.01 sec
[bwa_aln_core] write to the disk... 0.02 sec
[bwa_aln_core] 27262976 sequences have been processed.
[bwa_aln_core] calculate SA coordinate... 100.70 sec
[bwa_aln_core] write to the disk... 0.02 sec
[bwa_aln_core] 27525120 sequences have been processed.
[bwa_aln_core] calculate SA coordinate... 103.17 sec
[bwa_aln_core] write to the disk... 0.02 sec
[bwa_aln_core] 27787264 sequences have been processed.
[bwa_aln_core] calculate SA coordinate... 102.06 sec
[bwa_aln_core] write to the disk... 0.02 sec
[bwa_aln_core] 28049408 sequences have been processed.
[bwa_aln_core] calculate SA coordinate... 100.95 sec
[bwa_aln_core] write to the disk... 0.02 sec
[bwa_aln_core] 28311552 sequences have been processed.
[bwa_aln_core] calculate SA coordinate... 104.11 sec
[bwa_aln_core] write to the disk... 0.03 sec
[bwa_aln_core] 28573696 sequences have been processed.
[bwa_aln_core] calculate SA coordinate... 101.45 sec
[bwa_aln_core] write to the disk... 0.02 sec
[bwa_aln_core] 28835840 sequences have been processed.
[bwa_aln_core] calculate SA coordinate... 104.14 sec
[bwa_aln_core] write to the disk... 0.02 sec
[bwa_aln_core] 29097984 sequences have been processed.
[bwa_aln_core] calculate SA coordinate... 102.12 sec
[bwa_aln_core] write to the disk... 0.03 sec
[bwa_aln_core] 29360128 sequences have been processed.
[bwa_aln_core] calculate SA coordinate... 105.30 sec
[bwa_aln_core] write to the disk... 0.02 sec
[bwa_aln_core] 29622272 sequences have been processed.
[bwa_aln_core] calculate SA coordinate... 101.24 sec
[bwa_aln_core] write to the disk... 0.02 sec
[bwa_aln_core] 29884416 sequences have been processed.
[bwa_aln_core] calculate SA coordinate... 105.23 sec
[bwa_aln_core] write to the disk... 0.02 sec
[bwa_aln_core] 30146560 sequences have been processed.
[bwa_aln_core] calculate SA coordinate... 104.08 sec
[bwa_aln_core] write to the disk... 0.03 sec
[bwa_aln_core] 30408704 sequences have been processed.
[bwa_aln_core] calculate SA coordinate... 104.13 sec
[bwa_aln_core] write to the disk... 0.01 sec
[bwa_aln_core] 30670848 sequences have been processed.
[bwa_aln_core] calculate SA coordinate... 102.71 sec
[bwa_aln_core] write to the disk... 0.02 sec
[bwa_aln_core] 30932992 sequences have been processed.
[bwa_aln_core] calculate SA coordinate... 101.75 sec
[bwa_aln_core] write to the disk... 0.02 sec
[bwa_aln_core] 31195136 sequences have been processed.
[bwa_aln_core] calculate SA coordinate... 101.33 sec
[bwa_aln_core] write to the disk... 0.02 sec
[bwa_aln_core] 31457280 sequences have been processed.
[bwa_aln_core] calculate SA coordinate... 99.99 sec
[bwa_aln_core] write to the disk... 0.02 sec
[bwa_aln_core] 31719424 sequences have been processed.
[bwa_aln_core] calculate SA coordinate... 99.18 sec
[bwa_aln_core] write to the disk... 0.02 sec
[bwa_aln_core] 31981568 sequences have been processed.
[bwa_aln_core] calculate SA coordinate... 101.60 sec
[bwa_aln_core] write to the disk... 0.02 sec
[bwa_aln_core] 32243712 sequences have been processed.
[bwa_aln_core] calculate SA coordinate... 104.77 sec
[bwa_aln_core] write to the disk... 0.02 sec
[bwa_aln_core] 32505856 sequences have been processed.
[bwa_aln_core] calculate SA coordinate... 105.95 sec
[bwa_aln_core] write to the disk... 0.02 sec
[bwa_aln_core] 32768000 sequences have been processed.
[bwa_aln_core] calculate SA coordinate... 104.20 sec
[bwa_aln_core] write to the disk... 0.02 sec
[bwa_aln_core] 33030144 sequences have been processed.
[bwa_aln_core] calculate SA coordinate... 103.95 sec
[bwa_aln_core] write to the disk... 0.02 sec
[bwa_aln_core] 33292288 sequences have been processed.
[bwa_aln_core] calculate SA coordinate... 101.65 sec
[bwa_aln_core] write to the disk... 0.02 sec
[bwa_aln_core] 33554432 sequences have been processed.
[bwa_aln_core] calculate SA coordinate... 99.49 sec
[bwa_aln_core] write to the disk... 0.02 sec
[bwa_aln_core] 33816576 sequences have been processed.
[bwa_aln_core] calculate SA coordinate... 103.08 sec
[bwa_aln_core] write to the disk... 0.02 sec
[bwa_aln_core] 34078720 sequences have been processed.
[bwa_aln_core] calculate SA coordinate... 98.32 sec
[bwa_aln_core] write to the disk... 0.02 sec
[bwa_aln_core] 34340864 sequences have been processed.
[bwa_aln_core] calculate SA coordinate... 101.37 sec
[bwa_aln_core] write to the disk... 0.03 sec
[bwa_aln_core] 34603008 sequences have been processed.
[bwa_aln_core] calculate SA coordinate... 99.68 sec
[bwa_aln_core] write to the disk... 0.02 sec
[bwa_aln_core] 34865152 sequences have been processed.
[bwa_aln_core] calculate SA coordinate... 99.33 sec
[bwa_aln_core] write to the disk... 0.02 sec
[bwa_aln_core] 35127296 sequences have been processed.
[bwa_aln_core] calculate SA coordinate... 100.80 sec
[bwa_aln_core] write to the disk... 0.02 sec
[bwa_aln_core] 35389440 sequences have been processed.
[bwa_aln_core] calculate SA coordinate... 100.88 sec
[bwa_aln_core] write to the disk... 0.02 sec
[bwa_aln_core] 35651584 sequences have been processed.
[bwa_aln_core] calculate SA coordinate... 98.51 sec
[bwa_aln_core] write to the disk... 0.02 sec
[bwa_aln_core] 35913728 sequences have been processed.
[bwa_aln_core] calculate SA coordinate... 102.68 sec
[bwa_aln_core] write to the disk... 0.02 sec
[bwa_aln_core] 36175872 sequences have been processed.
[bwa_aln_core] calculate SA coordinate... 99.06 sec
[bwa_aln_core] write to the disk... 0.02 sec
[bwa_aln_core] 36438016 sequences have been processed.
[bwa_aln_core] calculate SA coordinate... 99.72 sec
[bwa_aln_core] write to the disk... 0.02 sec
[bwa_aln_core] 36700160 sequences have been processed.
[bwa_aln_core] calculate SA coordinate... 100.06 sec
[bwa_aln_core] write to the disk... 0.02 sec
[bwa_aln_core] 36962304 sequences have been processed.
[bwa_aln_core] calculate SA coordinate... 100.25 sec
[bwa_aln_core] write to the disk... 0.02 sec
[bwa_aln_core] 37224448 sequences have been processed.
[bwa_aln_core] calculate SA coordinate... 98.61 sec
[bwa_aln_core] write to the disk... 0.02 sec
[bwa_aln_core] 37486592 sequences have been processed.
[bwa_aln_core] calculate SA coordinate... 99.19 sec
[bwa_aln_core] write to the disk... 0.02 sec
[bwa_aln_core] 37748736 sequences have been processed.
[bwa_aln_core] calculate SA coordinate... 105.09 sec
[bwa_aln_core] write to the disk... 0.02 sec
[bwa_aln_core] 38010880 sequences have been processed.
[bwa_aln_core] calculate SA coordinate... 104.95 sec
[bwa_aln_core] write to the disk... 0.02 sec
[bwa_aln_core] 38273024 sequences have been processed.
[bwa_aln_core] calculate SA coordinate... 102.73 sec
[bwa_aln_core] write to the disk... 0.02 sec
[bwa_aln_core] 38535168 sequences have been processed.
[bwa_aln_core] calculate SA coordinate... 105.42 sec
[bwa_aln_core] write to the disk... 0.02 sec
[bwa_aln_core] 38797312 sequences have been processed.
[bwa_aln_core] calculate SA coordinate... 100.34 sec
[bwa_aln_core] write to the disk... 0.02 sec
[bwa_aln_core] 39059456 sequences have been processed.
[bwa_aln_core] calculate SA coordinate... 104.12 sec
[bwa_aln_core] write to the disk... 0.02 sec
[bwa_aln_core] 39321600 sequences have been processed.
[bwa_aln_core] calculate SA coordinate... 103.63 sec
[bwa_aln_core] write to the disk... 0.02 sec
[bwa_aln_core] 39583744 sequences have been processed.
[bwa_aln_core] calculate SA coordinate... 102.80 sec
[bwa_aln_core] write to the disk... 0.02 sec
[bwa_aln_core] 39845888 sequences have been processed.
[bwa_aln_core] calculate SA coordinate... 102.59 sec
[bwa_aln_core] write to the disk... 0.02 sec
[bwa_aln_core] 40108032 sequences have been processed.
[bwa_aln_core] calculate SA coordinate... 103.98 sec
[bwa_aln_core] write to the disk... 0.02 sec
[bwa_aln_core] 40370176 sequences have been processed.
[bwa_aln_core] calculate SA coordinate... 100.79 sec
[bwa_aln_core] write to the disk... 0.02 sec
[bwa_aln_core] 40632320 sequences have been processed.
[bwa_aln_core] calculate SA coordinate... 104.76 sec
[bwa_aln_core] write to the disk... 0.02 sec
[bwa_aln_core] 40894464 sequences have been processed.
[bwa_aln_core] calculate SA coordinate... 101.47 sec
[bwa_aln_core] write to the disk... 0.02 sec
[bwa_aln_core] 41156608 sequences have been processed.
[bwa_aln_core] calculate SA coordinate... 105.08 sec
[bwa_aln_core] write to the disk... 0.02 sec
[bwa_aln_core] 41418752 sequences have been processed.
[bwa_aln_core] calculate SA coordinate... 103.11 sec
[bwa_aln_core] write to the disk... 0.02 sec
[bwa_aln_core] 41680896 sequences have been processed.
[bwa_aln_core] calculate SA coordinate... 105.98 sec
[bwa_aln_core] write to the disk... 0.02 sec
[bwa_aln_core] 41943040 sequences have been processed.
[bwa_aln_core] calculate SA coordinate... 105.91 sec
[bwa_aln_core] write to the disk... 0.02 sec
[bwa_aln_core] 42205184 sequences have been processed.
[bwa_aln_core] calculate SA coordinate... 102.11 sec
[bwa_aln_core] write to the disk... 0.02 sec
[bwa_aln_core] 42467328 sequences have been processed.
[bwa_aln_core] calculate SA coordinate... 103.01 sec
[bwa_aln_core] write to the disk... 0.02 sec
[bwa_aln_core] 42729472 sequences have been processed.
[bwa_aln_core] calculate SA coordinate... 102.28 sec
[bwa_aln_core] write to the disk... 0.02 sec
[bwa_aln_core] 42991616 sequences have been processed.
[bwa_aln_core] calculate SA coordinate... 103.77 sec
[bwa_aln_core] write to the disk... 0.02 sec
[bwa_aln_core] 43253760 sequences have been processed.
[bwa_aln_core] calculate SA coordinate... 101.39 sec
[bwa_aln_core] write to the disk... 0.02 sec
[bwa_aln_core] 43515904 sequences have been processed.
[bwa_aln_core] calculate SA coordinate... 104.46 sec
[bwa_aln_core] write to the disk... 0.02 sec
[bwa_aln_core] 43778048 sequences have been processed.
[bwa_aln_core] calculate SA coordinate... 101.50 sec
[bwa_aln_core] write to the disk... 0.02 sec
[bwa_aln_core] 44040192 sequences have been processed.
[bwa_aln_core] calculate SA coordinate... 101.29 sec
[bwa_aln_core] write to the disk... 0.02 sec
[bwa_aln_core] 44302336 sequences have been processed.
[bwa_aln_core] calculate SA coordinate... 102.46 sec
[bwa_aln_core] write to the disk... 0.02 sec
[bwa_aln_core] 44564480 sequences have been processed.
[bwa_aln_core] calculate SA coordinate... 102.69 sec
[bwa_aln_core] write to the disk... 0.02 sec
[bwa_aln_core] 44826624 sequences have been processed.
[bwa_aln_core] calculate SA coordinate... 102.38 sec
[bwa_aln_core] write to the disk... 0.02 sec
[bwa_aln_core] 45088768 sequences have been processed.
[bwa_aln_core] calculate SA coordinate... 104.39 sec
[bwa_aln_core] write to the disk... 0.02 sec
[bwa_aln_core] 45350912 sequences have been processed.
[bwa_aln_core] calculate SA coordinate... 101.12 sec
[bwa_aln_core] write to the disk... 0.02 sec
[bwa_aln_core] 45613056 sequences have been processed.
[bwa_aln_core] calculate SA coordinate... 102.36 sec
[bwa_aln_core] write to the disk... 0.02 sec
[bwa_aln_core] 45875200 sequences have been processed.
[bwa_aln_core] calculate SA coordinate... 103.56 sec
[bwa_aln_core] write to the disk... 0.03 sec
[bwa_aln_core] 46137344 sequences have been processed.
[bwa_aln_core] calculate SA coordinate... 105.92 sec
[bwa_aln_core] write to the disk... 0.02 sec
[bwa_aln_core] 46399488 sequences have been processed.
[bwa_aln_core] calculate SA coordinate... 105.90 sec
[bwa_aln_core] write to the disk... 0.02 sec
[bwa_aln_core] 46661632 sequences have been processed.
[bwa_aln_core] calculate SA coordinate... 104.28 sec
[bwa_aln_core] write to the disk... 0.02 sec
[bwa_aln_core] 46923776 sequences have been processed.
[bwa_aln_core] calculate SA coordinate... 103.19 sec
[bwa_aln_core] write to the disk... 0.02 sec
[bwa_aln_core] 47185920 sequences have been processed.
[bwa_aln_core] calculate SA coordinate... 104.54 sec
[bwa_aln_core] write to the disk... 0.02 sec
[bwa_aln_core] 47448064 sequences have been processed.
[bwa_aln_core] calculate SA coordinate... 104.28 sec
[bwa_aln_core] write to the disk... 0.02 sec
[bwa_aln_core] 47710208 sequences have been processed.
[bwa_aln_core] calculate SA coordinate... 100.58 sec
[bwa_aln_core] write to the disk... 0.02 sec
[bwa_aln_core] 47972352 sequences have been processed.
[bwa_aln_core] calculate SA coordinate... 102.04 sec
[bwa_aln_core] write to the disk... 0.02 sec
[bwa_aln_core] 48234496 sequences have been processed.
[bwa_aln_core] calculate SA coordinate... 105.04 sec
[bwa_aln_core] write to the disk... 0.02 sec
[bwa_aln_core] 48496640 sequences have been processed.
[bwa_aln_core] calculate SA coordinate... 104.82 sec
[bwa_aln_core] write to the disk... 0.02 sec
[bwa_aln_core] 48758784 sequences have been processed.
[bwa_aln_core] calculate SA coordinate... 104.42 sec
[bwa_aln_core] write to the disk... 0.02 sec
[bwa_aln_core] 49020928 sequences have been processed.
[bwa_aln_core] calculate SA coordinate... 103.24 sec
[bwa_aln_core] write to the disk... 0.02 sec
[bwa_aln_core] 49283072 sequences have been processed.
[bwa_aln_core] calculate SA coordinate... 102.16 sec
[bwa_aln_core] write to the disk... 0.02 sec
[bwa_aln_core] 49545216 sequences have been processed.
[bwa_aln_core] calculate SA coordinate... 102.46 sec
[bwa_aln_core] write to the disk... 0.02 sec
[bwa_aln_core] 49807360 sequences have been processed.
[bwa_aln_core] calculate SA coordinate... 105.03 sec
[bwa_aln_core] write to the disk... 0.02 sec
[bwa_aln_core] 50069504 sequences have been processed.
[bwa_aln_core] calculate SA coordinate... 106.11 sec
[bwa_aln_core] write to the disk... 0.02 sec
[bwa_aln_core] 50331648 sequences have been processed.
[bwa_aln_core] calculate SA coordinate... 103.72 sec
[bwa_aln_core] write to the disk... 0.02 sec
[bwa_aln_core] 50593792 sequences have been processed.
[bwa_aln_core] calculate SA coordinate... 100.00 sec
[bwa_aln_core] write to the disk... 0.02 sec
[bwa_aln_core] 50855936 sequences have been processed.
[bwa_aln_core] calculate SA coordinate... 103.02 sec
[bwa_aln_core] write to the disk... 0.02 sec
[bwa_aln_core] 51118080 sequences have been processed.
[bwa_aln_core] calculate SA coordinate... 107.52 sec
[bwa_aln_core] write to the disk... 0.02 sec
[bwa_aln_core] 51380224 sequences have been processed.
[bwa_aln_core] calculate SA coordinate... 103.93 sec
[bwa_aln_core] write to the disk... 0.02 sec
[bwa_aln_core] 51642368 sequences have been processed.
[bwa_aln_core] calculate SA coordinate... 101.70 sec
[bwa_aln_core] write to the disk... 0.02 sec
[bwa_aln_core] 51904512 sequences have been processed.
[bwa_aln_core] calculate SA coordinate... 103.20 sec
[bwa_aln_core] write to the disk... 0.02 sec
[bwa_aln_core] 52166656 sequences have been processed.
[bwa_aln_core] calculate SA coordinate... 101.63 sec
[bwa_aln_core] write to the disk... 0.02 sec
[bwa_aln_core] 52428800 sequences have been processed.
[bwa_aln_core] calculate SA coordinate... 102.22 sec
[bwa_aln_core] write to the disk... 0.02 sec
[bwa_aln_core] 52690944 sequences have been processed.
[bwa_aln_core] calculate SA coordinate... 101.57 sec
[bwa_aln_core] write to the disk... 0.02 sec
[bwa_aln_core] 52953088 sequences have been processed.
[bwa_aln_core] calculate SA coordinate... 101.04 sec
[bwa_aln_core] write to the disk... 0.02 sec
[bwa_aln_core] 53215232 sequences have been processed.
[bwa_aln_core] calculate SA coordinate... 102.90 sec
[bwa_aln_core] write to the disk... 0.02 sec
[bwa_aln_core] 53477376 sequences have been processed.
[bwa_aln_core] calculate SA coordinate... 103.60 sec
[bwa_aln_core] write to the disk... 0.02 sec
[bwa_aln_core] 53739520 sequences have been processed.
[bwa_aln_core] calculate SA coordinate... 100.34 sec
[bwa_aln_core] write to the disk... 0.02 sec
[bwa_aln_core] 54001664 sequences have been processed.
[bwa_aln_core] calculate SA coordinate... 104.70 sec
[bwa_aln_core] write to the disk... 0.02 sec
[bwa_aln_core] 54263808 sequences have been processed.
[bwa_aln_core] calculate SA coordinate... 101.70 sec
[bwa_aln_core] write to the disk... 0.02 sec
[bwa_aln_core] 54525952 sequences have been processed.
[bwa_aln_core] calculate SA coordinate... 104.38 sec
[bwa_aln_core] write to the disk... 0.02 sec
[bwa_aln_core] 54788096 sequences have been processed.
[bwa_aln_core] calculate SA coordinate... 105.35 sec
[bwa_aln_core] write to the disk... 0.02 sec
[bwa_aln_core] 55050240 sequences have been processed.
[bwa_aln_core] calculate SA coordinate... 104.57 sec
[bwa_aln_core] write to the disk... 0.02 sec
[bwa_aln_core] 55312384 sequences have been processed.
[bwa_aln_core] calculate SA coordinate... 102.66 sec
[bwa_aln_core] write to the disk... 0.02 sec
[bwa_aln_core] 55574528 sequences have been processed.
[bwa_aln_core] calculate SA coordinate... 101.30 sec
[bwa_aln_core] write to the disk... 0.02 sec
[bwa_aln_core] 55836672 sequences have been processed.
[bwa_aln_core] calculate SA coordinate... 104.02 sec
[bwa_aln_core] write to the disk... 0.02 sec
[bwa_aln_core] 56098816 sequences have been processed.
[bwa_aln_core] calculate SA coordinate... 101.58 sec
[bwa_aln_core] write to the disk... 0.02 sec
[bwa_aln_core] 56360960 sequences have been processed.
[bwa_aln_core] calculate SA coordinate... 99.40 sec
[bwa_aln_core] write to the disk... 0.02 sec
[bwa_aln_core] 56623104 sequences have been processed.
[bwa_aln_core] calculate SA coordinate... 103.21 sec
[bwa_aln_core] write to the disk... 0.02 sec
[bwa_aln_core] 56885248 sequences have been processed.
[bwa_aln_core] calculate SA coordinate... 103.83 sec
[bwa_aln_core] write to the disk... 0.02 sec
[bwa_aln_core] 57147392 sequences have been processed.
[bwa_aln_core] calculate SA coordinate... 102.28 sec
[bwa_aln_core] write to the disk... 0.02 sec
[bwa_aln_core] 57409536 sequences have been processed.
[bwa_aln_core] calculate SA coordinate... 99.24 sec
[bwa_aln_core] write to the disk... 0.02 sec
[bwa_aln_core] 57671680 sequences have been processed.
[bwa_aln_core] calculate SA coordinate... 101.89 sec
[bwa_aln_core] write to the disk... 0.02 sec
[bwa_aln_core] 57933824 sequences have been processed.
[bwa_aln_core] calculate SA coordinate... 102.79 sec
[bwa_aln_core] write to the disk... 0.02 sec
[bwa_aln_core] 58195968 sequences have been processed.
[bwa_aln_core] calculate SA coordinate... 100.85 sec
[bwa_aln_core] write to the disk... 0.02 sec
[bwa_aln_core] 58458112 sequences have been processed.
[bwa_aln_core] calculate SA coordinate... 99.02 sec
[bwa_aln_core] write to the disk... 0.02 sec
[bwa_aln_core] 58720256 sequences have been processed.
[bwa_aln_core] calculate SA coordinate... 102.13 sec
[bwa_aln_core] write to the disk... 0.02 sec
[bwa_aln_core] 58982400 sequences have been processed.
[bwa_aln_core] calculate SA coordinate... 102.81 sec
[bwa_aln_core] write to the disk... 0.02 sec
[bwa_aln_core] 59244544 sequences have been processed.
[bwa_aln_core] calculate SA coordinate... 100.74 sec
[bwa_aln_core] write to the disk... 0.02 sec
[bwa_aln_core] 59506688 sequences have been processed.
[bwa_aln_core] calculate SA coordinate... 102.15 sec
[bwa_aln_core] write to the disk... 0.02 sec
[bwa_aln_core] 59768832 sequences have been processed.
[bwa_aln_core] calculate SA coordinate... 100.47 sec
[bwa_aln_core] write to the disk... 0.02 sec
[bwa_aln_core] 60030976 sequences have been processed.
[bwa_aln_core] calculate SA coordinate... 100.83 sec
[bwa_aln_core] write to the disk... 0.02 sec
[bwa_aln_core] 60293120 sequences have been processed.
[bwa_aln_core] calculate SA coordinate... 99.86 sec
[bwa_aln_core] write to the disk... 0.02 sec
[bwa_aln_core] 60555264 sequences have been processed.
[bwa_aln_core] calculate SA coordinate... 102.29 sec
[bwa_aln_core] write to the disk... 0.02 sec
[bwa_aln_core] 60817408 sequences have been processed.
[bwa_aln_core] calculate SA coordinate... 106.36 sec
[bwa_aln_core] write to the disk... 0.02 sec
[bwa_aln_core] 61079552 sequences have been processed.
[bwa_aln_core] calculate SA coordinate... 102.37 sec
[bwa_aln_core] write to the disk... 0.02 sec
[bwa_aln_core] 61341696 sequences have been processed.
[bwa_aln_core] calculate SA coordinate... 103.95 sec
[bwa_aln_core] write to the disk... 0.02 sec
[bwa_aln_core] 61603840 sequences have been processed.
[bwa_aln_core] calculate SA coordinate... 99.32 sec
[bwa_aln_core] write to the disk... 0.02 sec
[bwa_aln_core] 61865984 sequences have been processed.
[bwa_aln_core] calculate SA coordinate... 100.91 sec
[bwa_aln_core] write to the disk... 0.02 sec
[bwa_aln_core] 62128128 sequences have been processed.
[bwa_aln_core] calculate SA coordinate... 101.41 sec
[bwa_aln_core] write to the disk... 0.02 sec
[bwa_aln_core] 62390272 sequences have been processed.
[bwa_aln_core] calculate SA coordinate... 100.73 sec
[bwa_aln_core] write to the disk... 0.02 sec
[bwa_aln_core] 62652416 sequences have been processed.
[bwa_aln_core] calculate SA coordinate... 97.90 sec
[bwa_aln_core] write to the disk... 0.02 sec
[bwa_aln_core] 62914560 sequences have been processed.
[bwa_aln_core] calculate SA coordinate... 100.92 sec
[bwa_aln_core] write to the disk... 0.02 sec
[bwa_aln_core] 63176704 sequences have been processed.
[bwa_aln_core] calculate SA coordinate... 100.67 sec
[bwa_aln_core] write to the disk... 0.02 sec
[bwa_aln_core] 63438848 sequences have been processed.
[bwa_aln_core] calculate SA coordinate... 99.03 sec
[bwa_aln_core] write to the disk... 0.02 sec
[bwa_aln_core] 63700992 sequences have been processed.
[bwa_aln_core] calculate SA coordinate... 99.48 sec
[bwa_aln_core] write to the disk... 0.02 sec
[bwa_aln_core] 63963136 sequences have been processed.
[bwa_aln_core] calculate SA coordinate... 101.72 sec
[bwa_aln_core] write to the disk... 0.02 sec
[bwa_aln_core] 64225280 sequences have been processed.
[bwa_aln_core] calculate SA coordinate... 101.43 sec
[bwa_aln_core] write to the disk... 0.02 sec
[bwa_aln_core] 64487424 sequences have been processed.
[bwa_aln_core] calculate SA coordinate... 99.88 sec
[bwa_aln_core] write to the disk... 0.02 sec
[bwa_aln_core] 64749568 sequences have been processed.
[bwa_aln_core] calculate SA coordinate... 100.67 sec
[bwa_aln_core] write to the disk... 0.02 sec
[bwa_aln_core] 65011712 sequences have been processed.
[bwa_aln_core] calculate SA coordinate... 103.14 sec
[bwa_aln_core] write to the disk... 0.02 sec
[bwa_aln_core] 65273856 sequences have been processed.
[bwa_aln_core] calculate SA coordinate... 100.82 sec
[bwa_aln_core] write to the disk... 0.02 sec
[bwa_aln_core] 65536000 sequences have been processed.
[bwa_aln_core] calculate SA coordinate... 100.16 sec
[bwa_aln_core] write to the disk... 0.02 sec
[bwa_aln_core] 65798144 sequences have been processed.
[bwa_aln_core] calculate SA coordinate... 99.89 sec
[bwa_aln_core] write to the disk... 0.02 sec
[bwa_aln_core] 66060288 sequences have been processed.
[bwa_aln_core] calculate SA coordinate... 101.26 sec
[bwa_aln_core] write to the disk... 0.02 sec
[bwa_aln_core] 66322432 sequences have been processed.
[bwa_aln_core] calculate SA coordinate... 101.33 sec
[bwa_aln_core] write to the disk... 0.02 sec
[bwa_aln_core] 66584576 sequences have been processed.
[bwa_aln_core] calculate SA coordinate... 99.15 sec
[bwa_aln_core] write to the disk... 0.02 sec
[bwa_aln_core] 66846720 sequences have been processed.
[bwa_aln_core] calculate SA coordinate... 101.76 sec
[bwa_aln_core] write to the disk... 0.02 sec
[bwa_aln_core] 67108864 sequences have been processed.
[bwa_aln_core] calculate SA coordinate... 100.03 sec
[bwa_aln_core] write to the disk... 0.02 sec
[bwa_aln_core] 67371008 sequences have been processed.
[bwa_aln_core] calculate SA coordinate... 100.23 sec
[bwa_aln_core] write to the disk... 0.02 sec
[bwa_aln_core] 67633152 sequences have been processed.
[bwa_aln_core] calculate SA coordinate... 101.62 sec
[bwa_aln_core] write to the disk... 0.02 sec
[bwa_aln_core] 67895296 sequences have been processed.
[bwa_aln_core] calculate SA coordinate... 101.48 sec
[bwa_aln_core] write to the disk... 0.02 sec
[bwa_aln_core] 68157440 sequences have been processed.
[bwa_aln_core] calculate SA coordinate... 99.23 sec
[bwa_aln_core] write to the disk... 0.02 sec
[bwa_aln_core] 68419584 sequences have been processed.
[bwa_aln_core] calculate SA coordinate... 100.22 sec
[bwa_aln_core] write to the disk... 0.02 sec
[bwa_aln_core] 68681728 sequences have been processed.
[bwa_aln_core] calculate SA coordinate... 99.95 sec
[bwa_aln_core] write to the disk... 0.02 sec
[bwa_aln_core] 68943872 sequences have been processed.
[bwa_aln_core] calculate SA coordinate... 100.05 sec
[bwa_aln_core] write to the disk... 0.02 sec
[bwa_aln_core] 69206016 sequences have been processed.
[bwa_aln_core] calculate SA coordinate... 100.49 sec
[bwa_aln_core] write to the disk... 0.02 sec
[bwa_aln_core] 69468160 sequences have been processed.
[bwa_aln_core] calculate SA coordinate... 98.84 sec
[bwa_aln_core] write to the disk... 0.02 sec
[bwa_aln_core] 69730304 sequences have been processed.
[bwa_aln_core] calculate SA coordinate... 103.18 sec
[bwa_aln_core] write to the disk... 0.02 sec
[bwa_aln_core] 69992448 sequences have been processed.
[bwa_aln_core] calculate SA coordinate... 103.35 sec
[bwa_aln_core] write to the disk... 0.02 sec
[bwa_aln_core] 70254592 sequences have been processed.
[bwa_aln_core] calculate SA coordinate... 102.67 sec
[bwa_aln_core] write to the disk... 0.02 sec
[bwa_aln_core] 70516736 sequences have been processed.
[bwa_aln_core] calculate SA coordinate... 99.82 sec
[bwa_aln_core] write to the disk... 0.02 sec
[bwa_aln_core] 70778880 sequences have been processed.
[bwa_aln_core] calculate SA coordinate... 100.68 sec
[bwa_aln_core] write to the disk... 0.02 sec
[bwa_aln_core] 71041024 sequences have been processed.
[bwa_aln_core] calculate SA coordinate... 100.45 sec
[bwa_aln_core] write to the disk... 0.02 sec
[bwa_aln_core] 71303168 sequences have been processed.
[bwa_aln_core] calculate SA coordinate... 100.31 sec
[bwa_aln_core] write to the disk... 0.02 sec
[bwa_aln_core] 71565312 sequences have been processed.
[bwa_aln_core] calculate SA coordinate... 99.72 sec
[bwa_aln_core] write to the disk... 0.02 sec
[bwa_aln_core] 71827456 sequences have been processed.
[bwa_aln_core] calculate SA coordinate... 101.70 sec
[bwa_aln_core] write to the disk... 0.02 sec
[bwa_aln_core] 72089600 sequences have been processed.
[bwa_aln_core] calculate SA coordinate... 101.24 sec
[bwa_aln_core] write to the disk... 0.02 sec
[bwa_aln_core] 72351744 sequences have been processed.
[bwa_aln_core] calculate SA coordinate... 98.99 sec
[bwa_aln_core] write to the disk... 0.02 sec
[bwa_aln_core] 72613888 sequences have been processed.
[bwa_aln_core] calculate SA coordinate... 100.37 sec
[bwa_aln_core] write to the disk... 0.02 sec
[bwa_aln_core] 72876032 sequences have been processed.
[bwa_aln_core] calculate SA coordinate... 99.65 sec
[bwa_aln_core] write to the disk... 0.02 sec
[bwa_aln_core] 73138176 sequences have been processed.
[bwa_aln_core] calculate SA coordinate... 101.00 sec
[bwa_aln_core] write to the disk... 0.02 sec
[bwa_aln_core] 73400320 sequences have been processed.
[bwa_aln_core] calculate SA coordinate... 98.91 sec
[bwa_aln_core] write to the disk... 0.02 sec
[bwa_aln_core] 73662464 sequences have been processed.
[bwa_aln_core] calculate SA coordinate... 101.10 sec
[bwa_aln_core] write to the disk... 0.02 sec
[bwa_aln_core] 73924608 sequences have been processed.
[bwa_aln_core] calculate SA coordinate... 98.58 sec
[bwa_aln_core] write to the disk... 0.02 sec
[bwa_aln_core] 74186752 sequences have been processed.
[bwa_aln_core] calculate SA coordinate... 100.20 sec
[bwa_aln_core] write to the disk... 0.02 sec
[bwa_aln_core] 74448896 sequences have been processed.
[bwa_aln_core] calculate SA coordinate... 103.07 sec
[bwa_aln_core] write to the disk... 0.02 sec
[bwa_aln_core] 74711040 sequences have been processed.
[bwa_aln_core] calculate SA coordinate... 115.82 sec
[bwa_aln_core] write to the disk... 0.02 sec
[bwa_aln_core] 74973184 sequences have been processed.
[bwa_aln_core] calculate SA coordinate... 113.43 sec
[bwa_aln_core] write to the disk... 0.02 sec
[bwa_aln_core] 75235328 sequences have been processed.
[bwa_aln_core] calculate SA coordinate... 111.60 sec
[bwa_aln_core] write to the disk... 0.02 sec
[bwa_aln_core] 75497472 sequences have been processed.
[bwa_aln_core] calculate SA coordinate... 112.08 sec
[bwa_aln_core] write to the disk... 0.02 sec
[bwa_aln_core] 75759616 sequences have been processed.
[bwa_aln_core] calculate SA coordinate... 113.25 sec
[bwa_aln_core] write to the disk... 0.02 sec
[bwa_aln_core] 76021760 sequences have been processed.
[bwa_aln_core] calculate SA coordinate... 110.72 sec
[bwa_aln_core] write to the disk... 0.02 sec
[bwa_aln_core] 76283904 sequences have been processed.
[bwa_aln_core] calculate SA coordinate... 110.09 sec
[bwa_aln_core] write to the disk... 0.02 sec
[bwa_aln_core] 76546048 sequences have been processed.
[bwa_aln_core] calculate SA coordinate... 109.91 sec
[bwa_aln_core] write to the disk... 0.02 sec
[bwa_aln_core] 76808192 sequences have been processed.
[bwa_aln_core] calculate SA coordinate... 112.90 sec
[bwa_aln_core] write to the disk... 0.02 sec
[bwa_aln_core] 77070336 sequences have been processed.
[bwa_aln_core] calculate SA coordinate... 112.45 sec
[bwa_aln_core] write to the disk... 0.02 sec
[bwa_aln_core] 77332480 sequences have been processed.
[bwa_aln_core] calculate SA coordinate... 110.89 sec
[bwa_aln_core] write to the disk... 0.02 sec
[bwa_aln_core] 77594624 sequences have been processed.
[bwa_aln_core] calculate SA coordinate... 111.95 sec
[bwa_aln_core] write to the disk... 0.02 sec
[bwa_aln_core] 77856768 sequences have been processed.
[bwa_aln_core] calculate SA coordinate... 109.64 sec
[bwa_aln_core] write to the disk... 0.02 sec
[bwa_aln_core] 78118912 sequences have been processed.
[bwa_aln_core] calculate SA coordinate... 108.94 sec
[bwa_aln_core] write to the disk... 0.02 sec
[bwa_aln_core] 78381056 sequences have been processed.
[bwa_aln_core] calculate SA coordinate... 106.53 sec
[bwa_aln_core] write to the disk... 0.02 sec
[bwa_aln_core] 78643200 sequences have been processed.
[bwa_aln_core] calculate SA coordinate... 110.42 sec
[bwa_aln_core] write to the disk... 0.02 sec
[bwa_aln_core] 78905344 sequences have been processed.
[bwa_aln_core] calculate SA coordinate... 108.62 sec
[bwa_aln_core] write to the disk... 0.02 sec
[bwa_aln_core] 79167488 sequences have been processed.
[bwa_aln_core] calculate SA coordinate... 110.00 sec
[bwa_aln_core] write to the disk... 0.02 sec
[bwa_aln_core] 79429632 sequences have been processed.
[bwa_aln_core] calculate SA coordinate... 109.04 sec
[bwa_aln_core] write to the disk... 0.02 sec
[bwa_aln_core] 79691776 sequences have been processed.
[bwa_aln_core] calculate SA coordinate... 107.47 sec
[bwa_aln_core] write to the disk... 0.02 sec
[bwa_aln_core] 79953920 sequences have been processed.
[bwa_aln_core] calculate SA coordinate... 110.49 sec
[bwa_aln_core] write to the disk... 0.02 sec
[bwa_aln_core] 80216064 sequences have been processed.
[bwa_aln_core] calculate SA coordinate... 109.64 sec
[bwa_aln_core] write to the disk... 0.02 sec
[bwa_aln_core] 80478208 sequences have been processed.
[bwa_aln_core] calculate SA coordinate... 109.10 sec
[bwa_aln_core] write to the disk... 0.02 sec
[bwa_aln_core] 80740352 sequences have been processed.
[bwa_aln_core] calculate SA coordinate... 106.65 sec
[bwa_aln_core] write to the disk... 0.02 sec
[bwa_aln_core] 81002496 sequences have been processed.
[bwa_aln_core] calculate SA coordinate... 106.41 sec
[bwa_aln_core] write to the disk... 0.02 sec
[bwa_aln_core] 81264640 sequences have been processed.
[bwa_aln_core] calculate SA coordinate... 110.23 sec
[bwa_aln_core] write to the disk... 0.02 sec
[bwa_aln_core] 81526784 sequences have been processed.
[bwa_aln_core] calculate SA coordinate... 110.65 sec
[bwa_aln_core] write to the disk... 0.02 sec
[bwa_aln_core] 81788928 sequences have been processed.
[bwa_aln_core] calculate SA coordinate... 108.43 sec
[bwa_aln_core] write to the disk... 0.02 sec
[bwa_aln_core] 82051072 sequences have been processed.
[bwa_aln_core] calculate SA coordinate... 110.31 sec
[bwa_aln_core] write to the disk... 0.02 sec
[bwa_aln_core] 82313216 sequences have been processed.
[bwa_aln_core] calculate SA coordinate... 106.86 sec
[bwa_aln_core] write to the disk... 0.02 sec
[bwa_aln_core] 82575360 sequences have been processed.
[bwa_aln_core] calculate SA coordinate... 108.60 sec
[bwa_aln_core] write to the disk... 0.02 sec
[bwa_aln_core] 82837504 sequences have been processed.
[bwa_aln_core] calculate SA coordinate... 106.47 sec
[bwa_aln_core] write to the disk... 0.02 sec
[bwa_aln_core] 83099648 sequences have been processed.
[bwa_aln_core] calculate SA coordinate... 107.77 sec
[bwa_aln_core] write to the disk... 0.02 sec
[bwa_aln_core] 83361792 sequences have been processed.
[bwa_aln_core] calculate SA coordinate... 107.29 sec
[bwa_aln_core] write to the disk... 0.02 sec
[bwa_aln_core] 83623936 sequences have been processed.
[bwa_aln_core] calculate SA coordinate... 107.70 sec
[bwa_aln_core] write to the disk... 0.02 sec
[bwa_aln_core] 83886080 sequences have been processed.
[bwa_aln_core] calculate SA coordinate... 107.77 sec
[bwa_aln_core] write to the disk... 0.02 sec
[bwa_aln_core] 84148224 sequences have been processed.
[bwa_aln_core] calculate SA coordinate... 106.11 sec
[bwa_aln_core] write to the disk... 0.02 sec
[bwa_aln_core] 84410368 sequences have been processed.
[bwa_aln_core] calculate SA coordinate... 108.76 sec
[bwa_aln_core] write to the disk... 0.02 sec
[bwa_aln_core] 84672512 sequences have been processed.
[bwa_aln_core] calculate SA coordinate... 111.37 sec
[bwa_aln_core] write to the disk... 0.02 sec
[bwa_aln_core] 84934656 sequences have been processed.
[bwa_aln_core] calculate SA coordinate... 109.30 sec
[bwa_aln_core] write to the disk... 0.02 sec
[bwa_aln_core] 85196800 sequences have been processed.
[bwa_aln_core] calculate SA coordinate... 112.65 sec
[bwa_aln_core] write to the disk... 0.02 sec
[bwa_aln_core] 85458944 sequences have been processed.
[bwa_aln_core] calculate SA coordinate... 108.11 sec
[bwa_aln_core] write to the disk... 0.02 sec
[bwa_aln_core] 85721088 sequences have been processed.
[bwa_aln_core] calculate SA coordinate... 109.48 sec
[bwa_aln_core] write to the disk... 0.02 sec
[bwa_aln_core] 85983232 sequences have been processed.
[bwa_aln_core] calculate SA coordinate... 106.07 sec
[bwa_aln_core] write to the disk... 0.02 sec
[bwa_aln_core] 86245376 sequences have been processed.
[bwa_aln_core] calculate SA coordinate... 105.76 sec
[bwa_aln_core] write to the disk... 0.02 sec
[bwa_aln_core] 86507520 sequences have been processed.
[bwa_aln_core] calculate SA coordinate... 108.36 sec
[bwa_aln_core] write to the disk... 0.02 sec
[bwa_aln_core] 86769664 sequences have been processed.
[bwa_aln_core] calculate SA coordinate... 108.22 sec
[bwa_aln_core] write to the disk... 0.02 sec
[bwa_aln_core] 87031808 sequences have been processed.
[bwa_aln_core] calculate SA coordinate... 105.80 sec
[bwa_aln_core] write to the disk... 0.02 sec
[bwa_aln_core] 87293952 sequences have been processed.
[bwa_aln_core] calculate SA coordinate... 103.40 sec
[bwa_aln_core] write to the disk... 0.02 sec
[bwa_aln_core] 87556096 sequences have been processed.
[bwa_aln_core] calculate SA coordinate... 102.64 sec
[bwa_aln_core] write to the disk... 0.02 sec
[bwa_aln_core] 87818240 sequences have been processed.
[bwa_aln_core] calculate SA coordinate... 103.47 sec
[bwa_aln_core] write to the disk... 0.02 sec
[bwa_aln_core] 88080384 sequences have been processed.
[bwa_aln_core] calculate SA coordinate... 103.87 sec
[bwa_aln_core] write to the disk... 0.02 sec
[bwa_aln_core] 88342528 sequences have been processed.
[bwa_aln_core] calculate SA coordinate... 104.10 sec
[bwa_aln_core] write to the disk... 0.02 sec
[bwa_aln_core] 88604672 sequences have been processed.
[bwa_aln_core] calculate SA coordinate... 105.04 sec
[bwa_aln_core] write to the disk... 0.02 sec
[bwa_aln_core] 88866816 sequences have been processed.
[bwa_aln_core] calculate SA coordinate... 104.92 sec
[bwa_aln_core] write to the disk... 0.02 sec
[bwa_aln_core] 89128960 sequences have been processed.
[bwa_aln_core] calculate SA coordinate... 103.94 sec
[bwa_aln_core] write to the disk... 0.02 sec
[bwa_aln_core] 89391104 sequences have been processed.
[bwa_aln_core] calculate SA coordinate... 104.63 sec
[bwa_aln_core] write to the disk... 0.02 sec
[bwa_aln_core] 89653248 sequences have been processed.
[bwa_aln_core] calculate SA coordinate... 104.04 sec
[bwa_aln_core] write to the disk... 0.02 sec
[bwa_aln_core] 89915392 sequences have been processed.
[bwa_aln_core] calculate SA coordinate... 103.73 sec
[bwa_aln_core] write to the disk... 0.02 sec
[bwa_aln_core] 90177536 sequences have been processed.
[bwa_aln_core] calculate SA coordinate... 102.31 sec
[bwa_aln_core] write to the disk... 0.02 sec
[bwa_aln_core] 90439680 sequences have been processed.
[bwa_aln_core] calculate SA coordinate... 105.49 sec
[bwa_aln_core] write to the disk... 0.02 sec
[bwa_aln_core] 90701824 sequences have been processed.
[bwa_aln_core] calculate SA coordinate... 105.41 sec
[bwa_aln_core] write to the disk... 0.02 sec
[bwa_aln_core] 90963968 sequences have been processed.
[bwa_aln_core] calculate SA coordinate... 104.30 sec
[bwa_aln_core] write to the disk... 0.02 sec
[bwa_aln_core] 91226112 sequences have been processed.
[bwa_aln_core] calculate SA coordinate... 102.53 sec
[bwa_aln_core] write to the disk... 0.02 sec
[bwa_aln_core] 91488256 sequences have been processed.
[bwa_aln_core] calculate SA coordinate... 104.64 sec
[bwa_aln_core] write to the disk... 0.02 sec
[bwa_aln_core] 91750400 sequences have been processed.
[bwa_aln_core] calculate SA coordinate... 101.98 sec
[bwa_aln_core] write to the disk... 0.02 sec
[bwa_aln_core] 92012544 sequences have been processed.
[bwa_aln_core] calculate SA coordinate... 104.64 sec
[bwa_aln_core] write to the disk... 0.02 sec
[bwa_aln_core] 92274688 sequences have been processed.
[bwa_aln_core] calculate SA coordinate... 101.49 sec
[bwa_aln_core] write to the disk... 0.02 sec
[bwa_aln_core] 92536832 sequences have been processed.
[bwa_aln_core] calculate SA coordinate... 100.60 sec
[bwa_aln_core] write to the disk... 0.02 sec
[bwa_aln_core] 92798976 sequences have been processed.
[bwa_aln_core] calculate SA coordinate... 105.67 sec
[bwa_aln_core] write to the disk... 0.02 sec
[bwa_aln_core] 93061120 sequences have been processed.
[bwa_aln_core] calculate SA coordinate... 105.83 sec
[bwa_aln_core] write to the disk... 0.02 sec
[bwa_aln_core] 93323264 sequences have been processed.
[bwa_aln_core] calculate SA coordinate... 104.57 sec
[bwa_aln_core] write to the disk... 0.02 sec
[bwa_aln_core] 93585408 sequences have been processed.
[bwa_aln_core] calculate SA coordinate... 99.85 sec
[bwa_aln_core] write to the disk... 0.02 sec
[bwa_aln_core] 93847552 sequences have been processed.
[bwa_aln_core] calculate SA coordinate... 101.29 sec
[bwa_aln_core] write to the disk... 0.02 sec
[bwa_aln_core] 94109696 sequences have been processed.
[bwa_aln_core] calculate SA coordinate... 105.20 sec
[bwa_aln_core] write to the disk... 0.02 sec
[bwa_aln_core] 94371840 sequences have been processed.
[bwa_aln_core] calculate SA coordinate... 100.07 sec
[bwa_aln_core] write to the disk... 0.02 sec
[bwa_aln_core] 94633984 sequences have been processed.
[bwa_aln_core] calculate SA coordinate... 100.44 sec
[bwa_aln_core] write to the disk... 0.02 sec
[bwa_aln_core] 94896128 sequences have been processed.
