[bwa_index] Pack FASTA... 10.42 sec
[bwa_index] Construct BWT for the packed sequence...
[BWTIncCreate] textLength=3598287174, availableWord=265188392
[BWTIncConstructFromPacked] 10 iterations done. 99999990 characters processed.
[BWTIncConstructFromPacked] 20 iterations done. 199999990 characters processed.
[BWTIncConstructFromPacked] 30 iterations done. 299999990 characters processed.
[BWTIncConstructFromPacked] 40 iterations done. 399999990 characters processed.
[BWTIncConstructFromPacked] 50 iterations done. 499999990 characters processed.
[BWTIncConstructFromPacked] 60 iterations done. 599999990 characters processed.
[BWTIncConstructFromPacked] 70 iterations done. 699999990 characters processed.
[BWTIncConstructFromPacked] 80 iterations done. 799999990 characters processed.
[BWTIncConstructFromPacked] 90 iterations done. 899999990 characters processed.
[BWTIncConstructFromPacked] 100 iterations done. 999999990 characters processed.
[BWTIncConstructFromPacked] 110 iterations done. 1099999990 characters processed.
[BWTIncConstructFromPacked] 120 iterations done. 1199999990 characters processed.
[BWTIncConstructFromPacked] 130 iterations done. 1299999990 characters processed.
[BWTIncConstructFromPacked] 140 iterations done. 1399999990 characters processed.
[BWTIncConstructFromPacked] 150 iterations done. 1499999990 characters processed.
[BWTIncConstructFromPacked] 160 iterations done. 1599999990 characters processed.
[BWTIncConstructFromPacked] 170 iterations done. 1699999990 characters processed.
[BWTIncConstructFromPacked] 180 iterations done. 1799999990 characters processed.
[BWTIncConstructFromPacked] 190 iterations done. 1899999990 characters processed.
[BWTIncConstructFromPacked] 200 iterations done. 1999999990 characters processed.
[BWTIncConstructFromPacked] 210 iterations done. 2099999990 characters processed.
[BWTIncConstructFromPacked] 220 iterations done. 2199999990 characters processed.
[BWTIncConstructFromPacked] 230 iterations done. 2299999990 characters processed.
[BWTIncConstructFromPacked] 240 iterations done. 2399999990 characters processed.
[BWTIncConstructFromPacked] 250 iterations done. 2499999990 characters processed.
[BWTIncConstructFromPacked] 260 iterations done. 2599999990 characters processed.
[BWTIncConstructFromPacked] 270 iterations done. 2699999990 characters processed.
[BWTIncConstructFromPacked] 280 iterations done. 2799999990 characters processed.
[BWTIncConstructFromPacked] 290 iterations done. 2899999990 characters processed.
[BWTIncConstructFromPacked] 300 iterations done. 2996539094 characters processed.
[BWTIncConstructFromPacked] 310 iterations done. 3082596934 characters processed.
[BWTIncConstructFromPacked] 320 iterations done. 3159081318 characters processed.
[BWTIncConstructFromPacked] 330 iterations done. 3227056870 characters processed.
[BWTIncConstructFromPacked] 340 iterations done. 3287469686 characters processed.
[BWTIncConstructFromPacked] 350 iterations done. 3341160742 characters processed.
[BWTIncConstructFromPacked] 360 iterations done. 3388877478 characters processed.
[BWTIncConstructFromPacked] 370 iterations done. 3431284182 characters processed.
[BWTIncConstructFromPacked] 380 iterations done. 3468971366 characters processed.
[BWTIncConstructFromPacked] 390 iterations done. 3502463814 characters processed.
[BWTIncConstructFromPacked] 400 iterations done. 3532227926 characters processed.
[BWTIncConstructFromPacked] 410 iterations done. 3558678310 characters processed.
[BWTIncConstructFromPacked] 420 iterations done. 3582183462 characters processed.
[bwt_gen] Finished constructing BWT in 428 iterations.
[bwa_index] 1047.69 seconds elapse.
[bwa_index] Update BWT... 7.29 sec
[bwa_index] Pack forward-only FASTA... 6.81 sec
[bwa_index] Construct SA from BWT and Occ... 474.81 sec
[main] Version: 0.7.19-r1273
[main] CMD: bwa index bigdata/bwa/idx/anoCar2.fa
[main] Real time: 1567.078 sec; CPU: 1547.005 sec
