[bwa_index] Pack FASTA... 18.85 sec
[bwa_index] Construct BWT for the packed sequence...
[BWTIncCreate] textLength=4099072504, availableWord=300425448
[BWTIncConstructFromPacked] 10 iterations done. 99999992 characters processed.
[BWTIncConstructFromPacked] 20 iterations done. 199999992 characters processed.
[BWTIncConstructFromPacked] 30 iterations done. 299999992 characters processed.
[BWTIncConstructFromPacked] 40 iterations done. 399999992 characters processed.
[BWTIncConstructFromPacked] 50 iterations done. 499999992 characters processed.
[BWTIncConstructFromPacked] 60 iterations done. 599999992 characters processed.
[BWTIncConstructFromPacked] 70 iterations done. 699999992 characters processed.
[BWTIncConstructFromPacked] 80 iterations done. 799999992 characters processed.
[BWTIncConstructFromPacked] 90 iterations done. 899999992 characters processed.
[BWTIncConstructFromPacked] 100 iterations done. 999999992 characters processed.
[BWTIncConstructFromPacked] 110 iterations done. 1099999992 characters processed.
[BWTIncConstructFromPacked] 120 iterations done. 1199999992 characters processed.
[BWTIncConstructFromPacked] 130 iterations done. 1299999992 characters processed.
[BWTIncConstructFromPacked] 140 iterations done. 1399999992 characters processed.
[BWTIncConstructFromPacked] 150 iterations done. 1499999992 characters processed.
[BWTIncConstructFromPacked] 160 iterations done. 1599999992 characters processed.
[BWTIncConstructFromPacked] 170 iterations done. 1699999992 characters processed.
[BWTIncConstructFromPacked] 180 iterations done. 1799999992 characters processed.
[BWTIncConstructFromPacked] 190 iterations done. 1899999992 characters processed.
[BWTIncConstructFromPacked] 200 iterations done. 1999999992 characters processed.
[BWTIncConstructFromPacked] 210 iterations done. 2099999992 characters processed.
[BWTIncConstructFromPacked] 220 iterations done. 2199999992 characters processed.
[BWTIncConstructFromPacked] 230 iterations done. 2299999992 characters processed.
[BWTIncConstructFromPacked] 240 iterations done. 2399999992 characters processed.
[BWTIncConstructFromPacked] 250 iterations done. 2499999992 characters processed.
[BWTIncConstructFromPacked] 260 iterations done. 2599999992 characters processed.
[BWTIncConstructFromPacked] 270 iterations done. 2699999992 characters processed.
[BWTIncConstructFromPacked] 280 iterations done. 2799999992 characters processed.
[BWTIncConstructFromPacked] 290 iterations done. 2899999992 characters processed.
[BWTIncConstructFromPacked] 300 iterations done. 2999999992 characters processed.
[BWTIncConstructFromPacked] 310 iterations done. 3099999992 characters processed.
[BWTIncConstructFromPacked] 320 iterations done. 3199999992 characters processed.
[BWTIncConstructFromPacked] 330 iterations done. 3299999992 characters processed.
[BWTIncConstructFromPacked] 340 iterations done. 3399999992 characters processed.
[BWTIncConstructFromPacked] 350 iterations done. 3496626136 characters processed.
[BWTIncConstructFromPacked] 360 iterations done. 3582781832 characters processed.
[BWTIncConstructFromPacked] 370 iterations done. 3659353256 characters processed.
[BWTIncConstructFromPacked] 380 iterations done. 3727406104 characters processed.
[BWTIncConstructFromPacked] 390 iterations done. 3787887624 characters processed.
[BWTIncConstructFromPacked] 400 iterations done. 3841639736 characters processed.
[BWTIncConstructFromPacked] 410 iterations done. 3889410776 characters processed.
[BWTIncConstructFromPacked] 420 iterations done. 3931865768 characters processed.
[BWTIncConstructFromPacked] 430 iterations done. 3969595816 characters processed.
[BWTIncConstructFromPacked] 440 iterations done. 4003126360 characters processed.
[BWTIncConstructFromPacked] 450 iterations done. 4032924344 characters processed.
[BWTIncConstructFromPacked] 460 iterations done. 4059404840 characters processed.
[BWTIncConstructFromPacked] 470 iterations done. 4082936744 characters processed.
[bwt_gen] Finished constructing BWT in 478 iterations.
[bwa_index] 1209.89 seconds elapse.
[bwa_index] Update BWT... 8.30 sec
[bwa_index] Pack forward-only FASTA... 15.24 sec
[bwa_index] Construct SA from BWT and Occ... 549.46 sec
[main] Version: 0.7.19-r1273
[main] CMD: bwa index bigdata/genome/crocodile.fna.gz
[main] Real time: 1817.468 sec; CPU: 1801.740 sec
