Step 1: Mark Duplicates
Using GATK jar /mnt/vstor/SOM_GENE_BEG33/fossil-c/bigdata/gatk/gatk-4.6.2.0/gatk-package-4.6.2.0-local.jar
Running:
    java -Dsamjdk.use_async_io_read_samtools=false -Dsamjdk.use_async_io_write_samtools=true -Dsamjdk.use_async_io_write_tribble=false -Dsamjdk.compression_level=2 -Xmx32G -jar /mnt/vstor/SOM_GENE_BEG33/fossil-c/bigdata/gatk/gatk-4.6.2.0/gatk-package-4.6.2.0-local.jar MarkDuplicates -I /mnt/vstor/SOM_GENE_BEG33/fossil-c/bigdata/bwa/results/Brachy_Blank@galGal6.bam -O /mnt/vstor/SOM_GENE_BEG33/fossil-c/bigdata/bwa/results/Brachy_Blank@galGal6.dedup.bam -M Brachy_Blank@galGal6.dedup.metrics.txt --REMOVE_DUPLICATES true
14:29:56.073 INFO  NativeLibraryLoader - Loading libgkl_compression.so from jar:file:/mnt/vstor/SOM_GENE_BEG33/fossil-c/bigdata/gatk/gatk-4.6.2.0/gatk-package-4.6.2.0-local.jar!/com/intel/gkl/native/libgkl_compression.so
[Wed Sep 17 14:29:56 EDT 2025] MarkDuplicates --INPUT /mnt/vstor/SOM_GENE_BEG33/fossil-c/bigdata/bwa/results/Brachy_Blank@galGal6.bam --OUTPUT /mnt/vstor/SOM_GENE_BEG33/fossil-c/bigdata/bwa/results/Brachy_Blank@galGal6.dedup.bam --METRICS_FILE Brachy_Blank@galGal6.dedup.metrics.txt --REMOVE_DUPLICATES true --MAX_SEQUENCES_FOR_DISK_READ_ENDS_MAP 50000 --MAX_FILE_HANDLES_FOR_READ_ENDS_MAP 8000 --SORTING_COLLECTION_SIZE_RATIO 0.25 --TAG_DUPLICATE_SET_MEMBERS false --REMOVE_SEQUENCING_DUPLICATES false --TAGGING_POLICY DontTag --CLEAR_DT true --DUPLEX_UMI false --FLOW_MODE false --FLOW_DUP_STRATEGY FLOW_QUALITY_SUM_STRATEGY --FLOW_USE_END_IN_UNPAIRED_READS false --FLOW_USE_UNPAIRED_CLIPPED_END false --FLOW_UNPAIRED_END_UNCERTAINTY 0 --FLOW_UNPAIRED_START_UNCERTAINTY 0 --FLOW_SKIP_FIRST_N_FLOWS 0 --FLOW_Q_IS_KNOWN_END false --FLOW_EFFECTIVE_QUALITY_THRESHOLD 15 --ADD_PG_TAG_TO_READS true --ASSUME_SORTED false --DUPLICATE_SCORING_STRATEGY SUM_OF_BASE_QUALITIES --PROGRAM_RECORD_ID MarkDuplicates --PROGRAM_GROUP_NAME MarkDuplicates --READ_NAME_REGEX <optimized capture of last three ':' separated fields as numeric values> --OPTICAL_DUPLICATE_PIXEL_DISTANCE 100 --MAX_OPTICAL_DUPLICATE_SET_SIZE 300000 --VERBOSITY INFO --QUIET false --VALIDATION_STRINGENCY STRICT --COMPRESSION_LEVEL 2 --MAX_RECORDS_IN_RAM 500000 --CREATE_INDEX false --CREATE_MD5_FILE false --help false --version false --showHidden false --USE_JDK_DEFLATER false --USE_JDK_INFLATER false
[Wed Sep 17 14:29:56 EDT 2025] Executing as hxk728@compt306 on Linux 4.18.0-553.el8_10.x86_64 amd64; OpenJDK 64-Bit Server VM 17.0.15-internal+0-adhoc..src; Deflater: Intel; Inflater: Intel; Provider GCS is available; Picard version: Version:4.6.2.0
INFO	2025-09-17 14:29:56	MarkDuplicates	Start of doWork freeMemory: 87147352; totalMemory: 117440512; maxMemory: 34359738368
INFO	2025-09-17 14:29:56	MarkDuplicates	Reading input file and constructing read end information.
INFO	2025-09-17 14:29:56	MarkDuplicates	Will retain up to 124491805 data points before spilling to disk.
INFO	2025-09-17 14:29:58	MarkDuplicates	Read 540146 records. 0 pairs never matched.
INFO	2025-09-17 14:29:58	MarkDuplicates	After buildSortedReadEndLists freeMemory: 4788017808; totalMemory: 6878658560; maxMemory: 34359738368
INFO	2025-09-17 14:29:58	MarkDuplicates	Will retain up to 1073741824 duplicate indices before spilling to disk.
INFO	2025-09-17 14:30:03	MarkDuplicates	Traversing read pair information and detecting duplicates.
INFO	2025-09-17 14:30:03	MarkDuplicates	Traversing fragment information and detecting duplicates.
INFO	2025-09-17 14:30:03	MarkDuplicates	Sorting list of duplicate records.
INFO	2025-09-17 14:30:03	MarkDuplicates	After generateDuplicateIndexes freeMemory: 6823461424; totalMemory: 15468593152; maxMemory: 34359738368
INFO	2025-09-17 14:30:03	MarkDuplicates	Marking 372965 records as duplicates.
INFO	2025-09-17 14:30:03	MarkDuplicates	Found 0 optical duplicate clusters.
INFO	2025-09-17 14:30:03	MarkDuplicates	Reads are assumed to be ordered by: coordinate
INFO	2025-09-17 14:30:04	MarkDuplicates	Writing complete. Closing input iterator.
INFO	2025-09-17 14:30:04	MarkDuplicates	Duplicate Index cleanup.
INFO	2025-09-17 14:30:04	MarkDuplicates	Getting Memory Stats.
INFO	2025-09-17 14:30:04	MarkDuplicates	Before output close freeMemory: 917173368; totalMemory: 956301312; maxMemory: 34359738368
INFO	2025-09-17 14:30:04	MarkDuplicates	Closed outputs. Getting more Memory Stats.
INFO	2025-09-17 14:30:04	MarkDuplicates	After output close freeMemory: 251473416; totalMemory: 285212672; maxMemory: 34359738368
[Wed Sep 17 14:30:04 EDT 2025] picard.sam.markduplicates.MarkDuplicates done. Elapsed time: 0.14 minutes.
Runtime.totalMemory()=285212672
Tool returned:
0
Step 2: Add or Replace Read Groups
Using GATK jar /mnt/vstor/SOM_GENE_BEG33/fossil-c/bigdata/gatk/gatk-4.6.2.0/gatk-package-4.6.2.0-local.jar
Running:
    java -Dsamjdk.use_async_io_read_samtools=false -Dsamjdk.use_async_io_write_samtools=true -Dsamjdk.use_async_io_write_tribble=false -Dsamjdk.compression_level=2 -Xmx16G -jar /mnt/vstor/SOM_GENE_BEG33/fossil-c/bigdata/gatk/gatk-4.6.2.0/gatk-package-4.6.2.0-local.jar AddOrReplaceReadGroups -I /mnt/vstor/SOM_GENE_BEG33/fossil-c/bigdata/bwa/results/Brachy_Blank@galGal6.dedup.bam -O /mnt/vstor/SOM_GENE_BEG33/fossil-c/bigdata/bwa/results/Brachy_Blank@galGal6.dedup.rg.bam -RGID Brachy_Blank@galGal6 -RGLB lib1 -RGPL illumina -RGPU unit1 -RGSM Brachy_Blank@galGal6
14:30:06.628 INFO  NativeLibraryLoader - Loading libgkl_compression.so from jar:file:/mnt/vstor/SOM_GENE_BEG33/fossil-c/bigdata/gatk/gatk-4.6.2.0/gatk-package-4.6.2.0-local.jar!/com/intel/gkl/native/libgkl_compression.so
[Wed Sep 17 14:30:06 EDT 2025] AddOrReplaceReadGroups --INPUT /mnt/vstor/SOM_GENE_BEG33/fossil-c/bigdata/bwa/results/Brachy_Blank@galGal6.dedup.bam --OUTPUT /mnt/vstor/SOM_GENE_BEG33/fossil-c/bigdata/bwa/results/Brachy_Blank@galGal6.dedup.rg.bam --RGID Brachy_Blank@galGal6 --RGLB lib1 --RGPL illumina --RGPU unit1 --RGSM Brachy_Blank@galGal6 --VERBOSITY INFO --QUIET false --VALIDATION_STRINGENCY STRICT --COMPRESSION_LEVEL 2 --MAX_RECORDS_IN_RAM 500000 --CREATE_INDEX false --CREATE_MD5_FILE false --help false --version false --showHidden false --USE_JDK_DEFLATER false --USE_JDK_INFLATER false
[Wed Sep 17 14:30:06 EDT 2025] Executing as hxk728@compt306 on Linux 4.18.0-553.el8_10.x86_64 amd64; OpenJDK 64-Bit Server VM 17.0.15-internal+0-adhoc..src; Deflater: Intel; Inflater: Intel; Provider GCS is available; Picard version: Version:4.6.2.0
INFO	2025-09-17 14:30:06	AddOrReplaceReadGroups	Created read-group ID=Brachy_Blank@galGal6 PL=illumina LB=lib1 SM=Brachy_Blank@galGal6

[Wed Sep 17 14:30:07 EDT 2025] picard.sam.AddOrReplaceReadGroups done. Elapsed time: 0.01 minutes.
Runtime.totalMemory()=637534208
Tool returned:
0
Step 3: Index BAM
Step 4: HaplotypeCaller (GVCF mode)
Using GATK jar /mnt/vstor/SOM_GENE_BEG33/fossil-c/bigdata/gatk/gatk-4.6.2.0/gatk-package-4.6.2.0-local.jar
Running:
    java -Dsamjdk.use_async_io_read_samtools=false -Dsamjdk.use_async_io_write_samtools=true -Dsamjdk.use_async_io_write_tribble=false -Dsamjdk.compression_level=2 -Xmx32G -jar /mnt/vstor/SOM_GENE_BEG33/fossil-c/bigdata/gatk/gatk-4.6.2.0/gatk-package-4.6.2.0-local.jar HaplotypeCaller -R /mnt/vstor/SOM_GENE_BEG33/fossil-c/bigdata/bwa/idx/galGal6.fa -I /mnt/vstor/SOM_GENE_BEG33/fossil-c/bigdata/bwa/results/Brachy_Blank@galGal6.dedup.rg.bam -O /mnt/vstor/SOM_GENE_BEG33/fossil-c/bigdata/bwa/results/Brachy_Blank@galGal6.g.vcf.gz -ERC GVCF --sample-name Brachy_Blank@galGal6 --native-pair-hmm-threads 16 --bam-output /mnt/vstor/SOM_GENE_BEG33/fossil-c/bigdata/bwa/results/Brachy_Blank@galGal6.final.bam
14:30:09.180 INFO  NativeLibraryLoader - Loading libgkl_compression.so from jar:file:/mnt/vstor/SOM_GENE_BEG33/fossil-c/bigdata/gatk/gatk-4.6.2.0/gatk-package-4.6.2.0-local.jar!/com/intel/gkl/native/libgkl_compression.so
14:30:09.305 INFO  HaplotypeCaller - ------------------------------------------------------------
14:30:09.309 INFO  HaplotypeCaller - The Genome Analysis Toolkit (GATK) v4.6.2.0
14:30:09.309 INFO  HaplotypeCaller - For support and documentation go to https://software.broadinstitute.org/gatk/
14:30:09.309 INFO  HaplotypeCaller - Executing as hxk728@compt306 on Linux v4.18.0-553.el8_10.x86_64 amd64
14:30:09.309 INFO  HaplotypeCaller - Java runtime: OpenJDK 64-Bit Server VM v17.0.15-internal+0-adhoc..src
14:30:09.310 INFO  HaplotypeCaller - Start Date/Time: September 17, 2025 at 2:30:09 PM EDT
14:30:09.310 INFO  HaplotypeCaller - ------------------------------------------------------------
14:30:09.310 INFO  HaplotypeCaller - ------------------------------------------------------------
14:30:09.310 INFO  HaplotypeCaller - HTSJDK Version: 4.2.0
14:30:09.310 INFO  HaplotypeCaller - Picard Version: 3.4.0
14:30:09.310 INFO  HaplotypeCaller - Built for Spark Version: 3.5.0
14:30:09.312 INFO  HaplotypeCaller - HTSJDK Defaults.COMPRESSION_LEVEL : 2
14:30:09.313 INFO  HaplotypeCaller - HTSJDK Defaults.USE_ASYNC_IO_READ_FOR_SAMTOOLS : false
14:30:09.313 INFO  HaplotypeCaller - HTSJDK Defaults.USE_ASYNC_IO_WRITE_FOR_SAMTOOLS : true
14:30:09.313 INFO  HaplotypeCaller - HTSJDK Defaults.USE_ASYNC_IO_WRITE_FOR_TRIBBLE : false
14:30:09.313 INFO  HaplotypeCaller - Deflater: IntelDeflater
14:30:09.313 INFO  HaplotypeCaller - Inflater: IntelInflater
14:30:09.313 INFO  HaplotypeCaller - GCS max retries/reopens: 20
14:30:09.313 INFO  HaplotypeCaller - Requester pays: disabled
14:30:09.313 INFO  HaplotypeCaller - Initializing engine
14:30:09.495 INFO  HaplotypeCaller - Done initializing engine
14:30:09.498 INFO  HaplotypeCallerEngine - Tool is in reference confidence mode and the annotation, the following changes will be made to any specified annotations: 'StrandBiasBySample' will be enabled. 'ChromosomeCounts', 'FisherStrand', 'StrandOddsRatio' and 'QualByDepth' annotations have been disabled
14:30:09.518 INFO  NativeLibraryLoader - Loading libgkl_utils.so from jar:file:/mnt/vstor/SOM_GENE_BEG33/fossil-c/bigdata/gatk/gatk-4.6.2.0/gatk-package-4.6.2.0-local.jar!/com/intel/gkl/native/libgkl_utils.so
14:30:09.520 INFO  NativeLibraryLoader - Loading libgkl_smithwaterman.so from jar:file:/mnt/vstor/SOM_GENE_BEG33/fossil-c/bigdata/gatk/gatk-4.6.2.0/gatk-package-4.6.2.0-local.jar!/com/intel/gkl/native/libgkl_smithwaterman.so
14:30:09.521 INFO  IntelSmithWaterman - Using CPU-supported AVX-512 instructions
14:30:09.521 INFO  SmithWatermanAligner - Using AVX accelerated SmithWaterman implementation
14:30:09.524 INFO  HaplotypeCallerEngine - Standard Emitting and Calling confidence set to -0.0 for reference-model confidence output
14:30:09.524 INFO  HaplotypeCallerEngine - All sites annotated with PLs forced to true for reference-model confidence output
14:30:09.564 INFO  NativeLibraryLoader - Loading libgkl_pairhmm_omp.so from jar:file:/mnt/vstor/SOM_GENE_BEG33/fossil-c/bigdata/gatk/gatk-4.6.2.0/gatk-package-4.6.2.0-local.jar!/com/intel/gkl/native/libgkl_pairhmm_omp.so
14:30:09.585 INFO  IntelPairHmm - Using CPU-supported AVX-512 instructions
14:30:09.585 INFO  IntelPairHmm - Flush-to-zero (FTZ) is enabled when running PairHMM
14:30:09.585 INFO  IntelPairHmm - Available threads: 24
14:30:09.585 INFO  IntelPairHmm - Requested threads: 16
14:30:09.585 INFO  PairHMM - Using the OpenMP multi-threaded AVX-accelerated native PairHMM implementation
14:30:09.639 INFO  ProgressMeter - Starting traversal
14:30:09.639 INFO  ProgressMeter -        Current Locus  Elapsed Minutes     Regions Processed   Regions/Minute
14:30:11.554 WARN  DepthPerSampleHC - org.broadinstitute.hellbender.tools.walkers.annotator.DepthPerSampleHC$$Lambda$522/0x00007fe24460b800@6bbced25
14:30:11.554 WARN  StrandBiasBySample - org.broadinstitute.hellbender.tools.walkers.annotator.StrandBiasBySample$$Lambda$523/0x00007fe24460ba28@3362b33c
14:30:11.556 WARN  InbreedingCoeff - InbreedingCoeff will not be calculated at position chr1:1557784 and possibly subsequent; at least 10 samples must have called genotypes
14:30:19.640 INFO  ProgressMeter -        chr1:14711125              0.2                 49270         295620.0
14:30:29.640 INFO  ProgressMeter -        chr1:32221933              0.3                107940         323803.8
14:30:39.641 INFO  ProgressMeter -        chr1:50450920              0.5                169000         337988.7
14:30:49.641 INFO  ProgressMeter -        chr1:68177085              0.7                228400         342591.4
14:30:59.640 INFO  ProgressMeter -        chr1:86098182              0.8                288450         346133.1
14:31:09.640 INFO  ProgressMeter -       chr1:104589017              1.0                350350         350344.2
14:31:19.641 INFO  ProgressMeter -       chr1:123167409              1.2                412570         353621.3
14:31:29.641 INFO  ProgressMeter -       chr1:141580730              1.3                474260         355686.1
14:31:39.642 INFO  ProgressMeter -       chr1:160476954              1.5                537500         358321.4
14:31:49.643 INFO  ProgressMeter -       chr1:178999720              1.7                599530         359703.6
14:31:59.645 INFO  ProgressMeter -       chr1:197441209              1.8                661280         360681.8
14:32:09.645 INFO  ProgressMeter -       chr10:17833203              2.0                721620         360795.0
14:32:19.644 INFO  ProgressMeter -       chr11:15271884              2.2                783810         361744.5
14:32:29.645 INFO  ProgressMeter -       chr12:12685326              2.3                842880         361218.8
14:32:39.645 INFO  ProgressMeter -        chr13:9840287              2.5                901680         360657.6
14:32:49.648 INFO  ProgressMeter -        chr14:8555398              2.7                961660         360602.2
14:32:59.649 INFO  ProgressMeter -       chr15:10571233              2.8               1022820         360974.1
14:33:09.649 INFO  ProgressMeter -         chr18:633467              3.0               1079450         359796.7
14:33:19.649 INFO  ProgressMeter -        chr19:7586377              3.2               1140950         360281.0
14:33:29.649 INFO  ProgressMeter -        chr2:15646245              3.3               1202810         360825.0
14:33:39.649 INFO  ProgressMeter -        chr2:33905761              3.5               1263980         361119.9
14:33:49.650 INFO  ProgressMeter -        chr2:52163237              3.7               1325140         361383.7
14:33:59.650 INFO  ProgressMeter -        chr2:70534493              3.8               1386670         361722.7
14:34:09.651 INFO  ProgressMeter -        chr2:89143442              4.0               1448950         362219.4
14:34:19.651 INFO  ProgressMeter -       chr2:107426769              4.2               1510190         362428.2
14:34:29.652 INFO  ProgressMeter -       chr2:125821266              4.3               1571800         362704.9
14:34:39.652 INFO  ProgressMeter -       chr2:143075119              4.5               1629580         362111.5
14:34:49.652 INFO  ProgressMeter -       chr20:11021598              4.7               1688660         361838.9
14:34:59.652 INFO  ProgressMeter -        chr23:2908171              4.8               1749400         361928.6
14:35:09.652 INFO  ProgressMeter -        chr26:4183101              5.0               1809730         361930.3
14:35:19.652 INFO  ProgressMeter -         chr3:3436480              5.2               1871820         362272.5
14:35:29.653 INFO  ProgressMeter -        chr3:21636294              5.3               1932810         362386.0
14:35:39.653 INFO  ProgressMeter -        chr3:39415645              5.5               1992400         362239.2
14:35:49.654 INFO  ProgressMeter -        chr3:57468370              5.7               2052870         362255.2
14:35:59.654 INFO  ProgressMeter -        chr3:75469242              5.8               2113110         362231.9
14:36:09.655 INFO  ProgressMeter -        chr3:93512039              6.0               2173500         362233.9
14:36:19.656 INFO  ProgressMeter -         chr30:460595              6.2               2233110         362110.3
14:36:29.657 INFO  ProgressMeter -         chr4:2255363              6.3               2294590         362287.5
14:36:39.656 INFO  ProgressMeter -        chr4:19067590              6.5               2350960         361670.4
14:36:49.656 INFO  ProgressMeter -        chr4:36863303              6.7               2410550         361567.1
14:36:59.657 INFO  ProgressMeter -        chr4:54640822              6.8               2470110         361463.6
14:37:09.658 INFO  ProgressMeter -        chr4:72524589              7.0               2529980         361409.4
14:37:19.659 INFO  ProgressMeter -        chr4:90640948              7.2               2590650         361469.2
14:37:29.659 INFO  ProgressMeter -        chr5:17484627              7.3               2651520         361554.5
14:37:39.660 INFO  ProgressMeter -        chr5:35685016              7.5               2712470         361646.6
14:37:49.661 INFO  ProgressMeter -        chr5:53829408              7.7               2773240         361709.7
14:37:59.665 INFO  ProgressMeter -        chr6:12023924              7.8               2833560         361711.1
14:38:09.666 INFO  ProgressMeter -        chr6:30055963              8.0               2893970         361725.9
14:38:19.667 INFO  ProgressMeter -        chr7:11566681              8.2               2954090         361705.4
14:38:29.667 INFO  ProgressMeter -        chr7:28880690              8.3               3012140         361436.6
14:38:39.667 INFO  ProgressMeter -         chr8:9998944              8.5               3072010         361393.1
14:38:49.669 INFO  ProgressMeter -        chr8:28338266              8.7               3133450         361531.1
14:38:59.670 INFO  ProgressMeter -        chr9:16279402              8.8               3194350         361604.1
14:39:09.669 INFO  ProgressMeter - chrUn_NW_020110165v1:712087              9.0               3257120         361882.1
14:39:19.670 INFO  ProgressMeter -         chrZ:8149399              9.2               3320550         362221.4
14:39:29.670 INFO  ProgressMeter -        chrZ:26165069              9.3               3380890         362218.2
14:39:39.670 INFO  ProgressMeter -        chrZ:44706871              9.5               3442910         362391.9
14:39:49.671 INFO  ProgressMeter -        chrZ:62405736              9.7               3502210         362277.6
14:39:59.672 INFO  ProgressMeter -        chrZ:80304452              9.8               3562080         362225.2
14:40:00.917 INFO  HaplotypeCaller - 145850 read(s) filtered by: MappingQualityReadFilter 
0 read(s) filtered by: MappingQualityAvailableReadFilter 
0 read(s) filtered by: MappedReadFilter 
0 read(s) filtered by: NotSecondaryAlignmentReadFilter 
0 read(s) filtered by: NotDuplicateReadFilter 
0 read(s) filtered by: PassesVendorQualityCheckReadFilter 
0 read(s) filtered by: NonZeroReferenceLengthAlignmentReadFilter 
0 read(s) filtered by: GoodCigarReadFilter 
0 read(s) filtered by: WellformedReadFilter 
145850 total reads filtered out of 167181 reads processed
14:40:00.917 INFO  ProgressMeter - chrZ_NW_020109829v1_random:13201              9.9               3569577         362223.2
14:40:00.917 INFO  ProgressMeter - Traversal complete. Processed 3569577 total regions in 9.9 minutes.
14:40:00.991 INFO  VectorLoglessPairHMM - Time spent in setup for JNI call : 0.004468624
14:40:00.991 INFO  PairHMM - Total compute time in PairHMM computeLogLikelihoods() : 0.229728113
14:40:00.992 INFO  SmithWatermanAligner - Total compute time in native Smith-Waterman : 0.27 sec
14:40:01.077 INFO  HaplotypeCaller - Shutting down engine
[September 17, 2025 at 2:40:01 PM EDT] org.broadinstitute.hellbender.tools.walkers.haplotypecaller.HaplotypeCaller done. Elapsed time: 9.87 minutes.
Runtime.totalMemory()=2600468480
Done! Output GVCF: /mnt/vstor/SOM_GENE_BEG33/fossil-c/bigdata/bwa/results/Brachy_Blank@galGal6.g.vcf.gz
