[bwa_index] Pack FASTA... 17.30 sec
[bwa_index] Construct BWT for the packed sequence...
[BWTIncCreate] textLength=3901661940, availableWord=286535288
[BWTIncConstructFromPacked] 10 iterations done. 99999988 characters processed.
[BWTIncConstructFromPacked] 20 iterations done. 199999988 characters processed.
[BWTIncConstructFromPacked] 30 iterations done. 299999988 characters processed.
[BWTIncConstructFromPacked] 40 iterations done. 399999988 characters processed.
[BWTIncConstructFromPacked] 50 iterations done. 499999988 characters processed.
[BWTIncConstructFromPacked] 60 iterations done. 599999988 characters processed.
[BWTIncConstructFromPacked] 70 iterations done. 699999988 characters processed.
[BWTIncConstructFromPacked] 80 iterations done. 799999988 characters processed.
[BWTIncConstructFromPacked] 90 iterations done. 899999988 characters processed.
[BWTIncConstructFromPacked] 100 iterations done. 999999988 characters processed.
[BWTIncConstructFromPacked] 110 iterations done. 1099999988 characters processed.
[BWTIncConstructFromPacked] 120 iterations done. 1199999988 characters processed.
[BWTIncConstructFromPacked] 130 iterations done. 1299999988 characters processed.
[BWTIncConstructFromPacked] 140 iterations done. 1399999988 characters processed.
[BWTIncConstructFromPacked] 150 iterations done. 1499999988 characters processed.
[BWTIncConstructFromPacked] 160 iterations done. 1599999988 characters processed.
[BWTIncConstructFromPacked] 170 iterations done. 1699999988 characters processed.
[BWTIncConstructFromPacked] 180 iterations done. 1799999988 characters processed.
[BWTIncConstructFromPacked] 190 iterations done. 1899999988 characters processed.
[BWTIncConstructFromPacked] 200 iterations done. 1999999988 characters processed.
[BWTIncConstructFromPacked] 210 iterations done. 2099999988 characters processed.
[BWTIncConstructFromPacked] 220 iterations done. 2199999988 characters processed.
[BWTIncConstructFromPacked] 230 iterations done. 2299999988 characters processed.
[BWTIncConstructFromPacked] 240 iterations done. 2399999988 characters processed.
[BWTIncConstructFromPacked] 250 iterations done. 2499999988 characters processed.
[BWTIncConstructFromPacked] 260 iterations done. 2599999988 characters processed.
[BWTIncConstructFromPacked] 270 iterations done. 2699999988 characters processed.
[BWTIncConstructFromPacked] 280 iterations done. 2799999988 characters processed.
[BWTIncConstructFromPacked] 290 iterations done. 2899999988 characters processed.
[BWTIncConstructFromPacked] 300 iterations done. 2999999988 characters processed.
[BWTIncConstructFromPacked] 310 iterations done. 3099999988 characters processed.
[BWTIncConstructFromPacked] 320 iterations done. 3199999988 characters processed.
[BWTIncConstructFromPacked] 330 iterations done. 3296846068 characters processed.
[BWTIncConstructFromPacked] 340 iterations done. 3383257956 characters processed.
[BWTIncConstructFromPacked] 350 iterations done. 3460057060 characters processed.
[BWTIncConstructFromPacked] 360 iterations done. 3528312276 characters processed.
[BWTIncConstructFromPacked] 370 iterations done. 3588973684 characters processed.
[BWTIncConstructFromPacked] 380 iterations done. 3642885700 characters processed.
[BWTIncConstructFromPacked] 390 iterations done. 3690798788 characters processed.
[BWTIncConstructFromPacked] 400 iterations done. 3733380068 characters processed.
[BWTIncConstructFromPacked] 410 iterations done. 3771222388 characters processed.
[BWTIncConstructFromPacked] 420 iterations done. 3804852692 characters processed.
[BWTIncConstructFromPacked] 430 iterations done. 3834739364 characters processed.
[BWTIncConstructFromPacked] 440 iterations done. 3861298692 characters processed.
[BWTIncConstructFromPacked] 450 iterations done. 3884900676 characters processed.
[bwt_gen] Finished constructing BWT in 458 iterations.
[bwa_index] 1244.91 seconds elapse.
[bwa_index] Update BWT... 7.77 sec
[bwa_index] Pack forward-only FASTA... 13.92 sec
[bwa_index] Construct SA from BWT and Occ... 618.14 sec
[main] Version: 0.7.19-r1273
[main] CMD: bwa index bigdata/genome/brown_anole.fna.gz
[main] Real time: 1921.211 sec; CPU: 1902.035 sec
