[bwa_aln] 17bp reads: max_diff = 2
[bwa_aln] 22bp reads: max_diff = 3
[bwa_aln] 42bp reads: max_diff = 4
[bwa_aln] 64bp reads: max_diff = 5
[bwa_aln] 90bp reads: max_diff = 6
[bwa_aln] 117bp reads: max_diff = 7
[bwa_aln] 146bp reads: max_diff = 8
[bwa_aln] 176bp reads: max_diff = 9
[bwa_aln] 207bp reads: max_diff = 10
[bwa_aln] 239bp reads: max_diff = 11
[bwa_aln_core] calculate SA coordinate... 503.83 sec
[bwa_aln_core] write to the disk... 0.03 sec
[bwa_aln_core] 262144 sequences have been processed.
[bwa_aln_core] calculate SA coordinate... 479.46 sec
[bwa_aln_core] write to the disk... 0.04 sec
[bwa_aln_core] 524288 sequences have been processed.
[bwa_aln_core] calculate SA coordinate... 501.96 sec
[bwa_aln_core] write to the disk... 0.04 sec
[bwa_aln_core] 786432 sequences have been processed.
[bwa_aln_core] calculate SA coordinate... 508.97 sec
[bwa_aln_core] write to the disk... 0.04 sec
[bwa_aln_core] 1048576 sequences have been processed.
[bwa_aln_core] calculate SA coordinate... 484.62 sec
[bwa_aln_core] write to the disk... 0.05 sec
[bwa_aln_core] 1310720 sequences have been processed.
[bwa_aln_core] calculate SA coordinate... 487.18 sec
[bwa_aln_core] write to the disk... 0.04 sec
[bwa_aln_core] 1572864 sequences have been processed.
[bwa_aln_core] calculate SA coordinate... 479.37 sec
[bwa_aln_core] write to the disk... 0.04 sec
[bwa_aln_core] 1835008 sequences have been processed.
[bwa_aln_core] calculate SA coordinate... 465.15 sec
[bwa_aln_core] write to the disk... 0.04 sec
[bwa_aln_core] 2097152 sequences have been processed.
[bwa_aln_core] calculate SA coordinate... 465.60 sec
[bwa_aln_core] write to the disk... 0.03 sec
[bwa_aln_core] 2359296 sequences have been processed.
[bwa_aln_core] calculate SA coordinate... 454.16 sec
[bwa_aln_core] write to the disk... 0.04 sec
[bwa_aln_core] 2621440 sequences have been processed.
[bwa_aln_core] calculate SA coordinate... 440.26 sec
[bwa_aln_core] write to the disk... 0.03 sec
[bwa_aln_core] 2883584 sequences have been processed.
[bwa_aln_core] calculate SA coordinate... 450.30 sec
[bwa_aln_core] write to the disk... 0.03 sec
[bwa_aln_core] 3145728 sequences have been processed.
[bwa_aln_core] calculate SA coordinate... 457.41 sec
[bwa_aln_core] write to the disk... 0.04 sec
[bwa_aln_core] 3407872 sequences have been processed.
[bwa_aln_core] calculate SA coordinate... 429.36 sec
[bwa_aln_core] write to the disk... 0.04 sec
[bwa_aln_core] 3670016 sequences have been processed.
[bwa_aln_core] calculate SA coordinate... 434.55 sec
[bwa_aln_core] write to the disk... 0.04 sec
[bwa_aln_core] 3932160 sequences have been processed.
[bwa_aln_core] calculate SA coordinate... 421.95 sec
[bwa_aln_core] write to the disk... 0.04 sec
[bwa_aln_core] 4194304 sequences have been processed.
[bwa_aln_core] calculate SA coordinate... 426.45 sec
[bwa_aln_core] write to the disk... 0.04 sec
[bwa_aln_core] 4456448 sequences have been processed.
[bwa_aln_core] calculate SA coordinate... 444.50 sec
[bwa_aln_core] write to the disk... 0.03 sec
[bwa_aln_core] 4718592 sequences have been processed.
[bwa_aln_core] calculate SA coordinate... 432.17 sec
[bwa_aln_core] write to the disk... 0.03 sec
[bwa_aln_core] 4980736 sequences have been processed.
[bwa_aln_core] calculate SA coordinate... 440.46 sec
[bwa_aln_core] write to the disk... 0.04 sec
[bwa_aln_core] 5242880 sequences have been processed.
[bwa_aln_core] calculate SA coordinate... 452.02 sec
[bwa_aln_core] write to the disk... 0.04 sec
[bwa_aln_core] 5505024 sequences have been processed.
[bwa_aln_core] calculate SA coordinate... 440.00 sec
[bwa_aln_core] write to the disk... 0.04 sec
[bwa_aln_core] 5767168 sequences have been processed.
[bwa_aln_core] calculate SA coordinate... 441.49 sec
[bwa_aln_core] write to the disk... 0.04 sec
[bwa_aln_core] 6029312 sequences have been processed.
[bwa_aln_core] calculate SA coordinate... 446.36 sec
[bwa_aln_core] write to the disk... 0.04 sec
[bwa_aln_core] 6291456 sequences have been processed.
[bwa_aln_core] calculate SA coordinate... 430.06 sec
[bwa_aln_core] write to the disk... 0.03 sec
[bwa_aln_core] 6553600 sequences have been processed.
[bwa_aln_core] calculate SA coordinate... 452.26 sec
[bwa_aln_core] write to the disk... 0.04 sec
[bwa_aln_core] 6815744 sequences have been processed.
[bwa_aln_core] calculate SA coordinate... 439.59 sec
[bwa_aln_core] write to the disk... 0.03 sec
[bwa_aln_core] 7077888 sequences have been processed.
[bwa_aln_core] calculate SA coordinate... 445.46 sec
[bwa_aln_core] write to the disk... 0.04 sec
[bwa_aln_core] 7340032 sequences have been processed.
[bwa_aln_core] calculate SA coordinate... 445.99 sec
[bwa_aln_core] write to the disk... 0.03 sec
[bwa_aln_core] 7602176 sequences have been processed.
[bwa_aln_core] calculate SA coordinate... 449.17 sec
[bwa_aln_core] write to the disk... 0.03 sec
[bwa_aln_core] 7864320 sequences have been processed.
[bwa_aln_core] calculate SA coordinate... 445.75 sec
[bwa_aln_core] write to the disk... 0.04 sec
[bwa_aln_core] 8126464 sequences have been processed.
[bwa_aln_core] calculate SA coordinate... 441.08 sec
[bwa_aln_core] write to the disk... 0.04 sec
[bwa_aln_core] 8388608 sequences have been processed.
[bwa_aln_core] calculate SA coordinate... 434.96 sec
[bwa_aln_core] write to the disk... 0.03 sec
[bwa_aln_core] 8650752 sequences have been processed.
[bwa_aln_core] calculate SA coordinate... 431.48 sec
[bwa_aln_core] write to the disk... 0.04 sec
[bwa_aln_core] 8912896 sequences have been processed.
[bwa_aln_core] calculate SA coordinate... 448.65 sec
[bwa_aln_core] write to the disk... 0.04 sec
[bwa_aln_core] 9175040 sequences have been processed.
[bwa_aln_core] calculate SA coordinate... 435.07 sec
[bwa_aln_core] write to the disk... 0.03 sec
[bwa_aln_core] 9437184 sequences have been processed.
[bwa_aln_core] calculate SA coordinate... 438.08 sec
[bwa_aln_core] write to the disk... 0.03 sec
[bwa_aln_core] 9699328 sequences have been processed.
[bwa_aln_core] calculate SA coordinate... 467.66 sec
[bwa_aln_core] write to the disk... 0.03 sec
[bwa_aln_core] 9961472 sequences have been processed.
[bwa_aln_core] calculate SA coordinate... 493.05 sec
[bwa_aln_core] write to the disk... 0.03 sec
[bwa_aln_core] 10223616 sequences have been processed.
[bwa_aln_core] calculate SA coordinate... 481.56 sec
[bwa_aln_core] write to the disk... 0.04 sec
[bwa_aln_core] 10485760 sequences have been processed.
[bwa_aln_core] calculate SA coordinate... 483.83 sec
[bwa_aln_core] write to the disk... 0.04 sec
[bwa_aln_core] 10747904 sequences have been processed.
[bwa_aln_core] calculate SA coordinate... 468.33 sec
[bwa_aln_core] write to the disk... 0.03 sec
[bwa_aln_core] 11010048 sequences have been processed.
[bwa_aln_core] calculate SA coordinate... 444.52 sec
[bwa_aln_core] write to the disk... 0.04 sec
[bwa_aln_core] 11272192 sequences have been processed.
[bwa_aln_core] calculate SA coordinate... 451.58 sec
[bwa_aln_core] write to the disk... 0.03 sec
[bwa_aln_core] 11534336 sequences have been processed.
[bwa_aln_core] calculate SA coordinate... 456.46 sec
[bwa_aln_core] write to the disk... 0.03 sec
[bwa_aln_core] 11796480 sequences have been processed.
[bwa_aln_core] calculate SA coordinate... 451.39 sec
[bwa_aln_core] write to the disk... 0.03 sec
[bwa_aln_core] 12058624 sequences have been processed.
[bwa_aln_core] calculate SA coordinate... 455.41 sec
[bwa_aln_core] write to the disk... 0.03 sec
[bwa_aln_core] 12320768 sequences have been processed.
[bwa_aln_core] calculate SA coordinate... 450.82 sec
[bwa_aln_core] write to the disk... 0.03 sec
[bwa_aln_core] 12582912 sequences have been processed.
[bwa_aln_core] calculate SA coordinate... 447.98 sec
[bwa_aln_core] write to the disk... 0.03 sec
[bwa_aln_core] 12845056 sequences have been processed.
[bwa_aln_core] calculate SA coordinate... 441.20 sec
[bwa_aln_core] write to the disk... 0.03 sec
[bwa_aln_core] 13107200 sequences have been processed.
[bwa_aln_core] calculate SA coordinate... 434.08 sec
[bwa_aln_core] write to the disk... 0.03 sec
[bwa_aln_core] 13369344 sequences have been processed.
[bwa_aln_core] calculate SA coordinate... 413.39 sec
[bwa_aln_core] write to the disk... 0.03 sec
[bwa_aln_core] 13631488 sequences have been processed.
[bwa_aln_core] calculate SA coordinate... 436.80 sec
[bwa_aln_core] write to the disk... 0.03 sec
[bwa_aln_core] 13893632 sequences have been processed.
[bwa_aln_core] calculate SA coordinate... 423.63 sec
[bwa_aln_core] write to the disk... 0.04 sec
[bwa_aln_core] 14155776 sequences have been processed.
[bwa_aln_core] calculate SA coordinate... 439.84 sec
[bwa_aln_core] write to the disk... 0.03 sec
[bwa_aln_core] 14417920 sequences have been processed.
[bwa_aln_core] calculate SA coordinate... 428.19 sec
[bwa_aln_core] write to the disk... 0.03 sec
[bwa_aln_core] 14680064 sequences have been processed.
[bwa_aln_core] calculate SA coordinate... 431.44 sec
[bwa_aln_core] write to the disk... 0.03 sec
[bwa_aln_core] 14942208 sequences have been processed.
[bwa_aln_core] calculate SA coordinate... 436.67 sec
[bwa_aln_core] write to the disk... 0.04 sec
[bwa_aln_core] 15204352 sequences have been processed.
[bwa_aln_core] calculate SA coordinate... 440.16 sec
[bwa_aln_core] write to the disk... 0.03 sec
[bwa_aln_core] 15466496 sequences have been processed.
[bwa_aln_core] calculate SA coordinate... 439.09 sec
[bwa_aln_core] write to the disk... 0.03 sec
[bwa_aln_core] 15728640 sequences have been processed.
[bwa_aln_core] calculate SA coordinate... 439.54 sec
[bwa_aln_core] write to the disk... 0.03 sec
[bwa_aln_core] 15990784 sequences have been processed.
[bwa_aln_core] calculate SA coordinate... 425.90 sec
[bwa_aln_core] write to the disk... 0.03 sec
[bwa_aln_core] 16252928 sequences have been processed.
[bwa_aln_core] calculate SA coordinate... 422.22 sec
[bwa_aln_core] write to the disk... 0.03 sec
[bwa_aln_core] 16515072 sequences have been processed.
[bwa_aln_core] calculate SA coordinate... 437.83 sec
[bwa_aln_core] write to the disk... 0.03 sec
[bwa_aln_core] 16777216 sequences have been processed.
[bwa_aln_core] calculate SA coordinate... 429.67 sec
[bwa_aln_core] write to the disk... 0.04 sec
[bwa_aln_core] 17039360 sequences have been processed.
[bwa_aln_core] calculate SA coordinate... 433.98 sec
[bwa_aln_core] write to the disk... 0.04 sec
[bwa_aln_core] 17301504 sequences have been processed.
[bwa_aln_core] calculate SA coordinate... 429.75 sec
[bwa_aln_core] write to the disk... 0.03 sec
[bwa_aln_core] 17563648 sequences have been processed.
[bwa_aln_core] calculate SA coordinate... 437.33 sec
[bwa_aln_core] write to the disk... 0.04 sec
[bwa_aln_core] 17825792 sequences have been processed.
[bwa_aln_core] calculate SA coordinate... 473.50 sec
[bwa_aln_core] write to the disk... 0.03 sec
[bwa_aln_core] 18087936 sequences have been processed.
[bwa_aln_core] calculate SA coordinate... 442.54 sec
[bwa_aln_core] write to the disk... 0.04 sec
[bwa_aln_core] 18350080 sequences have been processed.
[bwa_aln_core] calculate SA coordinate... 440.78 sec
[bwa_aln_core] write to the disk... 0.03 sec
[bwa_aln_core] 18612224 sequences have been processed.
[bwa_aln_core] calculate SA coordinate... 447.89 sec
[bwa_aln_core] write to the disk... 0.04 sec
[bwa_aln_core] 18874368 sequences have been processed.
[bwa_aln_core] calculate SA coordinate... 435.87 sec
[bwa_aln_core] write to the disk... 0.03 sec
[bwa_aln_core] 19136512 sequences have been processed.
[bwa_aln_core] calculate SA coordinate... 430.66 sec
[bwa_aln_core] write to the disk... 0.03 sec
[bwa_aln_core] 19398656 sequences have been processed.
[bwa_aln_core] calculate SA coordinate... 428.64 sec
[bwa_aln_core] write to the disk... 0.03 sec
[bwa_aln_core] 19660800 sequences have been processed.
[bwa_aln_core] calculate SA coordinate... 433.22 sec
[bwa_aln_core] write to the disk... 0.04 sec
[bwa_aln_core] 19922944 sequences have been processed.
[bwa_aln_core] calculate SA coordinate... 460.45 sec
[bwa_aln_core] write to the disk... 0.03 sec
[bwa_aln_core] 20185088 sequences have been processed.
[bwa_aln_core] calculate SA coordinate... 462.49 sec
[bwa_aln_core] write to the disk... 0.04 sec
[bwa_aln_core] 20447232 sequences have been processed.
[bwa_aln_core] calculate SA coordinate... 457.53 sec
[bwa_aln_core] write to the disk... 0.03 sec
[bwa_aln_core] 20709376 sequences have been processed.
[bwa_aln_core] calculate SA coordinate... 435.93 sec
[bwa_aln_core] write to the disk... 0.03 sec
[bwa_aln_core] 20971520 sequences have been processed.
[bwa_aln_core] calculate SA coordinate... 445.09 sec
[bwa_aln_core] write to the disk... 0.04 sec
[bwa_aln_core] 21233664 sequences have been processed.
[bwa_aln_core] calculate SA coordinate... 429.94 sec
[bwa_aln_core] write to the disk... 0.03 sec
[bwa_aln_core] 21495808 sequences have been processed.
[bwa_aln_core] calculate SA coordinate... 438.34 sec
[bwa_aln_core] write to the disk... 0.04 sec
[bwa_aln_core] 21757952 sequences have been processed.
[bwa_aln_core] calculate SA coordinate... 447.97 sec
[bwa_aln_core] write to the disk... 0.03 sec
[bwa_aln_core] 22020096 sequences have been processed.
[bwa_aln_core] calculate SA coordinate... 430.74 sec
[bwa_aln_core] write to the disk... 0.04 sec
[bwa_aln_core] 22282240 sequences have been processed.
[bwa_aln_core] calculate SA coordinate... 434.57 sec
[bwa_aln_core] write to the disk... 0.03 sec
[bwa_aln_core] 22544384 sequences have been processed.
[bwa_aln_core] calculate SA coordinate... 415.89 sec
[bwa_aln_core] write to the disk... 0.03 sec
[bwa_aln_core] 22806528 sequences have been processed.
[bwa_aln_core] calculate SA coordinate... 422.35 sec
[bwa_aln_core] write to the disk... 0.03 sec
[bwa_aln_core] 23068672 sequences have been processed.
[bwa_aln_core] calculate SA coordinate... 423.50 sec
[bwa_aln_core] write to the disk... 0.04 sec
[bwa_aln_core] 23330816 sequences have been processed.
[bwa_aln_core] calculate SA coordinate... 432.71 sec
[bwa_aln_core] write to the disk... 0.03 sec
[bwa_aln_core] 23592960 sequences have been processed.
[bwa_aln_core] calculate SA coordinate... 417.54 sec
[bwa_aln_core] write to the disk... 0.03 sec
[bwa_aln_core] 23855104 sequences have been processed.
[bwa_aln_core] calculate SA coordinate... 416.13 sec
[bwa_aln_core] write to the disk... 0.03 sec
[bwa_aln_core] 24117248 sequences have been processed.
[bwa_aln_core] calculate SA coordinate... 