/usr/bin/which: no mamba in (/usr/bin:/usr/sbin:/usr/local/clusters/pioneer/bin:/usr/local/bin:/usr/local/sbin:/opt/dell/srvadmin/bin)
Error unknown MAMBA_EXE: "", filename must be mamba or micromamba
critical libmamba Cannot activate, prefix does not exist at: '/mnt/vstor/SOM_GENE_BEG33/mamba/miniforge3/envs/dyno_env'
[bwa_aln] 17bp reads: max_diff = 2
[bwa_aln] 22bp reads: max_diff = 3
[bwa_aln] 42bp reads: max_diff = 4
[bwa_aln] 64bp reads: max_diff = 5
[bwa_aln] 90bp reads: max_diff = 6
[bwa_aln] 117bp reads: max_diff = 7
[bwa_aln] 146bp reads: max_diff = 8
[bwa_aln] 176bp reads: max_diff = 9
[bwa_aln] 207bp reads: max_diff = 10
[bwa_aln] 239bp reads: max_diff = 11
[bwa_aln_core] calculate SA coordinate... 51.59 sec
[bwa_aln_core] write to the disk... 0.01 sec
[bwa_aln_core] 262144 sequences have been processed.
[bwa_aln_core] calculate SA coordinate... 53.31 sec
[bwa_aln_core] write to the disk... 0.01 sec
[bwa_aln_core] 524288 sequences have been processed.
[bwa_aln_core] calculate SA coordinate... 51.62 sec
[bwa_aln_core] write to the disk... 0.01 sec
[bwa_aln_core] 786432 sequences have been processed.
[bwa_aln_core] calculate SA coordinate... 51.88 sec
[bwa_aln_core] write to the disk... 0.01 sec
[bwa_aln_core] 1048576 sequences have been processed.
[bwa_aln_core] calculate SA coordinate... 50.99 sec
[bwa_aln_core] write to the disk... 0.01 sec
[bwa_aln_core] 1310720 sequences have been processed.
[bwa_aln_core] calculate SA coordinate... 50.93 sec
[bwa_aln_core] write to the disk... 0.01 sec
[bwa_aln_core] 1572864 sequences have been processed.
[bwa_aln_core] calculate SA coordinate... 50.93 sec
[bwa_aln_core] write to the disk... 0.01 sec
[bwa_aln_core] 1835008 sequences have been processed.
[bwa_aln_core] calculate SA coordinate... 50.73 sec
[bwa_aln_core] write to the disk... 0.01 sec
[bwa_aln_core] 2097152 sequences have been processed.
[bwa_aln_core] calculate SA coordinate... 50.29 sec
[bwa_aln_core] write to the disk... 0.01 sec
[bwa_aln_core] 2359296 sequences have been processed.
[bwa_aln_core] calculate SA coordinate... 50.30 sec
[bwa_aln_core] write to the disk... 0.01 sec
[bwa_aln_core] 2621440 sequences have been processed.
[bwa_aln_core] calculate SA coordinate... 50.80 sec
[bwa_aln_core] write to the disk... 0.01 sec
[bwa_aln_core] 2883584 sequences have been processed.
[bwa_aln_core] calculate SA coordinate... 49.00 sec
[bwa_aln_core] write to the disk... 0.01 sec
[bwa_aln_core] 3145728 sequences have been processed.
[bwa_aln_core] calculate SA coordinate... 50.59 sec
[bwa_aln_core] write to the disk... 0.01 sec
[bwa_aln_core] 3407872 sequences have been processed.
[bwa_aln_core] calculate SA coordinate... 52.08 sec
[bwa_aln_core] write to the disk... 0.01 sec
[bwa_aln_core] 3670016 sequences have been processed.
[bwa_aln_core] calculate SA coordinate... 50.38 sec
[bwa_aln_core] write to the disk... 0.01 sec
[bwa_aln_core] 3932160 sequences have been processed.
[bwa_aln_core] calculate SA coordinate... 50.71 sec
[bwa_aln_core] write to the disk... 0.01 sec
[bwa_aln_core] 4194304 sequences have been processed.
[bwa_aln_core] calculate SA coordinate... 49.77 sec
[bwa_aln_core] write to the disk... 0.01 sec
[bwa_aln_core] 4456448 sequences have been processed.
[bwa_aln_core] calculate SA coordinate... 49.47 sec
[bwa_aln_core] write to the disk... 0.01 sec
[bwa_aln_core] 4718592 sequences have been processed.
[bwa_aln_core] calculate SA coordinate... 52.87 sec
[bwa_aln_core] write to the disk... 0.01 sec
[bwa_aln_core] 4980736 sequences have been processed.
[bwa_aln_core] calculate SA coordinate... 49.50 sec
[bwa_aln_core] write to the disk... 0.01 sec
[bwa_aln_core] 5242880 sequences have been processed.
[bwa_aln_core] calculate SA coordinate... 49.28 sec
[bwa_aln_core] write to the disk... 0.01 sec
[bwa_aln_core] 5505024 sequences have been processed.
[bwa_aln_core] calculate SA coordinate... 48.89 sec
[bwa_aln_core] write to the disk... 0.01 sec
[bwa_aln_core] 5767168 sequences have been processed.
[bwa_aln_core] calculate SA coordinate... 49.71 sec
[bwa_aln_core] write to the disk... 0.01 sec
[bwa_aln_core] 6029312 sequences have been processed.
[bwa_aln_core] calculate SA coordinate... 48.85 sec
[bwa_aln_core] write to the disk... 0.01 sec
[bwa_aln_core] 6291456 sequences have been processed.
[bwa_aln_core] calculate SA coordinate... 49.19 sec
[bwa_aln_core] write to the disk... 0.01 sec
[bwa_aln_core] 6553600 sequences have been processed.
[bwa_aln_core] calculate SA coordinate... 50.07 sec
[bwa_aln_core] write to the disk... 0.01 sec
[bwa_aln_core] 6815744 sequences have been processed.
[bwa_aln_core] calculate SA coordinate... 49.91 sec
[bwa_aln_core] write to the disk... 0.01 sec
[bwa_aln_core] 7077888 sequences have been processed.
[bwa_aln_core] calculate SA coordinate... 48.86 sec
[bwa_aln_core] write to the disk... 0.01 sec
[bwa_aln_core] 7340032 sequences have been processed.
[bwa_aln_core] calculate SA coordinate... 48.64 sec
[bwa_aln_core] write to the disk... 0.01 sec
[bwa_aln_core] 7602176 sequences have been processed.
[bwa_aln_core] calculate SA coordinate... 48.80 sec
[bwa_aln_core] write to the disk... 0.01 sec
[bwa_aln_core] 7864320 sequences have been processed.
[bwa_aln_core] calculate SA coordinate... 49.34 sec
[bwa_aln_core] write to the disk... 0.01 sec
[bwa_aln_core] 8126464 sequences have been processed.
[bwa_aln_core] calculate SA coordinate... 49.26 sec
[bwa_aln_core] write to the disk... 0.01 sec
[bwa_aln_core] 8388608 sequences have been processed.
[bwa_aln_core] calculate SA coordinate... 49.64 sec
[bwa_aln_core] write to the disk... 0.01 sec
[bwa_aln_core] 8650752 sequences have been processed.
[bwa_aln_core] calculate SA coordinate... 48.63 sec
[bwa_aln_core] write to the disk... 0.01 sec
[bwa_aln_core] 8912896 sequences have been processed.
[bwa_aln_core] calculate SA coordinate... 48.95 sec
[bwa_aln_core] write to the disk... 0.01 sec
[bwa_aln_core] 9175040 sequences have been processed.
[bwa_aln_core] calculate SA coordinate... 49.61 sec
[bwa_aln_core] write to the disk... 0.01 sec
[bwa_aln_core] 9437184 sequences have been processed.
[bwa_aln_core] calculate SA coordinate... 47.92 sec
[bwa_aln_core] write to the disk... 0.01 sec
[bwa_aln_core] 9699328 sequences have been processed.
[bwa_aln_core] calculate SA coordinate... 48.33 sec
[bwa_aln_core] write to the disk... 0.01 sec
[bwa_aln_core] 9961472 sequences have been processed.
[bwa_aln_core] calculate SA coordinate... 48.57 sec
[bwa_aln_core] write to the disk... 0.01 sec
[bwa_aln_core] 10223616 sequences have been processed.
[bwa_aln_core] calculate SA coordinate... 50.06 sec
[bwa_aln_core] write to the disk... 0.01 sec
[bwa_aln_core] 10485760 sequences have been processed.
[bwa_aln_core] calculate SA coordinate... 