INFO	2025-10-13 10:59:21	CreateSequenceDictionary	

********** NOTE: Picard's command line syntax is changing.
**********
********** For more information, please see:
********** 
https://github.com/broadinstitute/picard/wiki/Command-Line-Syntax-Transition-For-Users-(Pre-Transition)
**********
********** The command line looks like this in the new syntax:
**********
**********    CreateSequenceDictionary -R bigdata/bwa/idx/falcon.fna.gz.fa -O bigdata/bwa/idx/falcon.fna.gz.dict
**********


10:59:21.486 INFO  NativeLibraryLoader - Loading libgkl_compression.so from jar:file:/mnt/vstor/SOM_GENE_BEG33/fossil-c/bigdata/picard.jar!/com/intel/gkl/native/libgkl_compression.so
[Mon Oct 13 10:59:21 EDT 2025] CreateSequenceDictionary OUTPUT=bigdata/bwa/idx/falcon.fna.gz.dict REFERENCE=bigdata/bwa/idx/falcon.fna.gz.fa    TRUNCATE_NAMES_AT_WHITESPACE=true NUM_SEQUENCES=2147483647 VERBOSITY=INFO QUIET=false VALIDATION_STRINGENCY=STRICT COMPRESSION_LEVEL=5 MAX_RECORDS_IN_RAM=500000 CREATE_INDEX=false CREATE_MD5_FILE=false USE_JDK_DEFLATER=false USE_JDK_INFLATER=false
[Mon Oct 13 10:59:22 EDT 2025] Executing as hxk728@compt345 on Linux 4.18.0-553.el8_10.x86_64 amd64; OpenJDK 64-Bit Server VM 17.0.15-internal+0-adhoc..src; Deflater: Intel; Inflater: Intel; Provider GCS is available; Picard version: 3.4.0
[Mon Oct 13 10:59:22 EDT 2025] picard.sam.CreateSequenceDictionary done. Elapsed time: 0.03 minutes.
Runtime.totalMemory()=259522560
To get help, see http://broadinstitute.github.io/picard/index.html#GettingHelp
Exception in thread "main" java.lang.OutOfMemoryError: Java heap space
	at htsjdk.samtools.reference.FastaSequenceFile.readSequence(FastaSequenceFile.java:177)
	at htsjdk.samtools.reference.FastaSequenceFile.nextSequence(FastaSequenceFile.java:99)
	at picard.util.SequenceDictionaryUtils$SamSequenceRecordsIterator.<init>(SequenceDictionaryUtils.java:87)
	at picard.sam.CreateSequenceDictionary.lambda$getSamSequenceRecordsIterable$0(CreateSequenceDictionary.java:171)
	at picard.sam.CreateSequenceDictionary$$Lambda$152/0x00007f1c01223d80.iterator(Unknown Source)
	at picard.sam.CreateSequenceDictionary.doWork(CreateSequenceDictionary.java:245)
	at picard.cmdline.CommandLineProgram.instanceMain(CommandLineProgram.java:281)
	at picard.cmdline.PicardCommandLine.instanceMain(PicardCommandLine.java:105)
	at picard.cmdline.PicardCommandLine.main(PicardCommandLine.java:115)
