/usr/bin/which: no mamba in (/usr/bin:/usr/sbin:/usr/local/clusters/pioneer/bin:/usr/local/bin:/usr/local/sbin:/opt/dell/srvadmin/bin)
Error unknown MAMBA_EXE: "", filename must be mamba or micromamba
critical libmamba Cannot activate, prefix does not exist at: '/mnt/vstor/SOM_GENE_BEG33/mamba/miniforge3/envs/dyno_env'
[bwa_aln] 17bp reads: max_diff = 2
[bwa_aln] 22bp reads: max_diff = 3
[bwa_aln] 42bp reads: max_diff = 4
[bwa_aln] 64bp reads: max_diff = 5
[bwa_aln] 90bp reads: max_diff = 6
[bwa_aln] 117bp reads: max_diff = 7
[bwa_aln] 146bp reads: max_diff = 8
[bwa_aln] 176bp reads: max_diff = 9
[bwa_aln] 207bp reads: max_diff = 10
[bwa_aln] 239bp reads: max_diff = 11
[bwa_aln_core] calculate SA coordinate... 388.60 sec
[bwa_aln_core] write to the disk... 0.01 sec
[bwa_aln_core] 262144 sequences have been processed.
[bwa_aln_core] calculate SA coordinate... 391.49 sec
[bwa_aln_core] write to the disk... 0.02 sec
[bwa_aln_core] 524288 sequences have been processed.
[bwa_aln_core] calculate SA coordinate... 373.60 sec
[bwa_aln_core] write to the disk... 0.01 sec
[bwa_aln_core] 786432 sequences have been processed.
[bwa_aln_core] calculate SA coordinate... 371.38 sec
[bwa_aln_core] write to the disk... 0.02 sec
[bwa_aln_core] 1048576 sequences have been processed.
[bwa_aln_core] calculate SA coordinate... 373.51 sec
[bwa_aln_core] write to the disk... 0.01 sec
[bwa_aln_core] 1310720 sequences have been processed.
[bwa_aln_core] calculate SA coordinate... 361.71 sec
[bwa_aln_core] write to the disk... 0.01 sec
[bwa_aln_core] 1572864 sequences have been processed.
[bwa_aln_core] calculate SA coordinate... 368.72 sec
[bwa_aln_core] write to the disk... 0.01 sec
[bwa_aln_core] 1835008 sequences have been processed.
[bwa_aln_core] calculate SA coordinate... 358.97 sec
[bwa_aln_core] write to the disk... 0.02 sec
[bwa_aln_core] 2097152 sequences have been processed.
[bwa_aln_core] calculate SA coordinate... 358.10 sec
[bwa_aln_core] write to the disk... 0.01 sec
[bwa_aln_core] 2359296 sequences have been processed.
[bwa_aln_core] calculate SA coordinate... 359.74 sec
[bwa_aln_core] write to the disk... 0.01 sec
[bwa_aln_core] 2621440 sequences have been processed.
[bwa_aln_core] calculate SA coordinate... 350.69 sec
[bwa_aln_core] write to the disk... 0.01 sec
[bwa_aln_core] 2883584 sequences have been processed.
[bwa_aln_core] calculate SA coordinate... 350.57 sec
[bwa_aln_core] write to the disk... 0.01 sec
[bwa_aln_core] 3145728 sequences have been processed.
[bwa_aln_core] calculate SA coordinate... 356.04 sec
[bwa_aln_core] write to the disk... 0.01 sec
[bwa_aln_core] 3407872 sequences have been processed.
[bwa_aln_core] calculate SA coordinate... 344.46 sec
[bwa_aln_core] write to the disk... 0.01 sec
[bwa_aln_core] 3670016 sequences have been processed.
[bwa_aln_core] calculate SA coordinate... 340.69 sec
[bwa_aln_core] write to the disk... 0.02 sec
[bwa_aln_core] 3932160 sequences have been processed.
[bwa_aln_core] calculate SA coordinate... 341.54 sec
[bwa_aln_core] write to the disk... 0.02 sec
[bwa_aln_core] 4194304 sequences have been processed.
[bwa_aln_core] calculate SA coordinate... 322.52 sec
[bwa_aln_core] write to the disk... 0.01 sec
[bwa_aln_core] 4456448 sequences have been processed.
[bwa_aln_core] calculate SA coordinate... 339.31 sec
[bwa_aln_core] write to the disk... 0.01 sec
[bwa_aln_core] 4718592 sequences have been processed.
[bwa_aln_core] calculate SA coordinate... 346.09 sec
[bwa_aln_core] write to the disk... 0.01 sec
[bwa_aln_core] 4980736 sequences have been processed.
[bwa_aln_core] calculate SA coordinate... 337.22 sec
[bwa_aln_core] write to the disk... 0.01 sec
[bwa_aln_core] 5242880 sequences have been processed.
[bwa_aln_core] calculate SA coordinate... 351.46 sec
[bwa_aln_core] write to the disk... 0.01 sec
[bwa_aln_core] 5505024 sequences have been processed.
[bwa_aln_core] calculate SA coordinate... 340.31 sec
[bwa_aln_core] write to the disk... 0.01 sec
[bwa_aln_core] 5767168 sequences have been processed.
[bwa_aln_core] calculate SA coordinate... 327.20 sec
[bwa_aln_core] write to the disk... 0.01 sec
[bwa_aln_core] 6029312 sequences have been processed.
[bwa_aln_core] calculate SA coordinate... 343.58 sec
[bwa_aln_core] write to the disk... 0.02 sec
[bwa_aln_core] 6291456 sequences have been processed.
[bwa_aln_core] calculate SA coordinate... 332.32 sec
[bwa_aln_core] write to the disk... 0.01 sec
[bwa_aln_core] 6553600 sequences have been processed.
[bwa_aln_core] calculate SA coordinate... 327.80 sec
[bwa_aln_core] write to the disk... 0.01 sec
[bwa_aln_core] 6815744 sequences have been processed.
[bwa_aln_core] calculate SA coordinate... 333.27 sec
[bwa_aln_core] write to the disk... 0.01 sec
[bwa_aln_core] 7077888 sequences have been processed.
[bwa_aln_core] calculate SA coordinate... 334.96 sec
[bwa_aln_core] write to the disk... 0.01 sec
[bwa_aln_core] 7340032 sequences have been processed.
[bwa_aln_core] calculate SA coordinate... 344.44 sec
[bwa_aln_core] write to the disk... 0.01 sec
[bwa_aln_core] 7602176 sequences have been processed.
[bwa_aln_core] calculate SA coordinate... 338.85 sec
[bwa_aln_core] write to the disk... 0.01 sec
[bwa_aln_core] 7864320 sequences have been processed.
[bwa_aln_core] calculate SA coordinate... 336.70 sec
[bwa_aln_core] write to the disk... 0.01 sec
[bwa_aln_core] 8126464 sequences have been processed.
[bwa_aln_core] calculate SA coordinate... 329.82 sec
[bwa_aln_core] write to the disk... 0.02 sec
[bwa_aln_core] 8388608 sequences have been processed.
[bwa_aln_core] calculate SA coordinate... 333.72 sec
[bwa_aln_core] write to the disk... 0.01 sec
[bwa_aln_core] 8650752 sequences have been processed.
[bwa_aln_core] calculate SA coordinate... 347.75 sec
[bwa_aln_core] write to the disk... 0.01 sec
[bwa_aln_core] 8912896 sequences have been processed.
[bwa_aln_core] calculate SA coordinate... 325.93 sec
[bwa_aln_core] write to the disk... 0.01 sec
[bwa_aln_core] 9175040 sequences have been processed.
[bwa_aln_core] calculate SA coordinate... 334.33 sec
[bwa_aln_core] write to the disk... 0.01 sec
[bwa_aln_core] 9437184 sequences have been processed.
[bwa_aln_core] calculate SA coordinate... 345.53 sec
[bwa_aln_core] write to the disk... 0.01 sec
[bwa_aln_core] 9699328 sequences have been processed.
[bwa_aln_core] calculate SA coordinate... 360.52 sec
[bwa_aln_core] write to the disk... 0.01 sec
[bwa_aln_core] 9961472 sequences have been processed.
[bwa_aln_core] calculate SA coordinate... 379.10 sec
[bwa_aln_core] write to the disk... 0.01 sec
[bwa_aln_core] 10223616 sequences have been processed.
[bwa_aln_core] calculate SA coordinate... 377.28 sec
[bwa_aln_core] write to the disk... 0.02 sec
[bwa_aln_core] 10485760 sequences have been processed.
[bwa_aln_core] calculate SA coordinate... 372.95 sec
[bwa_aln_core] write to the disk... 0.01 sec
[bwa_aln_core] 10747904 sequences have been processed.
[bwa_aln_core] calculate SA coordinate... 367.15 sec
[bwa_aln_core] write to the disk... 0.01 sec
[bwa_aln_core] 11010048 sequences have been processed.
[bwa_aln_core] calculate SA coordinate... 362.39 sec
[bwa_aln_core] write to the disk... 0.01 sec
[bwa_aln_core] 11272192 sequences have been processed.
[bwa_aln_core] calculate SA coordinate... 351.88 sec
[bwa_aln_core] write to the disk... 0.01 sec
[bwa_aln_core] 11534336 sequences have been processed.
[bwa_aln_core] calculate SA coordinate... 350.83 sec
[bwa_aln_core] write to the disk... 0.01 sec
[bwa_aln_core] 11796480 sequences have been processed.
[bwa_aln_core] calculate SA coordinate... 353.76 sec
[bwa_aln_core] write to the disk... 0.01 sec
[bwa_aln_core] 12058624 sequences have been processed.
[bwa_aln_core] calculate SA coordinate... 352.25 sec
[bwa_aln_core] write to the disk... 0.01 sec
[bwa_aln_core] 12320768 sequences have been processed.
[bwa_aln_core] calculate SA coordinate... 354.94 sec
[bwa_aln_core] write to the disk... 0.01 sec
[bwa_aln_core] 12582912 sequences have been processed.
[bwa_aln_core] calculate SA coordinate... 348.22 sec
[bwa_aln_core] write to the disk... 0.01 sec
[bwa_aln_core] 12845056 sequences have been processed.
[bwa_aln_core] calculate SA coordinate... 340.24 sec
[bwa_aln_core] write to the disk... 0.01 sec
[bwa_aln_core] 13107200 sequences have been processed.
[bwa_aln_core] calculate SA coordinate... 339.89 sec
[bwa_aln_core] write to the disk... 0.01 sec
[bwa_aln_core] 13369344 sequences have been processed.
[bwa_aln_core] calculate SA coordinate... 325.89 sec
[bwa_aln_core] write to the disk... 0.01 sec
[bwa_aln_core] 13631488 sequences have been processed.
[bwa_aln_core] calculate SA coordinate... 330.24 sec
[bwa_aln_core] write to the disk... 0.01 sec
[bwa_aln_core] 13893632 sequences have been processed.
[bwa_aln_core] calculate SA coordinate... 325.27 sec
[bwa_aln_core] write to the disk... 0.01 sec
[bwa_aln_core] 14155776 sequences have been processed.
[bwa_aln_core] calculate SA coordinate... 338.12 sec
[bwa_aln_core] write to the disk... 0.01 sec
[bwa_aln_core] 14417920 sequences have been processed.
[bwa_aln_core] calculate SA coordinate... 323.94 sec
[bwa_aln_core] write to the disk... 0.01 sec
[bwa_aln_core] 14680064 sequences have been processed.
[bwa_aln_core] calculate SA coordinate... 329.18 sec
[bwa_aln_core] write to the disk... 0.01 sec
[bwa_aln_core] 14942208 sequences have been processed.
[bwa_aln_core] calculate SA coordinate... 332.75 sec
[bwa_aln_core] write to the disk... 0.01 sec
[bwa_aln_core] 15204352 sequences have been processed.
[bwa_aln_core] calculate SA coordinate... 343.86 sec
[bwa_aln_core] write to the disk... 0.01 sec
[bwa_aln_core] 15466496 sequences have been processed.
[bwa_aln_core] calculate SA coordinate... 335.47 sec
[bwa_aln_core] write to the disk... 0.01 sec
[bwa_aln_core] 15728640 sequences have been processed.
[bwa_aln_core] calculate SA coordinate... 336.10 sec
[bwa_aln_core] write to the disk... 0.01 sec
[bwa_aln_core] 15990784 sequences have been processed.
[bwa_aln_core] calculate SA coordinate... 332.95 sec
[bwa_aln_core] write to the disk... 0.01 sec
[bwa_aln_core] 16252928 sequences have been processed.
[bwa_aln_core] calculate SA coordinate... 329.88 sec
[bwa_aln_core] write to the disk... 0.01 sec
[bwa_aln_core] 16515072 sequences have been processed.
[bwa_aln_core] calculate SA coordinate... 343.55 sec
[bwa_aln_core] write to the disk... 0.01 sec
[bwa_aln_core] 16777216 sequences have been processed.
[bwa_aln_core] calculate SA coordinate... 338.99 sec
[bwa_aln_core] write to the disk... 0.01 sec
[bwa_aln_core] 17039360 sequences have been processed.
[bwa_aln_core] calculate SA coordinate... 337.30 sec
[bwa_aln_core] write to the disk... 0.01 sec
[bwa_aln_core] 17301504 sequences have been processed.
[bwa_aln_core] calculate SA coordinate... 324.97 sec
[bwa_aln_core] write to the disk... 0.01 sec
[bwa_aln_core] 17563648 sequences have been processed.
[bwa_aln_core] calculate SA coordinate... 338.59 sec
[bwa_aln_core] write to the disk... 0.01 sec
[bwa_aln_core] 17825792 sequences have been processed.
[bwa_aln_core] calculate SA coordinate... 335.48 sec
[bwa_aln_core] write to the disk... 0.01 sec
[bwa_aln_core] 18087936 sequences have been processed.
[bwa_aln_core] calculate SA coordinate... 340.47 sec
[bwa_aln_core] write to the disk... 0.01 sec
[bwa_aln_core] 18350080 sequences have been processed.
[bwa_aln_core] calculate SA coordinate... 333.34 sec
[bwa_aln_core] write to the disk... 0.01 sec
[bwa_aln_core] 18612224 sequences have been processed.
[bwa_aln_core] calculate SA coordinate... 345.70 sec
[bwa_aln_core] write to the disk... 0.01 sec
[bwa_aln_core] 18874368 sequences have been processed.
[bwa_aln_core] calculate SA coordinate... 336.03 sec
[bwa_aln_core] write to the disk... 0.01 sec
[bwa_aln_core] 19136512 sequences have been processed.
[bwa_aln_core] calculate SA coordinate... 337.98 sec
[bwa_aln_core] write to the disk... 0.01 sec
[bwa_aln_core] 19398656 sequences have been processed.
[bwa_aln_core] calculate SA coordinate... 345.65 sec
[bwa_aln_core] write to the disk... 0.01 sec
[bwa_aln_core] 19660800 sequences have been processed.
[bwa_aln_core] calculate SA coordinate... 373.24 sec
[bwa_aln_core] write to the disk... 0.01 sec
[bwa_aln_core] 19922944 sequences have been processed.
[bwa_aln_core] calculate SA coordinate... 389.15 sec
[bwa_aln_core] write to the disk... 0.01 sec
[bwa_aln_core] 20185088 sequences have been processed.
[bwa_aln_core] calculate SA coordinate... 390.20 sec
[bwa_aln_core] write to the disk... 0.01 sec
[bwa_aln_core] 20447232 sequences have been processed.
[bwa_aln_core] calculate SA coordinate... 388.39 sec
[bwa_aln_core] write to the disk... 0.01 sec
[bwa_aln_core] 20709376 sequences have been processed.
[bwa_aln_core] calculate SA coordinate... 369.96 sec
[bwa_aln_core] write to the disk... 0.01 sec
[bwa_aln_core] 20971520 sequences have been processed.
[bwa_aln_core] calculate SA coordinate... 373.55 sec
[bwa_aln_core] write to the disk... 0.01 sec
[bwa_aln_core] 21233664 sequences have been processed.
[bwa_aln_core] calculate SA coordinate... 370.33 sec
[bwa_aln_core] write to the disk... 0.01 sec
[bwa_aln_core] 21495808 sequences have been processed.
[bwa_aln_core] calculate SA coordinate... 344.34 sec
[bwa_aln_core] write to the disk... 0.01 sec
[bwa_aln_core] 21757952 sequences have been processed.
[bwa_aln_core] calculate SA coordinate... 365.83 sec
[bwa_aln_core] write to the disk... 0.01 sec
[bwa_aln_core] 22020096 sequences have been processed.
[bwa_aln_core] calculate SA coordinate... 361.12 sec
[bwa_aln_core] write to the disk... 0.01 sec
[bwa_aln_core] 22282240 sequences have been processed.
[bwa_aln_core] calculate SA coordinate... 361.19 sec
[bwa_aln_core] write to the disk... 0.01 sec
[bwa_aln_core] 22544384 sequences have been processed.
[bwa_aln_core] calculate SA coordinate... 345.19 sec
[bwa_aln_core] write to the disk... 0.01 sec
[bwa_aln_core] 22806528 sequences have been processed.
[bwa_aln_core] calculate SA coordinate... 342.79 sec
[bwa_aln_core] write to the disk... 0.01 sec
[bwa_aln_core] 23068672 sequences have been processed.
[bwa_aln_core] calculate SA coordinate... 354.97 sec
[bwa_aln_core] write to the disk... 0.01 sec
[bwa_aln_core] 23330816 sequences have been processed.
[bwa_aln_core] calculate SA coordinate... 343.89 sec
[bwa_aln_core] write to the disk... 0.02 sec
[bwa_aln_core] 23592960 sequences have been processed.
[bwa_aln_core] calculate SA coordinate... 345.86 sec
[bwa_aln_core] write to the disk... 0.01 sec
[bwa_aln_core] 23855104 sequences have been processed.
[bwa_aln_core] calculate SA coordinate... 335.27 sec
[bwa_aln_core] write to the disk... 0.02 sec
[bwa_aln_core] 24117248 sequences have been processed.
[bwa_aln_core] calculate SA coordinate... 342.88 sec
[bwa_aln_core] write to the disk... 0.01 sec
[bwa_aln_core] 24379392 sequences have been processed.
[bwa_aln_core] calculate SA coordinate... 341.58 sec
[bwa_aln_core] write to the disk... 0.02 sec
[bwa_aln_core] 24641536 sequences have been processed.
[bwa_aln_core] calculate SA coordinate... 357.35 sec
[bwa_aln_core] write to the disk... 0.01 sec
[bwa_aln_core] 24903680 sequences have been processed.
[bwa_aln_core] calculate SA coordinate... 340.57 sec
[bwa_aln_core] write to the disk... 0.01 sec
[bwa_aln_core] 25165824 sequences have been processed.
[bwa_aln_core] calculate SA coordinate... 335.02 sec
[bwa_aln_core] write to the disk... 0.01 sec
[bwa_aln_core] 25427968 sequences have been processed.
[bwa_aln_core] calculate SA coordinate... 336.47 sec
[bwa_aln_core] write to the disk... 0.02 sec
[bwa_aln_core] 25690112 sequences have been processed.
[bwa_aln_core] calculate SA coordinate... 345.57 sec
[bwa_aln_core] write to the disk... 0.01 sec
[bwa_aln_core] 25952256 sequences have been processed.
[bwa_aln_core] calculate SA coordinate... 351.27 sec
[bwa_aln_core] write to the disk... 0.02 sec
[bwa_aln_core] 26214400 sequences have been processed.
[bwa_aln_core] calculate SA coordinate... 341.05 sec
[bwa_aln_core] write to the disk... 0.01 sec
[bwa_aln_core] 26476544 sequences have been processed.
[bwa_aln_core] calculate SA coordinate... 345.45 sec
[bwa_aln_core] write to the disk... 0.02 sec
[bwa_aln_core] 26738688 sequences have been processed.
[bwa_aln_core] calculate SA coordinate... 329.83 sec
[bwa_aln_core] write to the disk... 0.01 sec
[bwa_aln_core] 27000832 sequences have been processed.
[bwa_aln_core] calculate SA coordinate... slurmstepd: error: *** JOB 2793451 ON compt306 CANCELLED AT 2025-09-15T21:16:43 DUE TO TIME LIMIT ***
