[bwa_aln] 17bp reads: max_diff = 2
[bwa_aln] 22bp reads: max_diff = 3
[bwa_aln] 42bp reads: max_diff = 4
[bwa_aln] 64bp reads: max_diff = 5
[bwa_aln] 90bp reads: max_diff = 6
[bwa_aln] 117bp reads: max_diff = 7
[bwa_aln] 146bp reads: max_diff = 8
[bwa_aln] 176bp reads: max_diff = 9
[bwa_aln] 207bp reads: max_diff = 10
[bwa_aln] 239bp reads: max_diff = 11
[bwa_aln_core] calculate SA coordinate... 122.34 sec
[bwa_aln_core] write to the disk... 0.01 sec
[bwa_aln_core] 262144 sequences have been processed.
[bwa_aln_core] calculate SA coordinate... 121.11 sec
[bwa_aln_core] write to the disk... 0.01 sec
[bwa_aln_core] 524288 sequences have been processed.
[bwa_aln_core] calculate SA coordinate... 125.63 sec
[bwa_aln_core] write to the disk... 0.02 sec
[bwa_aln_core] 786432 sequences have been processed.
[bwa_aln_core] calculate SA coordinate... 125.22 sec
[bwa_aln_core] write to the disk... 0.02 sec
[bwa_aln_core] 1048576 sequences have been processed.
[bwa_aln_core] calculate SA coordinate... 127.53 sec
[bwa_aln_core] write to the disk... 0.01 sec
[bwa_aln_core] 1310720 sequences have been processed.
[bwa_aln_core] calculate SA coordinate... 123.54 sec
[bwa_aln_core] write to the disk... 0.01 sec
[bwa_aln_core] 1572864 sequences have been processed.
[bwa_aln_core] calculate SA coordinate... 125.00 sec
[bwa_aln_core] write to the disk... 0.01 sec
[bwa_aln_core] 1835008 sequences have been processed.
[bwa_aln_core] calculate SA coordinate... 122.61 sec
[bwa_aln_core] write to the disk... 0.02 sec
[bwa_aln_core] 2097152 sequences have been processed.
[bwa_aln_core] calculate SA coordinate... 116.46 sec
[bwa_aln_core] write to the disk... 0.01 sec
[bwa_aln_core] 2359296 sequences have been processed.
[bwa_aln_core] calculate SA coordinate... 117.40 sec
[bwa_aln_core] write to the disk... 0.01 sec
[bwa_aln_core] 2621440 sequences have been processed.
[bwa_aln_core] calculate SA coordinate... 112.39 sec
[bwa_aln_core] write to the disk... 0.01 sec
[bwa_aln_core] 2883584 sequences have been processed.
[bwa_aln_core] calculate SA coordinate... 116.33 sec
[bwa_aln_core] write to the disk... 0.01 sec
[bwa_aln_core] 3145728 sequences have been processed.
[bwa_aln_core] calculate SA coordinate... 115.28 sec
[bwa_aln_core] write to the disk... 0.01 sec
[bwa_aln_core] 3407872 sequences have been processed.
[bwa_aln_core] calculate SA coordinate... 116.05 sec
[bwa_aln_core] write to the disk... 0.02 sec
[bwa_aln_core] 3670016 sequences have been processed.
[bwa_aln_core] calculate SA coordinate... 115.84 sec
[bwa_aln_core] write to the disk... 0.01 sec
[bwa_aln_core] 3932160 sequences have been processed.
[bwa_aln_core] calculate SA coordinate... 114.30 sec
[bwa_aln_core] write to the disk... 0.02 sec
[bwa_aln_core] 4194304 sequences have been processed.
[bwa_aln_core] calculate SA coordinate... 121.75 sec
[bwa_aln_core] write to the disk... 0.01 sec
[bwa_aln_core] 4456448 sequences have been processed.
[bwa_aln_core] calculate SA coordinate... 120.39 sec
[bwa_aln_core] write to the disk... 0.01 sec
[bwa_aln_core] 4718592 sequences have been processed.
[bwa_aln_core] calculate SA coordinate... 115.36 sec
[bwa_aln_core] write to the disk... 0.01 sec
[bwa_aln_core] 4980736 sequences have been processed.
[bwa_aln_core] calculate SA coordinate... 116.20 sec
[bwa_aln_core] write to the disk... 0.01 sec
[bwa_aln_core] 5242880 sequences have been processed.
[bwa_aln_core] calculate SA coordinate... 107.67 sec
[bwa_aln_core] write to the disk... 0.01 sec
[bwa_aln_core] 5505024 sequences have been processed.
[bwa_aln_core] calculate SA coordinate... 112.08 sec
[bwa_aln_core] write to the disk... 0.01 sec
[bwa_aln_core] 5767168 sequences have been processed.
[bwa_aln_core] calculate SA coordinate... 109.41 sec
[bwa_aln_core] write to the disk... 0.02 sec
[bwa_aln_core] 6029312 sequences have been processed.
[bwa_aln_core] calculate SA coordinate... 113.58 sec
[bwa_aln_core] write to the disk... 0.01 sec
[bwa_aln_core] 6291456 sequences have been processed.
[bwa_aln_core] calculate SA coordinate... 112.48 sec
[bwa_aln_core] write to the disk... 0.01 sec
[bwa_aln_core] 6553600 sequences have been processed.
[bwa_aln_core] calculate SA coordinate... 108.99 sec
[bwa_aln_core] write to the disk... 0.01 sec
[bwa_aln_core] 6815744 sequences have been processed.
[bwa_aln_core] calculate SA coordinate... 108.96 sec
[bwa_aln_core] write to the disk... 0.02 sec
[bwa_aln_core] 7077888 sequences have been processed.
[bwa_aln_core] calculate SA coordinate... 118.88 sec
[bwa_aln_core] write to the disk... 0.02 sec
[bwa_aln_core] 7340032 sequences have been processed.
[bwa_aln_core] calculate SA coordinate... 116.56 sec
[bwa_aln_core] write to the disk... 0.02 sec
[bwa_aln_core] 7602176 sequences have been processed.
[bwa_aln_core] calculate SA coordinate... 111.91 sec
[bwa_aln_core] write to the disk... 0.02 sec
[bwa_aln_core] 7864320 sequences have been processed.
[bwa_aln_core] calculate SA coordinate... 112.46 sec
[bwa_aln_core] write to the disk... 0.01 sec
[bwa_aln_core] 8126464 sequences have been processed.
[bwa_aln_core] calculate SA coordinate... 122.75 sec
[bwa_aln_core] write to the disk... 0.01 sec
[bwa_aln_core] 8388608 sequences have been processed.
[bwa_aln_core] calculate SA coordinate... 121.57 sec
[bwa_aln_core] write to the disk... 0.01 sec
[bwa_aln_core] 8650752 sequences have been processed.
[bwa_aln_core] calculate SA coordinate... 120.16 sec
[bwa_aln_core] write to the disk... 0.01 sec
[bwa_aln_core] 8912896 sequences have been processed.
[bwa_aln_core] calculate SA coordinate... 113.48 sec
[bwa_aln_core] write to the disk... 0.01 sec
[bwa_aln_core] 9175040 sequences have been processed.
[bwa_aln_core] calculate SA coordinate... 108.92 sec
[bwa_aln_core] write to the disk... 0.01 sec
[bwa_aln_core] 9437184 sequences have been processed.
[bwa_aln_core] calculate SA coordinate... 109.98 sec
[bwa_aln_core] write to the disk... 0.01 sec
[bwa_aln_core] 9699328 sequences have been processed.
[bwa_aln_core] calculate SA coordinate... 110.49 sec
[bwa_aln_core] write to the disk... 0.01 sec
[bwa_aln_core] 9961472 sequences have been processed.
[bwa_aln_core] calculate SA coordinate... 111.32 sec
[bwa_aln_core] write to the disk... 0.01 sec
[bwa_aln_core] 10223616 sequences have been processed.
[bwa_aln_core] calculate SA coordinate... 112.59 sec
[bwa_aln_core] write to the disk... 0.01 sec
[bwa_aln_core] 10485760 sequences have been processed.
[bwa_aln_core] calculate SA coordinate... 105.56 sec
[bwa_aln_core] write to the disk... 0.01 sec
[bwa_aln_core] 10747904 sequences have been processed.
[bwa_aln_core] calculate SA coordinate... 112.89 sec
[bwa_aln_core] write to the disk... 0.02 sec
[bwa_aln_core] 11010048 sequences have been processed.
[bwa_aln_core] calculate SA coordinate... 109.96 sec
[bwa_aln_core] write to the disk... 0.01 sec
[bwa_aln_core] 11272192 sequences have been processed.
[bwa_aln_core] calculate SA coordinate... 126.81 sec
[bwa_aln_core] write to the disk... 0.01 sec
[bwa_aln_core] 11534336 sequences have been processed.
[bwa_aln_core] calculate SA coordinate... 120.92 sec
[bwa_aln_core] write to the disk... 0.01 sec
[bwa_aln_core] 11796480 sequences have been processed.
[bwa_aln_core] calculate SA coordinate... 119.76 sec
[bwa_aln_core] write to the disk... 0.01 sec
[bwa_aln_core] 12058624 sequences have been processed.
[bwa_aln_core] calculate SA coordinate... 115.86 sec
[bwa_aln_core] write to the disk... 0.01 sec
[bwa_aln_core] 12320768 sequences have been processed.
[bwa_aln_core] calculate SA coordinate... 115.91 sec
[bwa_aln_core] write to the disk... 0.01 sec
[bwa_aln_core] 12582912 sequences have been processed.
[bwa_aln_core] calculate SA coordinate... 115.08 sec
[bwa_aln_core] write to the disk... 0.01 sec
[bwa_aln_core] 12845056 sequences have been processed.
[bwa_aln_core] calculate SA coordinate... 117.79 sec
[bwa_aln_core] write to the disk... 0.01 sec
[bwa_aln_core] 13107200 sequences have been processed.
[bwa_aln_core] calculate SA coordinate... 118.68 sec
[bwa_aln_core] write to the disk... 0.01 sec
[bwa_aln_core] 13369344 sequences have been processed.
[bwa_aln_core] calculate SA coordinate... 112.20 sec
[bwa_aln_core] write to the disk... 0.01 sec
[bwa_aln_core] 13631488 sequences have been processed.
[bwa_aln_core] calculate SA coordinate... 116.31 sec
[bwa_aln_core] write to the disk... 0.01 sec
[bwa_aln_core] 13893632 sequences have been processed.
[bwa_aln_core] calculate SA coordinate... 111.88 sec
[bwa_aln_core] write to the disk... 0.01 sec
[bwa_aln_core] 14155776 sequences have been processed.
[bwa_aln_core] calculate SA coordinate... 114.81 sec
[bwa_aln_core] write to the disk... 0.01 sec
[bwa_aln_core] 14417920 sequences have been processed.
[bwa_aln_core] calculate SA coordinate... 110.47 sec
[bwa_aln_core] write to the disk... 0.02 sec
[bwa_aln_core] 14680064 sequences have been processed.
[bwa_aln_core] calculate SA coordinate... 108.03 sec
[bwa_aln_core] write to the disk... 0.01 sec
[bwa_aln_core] 14942208 sequences have been processed.
[bwa_aln_core] calculate SA coordinate... 109.84 sec
[bwa_aln_core] write to the disk... 0.01 sec
[bwa_aln_core] 15204352 sequences have been processed.
[bwa_aln_core] calculate SA coordinate... 112.02 sec
[bwa_aln_core] write to the disk... 0.01 sec
[bwa_aln_core] 15466496 sequences have been processed.
[bwa_aln_core] calculate SA coordinate... 106.06 sec
[bwa_aln_core] write to the disk... 0.01 sec
[bwa_aln_core] 15728640 sequences have been processed.
[bwa_aln_core] calculate SA coordinate... 106.20 sec
[bwa_aln_core] write to the disk... 0.01 sec
[bwa_aln_core] 15990784 sequences have been processed.
[bwa_aln_core] calculate SA coordinate... 111.71 sec
[bwa_aln_core] write to the disk... 0.01 sec
[bwa_aln_core] 16252928 sequences have been processed.
[bwa_aln_core] calculate SA coordinate... 106.77 sec
[bwa_aln_core] write to the disk... 0.01 sec
[bwa_aln_core] 16515072 sequences have been processed.
[bwa_aln_core] calculate SA coordinate... 105.90 sec
[bwa_aln_core] write to the disk... 0.01 sec
[bwa_aln_core] 16777216 sequences have been processed.
[bwa_aln_core] calculate SA coordinate... 107.95 sec
[bwa_aln_core] write to the disk... 0.01 sec
[bwa_aln_core] 17039360 sequences have been processed.
[bwa_aln_core] calculate SA coordinate... 110.63 sec
[bwa_aln_core] write to the disk... 0.01 sec
[bwa_aln_core] 17301504 sequences have been processed.
[bwa_aln_core] calculate SA coordinate... 110.70 sec
[bwa_aln_core] write to the disk... 0.01 sec
[bwa_aln_core] 17563648 sequences have been processed.
[bwa_aln_core] calculate SA coordinate... 111.97 sec
[bwa_aln_core] write to the disk... 0.01 sec
[bwa_aln_core] 17825792 sequences have been processed.
[bwa_aln_core] calculate SA coordinate... 108.75 sec
[bwa_aln_core] write to the disk... 0.01 sec
[bwa_aln_core] 18087936 sequences have been processed.
[bwa_aln_core] calculate SA coordinate... 108.44 sec
[bwa_aln_core] write to the disk... 0.02 sec
[bwa_aln_core] 18350080 sequences have been processed.
[bwa_aln_core] calculate SA coordinate... 114.23 sec
[bwa_aln_core] write to the disk... 0.01 sec
[bwa_aln_core] 18612224 sequences have been processed.
[bwa_aln_core] calculate SA coordinate... 112.65 sec
[bwa_aln_core] write to the disk... 0.01 sec
[bwa_aln_core] 18874368 sequences have been processed.
[bwa_aln_core] calculate SA coordinate... 109.93 sec
[bwa_aln_core] write to the disk... 0.01 sec
[bwa_aln_core] 19136512 sequences have been processed.
[bwa_aln_core] calculate SA coordinate... 117.63 sec
[bwa_aln_core] write to the disk... 0.01 sec
[bwa_aln_core] 19398656 sequences have been processed.
[bwa_aln_core] calculate SA coordinate... 110.29 sec
[bwa_aln_core] write to the disk... 0.01 sec
[bwa_aln_core] 19660800 sequences have been processed.
[bwa_aln_core] calculate SA coordinate... 109.62 sec
[bwa_aln_core] write to the disk... 0.01 sec
[bwa_aln_core] 19922944 sequences have been processed.
[bwa_aln_core] calculate SA coordinate... 110.13 sec
[bwa_aln_core] write to the disk... 0.01 sec
[bwa_aln_core] 20185088 sequences have been processed.
[bwa_aln_core] calculate SA coordinate... 107.24 sec
[bwa_aln_core] write to the disk... 0.01 sec
[bwa_aln_core] 20447232 sequences have been processed.
[bwa_aln_core] calculate SA coordinate... 111.97 sec
[bwa_aln_core] write to the disk... 0.01 sec
[bwa_aln_core] 20709376 sequences have been processed.
[bwa_aln_core] calculate SA coordinate... 115.21 sec
[bwa_aln_core] write to the disk... 0.01 sec
[bwa_aln_core] 20971520 sequences have been processed.
[bwa_aln_core] calculate SA coordinate... 110.80 sec
[bwa_aln_core] write to the disk... 0.01 sec
[bwa_aln_core] 21233664 sequences have been processed.
[bwa_aln_core] calculate SA coordinate... 108.77 sec
[bwa_aln_core] write to the disk... 0.01 sec
[bwa_aln_core] 21495808 sequences have been processed.
[bwa_aln_core] calculate SA coordinate... 113.46 sec
[bwa_aln_core] write to the disk... 0.01 sec
[bwa_aln_core] 21757952 sequences have been processed.
[bwa_aln_core] calculate SA coordinate... 112.12 sec
[bwa_aln_core] write to the disk... 0.01 sec
[bwa_aln_core] 22020096 sequences have been processed.
[bwa_aln_core] calculate SA coordinate... 109.59 sec
[bwa_aln_core] write to the disk... 0.01 sec
[bwa_aln_core] 22282240 sequences have been processed.
[bwa_aln_core] calculate SA coordinate... 109.00 sec
[bwa_aln_core] write to the disk... 0.01 sec
[bwa_aln_core] 22544384 sequences have been processed.
[bwa_aln_core] calculate SA coordinate... 115.50 sec
[bwa_aln_core] write to the disk... 0.01 sec
[bwa_aln_core] 22806528 sequences have been processed.
[bwa_aln_core] calculate SA coordinate... 115.80 sec
[bwa_aln_core] write to the disk... 0.01 sec
[bwa_aln_core] 23068672 sequences have been processed.
[bwa_aln_core] calculate SA coordinate... 118.19 sec
[bwa_aln_core] write to the disk... 0.01 sec
[bwa_aln_core] 23330816 sequences have been processed.
[bwa_aln_core] calculate SA coordinate... 114.26 sec
[bwa_aln_core] write to the disk... 0.01 sec
[bwa_aln_core] 23592960 sequences have been processed.
[bwa_aln_core] calculate SA coordinate... 109.19 sec
[bwa_aln_core] write to the disk... 0.01 sec
[bwa_aln_core] 23855104 sequences have been processed.
[bwa_aln_core] calculate SA coordinate... 111.84 sec
[bwa_aln_core] write to the disk... 0.02 sec
[bwa_aln_core] 24117248 sequences have been processed.
[bwa_aln_core] calculate SA coordinate... 104.32 sec
[bwa_aln_core] write to the disk... 0.02 sec
[bwa_aln_core] 24379392 sequences have been processed.
[bwa_aln_core] calculate SA coordinate... 107.89 sec
[bwa_aln_core] write to the disk... 0.01 sec
[bwa_aln_core] 24641536 sequences have been processed.
[bwa_aln_core] calculate SA coordinate... 111.85 sec
[bwa_aln_core] write to the disk... 0.01 sec
[bwa_aln_core] 24903680 sequences have been processed.
[bwa_aln_core] calculate SA coordinate... 109.68 sec
[bwa_aln_core] write to the disk... 0.01 sec
[bwa_aln_core] 25165824 sequences have been processed.
[bwa_aln_core] calculate SA coordinate... 111.33 sec
[bwa_aln_core] write to the disk... 0.01 sec
[bwa_aln_core] 25427968 sequences have been processed.
[bwa_aln_core] calculate SA coordinate... 107.53 sec
[bwa_aln_core] write to the disk... 0.01 sec
[bwa_aln_core] 25690112 sequences have been processed.
[bwa_aln_core] calculate SA coordinate... 106.98 sec
[bwa_aln_core] write to the disk... 0.01 sec
[bwa_aln_core] 25952256 sequences have been processed.
[bwa_aln_core] calculate SA coordinate... 107.43 sec
[bwa_aln_core] write to the disk... 0.01 sec
[bwa_aln_core] 26214400 sequences have been processed.
[bwa_aln_core] calculate SA coordinate... 103.14 sec
[bwa_aln_core] write to the disk... 0.01 sec
[bwa_aln_core] 26476544 sequences have been processed.
[bwa_aln_core] calculate SA coordinate... 107.96 sec
[bwa_aln_core] write to the disk... 0.01 sec
[bwa_aln_core] 26738688 sequences have been processed.
[bwa_aln_core] calculate SA coordinate... 107.15 sec
[bwa_aln_core] write to the disk... 0.01 sec
[bwa_aln_core] 27000832 sequences have been processed.
[bwa_aln_core] calculate SA coordinate... 107.79 sec
[bwa_aln_core] write to the disk... 0.02 sec
[bwa_aln_core] 27262976 sequences have been processed.
[bwa_aln_core] calculate SA coordinate... 104.55 sec
[bwa_aln_core] write to the disk... 0.01 sec
[bwa_aln_core] 27525120 sequences have been processed.
[bwa_aln_core] calculate SA coordinate... 106.15 sec
[bwa_aln_core] write to the disk... 0.01 sec
[bwa_aln_core] 27787264 sequences have been processed.
[bwa_aln_core] calculate SA coordinate... 110.60 sec
[bwa_aln_core] write to the disk... 0.01 sec
[bwa_aln_core] 28049408 sequences have been processed.
[bwa_aln_core] calculate SA coordinate... 110.87 sec
[bwa_aln_core] write to the disk... 0.01 sec
[bwa_aln_core] 28311552 sequences have been processed.
[bwa_aln_core] calculate SA coordinate... 108.11 sec
[bwa_aln_core] write to the disk... 0.02 sec
[bwa_aln_core] 28573696 sequences have been processed.
[bwa_aln_core] calculate SA coordinate... 104.66 sec
[bwa_aln_core] write to the disk... 0.02 sec
[bwa_aln_core] 28835840 sequences have been processed.
[bwa_aln_core] calculate SA coordinate... 109.25 sec
[bwa_aln_core] write to the disk... 0.01 sec
[bwa_aln_core] 29097984 sequences have been processed.
[bwa_aln_core] calculate SA coordinate... 109.38 sec
[bwa_aln_core] write to the disk... 0.01 sec
[bwa_aln_core] 29360128 sequences have been processed.
[bwa_aln_core] calculate SA coordinate... 109.77 sec
[bwa_aln_core] write to the disk... 0.01 sec
[bwa_aln_core] 29622272 sequences have been processed.
[bwa_aln_core] calculate SA coordinate... 114.61 sec
[bwa_aln_core] write to the disk... 0.01 sec
[bwa_aln_core] 29884416 sequences have been processed.
[bwa_aln_core] calculate SA coordinate... 111.86 sec
[bwa_aln_core] write to the disk... 0.01 sec
[bwa_aln_core] 30146560 sequences have been processed.
[bwa_aln_core] calculate SA coordinate... 113.46 sec
[bwa_aln_core] write to the disk... 0.01 sec
[bwa_aln_core] 30408704 sequences have been processed.
[bwa_aln_core] calculate SA coordinate... 114.64 sec
[bwa_aln_core] write to the disk... 0.01 sec
[bwa_aln_core] 30670848 sequences have been processed.
[bwa_aln_core] calculate SA coordinate... 116.38 sec
[bwa_aln_core] write to the disk... 0.01 sec
[bwa_aln_core] 30932992 sequences have been processed.
[bwa_aln_core] calculate SA coordinate... 112.76 sec
[bwa_aln_core] write to the disk... 0.01 sec
[bwa_aln_core] 31195136 sequences have been processed.
[bwa_aln_core] calculate SA coordinate... 114.41 sec
[bwa_aln_core] write to the disk... 0.01 sec
[bwa_aln_core] 31457280 sequences have been processed.
[bwa_aln_core] calculate SA coordinate... 114.80 sec
[bwa_aln_core] write to the disk... 0.01 sec
[bwa_aln_core] 31719424 sequences have been processed.
[bwa_aln_core] calculate SA coordinate... 116.56 sec
[bwa_aln_core] write to the disk... 0.02 sec
[bwa_aln_core] 31981568 sequences have been processed.
[bwa_aln_core] calculate SA coordinate... 107.96 sec
[bwa_aln_core] write to the disk... 0.02 sec
[bwa_aln_core] 32243712 sequences have been processed.
[bwa_aln_core] calculate SA coordinate... 110.81 sec
[bwa_aln_core] write to the disk... 0.01 sec
[bwa_aln_core] 32505856 sequences have been processed.
[bwa_aln_core] calculate SA coordinate... 117.07 sec
[bwa_aln_core] write to the disk... 0.01 sec
[bwa_aln_core] 32768000 sequences have been processed.
[bwa_aln_core] calculate SA coordinate... 116.62 sec
[bwa_aln_core] write to the disk... 0.01 sec
[bwa_aln_core] 33030144 sequences have been processed.
[bwa_aln_core] calculate SA coordinate... 115.26 sec
[bwa_aln_core] write to the disk... 0.02 sec
[bwa_aln_core] 33292288 sequences have been processed.
[bwa_aln_core] calculate SA coordinate... 125.54 sec
[bwa_aln_core] write to the disk... 0.01 sec
[bwa_aln_core] 33554432 sequences have been processed.
[bwa_aln_core] calculate SA coordinate... 118.70 sec
[bwa_aln_core] write to the disk... 0.01 sec
[bwa_aln_core] 33816576 sequences have been processed.
[bwa_aln_core] calculate SA coordinate... 118.60 sec
[bwa_aln_core] write to the disk... 0.01 sec
[bwa_aln_core] 34078720 sequences have been processed.
[bwa_aln_core] calculate SA coordinate... 114.63 sec
[bwa_aln_core] write to the disk... 0.02 sec
[bwa_aln_core] 34340864 sequences have been processed.
[bwa_aln_core] calculate SA coordinate... 106.85 sec
[bwa_aln_core] write to the disk... 0.01 sec
[bwa_aln_core] 34603008 sequences have been processed.
[bwa_aln_core] calculate SA coordinate... 108.37 sec
[bwa_aln_core] write to the disk... 0.01 sec
[bwa_aln_core] 34865152 sequences have been processed.
[bwa_aln_core] calculate SA coordinate... 107.17 sec
[bwa_aln_core] write to the disk... 0.01 sec
[bwa_aln_core] 35127296 sequences have been processed.
[bwa_aln_core] calculate SA coordinate... 105.83 sec
[bwa_aln_core] write to the disk... 0.01 sec
[bwa_aln_core] 35389440 sequences have been processed.
[bwa_aln_core] calculate SA coordinate... 110.20 sec
[bwa_aln_core] write to the disk... 0.01 sec
[bwa_aln_core] 35651584 sequences have been processed.
[bwa_aln_core] calculate SA coordinate... 104.57 sec
[bwa_aln_core] write to the disk... 0.01 sec
[bwa_aln_core] 35913728 sequences have been processed.
[bwa_aln_core] calculate SA coordinate... 106.28 sec
[bwa_aln_core] write to the disk... 0.01 sec
[bwa_aln_core] 36175872 sequences have been processed.
[bwa_aln_core] calculate SA coordinate... 103.86 sec
[bwa_aln_core] write to the disk... 0.01 sec
[bwa_aln_core] 36438016 sequences have been processed.
[bwa_aln_core] calculate SA coordinate... 103.11 sec
[bwa_aln_core] write to the disk... 0.01 sec
[bwa_aln_core] 36700160 sequences have been processed.
[bwa_aln_core] calculate SA coordinate... 104.73 sec
[bwa_aln_core] write to the disk... 0.01 sec
[bwa_aln_core] 36962304 sequences have been processed.
[bwa_aln_core] calculate SA coordinate... 102.21 sec
[bwa_aln_core] write to the disk... 0.01 sec
[bwa_aln_core] 37224448 sequences have been processed.
[bwa_aln_core] calculate SA coordinate... 102.74 sec
[bwa_aln_core] write to the disk... 0.01 sec
[bwa_aln_core] 37486592 sequences have been processed.
[bwa_aln_core] calculate SA coordinate... 108.45 sec
[bwa_aln_core] write to the disk... 0.01 sec
[bwa_aln_core] 37748736 sequences have been processed.
[bwa_aln_core] calculate SA coordinate... 103.49 sec
[bwa_aln_core] write to the disk... 0.01 sec
[bwa_aln_core] 38010880 sequences have been processed.
[bwa_aln_core] calculate SA coordinate... 